#
# There is insufficient memory for the Java Runtime Environment to continue.
# Native memory allocation (malloc) failed to allocate 2235392 bytes. Error detail: Chunk::new
# Possible reasons:
#   The system is out of physical RAM or swap space
#   This process is running with CompressedOops enabled, and the Java Heap may be blocking the growth of the native heap
# Possible solutions:
#   Reduce memory load on the system
#   Increase physical memory or swap space
#   Check if swap backing store is full
#   Decrease Java heap size (-Xmx/-Xms)
#   Decrease number of Java threads
#   Decrease Java thread stack sizes (-Xss)
#   Set larger code cache with -XX:ReservedCodeCacheSize=
#   JVM is running with Unscaled Compressed Oops mode in which the Java heap is
#     placed in the first 4GB address space. The Java Heap base address is the
#     maximum limit for the native heap growth. Please use -XX:HeapBaseMinAddress
#     to set the Java Heap base and to place the Java Heap above 4GB virtual address.
# This output file may be truncated or incomplete.
#
#  Out of Memory Error (arena.cpp:191), pid=10128, tid=10168
#
# JRE version: OpenJDK Runtime Environment JBR-17.0.11+1-1312.2-nomod (17.0.11+1) (build 17.0.11+1-b1312.2)
# Java VM: OpenJDK 64-Bit Server VM JBR-17.0.11+1-1312.2-nomod (17.0.11+1-b1312.2, mixed mode, sharing, tiered, compressed oops, compressed class ptrs, g1 gc, windows-amd64)
# No core dump will be written. Minidumps are not enabled by default on client versions of Windows
#

---------------  S U M M A R Y ------------

Command Line: --add-opens=java.base/java.util=ALL-UNNAMED --add-opens=java.base/java.lang=ALL-UNNAMED --add-opens=java.base/java.lang.invoke=ALL-UNNAMED --add-opens=java.prefs/java.util.prefs=ALL-UNNAMED --add-opens=java.base/java.nio.charset=ALL-UNNAMED --add-opens=java.base/java.net=ALL-UNNAMED --add-opens=java.base/java.util.concurrent.atomic=ALL-UNNAMED -Xmx1024m -Dfile.encoding=UTF-8 -Duser.country=BR -Duser.language=pt -Duser.variant -javaagent:C:\Users\Vinicius\.gradle\wrapper\dists\gradle-8.2-bin\bbg7u40eoinfdyxsxr3z4i7ta\gradle-8.2\lib\agents\gradle-instrumentation-agent-8.2.jar org.gradle.launcher.daemon.bootstrap.GradleDaemon 8.2

Host: Intel(R) Core(TM) i5-7200U CPU @ 2.50GHz, 4 cores, 7G,  Windows 10 , 64 bit Build 19041 (10.0.19041.4717)
Time: Sun Jul 28 12:18:50 2024 Hora oficial do Brasil elapsed time: 8.577575 seconds (0d 0h 0m 8s)

---------------  T H R E A D  ---------------

Current thread (0x00000169b68f5710):  JavaThread "C2 CompilerThread1" daemon [_thread_in_native, id=10168, stack(0x000000682ff00000,0x0000006830000000)]


Current CompileTask:
C2:   8577 5070   !   4       java.net.URLClassLoader$1::run (81 bytes)

Stack: [0x000000682ff00000,0x0000006830000000]
Native frames: (J=compiled Java code, j=interpreted, Vv=VM code, C=native code)
V  [jvm.dll+0x687839]


---------------  P R O C E S S  ---------------

Threads class SMR info:
_java_thread_list=0x00000169809ea4f0, length=41, elements={
0x000001699d2cfb50, 0x00000169b64a8d30, 0x00000169b64a9ac0, 0x00000169b64bf2a0,
0x00000169b64c1c80, 0x00000169b64c2550, 0x00000169b64c2e20, 0x00000169b64c3ad0,
0x00000169b652b7b0, 0x00000169b652bcd0, 0x00000169b67c0020, 0x00000169b68be590,
0x00000169b68f5710, 0x00000169fd3859b0, 0x00000169fcf3fad0, 0x00000169fde49e60,
0x00000169fe880d80, 0x00000169fe880360, 0x00000169fe881290, 0x00000169fe87fe50,
0x00000169fe8817a0, 0x00000169fe87f940, 0x00000169fe881cb0, 0x00000169fe8821c0,
0x00000169fe87ef20, 0x00000169fe880870, 0x00000169fe87f430, 0x00000169fd4ebf10,
0x00000169fd4ec930, 0x00000169fd4ece40, 0x00000169fd4e9ba0, 0x00000169fd4ec420,
0x00000169fd4ed350, 0x00000169fd4e5ee0, 0x00000169fd4ea5c0, 0x00000169fd4e9180,
0x00000169fd4eaad0, 0x00000169fd4e9690, 0x00000169fd4ea0b0, 0x00000169fd4e6900,
0x00000169fd4eafe0
}

Java Threads: ( => current thread )
  0x000001699d2cfb50 JavaThread "main" [_thread_blocked, id=7028, stack(0x000000682ec00000,0x000000682ed00000)]
  0x00000169b64a8d30 JavaThread "Reference Handler" daemon [_thread_blocked, id=8784, stack(0x000000682f300000,0x000000682f400000)]
  0x00000169b64a9ac0 JavaThread "Finalizer" daemon [_thread_blocked, id=3992, stack(0x000000682f400000,0x000000682f500000)]
  0x00000169b64bf2a0 JavaThread "Signal Dispatcher" daemon [_thread_blocked, id=6456, stack(0x000000682f500000,0x000000682f600000)]
  0x00000169b64c1c80 JavaThread "Attach Listener" daemon [_thread_blocked, id=5696, stack(0x000000682f600000,0x000000682f700000)]
  0x00000169b64c2550 JavaThread "Service Thread" daemon [_thread_blocked, id=2264, stack(0x000000682f700000,0x000000682f800000)]
  0x00000169b64c2e20 JavaThread "Monitor Deflation Thread" daemon [_thread_blocked, id=1460, stack(0x000000682f800000,0x000000682f900000)]
  0x00000169b64c3ad0 JavaThread "C2 CompilerThread0" daemon [_thread_in_native, id=10760, stack(0x000000682f900000,0x000000682fa00000)]
  0x00000169b652b7b0 JavaThread "C1 CompilerThread0" daemon [_thread_blocked, id=7712, stack(0x000000682fa00000,0x000000682fb00000)]
  0x00000169b652bcd0 JavaThread "Sweeper thread" daemon [_thread_blocked, id=2732, stack(0x000000682fb00000,0x000000682fc00000)]
  0x00000169b67c0020 JavaThread "Common-Cleaner" daemon [_thread_blocked, id=7200, stack(0x000000682fc00000,0x000000682fd00000)]
  0x00000169b68be590 JavaThread "Notification Thread" daemon [_thread_blocked, id=4352, stack(0x000000682fd00000,0x000000682fe00000)]
=>0x00000169b68f5710 JavaThread "C2 CompilerThread1" daemon [_thread_in_native, id=10168, stack(0x000000682ff00000,0x0000006830000000)]
  0x00000169fd3859b0 JavaThread "Daemon health stats" [_thread_blocked, id=10052, stack(0x0000006830300000,0x0000006830400000)]
  0x00000169fcf3fad0 JavaThread "Incoming local TCP Connector on port 52383" [_thread_in_native, id=8008, stack(0x0000006830400000,0x0000006830500000)]
  0x00000169fde49e60 JavaThread "Daemon periodic checks" [_thread_blocked, id=8408, stack(0x0000006830500000,0x0000006830600000)]
  0x00000169fe880d80 JavaThread "Daemon" [_thread_blocked, id=3132, stack(0x0000006830600000,0x0000006830700000)]
  0x00000169fe880360 JavaThread "Handler for socket connection from /127.0.0.1:52383 to /127.0.0.1:52384" [_thread_in_native, id=9396, stack(0x0000006830700000,0x0000006830800000)]
  0x00000169fe881290 JavaThread "Cancel handler" [_thread_blocked, id=5344, stack(0x0000006830800000,0x0000006830900000)]
  0x00000169fe87fe50 JavaThread "Daemon worker" [_thread_in_Java, id=4772, stack(0x0000006830900000,0x0000006830a00000)]
  0x00000169fe8817a0 JavaThread "Asynchronous log dispatcher for DefaultDaemonConnection: socket connection from /127.0.0.1:52383 to /127.0.0.1:52384" [_thread_blocked, id=9848, stack(0x0000006830a00000,0x0000006830b00000)]
  0x00000169fe87f940 JavaThread "Stdin handler" [_thread_blocked, id=9880, stack(0x0000006830b00000,0x0000006830c00000)]
  0x00000169fe881cb0 JavaThread "Daemon client event forwarder" [_thread_blocked, id=8812, stack(0x0000006830c00000,0x0000006830d00000)]
  0x00000169fe8821c0 JavaThread "Cache worker for journal cache (C:\Users\Vinicius\.gradle\caches\journal-1)" [_thread_blocked, id=7032, stack(0x0000006830d00000,0x0000006830e00000)]
  0x00000169fe87ef20 JavaThread "File lock request listener" [_thread_in_native, id=3972, stack(0x0000006830e00000,0x0000006830f00000)]
  0x00000169fe880870 JavaThread "Cache worker for file hash cache (C:\Users\Vinicius\.gradle\caches\8.2\fileHashes)" [_thread_blocked, id=6624, stack(0x0000006830f00000,0x0000006831000000)]
  0x00000169fe87f430 JavaThread "File watcher server" daemon [_thread_in_native, id=1012, stack(0x0000006831000000,0x0000006831100000)]
  0x00000169fd4ebf10 JavaThread "File watcher consumer" daemon [_thread_blocked, id=4172, stack(0x0000006831100000,0x0000006831200000)]
  0x00000169fd4ec930 JavaThread "jar transforms" [_thread_blocked, id=10348, stack(0x0000006831200000,0x0000006831300000)]
  0x00000169fd4ece40 JavaThread "jar transforms Thread 2" [_thread_blocked, id=6788, stack(0x0000006831300000,0x0000006831400000)]
  0x00000169fd4e9ba0 JavaThread "jar transforms Thread 3" [_thread_blocked, id=1292, stack(0x0000006831400000,0x0000006831500000)]
  0x00000169fd4ec420 JavaThread "jar transforms Thread 4" [_thread_blocked, id=124, stack(0x0000006831500000,0x0000006831600000)]
  0x00000169fd4ed350 JavaThread "Cache worker for checksums cache (C:\Users\Vinicius\IntelliJIDEAProjects\Github\MyApplication\.gradle\8.2\checksums)" [_thread_blocked, id=3808, stack(0x0000006831700000,0x0000006831800000)]
  0x00000169fd4e5ee0 JavaThread "Cache worker for cache directory md-rule (C:\Users\Vinicius\.gradle\caches\8.2\md-rule)" [_thread_blocked, id=9580, stack(0x0000006831800000,0x0000006831900000)]
  0x00000169fd4ea5c0 JavaThread "Cache worker for file content cache (C:\Users\Vinicius\.gradle\caches\8.2\fileContent)" [_thread_blocked, id=10820, stack(0x0000006831900000,0x0000006831a00000)]
  0x00000169fd4e9180 JavaThread "Cache worker for file hash cache (C:\Users\Vinicius\IntelliJIDEAProjects\Github\MyApplication\.gradle\8.2\fileHashes)" [_thread_blocked, id=1580, stack(0x0000006831a00000,0x0000006831b00000)]
  0x00000169fd4eaad0 JavaThread "Cache worker for cache directory md-supplier (C:\Users\Vinicius\.gradle\caches\8.2\md-supplier)" [_thread_blocked, id=7108, stack(0x0000006831b00000,0x0000006831c00000)]
  0x00000169fd4e9690 JavaThread "Cache worker for execution history cache (C:\Users\Vinicius\.gradle\caches\8.2\executionHistory)" [_thread_blocked, id=7264, stack(0x0000006831c00000,0x0000006831d00000)]
  0x00000169fd4ea0b0 JavaThread "Cache worker for kotlin-dsl (C:\Users\Vinicius\.gradle\caches\8.2\kotlin-dsl)" [_thread_blocked, id=4944, stack(0x0000006831e00000,0x0000006831f00000)]
  0x00000169fd4e6900 JavaThread "Cache worker for dependencies-accessors (C:\Users\Vinicius\IntelliJIDEAProjects\Github\MyApplication\.gradle\8.2\dependencies-accessors)" [_thread_blocked, id=10892, stack(0x0000006831f00000,0x0000006832000000)]
  0x00000169fd4eafe0 JavaThread "Cache worker for Build Output Cleanup Cache (C:\Users\Vinicius\IntelliJIDEAProjects\Github\MyApplication\.gradle\buildOutputCleanup)" [_thread_blocked, id=5076, stack(0x0000006832000000,0x0000006832100000)]

Other Threads:
  0x00000169b64a5960 VMThread "VM Thread" [stack: 0x000000682f200000,0x000000682f300000] [id=5664]
  0x00000169b68fb090 WatcherThread [stack: 0x000000682fe00000,0x000000682ff00000] [id=3240]
  0x000001699d30ad40 GCTaskThread "GC Thread#0" [stack: 0x000000682ed00000,0x000000682ee00000] [id=6040]
  0x00000169b6a9e880 GCTaskThread "GC Thread#1" [stack: 0x0000006830000000,0x0000006830100000] [id=2372]
  0x00000169fc036b70 GCTaskThread "GC Thread#2" [stack: 0x0000006830100000,0x0000006830200000] [id=10888]
  0x00000169fc89e720 GCTaskThread "GC Thread#3" [stack: 0x0000006830200000,0x0000006830300000] [id=9472]
  0x000001699d313ba0 ConcurrentGCThread "G1 Main Marker" [stack: 0x000000682ee00000,0x000000682ef00000] [id=10108]
  0x000001699d314c70 ConcurrentGCThread "G1 Conc#0" [stack: 0x000000682ef00000,0x000000682f000000] [id=10388]
  0x000001699d37f590 ConcurrentGCThread "G1 Refine#0" [stack: 0x000000682f000000,0x000000682f100000] [id=9616]
  0x00000169fd4f0270 ConcurrentGCThread "G1 Refine#1" [stack: 0x0000006831600000,0x0000006831700000] [id=5272]
  0x00000169fedbffa0 ConcurrentGCThread "G1 Refine#2" [stack: 0x0000006831d00000,0x0000006831e00000] [id=5168]
  0x000001699d37fed0 ConcurrentGCThread "G1 Service" [stack: 0x000000682f100000,0x000000682f200000] [id=8468]

Threads with active compile tasks:
C2 CompilerThread0     8643 5088   !   4       java.net.URLClassLoader::findClass (47 bytes)
C2 CompilerThread1     8643 5070   !   4       java.net.URLClassLoader$1::run (81 bytes)

VM state: not at safepoint (normal execution)

VM Mutex/Monitor currently owned by a thread:  ([mutex/lock_event])
[0x000001699d2cb1b0] MethodData_lock - owner thread: 0x0000000000000000

Heap address: 0x00000000c0000000, size: 1024 MB, Compressed Oops mode: 32-bit

CDS archive(s) mapped at: [0x00000169b7000000-0x00000169b7c00000-0x00000169b7c00000), size 12582912, SharedBaseAddress: 0x00000169b7000000, ArchiveRelocationMode: 1.
Compressed class space mapped at: 0x00000169b8000000-0x00000169f8000000, reserved size: 1073741824
Narrow klass base: 0x00000169b7000000, Narrow klass shift: 0, Narrow klass range: 0x100000000

GC Precious Log:
 CPUs: 4 total, 4 available
 Memory: 8067M
 Large Page Support: Disabled
 NUMA Support: Disabled
 Compressed Oops: Enabled (32-bit)
 Heap Region Size: 1M
 Heap Min Capacity: 8M
 Heap Initial Capacity: 128M
 Heap Max Capacity: 1G
 Pre-touch: Disabled
 Parallel Workers: 4
 Concurrent Workers: 1
 Concurrent Refinement Workers: 4
 Periodic GC: Disabled

Heap:
 garbage-first heap   total 112640K, used 74820K [0x00000000c0000000, 0x0000000100000000)
  region size 1024K, 21 young (21504K), 3 survivors (3072K)
 Metaspace       used 48043K, committed 48640K, reserved 1114112K
  class space    used 6953K, committed 7232K, reserved 1048576K

Heap Regions: E=young(eden), S=young(survivor), O=old, HS=humongous(starts), HC=humongous(continues), CS=collection set, F=free, OA=open archive, CA=closed archive, TAMS=top-at-mark-start (previous, next)
|   0|0x00000000c0000000, 0x00000000c0100000, 0x00000000c0100000|100%| O|  |TAMS 0x00000000c0100000, 0x00000000c0000000| Untracked 
|   1|0x00000000c0100000, 0x00000000c0200000, 0x00000000c0200000|100%| O|  |TAMS 0x00000000c0200000, 0x00000000c0100000| Untracked 
|   2|0x00000000c0200000, 0x00000000c0300000, 0x00000000c0300000|100%|HS|  |TAMS 0x00000000c0300000, 0x00000000c0200000| Complete 
|   3|0x00000000c0300000, 0x00000000c0400000, 0x00000000c0400000|100%|HC|  |TAMS 0x00000000c0400000, 0x00000000c0300000| Complete 
|   4|0x00000000c0400000, 0x00000000c0500000, 0x00000000c0500000|100%|HC|  |TAMS 0x00000000c0500000, 0x00000000c0400000| Complete 
|   5|0x00000000c0500000, 0x00000000c0600000, 0x00000000c0600000|100%|HC|  |TAMS 0x00000000c0600000, 0x00000000c0500000| Complete 
|   6|0x00000000c0600000, 0x00000000c0700000, 0x00000000c0700000|100%| O|  |TAMS 0x00000000c0700000, 0x00000000c0600000| Untracked 
|   7|0x00000000c0700000, 0x00000000c0800000, 0x00000000c0800000|100%| O|  |TAMS 0x00000000c0800000, 0x00000000c0700000| Untracked 
|   8|0x00000000c0800000, 0x00000000c0900000, 0x00000000c0900000|100%| O|  |TAMS 0x00000000c0900000, 0x00000000c0800000| Untracked 
|   9|0x00000000c0900000, 0x00000000c0a00000, 0x00000000c0a00000|100%| O|  |TAMS 0x00000000c0a00000, 0x00000000c0900000| Untracked 
|  10|0x00000000c0a00000, 0x00000000c0b00000, 0x00000000c0b00000|100%| O|  |TAMS 0x00000000c0b00000, 0x00000000c0a00000| Untracked 
|  11|0x00000000c0b00000, 0x00000000c0c00000, 0x00000000c0c00000|100%| O|  |TAMS 0x00000000c0c00000, 0x00000000c0b00000| Untracked 
|  12|0x00000000c0c00000, 0x00000000c0d00000, 0x00000000c0d00000|100%|HS|  |TAMS 0x00000000c0d00000, 0x00000000c0c00000| Complete 
|  13|0x00000000c0d00000, 0x00000000c0e00000, 0x00000000c0e00000|100%|HC|  |TAMS 0x00000000c0e00000, 0x00000000c0d00000| Complete 
|  14|0x00000000c0e00000, 0x00000000c0f00000, 0x00000000c0f00000|100%|HC|  |TAMS 0x00000000c0f00000, 0x00000000c0e00000| Complete 
|  15|0x00000000c0f00000, 0x00000000c1000000, 0x00000000c1000000|100%|HC|  |TAMS 0x00000000c1000000, 0x00000000c0f00000| Complete 
|  16|0x00000000c1000000, 0x00000000c1100000, 0x00000000c1100000|100%|HC|  |TAMS 0x00000000c1100000, 0x00000000c1000000| Complete 
|  17|0x00000000c1100000, 0x00000000c1200000, 0x00000000c1200000|100%|HS|  |TAMS 0x00000000c1200000, 0x00000000c1100000| Complete 
|  18|0x00000000c1200000, 0x00000000c1300000, 0x00000000c1300000|100%|HC|  |TAMS 0x00000000c1300000, 0x00000000c1200000| Complete 
|  19|0x00000000c1300000, 0x00000000c1400000, 0x00000000c1400000|100%|HC|  |TAMS 0x00000000c1400000, 0x00000000c1300000| Complete 
|  20|0x00000000c1400000, 0x00000000c1500000, 0x00000000c1500000|100%| O|  |TAMS 0x00000000c1500000, 0x00000000c1400000| Untracked 
|  21|0x00000000c1500000, 0x00000000c1600000, 0x00000000c1600000|100%| O|  |TAMS 0x00000000c1600000, 0x00000000c1500000| Untracked 
|  22|0x00000000c1600000, 0x00000000c1700000, 0x00000000c1700000|100%| O|  |TAMS 0x00000000c1700000, 0x00000000c1600000| Untracked 
|  23|0x00000000c1700000, 0x00000000c1800000, 0x00000000c1800000|100%| O|  |TAMS 0x00000000c1800000, 0x00000000c1700000| Untracked 
|  24|0x00000000c1800000, 0x00000000c1900000, 0x00000000c1900000|100%| O|  |TAMS 0x00000000c1900000, 0x00000000c1800000| Untracked 
|  25|0x00000000c1900000, 0x00000000c1a00000, 0x00000000c1a00000|100%| O|  |TAMS 0x00000000c1a00000, 0x00000000c1900000| Untracked 
|  26|0x00000000c1a00000, 0x00000000c1b00000, 0x00000000c1b00000|100%| O|  |TAMS 0x00000000c1b00000, 0x00000000c1a00000| Untracked 
|  27|0x00000000c1b00000, 0x00000000c1bf7600, 0x00000000c1c00000| 96%| O|  |TAMS 0x00000000c1bf7600, 0x00000000c1b00000| Untracked 
|  28|0x00000000c1c00000, 0x00000000c1d00000, 0x00000000c1d00000|100%|HS|  |TAMS 0x00000000c1d00000, 0x00000000c1c00000| Complete 
|  29|0x00000000c1d00000, 0x00000000c1e00000, 0x00000000c1e00000|100%|HC|  |TAMS 0x00000000c1e00000, 0x00000000c1d00000| Complete 
|  30|0x00000000c1e00000, 0x00000000c1f00000, 0x00000000c1f00000|100%|HC|  |TAMS 0x00000000c1f00000, 0x00000000c1e00000| Complete 
|  31|0x00000000c1f00000, 0x00000000c2000000, 0x00000000c2000000|100%| O|  |TAMS 0x00000000c2000000, 0x00000000c1f00000| Untracked 
|  32|0x00000000c2000000, 0x00000000c2100000, 0x00000000c2100000|100%| O|  |TAMS 0x00000000c2100000, 0x00000000c2000000| Untracked 
|  33|0x00000000c2100000, 0x00000000c2200000, 0x00000000c2200000|100%| O|  |TAMS 0x00000000c2200000, 0x00000000c2100000| Untracked 
|  34|0x00000000c2200000, 0x00000000c2300000, 0x00000000c2300000|100%| O|  |TAMS 0x00000000c2300000, 0x00000000c2200000| Untracked 
|  35|0x00000000c2300000, 0x00000000c2400000, 0x00000000c2400000|100%| O|  |TAMS 0x00000000c2400000, 0x00000000c2300000| Untracked 
|  36|0x00000000c2400000, 0x00000000c2500000, 0x00000000c2500000|100%| O|  |TAMS 0x00000000c2500000, 0x00000000c2400000| Untracked 
|  37|0x00000000c2500000, 0x00000000c2600000, 0x00000000c2600000|100%|HS|  |TAMS 0x00000000c2600000, 0x00000000c2500000| Complete 
|  38|0x00000000c2600000, 0x00000000c2700000, 0x00000000c2700000|100%|HC|  |TAMS 0x00000000c2700000, 0x00000000c2600000| Complete 
|  39|0x00000000c2700000, 0x00000000c2800000, 0x00000000c2800000|100%|HC|  |TAMS 0x00000000c2800000, 0x00000000c2700000| Complete 
|  40|0x00000000c2800000, 0x00000000c2900000, 0x00000000c2900000|100%|HC|  |TAMS 0x00000000c2900000, 0x00000000c2800000| Complete 
|  41|0x00000000c2900000, 0x00000000c2a00000, 0x00000000c2a00000|100%|HC|  |TAMS 0x00000000c2a00000, 0x00000000c2900000| Complete 
|  42|0x00000000c2a00000, 0x00000000c2b00000, 0x00000000c2b00000|100%| O|  |TAMS 0x00000000c2b00000, 0x00000000c2a00000| Untracked 
|  43|0x00000000c2b00000, 0x00000000c2c00000, 0x00000000c2c00000|100%| O|  |TAMS 0x00000000c2c00000, 0x00000000c2b00000| Untracked 
|  44|0x00000000c2c00000, 0x00000000c2d00000, 0x00000000c2d00000|100%| O|  |TAMS 0x00000000c2d00000, 0x00000000c2c00000| Untracked 
|  45|0x00000000c2d00000, 0x00000000c2e00000, 0x00000000c2e00000|100%| O|  |TAMS 0x00000000c2e00000, 0x00000000c2d00000| Untracked 
|  46|0x00000000c2e00000, 0x00000000c2f00000, 0x00000000c2f00000|100%| O|  |TAMS 0x00000000c2f00000, 0x00000000c2e00000| Untracked 
|  47|0x00000000c2f00000, 0x00000000c3000000, 0x00000000c3000000|100%| O|  |TAMS 0x00000000c3000000, 0x00000000c2f00000| Untracked 
|  48|0x00000000c3000000, 0x00000000c3000000, 0x00000000c3100000|  0%| F|  |TAMS 0x00000000c3000000, 0x00000000c3000000| Untracked 
|  49|0x00000000c3100000, 0x00000000c3200000, 0x00000000c3200000|100%| O|  |TAMS 0x00000000c3200000, 0x00000000c3100000| Untracked 
|  50|0x00000000c3200000, 0x00000000c3300000, 0x00000000c3300000|100%| O|  |TAMS 0x00000000c3300000, 0x00000000c3200000| Untracked 
|  51|0x00000000c3300000, 0x00000000c3400000, 0x00000000c3400000|100%| O|  |TAMS 0x00000000c3400000, 0x00000000c3300000| Untracked 
|  52|0x00000000c3400000, 0x00000000c3500000, 0x00000000c3500000|100%| O|  |TAMS 0x00000000c3500000, 0x00000000c3400000| Complete 
|  53|0x00000000c3500000, 0x00000000c3600000, 0x00000000c3600000|100%| O|  |TAMS 0x00000000c3600000, 0x00000000c3500000| Untracked 
|  54|0x00000000c3600000, 0x00000000c36cd000, 0x00000000c3700000| 80%| O|  |TAMS 0x00000000c36cd000, 0x00000000c3600000| Untracked 
|  55|0x00000000c3700000, 0x00000000c3700000, 0x00000000c3800000|  0%| F|  |TAMS 0x00000000c3700000, 0x00000000c3700000| Untracked 
|  56|0x00000000c3800000, 0x00000000c3800000, 0x00000000c3900000|  0%| F|  |TAMS 0x00000000c3800000, 0x00000000c3800000| Untracked 
|  57|0x00000000c3900000, 0x00000000c3900000, 0x00000000c3a00000|  0%| F|  |TAMS 0x00000000c3900000, 0x00000000c3900000| Untracked 
|  58|0x00000000c3a00000, 0x00000000c3a00000, 0x00000000c3b00000|  0%| F|  |TAMS 0x00000000c3a00000, 0x00000000c3a00000| Untracked 
|  59|0x00000000c3b00000, 0x00000000c3b00000, 0x00000000c3c00000|  0%| F|  |TAMS 0x00000000c3b00000, 0x00000000c3b00000| Untracked 
|  60|0x00000000c3c00000, 0x00000000c3c00000, 0x00000000c3d00000|  0%| F|  |TAMS 0x00000000c3c00000, 0x00000000c3c00000| Untracked 
|  61|0x00000000c3d00000, 0x00000000c3d00000, 0x00000000c3e00000|  0%| F|  |TAMS 0x00000000c3d00000, 0x00000000c3d00000| Untracked 
|  62|0x00000000c3e00000, 0x00000000c3e00000, 0x00000000c3f00000|  0%| F|  |TAMS 0x00000000c3e00000, 0x00000000c3e00000| Untracked 
|  63|0x00000000c3f00000, 0x00000000c3f00000, 0x00000000c4000000|  0%| F|  |TAMS 0x00000000c3f00000, 0x00000000c3f00000| Untracked 
|  64|0x00000000c4000000, 0x00000000c4000000, 0x00000000c4100000|  0%| F|  |TAMS 0x00000000c4000000, 0x00000000c4000000| Untracked 
|  65|0x00000000c4100000, 0x00000000c4100000, 0x00000000c4200000|  0%| F|  |TAMS 0x00000000c4100000, 0x00000000c4100000| Untracked 
|  66|0x00000000c4200000, 0x00000000c4200000, 0x00000000c4300000|  0%| F|  |TAMS 0x00000000c4200000, 0x00000000c4200000| Untracked 
|  67|0x00000000c4300000, 0x00000000c4300000, 0x00000000c4400000|  0%| F|  |TAMS 0x00000000c4300000, 0x00000000c4300000| Untracked 
|  68|0x00000000c4400000, 0x00000000c4400000, 0x00000000c4500000|  0%| F|  |TAMS 0x00000000c4400000, 0x00000000c4400000| Untracked 
|  69|0x00000000c4500000, 0x00000000c4500000, 0x00000000c4600000|  0%| F|  |TAMS 0x00000000c4500000, 0x00000000c4500000| Untracked 
|  70|0x00000000c4600000, 0x00000000c4600000, 0x00000000c4700000|  0%| F|  |TAMS 0x00000000c4600000, 0x00000000c4600000| Untracked 
|  71|0x00000000c4700000, 0x00000000c4700000, 0x00000000c4800000|  0%| F|  |TAMS 0x00000000c4700000, 0x00000000c4700000| Untracked 
|  72|0x00000000c4800000, 0x00000000c484cdb8, 0x00000000c4900000| 30%| S|CS|TAMS 0x00000000c4800000, 0x00000000c4800000| Complete 
|  73|0x00000000c4900000, 0x00000000c4a00000, 0x00000000c4a00000|100%| S|CS|TAMS 0x00000000c4900000, 0x00000000c4900000| Complete 
|  74|0x00000000c4a00000, 0x00000000c4b00000, 0x00000000c4b00000|100%| S|CS|TAMS 0x00000000c4a00000, 0x00000000c4a00000| Complete 
|  75|0x00000000c4b00000, 0x00000000c4b00000, 0x00000000c4c00000|  0%| F|  |TAMS 0x00000000c4b00000, 0x00000000c4b00000| Untracked 
|  76|0x00000000c4c00000, 0x00000000c4c00000, 0x00000000c4d00000|  0%| F|  |TAMS 0x00000000c4c00000, 0x00000000c4c00000| Untracked 
|  77|0x00000000c4d00000, 0x00000000c4d00000, 0x00000000c4e00000|  0%| F|  |TAMS 0x00000000c4d00000, 0x00000000c4d00000| Untracked 
|  78|0x00000000c4e00000, 0x00000000c4e00000, 0x00000000c4f00000|  0%| F|  |TAMS 0x00000000c4e00000, 0x00000000c4e00000| Untracked 
|  79|0x00000000c4f00000, 0x00000000c4f00000, 0x00000000c5000000|  0%| F|  |TAMS 0x00000000c4f00000, 0x00000000c4f00000| Untracked 
|  80|0x00000000c5000000, 0x00000000c5000000, 0x00000000c5100000|  0%| F|  |TAMS 0x00000000c5000000, 0x00000000c5000000| Untracked 
|  81|0x00000000c5100000, 0x00000000c5100000, 0x00000000c5200000|  0%| F|  |TAMS 0x00000000c5100000, 0x00000000c5100000| Untracked 
|  82|0x00000000c5200000, 0x00000000c5200000, 0x00000000c5300000|  0%| F|  |TAMS 0x00000000c5200000, 0x00000000c5200000| Untracked 
|  83|0x00000000c5300000, 0x00000000c5300000, 0x00000000c5400000|  0%| F|  |TAMS 0x00000000c5300000, 0x00000000c5300000| Untracked 
|  84|0x00000000c5400000, 0x00000000c5400000, 0x00000000c5500000|  0%| F|  |TAMS 0x00000000c5400000, 0x00000000c5400000| Untracked 
|  85|0x00000000c5500000, 0x00000000c5500000, 0x00000000c5600000|  0%| F|  |TAMS 0x00000000c5500000, 0x00000000c5500000| Untracked 
|  86|0x00000000c5600000, 0x00000000c5600000, 0x00000000c5700000|  0%| F|  |TAMS 0x00000000c5600000, 0x00000000c5600000| Untracked 
|  87|0x00000000c5700000, 0x00000000c5700000, 0x00000000c5800000|  0%| F|  |TAMS 0x00000000c5700000, 0x00000000c5700000| Untracked 
|  88|0x00000000c5800000, 0x00000000c5800000, 0x00000000c5900000|  0%| F|  |TAMS 0x00000000c5800000, 0x00000000c5800000| Untracked 
|  89|0x00000000c5900000, 0x00000000c5900000, 0x00000000c5a00000|  0%| F|  |TAMS 0x00000000c5900000, 0x00000000c5900000| Untracked 
|  90|0x00000000c5a00000, 0x00000000c5a00000, 0x00000000c5b00000|  0%| F|  |TAMS 0x00000000c5a00000, 0x00000000c5a00000| Untracked 
|  91|0x00000000c5b00000, 0x00000000c5b00000, 0x00000000c5c00000|  0%| F|  |TAMS 0x00000000c5b00000, 0x00000000c5b00000| Untracked 
|  92|0x00000000c5c00000, 0x00000000c5c80800, 0x00000000c5d00000| 50%| E|  |TAMS 0x00000000c5c00000, 0x00000000c5c00000| Complete 
|  93|0x00000000c5d00000, 0x00000000c5e00000, 0x00000000c5e00000|100%| E|CS|TAMS 0x00000000c5d00000, 0x00000000c5d00000| Complete 
|  94|0x00000000c5e00000, 0x00000000c5f00000, 0x00000000c5f00000|100%| E|CS|TAMS 0x00000000c5e00000, 0x00000000c5e00000| Complete 
|  95|0x00000000c5f00000, 0x00000000c6000000, 0x00000000c6000000|100%| E|CS|TAMS 0x00000000c5f00000, 0x00000000c5f00000| Complete 
|  96|0x00000000c6000000, 0x00000000c6100000, 0x00000000c6100000|100%| E|CS|TAMS 0x00000000c6000000, 0x00000000c6000000| Complete 
|  97|0x00000000c6100000, 0x00000000c6200000, 0x00000000c6200000|100%| E|CS|TAMS 0x00000000c6100000, 0x00000000c6100000| Complete 
|  98|0x00000000c6200000, 0x00000000c6300000, 0x00000000c6300000|100%| E|CS|TAMS 0x00000000c6200000, 0x00000000c6200000| Complete 
|  99|0x00000000c6300000, 0x00000000c6400000, 0x00000000c6400000|100%| E|CS|TAMS 0x00000000c6300000, 0x00000000c6300000| Complete 
| 100|0x00000000c6400000, 0x00000000c6500000, 0x00000000c6500000|100%| E|CS|TAMS 0x00000000c6400000, 0x00000000c6400000| Complete 
| 101|0x00000000c6500000, 0x00000000c6600000, 0x00000000c6600000|100%| E|CS|TAMS 0x00000000c6500000, 0x00000000c6500000| Complete 
| 102|0x00000000c6600000, 0x00000000c6700000, 0x00000000c6700000|100%| E|CS|TAMS 0x00000000c6600000, 0x00000000c6600000| Complete 
| 103|0x00000000c6700000, 0x00000000c6800000, 0x00000000c6800000|100%| E|CS|TAMS 0x00000000c6700000, 0x00000000c6700000| Complete 
| 104|0x00000000c6800000, 0x00000000c6900000, 0x00000000c6900000|100%| E|CS|TAMS 0x00000000c6800000, 0x00000000c6800000| Complete 
| 105|0x00000000c6900000, 0x00000000c6a00000, 0x00000000c6a00000|100%| E|CS|TAMS 0x00000000c6900000, 0x00000000c6900000| Complete 
| 106|0x00000000c6a00000, 0x00000000c6b00000, 0x00000000c6b00000|100%| E|CS|TAMS 0x00000000c6a00000, 0x00000000c6a00000| Complete 
| 107|0x00000000c6b00000, 0x00000000c6c00000, 0x00000000c6c00000|100%| E|CS|TAMS 0x00000000c6b00000, 0x00000000c6b00000| Complete 
| 108|0x00000000c6c00000, 0x00000000c6d00000, 0x00000000c6d00000|100%| E|CS|TAMS 0x00000000c6c00000, 0x00000000c6c00000| Complete 
| 127|0x00000000c7f00000, 0x00000000c8000000, 0x00000000c8000000|100%| E|CS|TAMS 0x00000000c7f00000, 0x00000000c7f00000| Complete 

Card table byte_map: [0x00000169b1ae0000,0x00000169b1ce0000] _byte_map_base: 0x00000169b14e0000

Marking Bits (Prev, Next): (CMBitMap*) 0x000001699d30b270, (CMBitMap*) 0x000001699d30b2b0
 Prev Bits: [0x00000169b1ee0000, 0x00000169b2ee0000)
 Next Bits: [0x00000169b2ee0000, 0x00000169b3ee0000)

Polling page: 0x000001699d390000

Metaspace:

Usage:
  Non-class:     40.13 MB used.
      Class:      6.79 MB used.
       Both:     46.92 MB used.

Virtual space:
  Non-class space:       64.00 MB reserved,      40.44 MB ( 63%) committed,  1 nodes.
      Class space:        1.00 GB reserved,       7.06 MB ( <1%) committed,  1 nodes.
             Both:        1.06 GB reserved,      47.50 MB (  4%) committed. 

Chunk freelists:
   Non-Class:  7.25 MB
       Class:  8.97 MB
        Both:  16.22 MB

MaxMetaspaceSize: unlimited
CompressedClassSpaceSize: 1.00 GB
Initial GC threshold: 21.00 MB
Current GC threshold: 77.50 MB
CDS: on
MetaspaceReclaimPolicy: balanced
 - commit_granule_bytes: 65536.
 - commit_granule_words: 8192.
 - virtual_space_node_default_size: 8388608.
 - enlarge_chunks_in_place: 1.
 - new_chunks_are_fully_committed: 0.
 - uncommit_free_chunks: 1.
 - use_allocation_guard: 0.
 - handle_deallocations: 1.


Internal statistics:

num_allocs_failed_limit: 6.
num_arena_births: 720.
num_arena_deaths: 0.
num_vsnodes_births: 2.
num_vsnodes_deaths: 0.
num_space_committed: 760.
num_space_uncommitted: 0.
num_chunks_returned_to_freelist: 6.
num_chunks_taken_from_freelist: 2683.
num_chunk_merges: 6.
num_chunk_splits: 1745.
num_chunks_enlarged: 1141.
num_inconsistent_stats: 0.

CodeHeap 'non-profiled nmethods': size=120000Kb used=2379Kb max_used=2981Kb free=117620Kb
 bounds [0x00000169a9d80000, 0x00000169aa070000, 0x00000169b12b0000]
CodeHeap 'profiled nmethods': size=120000Kb used=9498Kb max_used=10174Kb free=110501Kb
 bounds [0x00000169a22b0000, 0x00000169a2ca0000, 0x00000169a97e0000]
CodeHeap 'non-nmethods': size=5760Kb used=2327Kb max_used=2435Kb free=3432Kb
 bounds [0x00000169a97e0000, 0x00000169a9a50000, 0x00000169a9d80000]
 total_blobs=5844 nmethods=5003 adapters=752
 compilation: enabled
              stopped_count=0, restarted_count=0
 full_count=0

Compilation events (20 events):
Event: 8.561 Thread 0x00000169b652b7b0 nmethod 5579 0x00000169a2378f10 code [0x00000169a23790a0, 0x00000169a23791c8]
Event: 8.561 Thread 0x00000169b652b7b0 5577       2       org.gradle.api.internal.artifacts.ivyservice.resolveengine.graph.builder.ResolveState::getModule (7 bytes)
Event: 8.561 Thread 0x00000169b652b7b0 nmethod 5577 0x00000169a2378b90 code [0x00000169a2378d20, 0x00000169a2378e48]
Event: 8.561 Thread 0x00000169b652b7b0 5580  s    2       java.io.FileDescriptor::close (9 bytes)
Event: 8.562 Thread 0x00000169b652b7b0 nmethod 5580 0x00000169a2378590 code [0x00000169a2378740, 0x00000169a2378a38]
Event: 8.563 Thread 0x00000169b652b7b0 5582       2       com.google.common.collect.SingletonImmutableList::iterator (5 bytes)
Event: 8.563 Thread 0x00000169b652b7b0 nmethod 5582 0x00000169a2378110 code [0x00000169a23782a0, 0x00000169a2378458]
Event: 8.563 Thread 0x00000169b652b7b0 5583       1       org.gradle.api.internal.artifacts.dependencies.DefaultResolvedVersionConstraint::getRequiredSelector (5 bytes)
Event: 8.563 Thread 0x00000169b652b7b0 nmethod 5583 0x00000169a9ddeb10 code [0x00000169a9ddeca0, 0x00000169a9dded78]
Event: 8.563 Thread 0x00000169b652b7b0 5584       1       org.gradle.internal.resolve.result.DefaultBuildableComponentIdResolveResult::getFailure (5 bytes)
Event: 8.563 Thread 0x00000169b652b7b0 nmethod 5584 0x00000169a9dde810 code [0x00000169a9dde9a0, 0x00000169a9ddea78]
Event: 8.564 Thread 0x00000169b652b7b0 5585       2       org.gradle.cache.internal.LockOnDemandCrossProcessCacheAccess$UnlockAction::run (8 bytes)
Event: 8.565 Thread 0x00000169b652b7b0 nmethod 5585 0x00000169a2377d90 code [0x00000169a2377f20, 0x00000169a2378048]
Event: 8.565 Thread 0x00000169b652b7b0 5586       2       org.gradle.cache.internal.LockOnDemandCrossProcessCacheAccess::access$1000 (5 bytes)
Event: 8.565 Thread 0x00000169b652b7b0 nmethod 5586 0x00000169a2377a10 code [0x00000169a2377ba0, 0x00000169a2377ca8]
Event: 8.565 Thread 0x00000169b652b7b0 5587       2       org.gradle.internal.component.external.model.DefaultConfigurationMetadata::<init> (39 bytes)
Event: 8.565 Thread 0x00000169b652b7b0 nmethod 5587 0x00000169a2377210 code [0x00000169a23773c0, 0x00000169a2377778]
Event: 8.565 Thread 0x00000169b652b7b0 5588       2       org.gradle.internal.component.external.model.ImmutableCapabilities::of (22 bytes)
Event: 8.566 Thread 0x00000169b652b7b0 nmethod 5588 0x00000169a2376390 code [0x00000169a2376540, 0x00000169a2376728]
Event: 8.566 Thread 0x00000169b652b7b0 5590       1       org.gradle.internal.component.external.model.maven.MavenDependencyDescriptor::getScope (5 bytes)

GC Heap History (20 events):
Event: 3.578 GC heap before
{Heap before GC invocations=4 (full 0):
 garbage-first heap   total 131072K, used 58380K [0x00000000c0000000, 0x0000000100000000)
  region size 1024K, 40 young (40960K), 10 survivors (10240K)
 Metaspace       used 21130K, committed 21504K, reserved 1114112K
  class space    used 3247K, committed 3456K, reserved 1048576K
}
Event: 3.588 GC heap after
{Heap after GC invocations=5 (full 0):
 garbage-first heap   total 131072K, used 32733K [0x00000000c0000000, 0x0000000100000000)
  region size 1024K, 4 young (4096K), 4 survivors (4096K)
 Metaspace       used 21130K, committed 21504K, reserved 1114112K
  class space    used 3247K, committed 3456K, reserved 1048576K
}
Event: 4.684 GC heap before
{Heap before GC invocations=6 (full 0):
 garbage-first heap   total 112640K, used 96221K [0x00000000c0000000, 0x0000000100000000)
  region size 1024K, 64 young (65536K), 4 survivors (4096K)
 Metaspace       used 28919K, committed 29312K, reserved 1114112K
  class space    used 4460K, committed 4608K, reserved 1048576K
}
Event: 4.691 GC heap after
{Heap after GC invocations=7 (full 0):
 garbage-first heap   total 112640K, used 40249K [0x00000000c0000000, 0x0000000100000000)
  region size 1024K, 9 young (9216K), 9 survivors (9216K)
 Metaspace       used 28919K, committed 29312K, reserved 1114112K
  class space    used 4460K, committed 4608K, reserved 1048576K
}
Event: 4.712 GC heap before
{Heap before GC invocations=7 (full 0):
 garbage-first heap   total 112640K, used 40249K [0x00000000c0000000, 0x0000000100000000)
  region size 1024K, 10 young (10240K), 9 survivors (9216K)
 Metaspace       used 29337K, committed 29760K, reserved 1114112K
  class space    used 4484K, committed 4672K, reserved 1048576K
}
Event: 4.720 GC heap after
{Heap after GC invocations=8 (full 0):
 garbage-first heap   total 112640K, used 40789K [0x00000000c0000000, 0x0000000100000000)
  region size 1024K, 1 young (1024K), 1 survivors (1024K)
 Metaspace       used 29337K, committed 29760K, reserved 1114112K
  class space    used 4484K, committed 4672K, reserved 1048576K
}
Event: 5.563 GC heap before
{Heap before GC invocations=8 (full 0):
 garbage-first heap   total 112640K, used 90965K [0x00000000c0000000, 0x0000000100000000)
  region size 1024K, 47 young (48128K), 1 survivors (1024K)
 Metaspace       used 35589K, committed 35968K, reserved 1114112K
  class space    used 5077K, committed 5248K, reserved 1048576K
}
Event: 5.570 GC heap after
{Heap after GC invocations=9 (full 0):
 garbage-first heap   total 112640K, used 44704K [0x00000000c0000000, 0x0000000100000000)
  region size 1024K, 5 young (5120K), 5 survivors (5120K)
 Metaspace       used 35589K, committed 35968K, reserved 1114112K
  class space    used 5077K, committed 5248K, reserved 1048576K
}
Event: 6.764 GC heap before
{Heap before GC invocations=10 (full 0):
 garbage-first heap   total 112640K, used 92832K [0x00000000c0000000, 0x0000000100000000)
  region size 1024K, 47 young (48128K), 5 survivors (5120K)
 Metaspace       used 39707K, committed 40192K, reserved 1114112K
  class space    used 5697K, committed 5888K, reserved 1048576K
}
Event: 6.772 GC heap after
{Heap after GC invocations=11 (full 0):
 garbage-first heap   total 112640K, used 53659K [0x00000000c0000000, 0x0000000100000000)
  region size 1024K, 5 young (5120K), 5 survivors (5120K)
 Metaspace       used 39707K, committed 40192K, reserved 1114112K
  class space    used 5697K, committed 5888K, reserved 1048576K
}
Event: 6.795 GC heap before
{Heap before GC invocations=11 (full 0):
 garbage-first heap   total 112640K, used 54683K [0x00000000c0000000, 0x0000000100000000)
  region size 1024K, 6 young (6144K), 5 survivors (5120K)
 Metaspace       used 39778K, committed 40256K, reserved 1114112K
  class space    used 5709K, committed 5888K, reserved 1048576K
}
Event: 6.800 GC heap after
{Heap after GC invocations=12 (full 0):
 garbage-first heap   total 112640K, used 53873K [0x00000000c0000000, 0x0000000100000000)
  region size 1024K, 1 young (1024K), 1 survivors (1024K)
 Metaspace       used 39778K, committed 40256K, reserved 1114112K
  class space    used 5709K, committed 5888K, reserved 1048576K
}
Event: 6.837 GC heap before
{Heap before GC invocations=12 (full 0):
 garbage-first heap   total 112640K, used 56945K [0x00000000c0000000, 0x0000000100000000)
  region size 1024K, 6 young (6144K), 1 survivors (1024K)
 Metaspace       used 40060K, committed 40512K, reserved 1114112K
  class space    used 5728K, committed 5888K, reserved 1048576K
}
Event: 6.838 GC heap after
{Heap after GC invocations=13 (full 0):
 garbage-first heap   total 112640K, used 54355K [0x00000000c0000000, 0x0000000100000000)
  region size 1024K, 2 young (2048K), 2 survivors (2048K)
 Metaspace       used 40060K, committed 40512K, reserved 1114112K
  class space    used 5728K, committed 5888K, reserved 1048576K
}
Event: 7.338 GC heap before
{Heap before GC invocations=14 (full 0):
 garbage-first heap   total 112640K, used 90195K [0x00000000c0000000, 0x0000000100000000)
  region size 1024K, 35 young (35840K), 2 survivors (2048K)
 Metaspace       used 43236K, committed 43840K, reserved 1114112K
  class space    used 6169K, committed 6464K, reserved 1048576K
}
Event: 7.341 GC heap after
{Heap after GC invocations=15 (full 0):
 garbage-first heap   total 112640K, used 55352K [0x00000000c0000000, 0x0000000100000000)
  region size 1024K, 3 young (3072K), 3 survivors (3072K)
 Metaspace       used 43236K, committed 43840K, reserved 1114112K
  class space    used 6169K, committed 6464K, reserved 1048576K
}
Event: 7.385 GC heap before
{Heap before GC invocations=15 (full 0):
 garbage-first heap   total 112640K, used 57400K [0x00000000c0000000, 0x0000000100000000)
  region size 1024K, 5 young (5120K), 3 survivors (3072K)
 Metaspace       used 43540K, committed 44096K, reserved 1114112K
  class space    used 6227K, committed 6528K, reserved 1048576K
}
Event: 7.389 GC heap after
{Heap after GC invocations=16 (full 0):
 garbage-first heap   total 112640K, used 55358K [0x00000000c0000000, 0x0000000100000000)
  region size 1024K, 1 young (1024K), 1 survivors (1024K)
 Metaspace       used 43540K, committed 44096K, reserved 1114112K
  class space    used 6227K, committed 6528K, reserved 1048576K
}
Event: 8.113 GC heap before
{Heap before GC invocations=16 (full 0):
 garbage-first heap   total 112640K, used 90174K [0x00000000c0000000, 0x0000000100000000)
  region size 1024K, 35 young (35840K), 1 survivors (1024K)
 Metaspace       used 46640K, committed 47232K, reserved 1114112K
  class space    used 6773K, committed 7040K, reserved 1048576K
}
Event: 8.118 GC heap after
{Heap after GC invocations=17 (full 0):
 garbage-first heap   total 112640K, used 57412K [0x00000000c0000000, 0x0000000100000000)
  region size 1024K, 3 young (3072K), 3 survivors (3072K)
 Metaspace       used 46640K, committed 47232K, reserved 1114112K
  class space    used 6773K, committed 7040K, reserved 1048576K
}

Dll operation events (4 events):
Event: 0.008 Loaded shared library C:\Users\Vinicius\.jdks\jbr-17.0.11\bin\java.dll
Event: 0.025 Loaded shared library C:\Users\Vinicius\.jdks\jbr-17.0.11\bin\jsvml.dll
Event: 0.104 Loaded shared library C:\Users\Vinicius\.jdks\jbr-17.0.11\bin\zip.dll
Event: 0.437 Loaded shared library C:\Users\Vinicius\.jdks\jbr-17.0.11\bin\verify.dll

Deoptimization events (20 events):
Event: 7.922 Thread 0x00000169fe87fe50 Uncommon trap: trap_request=0xffffff45 fr.pc=0x00000169a9fa6c6c relative=0x000000000000190c
Event: 7.922 Thread 0x00000169fe87fe50 Uncommon trap: reason=unstable_if action=reinterpret pc=0x00000169a9fa6c6c method=java.util.concurrent.ConcurrentHashMap.computeIfAbsent(Ljava/lang/Object;Ljava/util/function/Function;)Ljava/lang/Object; @ 123 c2
Event: 7.922 Thread 0x00000169fe87fe50 DEOPT PACKING pc=0x00000169a9fa6c6c sp=0x00000068309f92a0
Event: 7.923 Thread 0x00000169fe87fe50 DEOPT UNPACKING pc=0x00000169a98369a3 sp=0x00000068309f9220 mode 2
Event: 7.960 Thread 0x00000169fe87fe50 Uncommon trap: trap_request=0xffffff45 fr.pc=0x00000169a9de9774 relative=0x00000000000001d4
Event: 7.960 Thread 0x00000169fe87fe50 Uncommon trap: reason=unstable_if action=reinterpret pc=0x00000169a9de9774 method=java.net.URI$Parser.scan(IILjava/lang/String;)I @ 26 c2
Event: 7.960 Thread 0x00000169fe87fe50 DEOPT PACKING pc=0x00000169a9de9774 sp=0x00000068309f89a0
Event: 7.960 Thread 0x00000169fe87fe50 DEOPT UNPACKING pc=0x00000169a98369a3 sp=0x00000068309f8930 mode 2
Event: 7.960 Thread 0x00000169fe87fe50 Uncommon trap: trap_request=0xffffff45 fr.pc=0x00000169a9eee334 relative=0x00000000000000b4
Event: 7.960 Thread 0x00000169fe87fe50 Uncommon trap: reason=unstable_if action=reinterpret pc=0x00000169a9eee334 method=java.net.URI.match(CJJ)Z @ 45 c2
Event: 7.960 Thread 0x00000169fe87fe50 DEOPT PACKING pc=0x00000169a9eee334 sp=0x00000068309f8640
Event: 7.960 Thread 0x00000169fe87fe50 DEOPT UNPACKING pc=0x00000169a98369a3 sp=0x00000068309f85c8 mode 2
Event: 8.071 Thread 0x00000169fe87fe50 Uncommon trap: trap_request=0xffffff45 fr.pc=0x00000169aa013ea0 relative=0x00000000000003e0
Event: 8.071 Thread 0x00000169fe87fe50 Uncommon trap: reason=unstable_if action=reinterpret pc=0x00000169aa013ea0 method=org.gradle.internal.snapshot.PathUtil.equalChars(CCLorg/gradle/internal/snapshot/CaseSensitivity;)Z @ 40 c2
Event: 8.071 Thread 0x00000169fe87fe50 DEOPT PACKING pc=0x00000169aa013ea0 sp=0x00000068309f5fc0
Event: 8.071 Thread 0x00000169fe87fe50 DEOPT UNPACKING pc=0x00000169a98369a3 sp=0x00000068309f5f50 mode 2
Event: 8.082 Thread 0x00000169fe87fe50 Uncommon trap: trap_request=0xffffff76 fr.pc=0x00000169a9edec30 relative=0x0000000000000270
Event: 8.082 Thread 0x00000169fe87fe50 Uncommon trap: reason=predicate action=maybe_recompile pc=0x00000169a9edec30 method=com.google.common.base.CharMatcher.indexIn(Ljava/lang/CharSequence;I)I @ 19 c2
Event: 8.082 Thread 0x00000169fe87fe50 DEOPT PACKING pc=0x00000169a9edec30 sp=0x00000068309f8bc0
Event: 8.082 Thread 0x00000169fe87fe50 DEOPT UNPACKING pc=0x00000169a98369a3 sp=0x00000068309f8b58 mode 2

Classes unloaded (0 events):
No events

Classes redefined (0 events):
No events

Internal exceptions (20 events):
Event: 7.569 Thread 0x00000169fe87fe50 Exception <a 'java/lang/ClassNotFoundException'{0x00000000c61bdec8}: org/gradle/api/internal/project/DefaultProject_DecoratedCustomizer> (0x00000000c61bdec8) 
thrown [s\src\hotspot\share\classfile\systemDictionary.cpp, line 256]
Event: 7.660 Thread 0x00000169fe87fe50 Exception <a 'java/lang/ClassNotFoundException'{0x00000000c5b7c348}: org/gradle/api/internal/plugins/DefaultPluginContainerBeanInfo> (0x00000000c5b7c348) 
thrown [s\src\hotspot\share\classfile\systemDictionary.cpp, line 256]
Event: 7.660 Thread 0x00000169fe87fe50 Exception <a 'java/lang/ClassNotFoundException'{0x00000000c5b8a8c8}: org/gradle/api/internal/plugins/DefaultPluginCollectionBeanInfo> (0x00000000c5b8a8c8) 
thrown [s\src\hotspot\share\classfile\systemDictionary.cpp, line 256]
Event: 7.661 Thread 0x00000169fe87fe50 Exception <a 'java/lang/ClassNotFoundException'{0x00000000c5b98928}: org/gradle/api/internal/DefaultDomainObjectSetBeanInfo> (0x00000000c5b98928) 
thrown [s\src\hotspot\share\classfile\systemDictionary.cpp, line 256]
Event: 7.663 Thread 0x00000169fe87fe50 Exception <a 'java/lang/ClassNotFoundException'{0x00000000c5ba6a58}: org/gradle/api/internal/DefaultDomainObjectCollectionBeanInfo> (0x00000000c5ba6a58) 
thrown [s\src\hotspot\share\classfile\systemDictionary.cpp, line 256]
Event: 7.664 Thread 0x00000169fe87fe50 Exception <a 'java/lang/ClassNotFoundException'{0x00000000c5bae710}: java/util/AbstractCollectionBeanInfo> (0x00000000c5bae710) 
thrown [s\src\hotspot\share\classfile\systemDictionary.cpp, line 256]
Event: 7.664 Thread 0x00000169fe87fe50 Exception <a 'java/lang/ClassNotFoundException'{0x00000000c5bb63a0}: java/util/AbstractCollectionCustomizer> (0x00000000c5bb63a0) 
thrown [s\src\hotspot\share\classfile\systemDictionary.cpp, line 256]
Event: 7.665 Thread 0x00000169fe87fe50 Exception <a 'java/lang/ClassNotFoundException'{0x00000000c5bcd858}: org/gradle/api/internal/DefaultDomainObjectCollectionCustomizer> (0x00000000c5bcd858) 
thrown [s\src\hotspot\share\classfile\systemDictionary.cpp, line 256]
Event: 7.668 Thread 0x00000169fe87fe50 Exception <a 'java/lang/ClassNotFoundException'{0x00000000c5bf9e78}: org/gradle/api/internal/DefaultDomainObjectSetCustomizer> (0x00000000c5bf9e78) 
thrown [s\src\hotspot\share\classfile\systemDictionary.cpp, line 256]
Event: 7.671 Thread 0x00000169fe87fe50 Exception <a 'java/lang/ClassNotFoundException'{0x00000000c5a16e28}: org/gradle/api/internal/plugins/DefaultPluginCollectionCustomizer> (0x00000000c5a16e28) 
thrown [s\src\hotspot\share\classfile\systemDictionary.cpp, line 256]
Event: 7.673 Thread 0x00000169fe87fe50 Exception <a 'java/lang/ClassNotFoundException'{0x00000000c5a4dec8}: org/gradle/api/internal/plugins/DefaultPluginContainerCustomizer> (0x00000000c5a4dec8) 
thrown [s\src\hotspot\share\classfile\systemDictionary.cpp, line 256]
Event: 7.781 Thread 0x00000169fe87fe50 Exception <a 'java/lang/NoSuchMethodError'{0x00000000c55cde40}: 'long java.lang.invoke.DirectMethodHandle$Holder.invokeStatic(java.lang.Object, long)'> (0x00000000c55cde40) 
thrown [s\src\hotspot\share\interpreter\linkResolver.cpp, line 771]
Event: 8.001 Thread 0x00000169fe87fe50 Exception <a 'java/lang/NoSuchMethodError'{0x00000000c4fdcdb0}: 'java.lang.Object java.lang.invoke.DelegatingMethodHandle$Holder.reinvoke_L(java.lang.Object, java.lang.Object, java.lang.Object, java.lang.Object, java.lang.Object, java.lang.Object, java.lang.Object, java.lang.Object, java.lang.Object, java.lang.Object, java.lang.Object, java.lang.Object, java.lang.Object, java.lang.Object, java.lang.Object, java.lang.Object, java.lang.Object, java.lang.Object, java.lang.Object, java.lang.Object, java.lang.O
Event: 8.003 Thread 0x00000169fe87fe50 Exception <a 'java/lang/NoSuchMethodError'{0x00000000c4fe8588}: 'java.lang.Object java.lang.invoke.DirectMethodHandle$Holder.invokeSpecial(java.lang.Object, java.lang.Object, java.lang.Object, java.lang.Object, java.lang.Object, java.lang.Object, java.lang.Object, java.lang.Object, java.lang.Object, java.lang.Object, java.lang.Object, java.lang.Object, java.lang.Object, java.lang.Object, java.lang.Object, java.lang.Object, java.lang.Object, java.lang.Object, java.lang.Object, java.lang.Object, java.lang.Ob
Event: 8.003 Thread 0x00000169fe87fe50 Exception <a 'java/lang/NoSuchMethodError'{0x00000000c4fee478}: 'java.lang.Object java.lang.invoke.Invokers$Holder.invoker(java.lang.Object, java.lang.Object, java.lang.Object, java.lang.Object, java.lang.Object, java.lang.Object, java.lang.Object, java.lang.Object, java.lang.Object, java.lang.Object, java.lang.Object, java.lang.Object, java.lang.Object, java.lang.Object, java.lang.Object, java.lang.Object, java.lang.Object, java.lang.Object, java.lang.Object, java.lang.Object, java.lang.Object)'> (0x00000
Event: 8.004 Thread 0x00000169fe87fe50 Exception <a 'java/lang/NoSuchMethodError'{0x00000000c4ff4ad8}: 'java.lang.Object java.lang.invoke.DelegatingMethodHandle$Holder.delegate(java.lang.Object, java.lang.Object, java.lang.Object, java.lang.Object, java.lang.Object, java.lang.Object, java.lang.Object, java.lang.Object, java.lang.Object, java.lang.Object, java.lang.Object, java.lang.Object, java.lang.Object, java.lang.Object, java.lang.Object, java.lang.Object, java.lang.Object, java.lang.Object, java.lang.Object, java.lang.Object, java.lang.Obj
Event: 8.201 Thread 0x00000169fe87fe50 Exception <a 'java/lang/NoSuchMethodError'{0x00000000c6a21328}: 'int java.lang.invoke.DirectMethodHandle$Holder.invokeSpecialIFC(java.lang.Object, java.lang.Object, java.lang.Object)'> (0x00000000c6a21328) 
thrown [s\src\hotspot\share\interpreter\linkResolver.cpp, line 771]
Event: 8.292 Thread 0x00000169fe87fe50 Exception <a 'java/lang/NoSuchMethodError'{0x00000000c67c2848}: 'java.lang.Object java.lang.invoke.DirectMethodHandle$Holder.newInvokeSpecial(java.lang.Object, java.lang.Object, java.lang.Object, java.lang.Object, java.lang.Object, int)'> (0x00000000c67c2848) 
thrown [s\src\hotspot\share\interpreter\linkResolver.cpp, line 771]
Event: 8.292 Thread 0x00000169fe87fe50 Exception <a 'java/lang/NoSuchMethodError'{0x00000000c67c8148}: 'java.lang.Object java.lang.invoke.DirectMethodHandle$Holder.invokeSpecial(java.lang.Object, java.lang.Object, java.lang.Object, java.lang.Object, java.lang.Object, java.lang.Object, int)'> (0x00000000c67c8148) 
thrown [s\src\hotspot\share\interpreter\linkResolver.cpp, line 771]
Event: 8.310 Thread 0x00000169fe87fe50 Exception <a 'java/lang/NoSuchMethodError'{0x00000000c667a2f8}: 'void java.lang.invoke.DirectMethodHandle$Holder.invokeStatic(java.lang.Object, java.lang.Object, java.lang.Object, int, java.lang.Object)'> (0x00000000c667a2f8) 
thrown [s\src\hotspot\share\interpreter\linkResolver.cpp, line 771]

VM Operations (20 events):
Event: 7.338 Executing VM operation: G1CollectForAllocation
Event: 7.342 Executing VM operation: G1CollectForAllocation done
Event: 7.385 Executing VM operation: G1CollectForAllocation
Event: 7.389 Executing VM operation: G1CollectForAllocation done
Event: 7.415 Executing VM operation: HandshakeAllThreads
Event: 7.415 Executing VM operation: HandshakeAllThreads done
Event: 7.426 Executing VM operation: HandshakeAllThreads
Event: 7.426 Executing VM operation: HandshakeAllThreads done
Event: 7.499 Executing VM operation: HandshakeAllThreads
Event: 7.499 Executing VM operation: HandshakeAllThreads done
Event: 8.005 Executing VM operation: ICBufferFull
Event: 8.005 Executing VM operation: ICBufferFull done
Event: 8.113 Executing VM operation: G1CollectForAllocation
Event: 8.118 Executing VM operation: G1CollectForAllocation done
Event: 8.195 Executing VM operation: G1PauseRemark
Event: 8.198 Executing VM operation: G1PauseRemark done
Event: 8.227 Executing VM operation: G1PauseCleanup
Event: 8.227 Executing VM operation: G1PauseCleanup done
Event: 8.232 Executing VM operation: HandshakeAllThreads
Event: 8.232 Executing VM operation: HandshakeAllThreads done

Events (20 events):
Event: 7.964 loading class javax/net/ssl/HostnameVerifier done
Event: 7.965 loading class javax/net/ssl/TrustManager
Event: 7.965 loading class javax/net/ssl/TrustManager done
Event: 7.965 loading class javax/net/ssl/X509TrustManager
Event: 7.965 loading class javax/net/ssl/X509TrustManager done
Event: 7.967 loading class javax/net/ssl/SSLException
Event: 7.967 loading class javax/net/ssl/SSLException done
Event: 7.967 loading class javax/net/ssl/SSLPeerUnverifiedException
Event: 7.967 loading class javax/net/ssl/SSLPeerUnverifiedException done
Event: 7.967 loading class java/security/cert/CertificateParsingException
Event: 7.967 loading class java/security/cert/CertificateException
Event: 7.967 loading class java/security/cert/CertificateException done
Event: 7.967 loading class java/security/cert/CertificateParsingException done
Event: 7.967 loading class javax/naming/NamingException
Event: 7.967 loading class javax/naming/NamingException done
Event: 7.967 loading class javax/naming/InvalidNameException
Event: 7.967 loading class javax/naming/InvalidNameException done
Event: 7.993 Thread 0x00000169fd4eafe0 Thread added: 0x00000169fd4eafe0
Event: 8.366 loading class java/util/Collections$2
Event: 8.367 loading class java/util/Collections$2 done


Dynamic libraries:
0x00007ff75a340000 - 0x00007ff75a34a000 	C:\Users\Vinicius\.jdks\jbr-17.0.11\bin\java.exe
0x00007ffe80e90000 - 0x00007ffe81088000 	C:\Windows\SYSTEM32\ntdll.dll
0x00007ffe805f0000 - 0x00007ffe806b1000 	C:\Windows\System32\KERNEL32.DLL
0x00007ffe7e890000 - 0x00007ffe7eb8d000 	C:\Windows\System32\KERNELBASE.dll
0x00007ffe7e710000 - 0x00007ffe7e810000 	C:\Windows\System32\ucrtbase.dll
0x00007ffe3b7f0000 - 0x00007ffe3b80b000 	C:\Users\Vinicius\.jdks\jbr-17.0.11\bin\VCRUNTIME140.dll
0x00007ffe51e70000 - 0x00007ffe51e87000 	C:\Users\Vinicius\.jdks\jbr-17.0.11\bin\jli.dll
0x00007ffe80ca0000 - 0x00007ffe80e3d000 	C:\Windows\System32\USER32.dll
0x00007ffe68e30000 - 0x00007ffe690ca000 	C:\Windows\WinSxS\amd64_microsoft.windows.common-controls_6595b64144ccf1df_6.0.19041.4355_none_60b8b9eb71f62e16\COMCTL32.dll
0x00007ffe7e860000 - 0x00007ffe7e882000 	C:\Windows\System32\win32u.dll
0x00007ffe80550000 - 0x00007ffe805ee000 	C:\Windows\System32\msvcrt.dll
0x00007ffe80770000 - 0x00007ffe8079b000 	C:\Windows\System32\GDI32.dll
0x00007ffe7e540000 - 0x00007ffe7e657000 	C:\Windows\System32\gdi32full.dll
0x00007ffe7ee20000 - 0x00007ffe7eebd000 	C:\Windows\System32\msvcp_win.dll
0x00007ffe80430000 - 0x00007ffe8045f000 	C:\Windows\System32\IMM32.DLL
0x00007ffe51f00000 - 0x00007ffe51f0c000 	C:\Users\Vinicius\.jdks\jbr-17.0.11\bin\vcruntime140_1.dll
0x00007ffe3b760000 - 0x00007ffe3b7ed000 	C:\Users\Vinicius\.jdks\jbr-17.0.11\bin\msvcp140.dll
0x00007ffe39d60000 - 0x00007ffe3a9e3000 	C:\Users\Vinicius\.jdks\jbr-17.0.11\bin\server\jvm.dll
0x00007ffe806c0000 - 0x00007ffe80770000 	C:\Windows\System32\ADVAPI32.dll
0x00007ffe808c0000 - 0x00007ffe80960000 	C:\Windows\System32\sechost.dll
0x00007ffe80a90000 - 0x00007ffe80bb3000 	C:\Windows\System32\RPCRT4.dll
0x00007ffe7eb90000 - 0x00007ffe7ebb7000 	C:\Windows\System32\bcrypt.dll
0x00007ffe68ce0000 - 0x00007ffe68ce9000 	C:\Windows\SYSTEM32\WSOCK32.dll
0x00007ffe7da70000 - 0x00007ffe7dabb000 	C:\Windows\SYSTEM32\POWRPROF.dll
0x00007ffe804e0000 - 0x00007ffe8054b000 	C:\Windows\System32\WS2_32.dll
0x00007ffe66f40000 - 0x00007ffe66f67000 	C:\Windows\SYSTEM32\WINMM.dll
0x00007ffe73250000 - 0x00007ffe7325a000 	C:\Windows\SYSTEM32\VERSION.dll
0x00007ffe7d930000 - 0x00007ffe7d942000 	C:\Windows\SYSTEM32\UMPDC.dll
0x00007ffe7cd50000 - 0x00007ffe7cd62000 	C:\Windows\SYSTEM32\kernel.appcore.dll
0x00007ffe51e50000 - 0x00007ffe51e5a000 	C:\Users\Vinicius\.jdks\jbr-17.0.11\bin\jimage.dll
0x00007ffe791f0000 - 0x00007ffe793d4000 	C:\Windows\SYSTEM32\DBGHELP.DLL
0x00007ffe54cf0000 - 0x00007ffe54d24000 	C:\Windows\SYSTEM32\dbgcore.DLL
0x00007ffe7ec30000 - 0x00007ffe7ecb2000 	C:\Windows\System32\bcryptPrimitives.dll
0x00007ffe743e0000 - 0x00007ffe743ee000 	C:\Users\Vinicius\.jdks\jbr-17.0.11\bin\instrument.dll
0x00007ffe3b730000 - 0x00007ffe3b755000 	C:\Users\Vinicius\.jdks\jbr-17.0.11\bin\java.dll
0x00007ffe3b650000 - 0x00007ffe3b727000 	C:\Users\Vinicius\.jdks\jbr-17.0.11\bin\jsvml.dll
0x00007ffe7fb90000 - 0x00007ffe802ff000 	C:\Windows\System32\SHELL32.dll
0x00007ffe7c5a0000 - 0x00007ffe7cd3f000 	C:\Windows\SYSTEM32\windows.storage.dll
0x00007ffe7f0f0000 - 0x00007ffe7f443000 	C:\Windows\System32\combase.dll
0x00007ffe7df60000 - 0x00007ffe7df8e000 	C:\Windows\SYSTEM32\Wldp.dll
0x00007ffe80960000 - 0x00007ffe80a2d000 	C:\Windows\System32\OLEAUT32.dll
0x00007ffe7fae0000 - 0x00007ffe7fb8d000 	C:\Windows\System32\SHCORE.dll
0x00007ffe80480000 - 0x00007ffe804d5000 	C:\Windows\System32\shlwapi.dll
0x00007ffe7e470000 - 0x00007ffe7e494000 	C:\Windows\SYSTEM32\profapi.dll
0x00007ffe3b630000 - 0x00007ffe3b648000 	C:\Users\Vinicius\.jdks\jbr-17.0.11\bin\zip.dll
0x00007ffe3b610000 - 0x00007ffe3b629000 	C:\Users\Vinicius\.jdks\jbr-17.0.11\bin\net.dll
0x00007ffe72340000 - 0x00007ffe7244d000 	C:\Windows\SYSTEM32\WINHTTP.dll
0x00007ffe7dcc0000 - 0x00007ffe7dd2a000 	C:\Windows\system32\mswsock.dll
0x00007ffe3b5f0000 - 0x00007ffe3b606000 	C:\Users\Vinicius\.jdks\jbr-17.0.11\bin\nio.dll
0x00007ffe469c0000 - 0x00007ffe469d0000 	C:\Users\Vinicius\.jdks\jbr-17.0.11\bin\verify.dll
0x00007ffe77610000 - 0x00007ffe77637000 	C:\Users\Vinicius\.gradle\native\68d5fa5c4cc2d200863cafc0d521ce42e7d3e7ee720ec0a83991735586a16f82\windows-amd64\native-platform.dll
0x00007ffe3c6c0000 - 0x00007ffe3c804000 	C:\Users\Vinicius\.gradle\native\e376f236ea51e6404a007f0833ffe2c6e607c4080706a723a18a27aeea778392\windows-amd64\native-platform-file-events.dll
0x00007ffe64e10000 - 0x00007ffe64e19000 	C:\Users\Vinicius\.jdks\jbr-17.0.11\bin\management.dll
0x00007ffe64e00000 - 0x00007ffe64e0b000 	C:\Users\Vinicius\.jdks\jbr-17.0.11\bin\management_ext.dll
0x00007ffe80300000 - 0x00007ffe80308000 	C:\Windows\System32\PSAPI.DLL
0x00007ffe7dec0000 - 0x00007ffe7ded8000 	C:\Windows\SYSTEM32\CRYPTSP.dll
0x00007ffe7d570000 - 0x00007ffe7d5a4000 	C:\Windows\system32\rsaenh.dll
0x00007ffe7e420000 - 0x00007ffe7e44e000 	C:\Windows\SYSTEM32\USERENV.dll
0x00007ffe7deb0000 - 0x00007ffe7debc000 	C:\Windows\SYSTEM32\CRYPTBASE.dll
0x00007ffe7d950000 - 0x00007ffe7d98b000 	C:\Windows\SYSTEM32\IPHLPAPI.DLL
0x00007ffe80e40000 - 0x00007ffe80e48000 	C:\Windows\System32\NSI.dll
0x00007ffe72760000 - 0x00007ffe72777000 	C:\Windows\SYSTEM32\dhcpcsvc6.DLL
0x00007ffe73770000 - 0x00007ffe7378d000 	C:\Windows\SYSTEM32\dhcpcsvc.DLL
0x00007ffe7d990000 - 0x00007ffe7da5a000 	C:\Windows\SYSTEM32\DNSAPI.dll
0x00007ffe73e00000 - 0x00007ffe73e09000 	C:\Users\Vinicius\.jdks\jbr-17.0.11\bin\extnet.dll
0x00007ffe743d0000 - 0x00007ffe743de000 	C:\Users\Vinicius\.jdks\jbr-17.0.11\bin\sunmscapi.dll
0x00007ffe7ecc0000 - 0x00007ffe7ee1e000 	C:\Windows\System32\CRYPT32.dll
0x00007ffe7dfd0000 - 0x00007ffe7dff9000 	C:\Windows\SYSTEM32\ncrypt.dll
0x00007ffe7df90000 - 0x00007ffe7dfcb000 	C:\Windows\SYSTEM32\NTASN1.dll
0x00007ffe748b0000 - 0x00007ffe748b7000 	C:\Windows\system32\wshunix.dll

dbghelp: loaded successfully - version: 4.0.5 - missing functions: none
symbol engine: initialized successfully - sym options: 0x614 - pdb path: .;C:\Users\Vinicius\.jdks\jbr-17.0.11\bin;C:\Windows\SYSTEM32;C:\Windows\WinSxS\amd64_microsoft.windows.common-controls_6595b64144ccf1df_6.0.19041.4355_none_60b8b9eb71f62e16;C:\Users\Vinicius\.jdks\jbr-17.0.11\bin\server;C:\Users\Vinicius\.gradle\native\68d5fa5c4cc2d200863cafc0d521ce42e7d3e7ee720ec0a83991735586a16f82\windows-amd64;C:\Users\Vinicius\.gradle\native\e376f236ea51e6404a007f0833ffe2c6e607c4080706a723a18a27aeea778392\windows-amd64

VM Arguments:
jvm_args: --add-opens=java.base/java.util=ALL-UNNAMED --add-opens=java.base/java.lang=ALL-UNNAMED --add-opens=java.base/java.lang.invoke=ALL-UNNAMED --add-opens=java.prefs/java.util.prefs=ALL-UNNAMED --add-opens=java.base/java.nio.charset=ALL-UNNAMED --add-opens=java.base/java.net=ALL-UNNAMED --add-opens=java.base/java.util.concurrent.atomic=ALL-UNNAMED -Xmx1024m -Dfile.encoding=UTF-8 -Duser.country=BR -Duser.language=pt -Duser.variant -javaagent:C:\Users\Vinicius\.gradle\wrapper\dists\gradle-8.2-bin\bbg7u40eoinfdyxsxr3z4i7ta\gradle-8.2\lib\agents\gradle-instrumentation-agent-8.2.jar 
java_command: org.gradle.launcher.daemon.bootstrap.GradleDaemon 8.2
java_class_path (initial): C:\Users\Vinicius\.gradle\wrapper\dists\gradle-8.2-bin\bbg7u40eoinfdyxsxr3z4i7ta\gradle-8.2\lib\gradle-launcher-8.2.jar
Launcher Type: SUN_STANDARD

[Global flags]
     intx CICompilerCount                          = 3                                         {product} {ergonomic}
     uint ConcGCThreads                            = 1                                         {product} {ergonomic}
     uint G1ConcRefinementThreads                  = 4                                         {product} {ergonomic}
   size_t G1HeapRegionSize                         = 1048576                                   {product} {ergonomic}
    uintx GCDrainStackTargetSize                   = 64                                        {product} {ergonomic}
   size_t InitialHeapSize                          = 134217728                                 {product} {ergonomic}
   size_t MarkStackSize                            = 4194304                                   {product} {ergonomic}
   size_t MaxHeapSize                              = 1073741824                                {product} {command line}
   size_t MaxNewSize                               = 643825664                                 {product} {ergonomic}
   size_t MinHeapDeltaBytes                        = 1048576                                   {product} {ergonomic}
   size_t MinHeapSize                              = 8388608                                   {product} {ergonomic}
    uintx NonNMethodCodeHeapSize                   = 5832780                                {pd product} {ergonomic}
    uintx NonProfiledCodeHeapSize                  = 122912730                              {pd product} {ergonomic}
    uintx ProfiledCodeHeapSize                     = 122912730                              {pd product} {ergonomic}
    uintx ReservedCodeCacheSize                    = 251658240                              {pd product} {ergonomic}
     bool SegmentedCodeCache                       = true                                      {product} {ergonomic}
   size_t SoftMaxHeapSize                          = 1073741824                             {manageable} {ergonomic}
     bool UseCompressedClassPointers               = true                           {product lp64_product} {ergonomic}
     bool UseCompressedOops                        = true                           {product lp64_product} {ergonomic}
     bool UseG1GC                                  = true                                      {product} {ergonomic}
     bool UseLargePagesIndividualAllocation        = false                                  {pd product} {ergonomic}

Logging:
Log output configuration:
 #0: stdout all=warning uptime,level,tags
 #1: stderr all=off uptime,level,tags

Environment Variables:
PATH=C:\Program Files\Microsoft\jdk-11.0.16.101-hotspot\bin;C:\Program Files (x86)\Intel\iCLS Client\;C:\Program Files\Intel\iCLS Client\;C:\Program Files (x86)\Common Files\Oracle\Java\javapath;C:\Windows\system32;C:\Windows;C:\Windows\System32\Wbem;C:\Windows\System32\WindowsPowerShell\v1.0\;C:\Windows\System32\OpenSSH\;C:\Program Files (x86)\Intel\Intel(R) Management Engine Components\DAL;C:\Program Files\Intel\Intel(R) Management Engine Components\DAL;C:\Program Files (x86)\Intel\Intel(R) Management Engine Components\IPT;C:\Program Files\Intel\Intel(R) Management Engine Components\IPT;C:\Program Files\NVIDIA Corporation\NVIDIA NvDLISR;C:\Program Files (x86)\NVIDIA Corporation\PhysX\Common;C:\sqlite;C:\Program Files\Git\cmd;C:\Users\Vinicius\AppData\Local\Programs\Python\Python312\Scripts\;C:\Users\Vinicius\AppData\Local\Programs\Python\Python312\;C:\Users\Vinicius\AppData\Local\Programs\Python\Launcher\;C:\Users\Vinicius\AppData\Local\Microsoft\WindowsApps;C:\Users\Vinicius\AppData\Local\Programs\Microsoft VS Code\bin
USERNAME=Vinicius
OS=Windows_NT
PROCESSOR_IDENTIFIER=Intel64 Family 6 Model 142 Stepping 9, GenuineIntel
TMP=C:\Users\Vinicius\AppData\Local\Temp
TEMP=C:\Users\Vinicius\AppData\Local\Temp



Periodic native trim disabled

JNI global refs:
JNI global refs: 25, weak refs: 9

JNI global refs memory usage: 843, weak refs: 841

Process memory usage:
Resident Set Size: 299528K (3% of 8261220K total physical memory with 578824K free physical memory)

OOME stack traces (most recent first):
Classloader memory used:
Loader org.gradle.internal.classloader.VisitableURLClassLoader                         : 3411K
Loader bootstrap                                                                       : 1280K
Loader org.gradle.initialization.MixInLegacyTypesClassLoader                           : 973K
Loader org.gradle.internal.classloader.VisitableURLClassLoader                         : 109K
Loader org.gradle.internal.classloader.VisitableURLClassLoader$InstrumentingVisitableURLClassLoader: 90682B
Loader jdk.internal.loader.ClassLoaders$PlatformClassLoader                            : 71078B
Loader jdk.internal.reflect.DelegatingClassLoader                                      : 28778B
Loader jdk.internal.loader.ClassLoaders$AppClassLoader                                 : 28366B
Loader org.gradle.groovy.scripts.internal.DefaultScriptCompilationHandler$ScriptClassLoader: 12607B
Loader org.codehaus.groovy.runtime.callsite.CallSiteClassLoader                        : 6579B

Classes loaded by more than one classloader:
Class org.gradle.internal.Cast                                                        : loaded 3 times (x 69B)
Class Program                                                                         : loaded 3 times (x 70B)
Class org.gradle.api.GradleException                                                  : loaded 3 times (x 80B)
Class org.gradle.internal.classpath.ClassPath                                         : loaded 2 times (x 68B)
Class org.gradle.api.internal.classpath.DefaultModuleRegistry                         : loaded 2 times (x 84B)
Class org.gradle.internal.exceptions.NonGradleCauseExceptionsHolder                   : loaded 2 times (x 68B)
Class Settings_gradle$1$1                                                             : loaded 2 times (x 72B)
Class org.gradle.api.Action                                                           : loaded 2 times (x 68B)
Class org.jetbrains.kotlin.idea.gradleTooling.model.samWithReceiver.SamWithReceiverModel: loaded 2 times (x 68B)
Class org.jetbrains.plugins.gradle.model.ExternalProject                              : loaded 2 times (x 68B)
Class org.jetbrains.plugins.gradle.model.IntelliJSettings                             : loaded 2 times (x 68B)
Class org.jetbrains.kotlin.idea.gradleTooling.KotlinMPPGradleModel                    : loaded 2 times (x 68B)
Class org.gradle.api.internal.DefaultClassPathProvider                                : loaded 2 times (x 74B)
Class org.gradle.internal.installation.GradleInstallation$1                           : loaded 2 times (x 73B)
Class org.gradle.internal.exceptions.DefaultMultiCauseException                       : loaded 2 times (x 93B)
Class ijInit9_7nuh7k5t0fw2sx3umbr5pkjcp                                               : loaded 2 times (x 177B)
Class org.gradle.tooling.model.UnsupportedMethodException                             : loaded 2 times (x 80B)
Class org.gradle.internal.time.MonotonicClock                                         : loaded 2 times (x 75B)
Class org.gradle.internal.classloader.FilteringClassLoader                            : loaded 2 times (x 103B)
Class org.gradle.tooling.model.Model                                                  : loaded 2 times (x 68B)
Class org.gradle.internal.classpath.DefaultClassPath$ImmutableUniqueList$Builder      : loaded 2 times (x 73B)
Class kotlin.UninitializedPropertyAccessException                                     : loaded 2 times (x 80B)
Class org.jetbrains.kotlin.idea.gradleTooling.KotlinSourceSetContainer                : loaded 2 times (x 68B)
Class org.gradle.internal.classloader.ClassLoaderVisitor                              : loaded 2 times (x 74B)
Class org.gradle.internal.time.DefaultCountdownTimer                                  : loaded 2 times (x 86B)
Class org.gradle.internal.service.DefaultServiceLocator                               : loaded 2 times (x 81B)
Class org.jetbrains.plugins.gradle.model.jar.JarTaskManifestConfiguration             : loaded 2 times (x 68B)
Class org.gradle.internal.service.UnknownServiceException                             : loaded 2 times (x 81B)
Class org.jetbrains.plugins.gradle.model.DependencyAccessorsModel                     : loaded 2 times (x 68B)
Class org.gradle.internal.classloader.DefaultClassLoaderFactory                       : loaded 2 times (x 80B)
Class org.jetbrains.plugins.gradle.model.GradleExtensions                             : loaded 2 times (x 68B)
Class org.jetbrains.plugins.gradle.model.VersionCatalogsModel                         : loaded 2 times (x 68B)
Class org.gradle.internal.classloader.VisitableURLClassLoader$Spec                    : loaded 2 times (x 72B)
Class org.gradle.tooling.model.ProjectModel                                           : loaded 2 times (x 68B)
Class org.jetbrains.plugins.gradle.model.MavenRepositoryModel                         : loaded 2 times (x 68B)
Class org.gradle.tooling.internal.gradle.DefaultProjectIdentifier                     : loaded 2 times (x 84B)
Class org.gradle.util.GradleVersion                                                   : loaded 2 times (x 81B)
Class org.jetbrains.plugins.gradle.model.RepositoriesModel                            : loaded 2 times (x 68B)
Class kotlin.jvm.internal.markers.KMappedMarker                                       : loaded 2 times (x 68B)
Class org.gradle.api.internal.ClassPathProvider                                       : loaded 2 times (x 68B)
Class org.gradle.internal.classloader.ClasspathUtil$1                                 : loaded 2 times (x 74B)
Class org.gradle.internal.classloader.ClassLoaderFactory                              : loaded 2 times (x 68B)
Class org.gradle.api.internal.classpath.ManifestUtil                                  : loaded 2 times (x 69B)
Class org.gradle.api.specs.Spec                                                       : loaded 2 times (x 68B)
Class kotlin.jvm.internal.Intrinsics                                                  : loaded 2 times (x 69B)
Class org.gradle.tooling.internal.gradle.GradleBuildIdentity                          : loaded 2 times (x 68B)
Class org.gradle.internal.IoActions                                                   : loaded 2 times (x 69B)
Class sync_studio_tooling4971_ekasw8px81twu866yfw2bnlr4$_run_closure1                 : loaded 2 times (x 134B)
Class org.gradle.api.internal.classpath.EffectiveClassPath                            : loaded 2 times (x 88B)
Class kotlin.jvm.internal.DefaultConstructorMarker                                    : loaded 2 times (x 69B)
Class org.gradle.internal.exceptions.ResolutionProvider                               : loaded 2 times (x 68B)
Class org.jetbrains.kotlin.idea.gradleTooling.model.annotation.AnnotationBasedPluginModel: loaded 2 times (x 68B)
Class org.jetbrains.kotlin.idea.gradleTooling.model.assignment.AssignmentModel        : loaded 2 times (x 68B)
Class org.gradle.internal.installation.CurrentGradleInstallation                      : loaded 2 times (x 71B)
Class org.gradle.internal.agents.InstrumentingClassLoader                             : loaded 2 times (x 68B)
Class org.gradle.internal.installation.CurrentGradleInstallationLocator               : loaded 2 times (x 69B)
Class org.gradle.api.internal.classpath.Module                                        : loaded 2 times (x 68B)
Class org.gradle.internal.service.CachingServiceLocator                               : loaded 2 times (x 80B)
Class org.gradle.internal.time.Timer                                                  : loaded 2 times (x 68B)
Class org.jetbrains.kotlin.idea.gradleTooling.KotlinDslScriptAdditionalTask           : loaded 2 times (x 68B)
Class org.jetbrains.plugins.gradle.model.tests.ExternalTestsModel                     : loaded 2 times (x 68B)
Class org.gradle.internal.classpath.DefaultClassPath                                  : loaded 2 times (x 88B)
Class com.intellij.openapi.externalSystem.model.project.dependencies.ProjectDependencies: loaded 2 times (x 68B)
Class org.jetbrains.kotlin.idea.gradleTooling.PrepareKotlinIdeImportTaskModel         : loaded 2 times (x 68B)
Class org.gradle.internal.impldep.com.google.common.base.Preconditions                : loaded 2 times (x 69B)
Class kotlin.jvm.functions.Function1                                                  : loaded 2 times (x 68B)
Class org.gradle.internal.time.Time                                                   : loaded 2 times (x 69B)
Class org.gradle.internal.time.TimeSource$1                                           : loaded 2 times (x 75B)
Class kotlin.KotlinNullPointerException                                               : loaded 2 times (x 81B)
Class org.gradle.internal.classloader.SystemClassLoaderSpec                           : loaded 2 times (x 69B)
Class kotlin.Function                                                                 : loaded 2 times (x 68B)
Class org.gradle.api.UncheckedIOException                                             : loaded 2 times (x 80B)
Class org.gradle.api.internal.classpath.ModuleRegistry                                : loaded 2 times (x 68B)
Class org.gradle.tooling.internal.gradle.GradleProjectIdentity                        : loaded 2 times (x 68B)
Class org.gradle.internal.time.CountdownTimer                                         : loaded 2 times (x 68B)
Class org.gradle.internal.time.Clock                                                  : loaded 2 times (x 68B)
Class org.gradle.internal.classloader.ClasspathUtil                                   : loaded 2 times (x 69B)
Class org.gradle.tooling.model.BuildIdentifier                                        : loaded 2 times (x 68B)
Class org.gradle.api.internal.DefaultClassPathRegistry                                : loaded 2 times (x 74B)
Class org.gradle.api.internal.classpath.DefaultModuleRegistry$DefaultModule           : loaded 2 times (x 84B)
Class org.gradle.internal.time.TimeSource                                             : loaded 2 times (x 68B)
Class org.jetbrains.kotlin.android.synthetic.idea.AndroidExtensionsGradleModel        : loaded 2 times (x 68B)
Class org.gradle.api.internal.classpath.UnknownModuleException                        : loaded 2 times (x 80B)
Class org.jetbrains.plugins.gradle.model.IntelliJProjectSettings                      : loaded 2 times (x 68B)
Class org.gradle.internal.service.ServiceLookupException                              : loaded 2 times (x 80B)
Class org.gradle.cache.GlobalCache                                                    : loaded 2 times (x 68B)
Class org.jetbrains.kotlin.idea.gradleTooling.model.lombok.LombokModel                : loaded 2 times (x 68B)
Class org.gradle.tooling.model.ProjectIdentifier                                      : loaded 2 times (x 68B)
Class [Lorg.gradle.api.internal.ClassPathProvider;                                    : loaded 2 times (x 67B)
Class sync_studio_tooling4971_ekasw8px81twu866yfw2bnlr4                               : loaded 2 times (x 177B)
Class org.gradle.internal.operations.MultipleBuildOperationFailures                   : loaded 2 times (x 93B)
Class org.gradle.util.internal.GUtil                                                  : loaded 2 times (x 69B)
Class org.jetbrains.plugins.gradle.model.AnnotationProcessingModel                    : loaded 2 times (x 68B)
Class org.gradle.internal.classloader.ClassLoaderSpec                                 : loaded 2 times (x 69B)
Class org.gradle.internal.classloader.VisitableURLClassLoader                         : loaded 2 times (x 115B)
Class org.gradle.internal.installation.GradleInstallation                             : loaded 2 times (x 73B)
Class org.gradle.api.internal.ClassPathRegistry                                       : loaded 2 times (x 68B)
Class org.gradle.internal.classloader.VisitableURLClassLoader$InstrumentingVisitableURLClassLoader: loaded 2 times (x 121B)
Class org.gradle.internal.classloader.ClassLoaderHierarchy                            : loaded 2 times (x 68B)
Class org.gradle.internal.exceptions.MultiCauseException                              : loaded 2 times (x 68B)
Class org.jetbrains.kotlin.idea.gradleTooling.model.parcelize.ParcelizeGradleModel    : loaded 2 times (x 68B)
Class org.gradle.internal.InternalTransformer                                         : loaded 2 times (x 68B)
Class org.jetbrains.kotlin.idea.gradleTooling.model.noarg.NoArgModel                  : loaded 2 times (x 68B)
Class org.jetbrains.kotlin.idea.gradleTooling.KotlinGradleModel                       : loaded 2 times (x 68B)
Class org.gradle.tooling.internal.gradle.DefaultBuildIdentifier                       : loaded 2 times (x 77B)
Class org.gradle.internal.service.ServiceLocator                                      : loaded 2 times (x 68B)
Class Settings_gradle$1                                                               : loaded 2 times (x 72B)
Class org.jetbrains.kotlin.idea.gradleTooling.model.allopen.AllOpenModel              : loaded 2 times (x 68B)
Class org.gradle.internal.classpath.DefaultClassPath$ImmutableUniqueList              : loaded 2 times (x 159B)
Class org.gradle.internal.time.DefaultTimer                                           : loaded 2 times (x 78B)
Class org.gradle.internal.classpath.TransformedClassPath                              : loaded 2 times (x 94B)
Class Settings_gradle                                                                 : loaded 2 times (x 126B)


---------------  S Y S T E M  ---------------

OS:
 Windows 10 , 64 bit Build 19041 (10.0.19041.4717)
OS uptime: 0 days 0:49 hours

CPU: total 4 (initial active 4) (2 cores per cpu, 2 threads per core) family 6 model 142 stepping 9 microcode 0xb4, cx8, cmov, fxsr, ht, mmx, 3dnowpref, sse, sse2, sse3, ssse3, sse4.1, sse4.2, popcnt, lzcnt, tsc, tscinvbit, avx, avx2, aes, erms, clmul, bmi1, bmi2, adx, fma, vzeroupper, clflush, clflushopt
Processor Information for all 4 processors :
  Max Mhz: 2712, Current Mhz: 2511, Mhz Limit: 2495

Memory: 4k page, system-wide physical 8067M (565M free)
TotalPageFile size 10115M (AvailPageFile size 6M)
current process WorkingSet (physical memory assigned to process): 292M, peak: 295M
current process commit charge ("private bytes"): 325M, peak: 327M

vm_info: OpenJDK 64-Bit Server VM (17.0.11+1-b1312.2) for windows-amd64 JRE (17.0.11+1-b1312.2), built on 2024-06-08 by "builduser" with MS VC++ 16.10 / 16.11 (VS2019)

END.
