#
# There is insufficient memory for the Java Runtime Environment to continue.
# Native memory allocation (mmap) failed to map 98566144 bytes. Error detail: G1 virtual space
# Possible reasons:
#   The system is out of physical RAM or swap space
#   This process is running with CompressedOops enabled, and the Java Heap may be blocking the growth of the native heap
# Possible solutions:
#   Reduce memory load on the system
#   Increase physical memory or swap space
#   Check if swap backing store is full
#   Decrease Java heap size (-Xmx/-Xms)
#   Decrease number of Java threads
#   Decrease Java thread stack sizes (-Xss)
#   Set larger code cache with -XX:ReservedCodeCacheSize=
#   JVM is running with Unscaled Compressed Oops mode in which the Java heap is
#     placed in the first 4GB address space. The Java Heap base address is the
#     maximum limit for the native heap growth. Please use -XX:HeapBaseMinAddress
#     to set the Java Heap base and to place the Java Heap above 4GB virtual address.
# This output file may be truncated or incomplete.
#
#  Out of Memory Error (os_windows.cpp:3825), pid=4608, tid=1196
#
# JRE version: OpenJDK Runtime Environment JBR-17.0.11+1-1312.2-nomod (17.0.11+1) (build 17.0.11+1-b1312.2)
# Java VM: OpenJDK 64-Bit Server VM JBR-17.0.11+1-1312.2-nomod (17.0.11+1-b1312.2, mixed mode, sharing, tiered, compressed oops, compressed class ptrs, g1 gc, windows-amd64)
# No core dump will be written. Minidumps are not enabled by default on client versions of Windows
#

---------------  S U M M A R Y ------------

Command Line: org.jetbrains.kotlin.cli.jvm.K2JVMCompiler @C:\Users\Vinicius\IntelliJIDEAProjects\Github\MyApplication\app\build\20240727_2791094904975965534.compiler.options

Host: Intel(R) Core(TM) i5-7200U CPU @ 2.50GHz, 4 cores, 7G,  Windows 10 , 64 bit Build 19041 (10.0.19041.4597)
Time: Sat Jul 27 08:43:11 2024 Hora oficial do Brasil elapsed time: 18.466903 seconds (0d 0h 0m 18s)

---------------  T H R E A D  ---------------

Current thread (0x0000024a7ad1e180):  VMThread "VM Thread" [stack: 0x000000812ea00000,0x000000812eb00000] [id=1196]

Stack: [0x000000812ea00000,0x000000812eb00000]
Native frames: (J=compiled Java code, j=interpreted, Vv=VM code, C=native code)
V  [jvm.dll+0x687839]  os::platform_print_native_stack+0xd9  (os_windows_x86.cpp:235)
V  [jvm.dll+0x8411ea]  VMError::report+0xc6a  (vmError.cpp:868)
V  [jvm.dll+0x842e6e]  VMError::report_and_die+0x78e  (vmError.cpp:1766)
V  [jvm.dll+0x8434d3]  VMError::report_and_die+0x43  (vmError.cpp:1552)
V  [jvm.dll+0x249faf]  report_vm_out_of_memory+0x8f  (debug.cpp:321)
V  [jvm.dll+0x684609]  os::pd_commit_memory_or_exit+0xc9  (os_windows.cpp:3833)
V  [jvm.dll+0x678eba]  os::commit_memory_or_exit+0x2a  (os.cpp:1732)
V  [jvm.dll+0x30ab1b]  G1PageBasedVirtualSpace::commit+0x19b  (g1PageBasedVirtualSpace.cpp:204)
V  [jvm.dll+0x311fc6]  G1RegionsLargerThanCommitSizeMapper::commit_regions+0x96  (g1RegionToSpaceMapper.cpp:100)
V  [jvm.dll+0x361a2e]  HeapRegionManager::expand_any+0xee  (heapRegionManager.cpp:363)
V  [jvm.dll+0x361c5f]  HeapRegionManager::expand_by+0x7f  (heapRegionManager.cpp:380)
V  [jvm.dll+0x2e0948]  G1CollectedHeap::expand+0xb8  (g1CollectedHeap.cpp:1298)
V  [jvm.dll+0x2ded54]  G1CollectedHeap::do_collection_pause_at_safepoint_helper+0x9e4  (g1CollectedHeap.cpp:3049)
V  [jvm.dll+0x2de35c]  G1CollectedHeap::do_collection_pause_at_safepoint+0x5c  (g1CollectedHeap.cpp:2912)
V  [jvm.dll+0x322c8b]  VM_G1CollectForAllocation::doit+0x6b  (g1VMOperations.cpp:146)
V  [jvm.dll+0x847bcb]  VM_Operation::evaluate+0xfb  (vmOperations.cpp:73)
V  [jvm.dll+0x848902]  VMThread::evaluate_operation+0xd2  (vmThread.cpp:269)
V  [jvm.dll+0x848e1d]  VMThread::inner_execute+0x1ad  (vmThread.cpp:417)
V  [jvm.dll+0x8491f4]  VMThread::loop+0x254  (vmThread.cpp:481)
V  [jvm.dll+0x8492c0]  VMThread::run+0x70  (vmThread.cpp:167)
V  [jvm.dll+0x7ef7ea]  Thread::call_run+0x8a  (thread.cpp:405)
V  [jvm.dll+0x6866b5]  thread_native_entry+0x75  (os_windows.cpp:550)
C  [ucrtbase.dll+0x21bb2]
C  [KERNEL32.DLL+0x17374]
C  [ntdll.dll+0x4cc91]

VM_Operation (0x000000812e4fce40): G1CollectForAllocation, mode: safepoint, requested by thread 0x0000024a7057e1e0


---------------  P R O C E S S  ---------------

Threads class SMR info:
_java_thread_list=0x0000024a50c2d710, length=13, elements={
0x0000024a7057e1e0, 0x0000024a7ad26cb0, 0x0000024a7ad27a40, 0x0000024a7ad40580,
0x0000024a7ad41050, 0x0000024a7ad43930, 0x0000024a7ad44200, 0x0000024a7ad45ec0,
0x0000024a7ad48890, 0x0000024a7ad9b8f0, 0x0000024a7f0de300, 0x0000024a7f0e5870,
0x0000024a50578ac0
}

Java Threads: ( => current thread )
  0x0000024a7057e1e0 JavaThread "main" [_thread_blocked, id=6924, stack(0x000000812e400000,0x000000812e500000)]
  0x0000024a7ad26cb0 JavaThread "Reference Handler" daemon [_thread_blocked, id=11808, stack(0x000000812eb00000,0x000000812ec00000)]
  0x0000024a7ad27a40 JavaThread "Finalizer" daemon [_thread_blocked, id=4380, stack(0x000000812ec00000,0x000000812ed00000)]
  0x0000024a7ad40580 JavaThread "Signal Dispatcher" daemon [_thread_blocked, id=3400, stack(0x000000812ed00000,0x000000812ee00000)]
  0x0000024a7ad41050 JavaThread "Attach Listener" daemon [_thread_blocked, id=8980, stack(0x000000812ee00000,0x000000812ef00000)]
  0x0000024a7ad43930 JavaThread "Service Thread" daemon [_thread_blocked, id=11804, stack(0x000000812ef00000,0x000000812f000000)]
  0x0000024a7ad44200 JavaThread "Monitor Deflation Thread" daemon [_thread_blocked, id=1852, stack(0x000000812f000000,0x000000812f100000)]
  0x0000024a7ad45ec0 JavaThread "C2 CompilerThread0" daemon [_thread_blocked, id=12276, stack(0x000000812f100000,0x000000812f200000)]
  0x0000024a7ad48890 JavaThread "C1 CompilerThread0" daemon [_thread_blocked, id=3388, stack(0x000000812f200000,0x000000812f300000)]
  0x0000024a7ad9b8f0 JavaThread "Sweeper thread" daemon [_thread_blocked, id=9744, stack(0x000000812f300000,0x000000812f400000)]
  0x0000024a7f0de300 JavaThread "Notification Thread" daemon [_thread_blocked, id=9236, stack(0x000000812f400000,0x000000812f500000)]
  0x0000024a7f0e5870 JavaThread "Common-Cleaner" daemon [_thread_blocked, id=9260, stack(0x000000812f600000,0x000000812f700000)]
  0x0000024a50578ac0 JavaThread "C2 CompilerThread1" daemon [_thread_blocked, id=2448, stack(0x000000812fa00000,0x000000812fb00000)]

Other Threads:
=>0x0000024a7ad1e180 VMThread "VM Thread" [stack: 0x000000812ea00000,0x000000812eb00000] [id=1196]
  0x0000024a7f0debf0 WatcherThread [stack: 0x000000812f500000,0x000000812f600000] [id=1580]
  0x0000024a705d99e0 GCTaskThread "GC Thread#0" [stack: 0x000000812e500000,0x000000812e600000] [id=11904]
  0x0000024a7f46db90 GCTaskThread "GC Thread#1" [stack: 0x000000812f700000,0x000000812f800000] [id=3540]
  0x0000024a7f466160 GCTaskThread "GC Thread#2" [stack: 0x000000812f800000,0x000000812f900000] [id=10724]
  0x0000024a7f46d0e0 GCTaskThread "GC Thread#3" [stack: 0x000000812f900000,0x000000812fa00000] [id=7536]
  0x0000024a705eb490 ConcurrentGCThread "G1 Main Marker" [stack: 0x000000812e600000,0x000000812e700000] [id=9812]
  0x0000024a705ebdc0 ConcurrentGCThread "G1 Conc#0" [stack: 0x000000812e700000,0x000000812e800000] [id=1452]
  0x0000024a7063e210 ConcurrentGCThread "G1 Refine#0" [stack: 0x000000812e800000,0x000000812e900000] [id=8640]
  0x0000024a7063eb50 ConcurrentGCThread "G1 Service" [stack: 0x000000812e900000,0x000000812ea00000] [id=8512]

Threads with active compile tasks:
C2 CompilerThread0    18704 9477       4       org.jetbrains.kotlin.ir.util.TypeTranslator::translateType (625 bytes)
C1 CompilerThread0    18704 9473       3       org.jetbrains.kotlin.types.AbstractTypeApproximator::approximateParametrizedType (1378 bytes)
C2 CompilerThread1    18704 9459   !   4       org.jetbrains.kotlin.ir.util.SymbolTable::referenceClass (209 bytes)

VM state: at safepoint (normal execution)

VM Mutex/Monitor currently owned by a thread:  ([mutex/lock_event])
[0x0000024a7057a870] Threads_lock - owner thread: 0x0000024a7ad1e180
[0x0000024a70579820] Heap_lock - owner thread: 0x0000024a7057e1e0

Heap address: 0x0000000081e00000, size: 2018 MB, Compressed Oops mode: 32-bit

CDS archive(s) mapped at: [0x0000024a0f000000-0x0000024a0fc00000-0x0000024a0fc00000), size 12582912, SharedBaseAddress: 0x0000024a0f000000, ArchiveRelocationMode: 1.
Compressed class space mapped at: 0x0000024a10000000-0x0000024a50000000, reserved size: 1073741824
Narrow klass base: 0x0000024a0f000000, Narrow klass shift: 0, Narrow klass range: 0x100000000

GC Precious Log:
 CPUs: 4 total, 4 available
 Memory: 8067M
 Large Page Support: Disabled
 NUMA Support: Disabled
 Compressed Oops: Enabled (32-bit)
 Heap Region Size: 1M
 Heap Min Capacity: 8M
 Heap Initial Capacity: 128M
 Heap Max Capacity: 2018M
 Pre-touch: Disabled
 Parallel Workers: 4
 Concurrent Workers: 1
 Concurrent Refinement Workers: 4
 Periodic GC: Disabled

Heap:
 garbage-first heap   total 131072K, used 57207K [0x0000000081e00000, 0x0000000100000000)
  region size 1024K, 5 young (5120K), 5 survivors (5120K)
 Metaspace       used 67998K, committed 68288K, reserved 1114112K
  class space    used 8043K, committed 8192K, reserved 1048576K

Heap Regions: E=young(eden), S=young(survivor), O=old, HS=humongous(starts), HC=humongous(continues), CS=collection set, F=free, OA=open archive, CA=closed archive, TAMS=top-at-mark-start (previous, next)
|   0|0x0000000081e00000, 0x0000000081f00000, 0x0000000081f00000|100%|HS|  |TAMS 0x0000000081f00000, 0x0000000081e00000| Complete 
|   1|0x0000000081f00000, 0x0000000082000000, 0x0000000082000000|100%|HC|  |TAMS 0x0000000082000000, 0x0000000081f00000| Complete 
|   2|0x0000000082000000, 0x0000000082100000, 0x0000000082100000|100%|HC|  |TAMS 0x0000000082100000, 0x0000000082000000| Complete 
|   3|0x0000000082100000, 0x0000000082200000, 0x0000000082200000|100%|HC|  |TAMS 0x0000000082200000, 0x0000000082100000| Complete 
|   4|0x0000000082200000, 0x0000000082300000, 0x0000000082300000|100%| O|  |TAMS 0x0000000082300000, 0x0000000082200000| Untracked 
|   5|0x0000000082300000, 0x0000000082400000, 0x0000000082400000|100%| O|  |TAMS 0x0000000082400000, 0x0000000082300000| Untracked 
|   6|0x0000000082400000, 0x0000000082500000, 0x0000000082500000|100%| O|  |TAMS 0x0000000082500000, 0x0000000082400000| Untracked 
|   7|0x0000000082500000, 0x0000000082600000, 0x0000000082600000|100%| O|  |TAMS 0x0000000082600000, 0x0000000082500000| Untracked 
|   8|0x0000000082600000, 0x0000000082700000, 0x0000000082700000|100%| O|  |TAMS 0x0000000082700000, 0x0000000082600000| Untracked 
|   9|0x0000000082700000, 0x0000000082800000, 0x0000000082800000|100%| O|  |TAMS 0x0000000082800000, 0x0000000082700000| Untracked 
|  10|0x0000000082800000, 0x0000000082900000, 0x0000000082900000|100%| O|  |TAMS 0x0000000082900000, 0x0000000082800000| Untracked 
|  11|0x0000000082900000, 0x0000000082a00000, 0x0000000082a00000|100%|HS|  |TAMS 0x0000000082a00000, 0x0000000082900000| Complete 
|  12|0x0000000082a00000, 0x0000000082b00000, 0x0000000082b00000|100%|HC|  |TAMS 0x0000000082b00000, 0x0000000082a00000| Complete 
|  13|0x0000000082b00000, 0x0000000082c00000, 0x0000000082c00000|100%| O|  |TAMS 0x0000000082c00000, 0x0000000082b00000| Untracked 
|  14|0x0000000082c00000, 0x0000000082d00000, 0x0000000082d00000|100%| O|  |TAMS 0x0000000082d00000, 0x0000000082c00000| Untracked 
|  15|0x0000000082d00000, 0x0000000082e00000, 0x0000000082e00000|100%| O|  |TAMS 0x0000000082e00000, 0x0000000082d00000| Untracked 
|  16|0x0000000082e00000, 0x0000000082f00000, 0x0000000082f00000|100%| O|  |TAMS 0x0000000082f00000, 0x0000000082e00000| Untracked 
|  17|0x0000000082f00000, 0x0000000083000000, 0x0000000083000000|100%| O|  |TAMS 0x0000000083000000, 0x0000000082f00000| Untracked 
|  18|0x0000000083000000, 0x0000000083100000, 0x0000000083100000|100%| O|  |TAMS 0x0000000083100000, 0x0000000083000000| Untracked 
|  19|0x0000000083100000, 0x0000000083200000, 0x0000000083200000|100%| O|  |TAMS 0x0000000083100000, 0x0000000083100000| Untracked 
|  20|0x0000000083200000, 0x0000000083300000, 0x0000000083300000|100%| O|  |TAMS 0x0000000083300000, 0x0000000083200000| Untracked 
|  21|0x0000000083300000, 0x0000000083400000, 0x0000000083400000|100%| O|  |TAMS 0x0000000083300000, 0x0000000083300000| Untracked 
|  22|0x0000000083400000, 0x0000000083500000, 0x0000000083500000|100%| O|  |TAMS 0x0000000083500000, 0x0000000083400000| Untracked 
|  23|0x0000000083500000, 0x0000000083600000, 0x0000000083600000|100%| O|  |TAMS 0x0000000083500000, 0x0000000083500000| Untracked 
|  24|0x0000000083600000, 0x0000000083700000, 0x0000000083700000|100%| O|  |TAMS 0x0000000083700000, 0x0000000083600000| Untracked 
|  25|0x0000000083700000, 0x0000000083800000, 0x0000000083800000|100%| O|  |TAMS 0x0000000083800000, 0x0000000083700000| Untracked 
|  26|0x0000000083800000, 0x0000000083900000, 0x0000000083900000|100%| O|  |TAMS 0x0000000083900000, 0x0000000083800000| Untracked 
|  27|0x0000000083900000, 0x0000000083a00000, 0x0000000083a00000|100%| O|  |TAMS 0x0000000083900000, 0x0000000083900000| Untracked 
|  28|0x0000000083a00000, 0x0000000083b00000, 0x0000000083b00000|100%| O|  |TAMS 0x0000000083b00000, 0x0000000083a00000| Untracked 
|  29|0x0000000083b00000, 0x0000000083c00000, 0x0000000083c00000|100%| O|  |TAMS 0x0000000083b00000, 0x0000000083b00000| Untracked 
|  30|0x0000000083c00000, 0x0000000083d00000, 0x0000000083d00000|100%| O|  |TAMS 0x0000000083d00000, 0x0000000083c00000| Untracked 
|  31|0x0000000083d00000, 0x0000000083e00000, 0x0000000083e00000|100%| O|  |TAMS 0x0000000083e00000, 0x0000000083d00000| Untracked 
|  32|0x0000000083e00000, 0x0000000083f00000, 0x0000000083f00000|100%| O|  |TAMS 0x0000000083f00000, 0x0000000083e00000| Untracked 
|  33|0x0000000083f00000, 0x0000000084000000, 0x0000000084000000|100%| O|  |TAMS 0x0000000084000000, 0x0000000083f00000| Untracked 
|  34|0x0000000084000000, 0x0000000084100000, 0x0000000084100000|100%| O|  |TAMS 0x0000000084100000, 0x0000000084000000| Untracked 
|  35|0x0000000084100000, 0x0000000084200000, 0x0000000084200000|100%| O|  |TAMS 0x0000000084200000, 0x0000000084100000| Untracked 
|  36|0x0000000084200000, 0x0000000084300000, 0x0000000084300000|100%| O|  |TAMS 0x0000000084300000, 0x0000000084200000| Untracked 
|  37|0x0000000084300000, 0x0000000084400000, 0x0000000084400000|100%| O|  |TAMS 0x00000000843b5000, 0x0000000084300000| Untracked 
|  38|0x0000000084400000, 0x0000000084500000, 0x0000000084500000|100%| O|  |TAMS 0x0000000084400000, 0x0000000084400000| Untracked 
|  39|0x0000000084500000, 0x0000000084600000, 0x0000000084600000|100%| O|  |TAMS 0x0000000084500000, 0x0000000084500000| Untracked 
|  40|0x0000000084600000, 0x0000000084700000, 0x0000000084700000|100%| O|  |TAMS 0x0000000084600000, 0x0000000084600000| Untracked 
|  41|0x0000000084700000, 0x0000000084800000, 0x0000000084800000|100%| O|  |TAMS 0x0000000084700000, 0x0000000084700000| Untracked 
|  42|0x0000000084800000, 0x0000000084900000, 0x0000000084900000|100%| O|  |TAMS 0x0000000084800000, 0x0000000084800000| Untracked 
|  43|0x0000000084900000, 0x0000000084a00000, 0x0000000084a00000|100%| O|  |TAMS 0x0000000084900000, 0x0000000084900000| Untracked 
|  44|0x0000000084a00000, 0x0000000084b00000, 0x0000000084b00000|100%| O|  |TAMS 0x0000000084a00000, 0x0000000084a00000| Untracked 
|  45|0x0000000084b00000, 0x0000000084c00000, 0x0000000084c00000|100%| O|  |TAMS 0x0000000084b00000, 0x0000000084b00000| Untracked 
|  46|0x0000000084c00000, 0x0000000084d00000, 0x0000000084d00000|100%| O|  |TAMS 0x0000000084c00000, 0x0000000084c00000| Untracked 
|  47|0x0000000084d00000, 0x0000000084e00000, 0x0000000084e00000|100%| O|  |TAMS 0x0000000084d00000, 0x0000000084d00000| Untracked 
|  48|0x0000000084e00000, 0x0000000084f00000, 0x0000000084f00000|100%| O|  |TAMS 0x0000000084e00000, 0x0000000084e00000| Untracked 
|  49|0x0000000084f00000, 0x0000000085000000, 0x0000000085000000|100%| O|  |TAMS 0x0000000084f00000, 0x0000000084f00000| Untracked 
|  50|0x0000000085000000, 0x0000000085100000, 0x0000000085100000|100%| O|  |TAMS 0x0000000085000000, 0x0000000085000000| Untracked 
|  51|0x0000000085100000, 0x0000000085180000, 0x0000000085200000| 50%| O|  |TAMS 0x0000000085100000, 0x0000000085100000| Untracked 
|  52|0x0000000085200000, 0x0000000085200000, 0x0000000085300000|  0%| F|  |TAMS 0x0000000085200000, 0x0000000085200000| Untracked 
|  53|0x0000000085300000, 0x0000000085300000, 0x0000000085400000|  0%| F|  |TAMS 0x0000000085300000, 0x0000000085300000| Untracked 
|  54|0x0000000085400000, 0x0000000085400000, 0x0000000085500000|  0%| F|  |TAMS 0x0000000085400000, 0x0000000085400000| Untracked 
|  55|0x0000000085500000, 0x0000000085500000, 0x0000000085600000|  0%| F|  |TAMS 0x0000000085500000, 0x0000000085500000| Untracked 
|  56|0x0000000085600000, 0x0000000085600000, 0x0000000085700000|  0%| F|  |TAMS 0x0000000085600000, 0x0000000085600000| Untracked 
|  57|0x0000000085700000, 0x0000000085700000, 0x0000000085800000|  0%| F|  |TAMS 0x0000000085700000, 0x0000000085700000| Untracked 
|  58|0x0000000085800000, 0x0000000085800000, 0x0000000085900000|  0%| F|  |TAMS 0x0000000085800000, 0x0000000085800000| Untracked 
|  59|0x0000000085900000, 0x0000000085900000, 0x0000000085a00000|  0%| F|  |TAMS 0x0000000085900000, 0x0000000085900000| Untracked 
|  60|0x0000000085a00000, 0x0000000085a00000, 0x0000000085b00000|  0%| F|  |TAMS 0x0000000085a00000, 0x0000000085a00000| Untracked 
|  61|0x0000000085b00000, 0x0000000085b00000, 0x0000000085c00000|  0%| F|  |TAMS 0x0000000085b00000, 0x0000000085b00000| Untracked 
|  62|0x0000000085c00000, 0x0000000085c00000, 0x0000000085d00000|  0%| F|  |TAMS 0x0000000085c00000, 0x0000000085c00000| Untracked 
|  63|0x0000000085d00000, 0x0000000085d00000, 0x0000000085e00000|  0%| F|  |TAMS 0x0000000085d00000, 0x0000000085d00000| Untracked 
|  64|0x0000000085e00000, 0x0000000085e00000, 0x0000000085f00000|  0%| F|  |TAMS 0x0000000085e00000, 0x0000000085e00000| Untracked 
|  65|0x0000000085f00000, 0x0000000085f00000, 0x0000000086000000|  0%| F|  |TAMS 0x0000000085f00000, 0x0000000085f00000| Untracked 
|  66|0x0000000086000000, 0x0000000086000000, 0x0000000086100000|  0%| F|  |TAMS 0x0000000086000000, 0x0000000086000000| Untracked 
|  67|0x0000000086100000, 0x0000000086100000, 0x0000000086200000|  0%| F|  |TAMS 0x0000000086100000, 0x0000000086100000| Untracked 
|  68|0x0000000086200000, 0x0000000086200000, 0x0000000086300000|  0%| F|  |TAMS 0x0000000086200000, 0x0000000086200000| Untracked 
|  69|0x0000000086300000, 0x000000008635df60, 0x0000000086400000| 36%| S|CS|TAMS 0x0000000086300000, 0x0000000086300000| Complete 
|  70|0x0000000086400000, 0x0000000086500000, 0x0000000086500000|100%| S|CS|TAMS 0x0000000086400000, 0x0000000086400000| Complete 
|  71|0x0000000086500000, 0x0000000086600000, 0x0000000086600000|100%| S|CS|TAMS 0x0000000086500000, 0x0000000086500000| Complete 
|  72|0x0000000086600000, 0x0000000086600000, 0x0000000086700000|  0%| F|  |TAMS 0x0000000086600000, 0x0000000086600000| Untracked 
|  73|0x0000000086700000, 0x0000000086700000, 0x0000000086800000|  0%| F|  |TAMS 0x0000000086700000, 0x0000000086700000| Untracked 
|  74|0x0000000086800000, 0x0000000086800000, 0x0000000086900000|  0%| F|  |TAMS 0x0000000086800000, 0x0000000086800000| Untracked 
|  75|0x0000000086900000, 0x0000000086900000, 0x0000000086a00000|  0%| F|  |TAMS 0x0000000086900000, 0x0000000086900000| Untracked 
|  76|0x0000000086a00000, 0x0000000086b00000, 0x0000000086b00000|100%| S|CS|TAMS 0x0000000086a00000, 0x0000000086a00000| Complete 
|  77|0x0000000086b00000, 0x0000000086c00000, 0x0000000086c00000|100%| S|CS|TAMS 0x0000000086b00000, 0x0000000086b00000| Complete 
|  78|0x0000000086c00000, 0x0000000086c00000, 0x0000000086d00000|  0%| F|  |TAMS 0x0000000086c00000, 0x0000000086c00000| Untracked 
|  79|0x0000000086d00000, 0x0000000086d00000, 0x0000000086e00000|  0%| F|  |TAMS 0x0000000086d00000, 0x0000000086d00000| Untracked 
|  80|0x0000000086e00000, 0x0000000086e00000, 0x0000000086f00000|  0%| F|  |TAMS 0x0000000086e00000, 0x0000000086e00000| Untracked 
|  81|0x0000000086f00000, 0x0000000086f00000, 0x0000000087000000|  0%| F|  |TAMS 0x0000000086f00000, 0x0000000086f00000| Untracked 
|  82|0x0000000087000000, 0x0000000087000000, 0x0000000087100000|  0%| F|  |TAMS 0x0000000087000000, 0x0000000087000000| Untracked 
|  83|0x0000000087100000, 0x0000000087100000, 0x0000000087200000|  0%| F|  |TAMS 0x0000000087100000, 0x0000000087100000| Untracked 
|  84|0x0000000087200000, 0x0000000087200000, 0x0000000087300000|  0%| F|  |TAMS 0x0000000087200000, 0x0000000087200000| Untracked 
|  85|0x0000000087300000, 0x0000000087300000, 0x0000000087400000|  0%| F|  |TAMS 0x0000000087300000, 0x0000000087300000| Untracked 
|  86|0x0000000087400000, 0x0000000087400000, 0x0000000087500000|  0%| F|  |TAMS 0x0000000087400000, 0x0000000087400000| Untracked 
|  87|0x0000000087500000, 0x0000000087500000, 0x0000000087600000|  0%| F|  |TAMS 0x0000000087500000, 0x0000000087500000| Untracked 
|  88|0x0000000087600000, 0x0000000087600000, 0x0000000087700000|  0%| F|  |TAMS 0x0000000087600000, 0x0000000087600000| Untracked 
|  89|0x0000000087700000, 0x0000000087700000, 0x0000000087800000|  0%| F|  |TAMS 0x0000000087700000, 0x0000000087700000| Untracked 
|  90|0x0000000087800000, 0x0000000087800000, 0x0000000087900000|  0%| F|  |TAMS 0x0000000087800000, 0x0000000087800000| Untracked 
|  91|0x0000000087900000, 0x0000000087900000, 0x0000000087a00000|  0%| F|  |TAMS 0x0000000087900000, 0x0000000087900000| Untracked 
|  92|0x0000000087a00000, 0x0000000087a00000, 0x0000000087b00000|  0%| F|  |TAMS 0x0000000087a00000, 0x0000000087a00000| Untracked 
|  93|0x0000000087b00000, 0x0000000087b00000, 0x0000000087c00000|  0%| F|  |TAMS 0x0000000087b00000, 0x0000000087b00000| Untracked 
|  94|0x0000000087c00000, 0x0000000087c00000, 0x0000000087d00000|  0%| F|  |TAMS 0x0000000087c00000, 0x0000000087c00000| Untracked 
|  95|0x0000000087d00000, 0x0000000087d00000, 0x0000000087e00000|  0%| F|  |TAMS 0x0000000087d00000, 0x0000000087d00000| Untracked 
|  96|0x0000000087e00000, 0x0000000087e00000, 0x0000000087f00000|  0%| F|  |TAMS 0x0000000087e00000, 0x0000000087e00000| Untracked 
|  97|0x0000000087f00000, 0x0000000087f00000, 0x0000000088000000|  0%| F|  |TAMS 0x0000000087f00000, 0x0000000087f00000| Untracked 
|  98|0x0000000088000000, 0x0000000088000000, 0x0000000088100000|  0%| F|  |TAMS 0x0000000088000000, 0x0000000088000000| Untracked 
|  99|0x0000000088100000, 0x0000000088100000, 0x0000000088200000|  0%| F|  |TAMS 0x0000000088100000, 0x0000000088100000| Untracked 
| 100|0x0000000088200000, 0x0000000088200000, 0x0000000088300000|  0%| F|  |TAMS 0x0000000088200000, 0x0000000088200000| Untracked 
| 101|0x0000000088300000, 0x0000000088300000, 0x0000000088400000|  0%| F|  |TAMS 0x0000000088300000, 0x0000000088300000| Untracked 
| 102|0x0000000088400000, 0x0000000088400000, 0x0000000088500000|  0%| F|  |TAMS 0x0000000088400000, 0x0000000088400000| Untracked 
| 103|0x0000000088500000, 0x0000000088500000, 0x0000000088600000|  0%| F|  |TAMS 0x0000000088500000, 0x0000000088500000| Untracked 
| 104|0x0000000088600000, 0x0000000088600000, 0x0000000088700000|  0%| F|  |TAMS 0x0000000088600000, 0x0000000088600000| Untracked 
| 105|0x0000000088700000, 0x0000000088700000, 0x0000000088800000|  0%| F|  |TAMS 0x0000000088700000, 0x0000000088700000| Untracked 
| 106|0x0000000088800000, 0x0000000088800000, 0x0000000088900000|  0%| F|  |TAMS 0x0000000088800000, 0x0000000088800000| Untracked 
| 107|0x0000000088900000, 0x0000000088900000, 0x0000000088a00000|  0%| F|  |TAMS 0x0000000088900000, 0x0000000088900000| Untracked 
| 108|0x0000000088a00000, 0x0000000088a00000, 0x0000000088b00000|  0%| F|  |TAMS 0x0000000088a00000, 0x0000000088a00000| Untracked 
| 109|0x0000000088b00000, 0x0000000088b00000, 0x0000000088c00000|  0%| F|  |TAMS 0x0000000088b00000, 0x0000000088b00000| Untracked 
| 110|0x0000000088c00000, 0x0000000088c00000, 0x0000000088d00000|  0%| F|  |TAMS 0x0000000088c00000, 0x0000000088c00000| Untracked 
| 111|0x0000000088d00000, 0x0000000088d00000, 0x0000000088e00000|  0%| F|  |TAMS 0x0000000088d00000, 0x0000000088d00000| Untracked 
| 112|0x0000000088e00000, 0x0000000088e00000, 0x0000000088f00000|  0%| F|  |TAMS 0x0000000088e00000, 0x0000000088e00000| Untracked 
| 113|0x0000000088f00000, 0x0000000088f00000, 0x0000000089000000|  0%| F|  |TAMS 0x0000000088f00000, 0x0000000088f00000| Untracked 
| 114|0x0000000089000000, 0x0000000089000000, 0x0000000089100000|  0%| F|  |TAMS 0x0000000089000000, 0x0000000089000000| Untracked 
| 115|0x0000000089100000, 0x0000000089100000, 0x0000000089200000|  0%| F|  |TAMS 0x0000000089100000, 0x0000000089100000| Untracked 
| 116|0x0000000089200000, 0x0000000089200000, 0x0000000089300000|  0%| F|  |TAMS 0x0000000089200000, 0x0000000089200000| Untracked 
| 117|0x0000000089300000, 0x0000000089300000, 0x0000000089400000|  0%| F|  |TAMS 0x0000000089300000, 0x0000000089300000| Untracked 
| 118|0x0000000089400000, 0x0000000089400000, 0x0000000089500000|  0%| F|  |TAMS 0x0000000089400000, 0x0000000089400000| Untracked 
| 119|0x0000000089500000, 0x0000000089500000, 0x0000000089600000|  0%| F|  |TAMS 0x0000000089500000, 0x0000000089500000| Untracked 
| 120|0x0000000089600000, 0x0000000089600000, 0x0000000089700000|  0%| F|  |TAMS 0x0000000089600000, 0x0000000089600000| Untracked 
| 121|0x0000000089700000, 0x0000000089700000, 0x0000000089800000|  0%| F|  |TAMS 0x0000000089700000, 0x0000000089700000| Untracked 
| 122|0x0000000089800000, 0x0000000089800000, 0x0000000089900000|  0%| F|  |TAMS 0x0000000089800000, 0x0000000089800000| Untracked 
| 123|0x0000000089900000, 0x0000000089900000, 0x0000000089a00000|  0%| F|  |TAMS 0x0000000089900000, 0x0000000089900000| Untracked 
| 124|0x0000000089a00000, 0x0000000089a00000, 0x0000000089b00000|  0%| F|  |TAMS 0x0000000089a00000, 0x0000000089a00000| Untracked 
| 125|0x0000000089b00000, 0x0000000089b00000, 0x0000000089c00000|  0%| F|  |TAMS 0x0000000089b00000, 0x0000000089b00000| Untracked 
| 126|0x0000000089c00000, 0x0000000089c00000, 0x0000000089d00000|  0%| F|  |TAMS 0x0000000089c00000, 0x0000000089c00000| Untracked 
| 127|0x0000000089d00000, 0x0000000089d00000, 0x0000000089e00000|  0%| F|  |TAMS 0x0000000089d00000, 0x0000000089d00000| Untracked 

Card table byte_map: [0x0000024a74160000,0x0000024a74560000] _byte_map_base: 0x0000024a73d51000

Marking Bits (Prev, Next): (CMBitMap*) 0x0000024a705daf60, (CMBitMap*) 0x0000024a705daf20
 Prev Bits: [0x0000024a768f0000, 0x0000024a78878000)
 Next Bits: [0x0000024a74960000, 0x0000024a768e8000)

Polling page: 0x0000024a6e3d0000

Metaspace:

Usage:
  Non-class:     58.55 MB used.
      Class:      7.86 MB used.
       Both:     66.41 MB used.

Virtual space:
  Non-class space:       64.00 MB reserved,      58.69 MB ( 92%) committed,  1 nodes.
      Class space:        1.00 GB reserved,       8.00 MB ( <1%) committed,  1 nodes.
             Both:        1.06 GB reserved,      66.69 MB (  6%) committed. 

Chunk freelists:
   Non-Class:  4.16 MB
       Class:  8.05 MB
        Both:  12.20 MB

MaxMetaspaceSize: unlimited
CompressedClassSpaceSize: 1.00 GB
Initial GC threshold: 21.00 MB
Current GC threshold: 74.69 MB
CDS: on
MetaspaceReclaimPolicy: balanced
 - commit_granule_bytes: 65536.
 - commit_granule_words: 8192.
 - virtual_space_node_default_size: 8388608.
 - enlarge_chunks_in_place: 1.
 - new_chunks_are_fully_committed: 0.
 - uncommit_free_chunks: 1.
 - use_allocation_guard: 0.
 - handle_deallocations: 1.


Internal statistics:

num_allocs_failed_limit: 6.
num_arena_births: 294.
num_arena_deaths: 0.
num_vsnodes_births: 2.
num_vsnodes_deaths: 0.
num_space_committed: 1065.
num_space_uncommitted: 0.
num_chunks_returned_to_freelist: 6.
num_chunks_taken_from_freelist: 2620.
num_chunk_merges: 6.
num_chunk_splits: 2227.
num_chunks_enlarged: 2021.
num_inconsistent_stats: 0.

CodeHeap 'non-profiled nmethods': size=120000Kb used=4010Kb max_used=4010Kb free=115989Kb
 bounds [0x0000024a07ad0000, 0x0000024a07ec0000, 0x0000024a0f000000]
CodeHeap 'profiled nmethods': size=120000Kb used=21906Kb max_used=21906Kb free=98093Kb
 bounds [0x0000024a00000000, 0x0000024a01570000, 0x0000024a07530000]
CodeHeap 'non-nmethods': size=5760Kb used=1384Kb max_used=1474Kb free=4375Kb
 bounds [0x0000024a07530000, 0x0000024a077a0000, 0x0000024a07ad0000]
 total_blobs=8949 nmethods=8237 adapters=621
 compilation: enabled
              stopped_count=0, restarted_count=0
 full_count=0

Compilation events (20 events):
Event: 18.401 Thread 0x0000024a7ad48890 nmethod 9460 0x0000024a0155bb10 code [0x0000024a0155bd20, 0x0000024a0155c3a8]
Event: 18.401 Thread 0x0000024a7ad48890 9461       3       org.jetbrains.kotlin.backend.jvm.lower.JvmMultiFieldValueClassLowering::visitParameter (279 bytes)
Event: 18.407 Thread 0x0000024a7ad48890 nmethod 9461 0x0000024a0155c610 code [0x0000024a0155cfe0, 0x0000024a01562978]
Event: 18.411 Thread 0x0000024a7ad48890 9464       3       org.jetbrains.kotlin.backend.jvm.lower.JvmMultiFieldValueClassLowering::getReplacements (8 bytes)
Event: 18.411 Thread 0x0000024a7ad48890 nmethod 9464 0x0000024a01564710 code [0x0000024a015648a0, 0x0000024a01564a38]
Event: 18.411 Thread 0x0000024a7ad45ec0 nmethod 9458 0x0000024a07eb7490 code [0x0000024a07eb76a0, 0x0000024a07eb7ef0]
Event: 18.411 Thread 0x0000024a7ad45ec0 9463       4       org.jetbrains.kotlin.ir.declarations.lazy.SynchronizedLazyVar::<init> (27 bytes)
Event: 18.414 Thread 0x0000024a7ad45ec0 nmethod 9463 0x0000024a07eb8710 code [0x0000024a07eb8880, 0x0000024a07eb8b18]
Event: 18.414 Thread 0x0000024a7ad45ec0 9465       4       org.jetbrains.kotlin.ir.util.TypeTranslator::getTypeParametersResolver (19 bytes)
Event: 18.418 Thread 0x0000024a7ad48890 9467       3       org.jetbrains.kotlin.resolve.calls.components.ClassicTypeSystemContextForCS::upperBound (6 bytes)
Event: 18.419 Thread 0x0000024a7ad48890 nmethod 9467 0x0000024a01564b10 code [0x0000024a01564ca0, 0x0000024a01564dc8]
Event: 18.419 Thread 0x0000024a7ad48890 9468       3       org.jetbrains.kotlin.types.AbstractTypeApproximator::parametersCount (18 bytes)
Event: 18.419 Thread 0x0000024a7ad48890 nmethod 9468 0x0000024a01564e90 code [0x0000024a015650a0, 0x0000024a01565728]
Event: 18.420 Thread 0x0000024a7ad48890 9469       3       org.jetbrains.kotlin.resolve.calls.components.ClassicTypeSystemContextForCS::isIntegerLiteralConstantTypeConstructor (6 bytes)
Event: 18.420 Thread 0x0000024a7ad48890 nmethod 9469 0x0000024a01565990 code [0x0000024a01565bc0, 0x0000024a015662a8]
Event: 18.420 Thread 0x0000024a7ad48890 9473       3       org.jetbrains.kotlin.types.AbstractTypeApproximator::approximateParametrizedType (1378 bytes)
Event: 18.423 Thread 0x0000024a7ad45ec0 nmethod 9465 0x0000024a07eb8c10 code [0x0000024a07eb8de0, 0x0000024a07eb92c8]
Event: 18.423 Thread 0x0000024a7ad45ec0 9466       4       org.jetbrains.kotlin.ir.util.TypeTranslator::approximate (50 bytes)
Event: 18.435 Thread 0x0000024a7ad45ec0 nmethod 9466 0x0000024a07eb9810 code [0x0000024a07eb9a20, 0x0000024a07eba290]
Event: 18.435 Thread 0x0000024a7ad45ec0 9477       4       org.jetbrains.kotlin.ir.util.TypeTranslator::translateType (625 bytes)

GC Heap History (20 events):
Event: 11.318 GC heap after
{Heap after GC invocations=15 (full 0):
 garbage-first heap   total 58368K, used 33741K [0x0000000081e00000, 0x0000000100000000)
  region size 1024K, 2 young (2048K), 2 survivors (2048K)
 Metaspace       used 43115K, committed 43392K, reserved 1114112K
  class space    used 5430K, committed 5568K, reserved 1048576K
}
Event: 12.061 GC heap before
{Heap before GC invocations=15 (full 0):
 garbage-first heap   total 58368K, used 43981K [0x0000000081e00000, 0x0000000100000000)
  region size 1024K, 13 young (13312K), 2 survivors (2048K)
 Metaspace       used 44936K, committed 45184K, reserved 1114112K
  class space    used 5596K, committed 5696K, reserved 1048576K
}
Event: 12.071 GC heap after
{Heap after GC invocations=16 (full 0):
 garbage-first heap   total 58368K, used 35962K [0x0000000081e00000, 0x0000000100000000)
  region size 1024K, 2 young (2048K), 2 survivors (2048K)
 Metaspace       used 44936K, committed 45184K, reserved 1114112K
  class space    used 5596K, committed 5696K, reserved 1048576K
}
Event: 12.479 GC heap before
{Heap before GC invocations=17 (full 0):
 garbage-first heap   total 63488K, used 45178K [0x0000000081e00000, 0x0000000100000000)
  region size 1024K, 11 young (11264K), 2 survivors (2048K)
 Metaspace       used 45363K, committed 45632K, reserved 1114112K
  class space    used 5611K, committed 5760K, reserved 1048576K
}
Event: 12.491 GC heap after
{Heap after GC invocations=18 (full 0):
 garbage-first heap   total 63488K, used 37608K [0x0000000081e00000, 0x0000000100000000)
  region size 1024K, 2 young (2048K), 2 survivors (2048K)
 Metaspace       used 45363K, committed 45632K, reserved 1114112K
  class space    used 5611K, committed 5760K, reserved 1048576K
}
Event: 12.535 GC heap before
{Heap before GC invocations=18 (full 0):
 garbage-first heap   total 63488K, used 38632K [0x0000000081e00000, 0x0000000100000000)
  region size 1024K, 3 young (3072K), 2 survivors (2048K)
 Metaspace       used 45375K, committed 45696K, reserved 1114112K
  class space    used 5611K, committed 5760K, reserved 1048576K
}
Event: 12.544 GC heap after
{Heap after GC invocations=19 (full 0):
 garbage-first heap   total 63488K, used 34833K [0x0000000081e00000, 0x0000000100000000)
  region size 1024K, 1 young (1024K), 1 survivors (1024K)
 Metaspace       used 45375K, committed 45696K, reserved 1114112K
  class space    used 5611K, committed 5760K, reserved 1048576K
}
Event: 13.004 GC heap before
{Heap before GC invocations=19 (full 0):
 garbage-first heap   total 63488K, used 48145K [0x0000000081e00000, 0x0000000100000000)
  region size 1024K, 14 young (14336K), 1 survivors (1024K)
 Metaspace       used 45584K, committed 45888K, reserved 1114112K
  class space    used 5612K, committed 5760K, reserved 1048576K
}
Event: 13.013 GC heap after
{Heap after GC invocations=20 (full 0):
 garbage-first heap   total 63488K, used 37569K [0x0000000081e00000, 0x0000000100000000)
  region size 1024K, 2 young (2048K), 2 survivors (2048K)
 Metaspace       used 45584K, committed 45888K, reserved 1114112K
  class space    used 5612K, committed 5760K, reserved 1048576K
}
Event: 13.393 GC heap before
{Heap before GC invocations=21 (full 0):
 garbage-first heap   total 66560K, used 49857K [0x0000000081e00000, 0x0000000100000000)
  region size 1024K, 14 young (14336K), 2 survivors (2048K)
 Metaspace       used 45816K, committed 46080K, reserved 1114112K
  class space    used 5633K, committed 5760K, reserved 1048576K
}
Event: 13.406 GC heap after
{Heap after GC invocations=22 (full 0):
 garbage-first heap   total 66560K, used 40048K [0x0000000081e00000, 0x0000000100000000)
  region size 1024K, 2 young (2048K), 2 survivors (2048K)
 Metaspace       used 45816K, committed 46080K, reserved 1114112K
  class space    used 5633K, committed 5760K, reserved 1048576K
}
Event: 13.430 GC heap before
{Heap before GC invocations=22 (full 0):
 garbage-first heap   total 66560K, used 41072K [0x0000000081e00000, 0x0000000100000000)
  region size 1024K, 3 young (3072K), 2 survivors (2048K)
 Metaspace       used 45817K, committed 46080K, reserved 1114112K
  class space    used 5633K, committed 5760K, reserved 1048576K
}
Event: 13.440 GC heap after
{Heap after GC invocations=23 (full 0):
 garbage-first heap   total 113664K, used 39936K [0x0000000081e00000, 0x0000000100000000)
  region size 1024K, 1 young (1024K), 1 survivors (1024K)
 Metaspace       used 45817K, committed 46080K, reserved 1114112K
  class space    used 5633K, committed 5760K, reserved 1048576K
}
Event: 14.493 GC heap before
{Heap before GC invocations=23 (full 0):
 garbage-first heap   total 113664K, used 79872K [0x0000000081e00000, 0x0000000100000000)
  region size 1024K, 40 young (40960K), 1 survivors (1024K)
 Metaspace       used 50866K, committed 51136K, reserved 1114112K
  class space    used 6283K, committed 6400K, reserved 1048576K
}
Event: 14.505 GC heap after
{Heap after GC invocations=24 (full 0):
 garbage-first heap   total 113664K, used 42550K [0x0000000081e00000, 0x0000000100000000)
  region size 1024K, 3 young (3072K), 3 survivors (3072K)
 Metaspace       used 50866K, committed 51136K, reserved 1114112K
  class space    used 6283K, committed 6400K, reserved 1048576K
}
Event: 16.440 GC heap before
{Heap before GC invocations=24 (full 0):
 garbage-first heap   total 113664K, used 82486K [0x0000000081e00000, 0x0000000100000000)
  region size 1024K, 42 young (43008K), 3 survivors (3072K)
 Metaspace       used 56219K, committed 56448K, reserved 1114112K
  class space    used 6867K, committed 6976K, reserved 1048576K
}
Event: 16.465 GC heap after
{Heap after GC invocations=25 (full 0):
 garbage-first heap   total 113664K, used 49152K [0x0000000081e00000, 0x0000000100000000)
  region size 1024K, 6 young (6144K), 6 survivors (6144K)
 Metaspace       used 56219K, committed 56448K, reserved 1114112K
  class space    used 6867K, committed 6976K, reserved 1048576K
}
Event: 17.640 GC heap before
{Heap before GC invocations=25 (full 0):
 garbage-first heap   total 113664K, used 84992K [0x0000000081e00000, 0x0000000100000000)
  region size 1024K, 41 young (41984K), 6 survivors (6144K)
 Metaspace       used 61927K, committed 62208K, reserved 1114112K
  class space    used 7405K, committed 7552K, reserved 1048576K
}
Event: 17.662 GC heap after
{Heap after GC invocations=26 (full 0):
 garbage-first heap   total 113664K, used 52736K [0x0000000081e00000, 0x0000000100000000)
  region size 1024K, 4 young (4096K), 4 survivors (4096K)
 Metaspace       used 61927K, committed 62208K, reserved 1114112K
  class space    used 7405K, committed 7552K, reserved 1048576K
}
Event: 18.439 GC heap before
{Heap before GC invocations=26 (full 0):
 garbage-first heap   total 113664K, used 86528K [0x0000000081e00000, 0x0000000100000000)
  region size 1024K, 37 young (37888K), 4 survivors (4096K)
 Metaspace       used 67998K, committed 68288K, reserved 1114112K
  class space    used 8043K, committed 8192K, reserved 1048576K
}

Dll operation events (3 events):
Event: 0.010 Loaded shared library C:\Users\Vinicius\.jdks\jbr-17.0.11\bin\java.dll
Event: 0.035 Loaded shared library C:\Users\Vinicius\.jdks\jbr-17.0.11\bin\jsvml.dll
Event: 2.243 Loaded shared library C:\Users\Vinicius\.jdks\jbr-17.0.11\bin\verify.dll

Deoptimization events (20 events):
Event: 18.113 Thread 0x0000024a7057e1e0 DEOPT PACKING pc=0x0000024a07c5d474 sp=0x000000812e4fab70
Event: 18.113 Thread 0x0000024a7057e1e0 DEOPT UNPACKING pc=0x0000024a075869a3 sp=0x000000812e4fab08 mode 2
Event: 18.156 Thread 0x0000024a7057e1e0 Uncommon trap: trap_request=0xffffff45 fr.pc=0x0000024a07d6103c relative=0x000000000000021c
Event: 18.156 Thread 0x0000024a7057e1e0 Uncommon trap: reason=unstable_if action=reinterpret pc=0x0000024a07d6103c method=kotlin.sequences.FilteringSequence$iterator$1.hasNext()Z @ 5 c2
Event: 18.156 Thread 0x0000024a7057e1e0 DEOPT PACKING pc=0x0000024a07d6103c sp=0x000000812e4fc1a0
Event: 18.156 Thread 0x0000024a7057e1e0 DEOPT UNPACKING pc=0x0000024a075869a3 sp=0x000000812e4fc160 mode 2
Event: 18.185 Thread 0x0000024a7057e1e0 Uncommon trap: trap_request=0xffffff45 fr.pc=0x0000024a07b379a8 relative=0x0000000000000368
Event: 18.185 Thread 0x0000024a7057e1e0 Uncommon trap: reason=unstable_if action=reinterpret pc=0x0000024a07b379a8 method=java.util.HashMap.hash(Ljava/lang/Object;)I @ 1 c2
Event: 18.185 Thread 0x0000024a7057e1e0 DEOPT PACKING pc=0x0000024a07b379a8 sp=0x000000812e4fc1a0
Event: 18.185 Thread 0x0000024a7057e1e0 DEOPT UNPACKING pc=0x0000024a075869a3 sp=0x000000812e4fc048 mode 2
Event: 18.201 Thread 0x0000024a7057e1e0 Uncommon trap: trap_request=0xffffffde fr.pc=0x0000024a07d9c228 relative=0x0000000000000088
Event: 18.201 Thread 0x0000024a7057e1e0 Uncommon trap: reason=class_check action=maybe_recompile pc=0x0000024a07d9c228 method=org.jetbrains.kotlin.ir.declarations.IrValueParameter.acceptChildren(Lorg/jetbrains/kotlin/ir/visitors/IrElementVisitor;Ljava/lang/Object;)V @ 7 c2
Event: 18.201 Thread 0x0000024a7057e1e0 DEOPT PACKING pc=0x0000024a07d9c228 sp=0x000000812e4fb9c0
Event: 18.201 Thread 0x0000024a7057e1e0 DEOPT UNPACKING pc=0x0000024a075869a3 sp=0x000000812e4fb958 mode 2
Event: 18.211 Thread 0x0000024a7057e1e0 DEOPT PACKING pc=0x0000024a0148a364 sp=0x000000812e4fc930
Event: 18.211 Thread 0x0000024a7057e1e0 DEOPT UNPACKING pc=0x0000024a07587143 sp=0x000000812e4fbda8 mode 0
Event: 18.412 Thread 0x0000024a7057e1e0 Uncommon trap: trap_request=0xfffffff4 fr.pc=0x0000024a07eb7e30 relative=0x0000000000000790
Event: 18.412 Thread 0x0000024a7057e1e0 Uncommon trap: reason=null_check action=make_not_entrant pc=0x0000024a07eb7e30 method=org.jetbrains.kotlin.types.TypeApproximator.approximateToSuperType(Lorg/jetbrains/kotlin/types/UnwrappedType;Lorg/jetbrains/kotlin/types/TypeApproximatorConfiguration;)L
Event: 18.412 Thread 0x0000024a7057e1e0 DEOPT PACKING pc=0x0000024a07eb7e30 sp=0x000000812e4fceb0
Event: 18.412 Thread 0x0000024a7057e1e0 DEOPT UNPACKING pc=0x0000024a075869a3 sp=0x000000812e4fcd18 mode 2

Classes unloaded (0 events):
No events

Classes redefined (0 events):
No events

Internal exceptions (20 events):
Event: 13.796 Thread 0x0000024a7057e1e0 Exception <a 'java/lang/NoSuchMethodError'{0x0000000087c9d0e8}: 'int java.lang.invoke.DirectMethodHandle$Holder.invokeStaticInit(java.lang.Object, int)'> (0x0000000087c9d0e8) 
thrown [s\src\hotspot\share\interpreter\linkResolver.cpp, line 771]
Event: 13.865 Thread 0x0000024a7057e1e0 Exception <a 'java/lang/NoSuchMethodError'{0x0000000087a36090}: 'java.lang.Object java.lang.invoke.DirectMethodHandle$Holder.newInvokeSpecial(java.lang.Object, java.lang.Object, java.lang.Object, java.lang.Object, java.lang.Object, java.lang.Object, java.lang.Object)'> (0x0000000087a36090) 
thrown [s\src\hotspot\share\interpreter\linkResolver.cpp, line 771]
Event: 13.866 Thread 0x0000024a7057e1e0 Exception <a 'java/lang/NoSuchMethodError'{0x0000000087a3ac48}: 'java.lang.Object java.lang.invoke.Invokers$Holder.linkToTargetMethod(java.lang.Object, java.lang.Object, java.lang.Object, java.lang.Object, java.lang.Object, java.lang.Object, java.lang.Object)'> (0x0000000087a3ac48) 
thrown [s\src\hotspot\share\interpreter\linkResolver.cpp, line 771]
Event: 13.906 Thread 0x0000024a7057e1e0 Implicit null exception at 0x0000024a07d94520 to 0x0000024a07d94a8f
Event: 14.116 Thread 0x0000024a7057e1e0 Exception <a 'java/lang/NoSuchMethodError'{0x0000000086a77f78}: 'java.lang.Object java.lang.invoke.DirectMethodHandle$Holder.invokeInterface(java.lang.Object, java.lang.Object, java.lang.Object)'> (0x0000000086a77f78) 
thrown [s\src\hotspot\share\interpreter\linkResolver.cpp, line 771]
Event: 14.117 Thread 0x0000024a7057e1e0 Exception <a 'java/lang/IncompatibleClassChangeError'{0x0000000086a7bb90}: Found class java.lang.Object, but interface was expected> (0x0000000086a7bb90) 
thrown [s\src\hotspot\share\interpreter\linkResolver.cpp, line 838]
Event: 14.600 Thread 0x0000024a7057e1e0 Exception <a 'java/lang/NoSuchMethodError'{0x00000000889355d0}: 'java.lang.Object java.lang.invoke.DirectMethodHandle$Holder.invokeStatic(java.lang.Object, java.lang.Object, java.lang.Object, java.lang.Object, int)'> (0x00000000889355d0) 
thrown [s\src\hotspot\share\interpreter\linkResolver.cpp, line 771]
Event: 14.601 Thread 0x0000024a7057e1e0 Exception <a 'java/lang/NoSuchMethodError'{0x000000008893f2b8}: 'java.lang.Object java.lang.invoke.DirectMethodHandle$Holder.newInvokeSpecial(java.lang.Object, java.lang.Object, java.lang.Object, java.lang.Object, int)'> (0x000000008893f2b8) 
thrown [s\src\hotspot\share\interpreter\linkResolver.cpp, line 771]
Event: 14.602 Thread 0x0000024a7057e1e0 Exception <a 'java/lang/NoSuchMethodError'{0x0000000088943cf0}: 'java.lang.Object java.lang.invoke.DirectMethodHandle$Holder.invokeSpecial(java.lang.Object, java.lang.Object, java.lang.Object, java.lang.Object, java.lang.Object, int)'> (0x0000000088943cf0) 
thrown [s\src\hotspot\share\interpreter\linkResolver.cpp, line 771]
Event: 14.603 Thread 0x0000024a7057e1e0 Exception <a 'java/lang/NoSuchMethodError'{0x00000000889481d0}: 'java.lang.Object java.lang.invoke.Invokers$Holder.linkToTargetMethod(java.lang.Object, java.lang.Object, java.lang.Object, int, java.lang.Object)'> (0x00000000889481d0) 
thrown [s\src\hotspot\share\interpreter\linkResolver.cpp, line 771]
Event: 14.658 Thread 0x0000024a7057e1e0 Exception <a 'java/lang/NoSuchMethodError'{0x00000000888ed548}: 'void java.lang.invoke.DirectMethodHandle$Holder.invokeInterface(java.lang.Object, java.lang.Object)'> (0x00000000888ed548) 
thrown [s\src\hotspot\share\interpreter\linkResolver.cpp, line 771]
Event: 14.745 Thread 0x0000024a7057e1e0 Exception <a 'java/lang/IncompatibleClassChangeError'{0x00000000886f1390}: Found class java.lang.Object, but interface was expected> (0x00000000886f1390) 
thrown [s\src\hotspot\share\interpreter\linkResolver.cpp, line 838]
Event: 15.628 Thread 0x0000024a7057e1e0 Implicit null exception at 0x0000024a07d65140 to 0x0000024a07d65a84
Event: 16.407 Thread 0x0000024a7057e1e0 Implicit null exception at 0x0000024a07b61a91 to 0x0000024a07b61d28
Event: 16.964 Thread 0x0000024a7057e1e0 Implicit null exception at 0x0000024a07b35160 to 0x0000024a07b351fa
Event: 17.017 Thread 0x0000024a7057e1e0 Exception <a 'java/lang/NoSuchMethodError'{0x0000000087a26f98}: 'java.lang.Object java.lang.invoke.DirectMethodHandle$Holder.newInvokeSpecial(java.lang.Object, java.lang.Object, java.lang.Object, int, int)'> (0x0000000087a26f98) 
thrown [s\src\hotspot\share\interpreter\linkResolver.cpp, line 771]
Event: 17.018 Thread 0x0000024a7057e1e0 Exception <a 'java/lang/NoSuchMethodError'{0x0000000087a2add8}: 'java.lang.Object java.lang.invoke.DirectMethodHandle$Holder.invokeSpecial(java.lang.Object, java.lang.Object, java.lang.Object, java.lang.Object, int, int)'> (0x0000000087a2add8) 
thrown [s\src\hotspot\share\interpreter\linkResolver.cpp, line 771]
Event: 17.066 Thread 0x0000024a7057e1e0 Exception <a 'java/lang/NoSuchMethodError'{0x00000000879e2558}: 'java.lang.Object java.lang.invoke.DirectMethodHandle$Holder.invokeSpecial(java.lang.Object, java.lang.Object, int, int, java.lang.Object, java.lang.Object, java.lang.Object, java.lang.Object, java.lang.Object)'> (0x00000000879e2558) 
thrown [s\src\hotspot\share\interpreter\linkResolver.cpp, line 771]
Event: 18.185 Thread 0x0000024a7057e1e0 Implicit null exception at 0x0000024a07b37696 to 0x0000024a07b37990
Event: 18.412 Thread 0x0000024a7057e1e0 Implicit null exception at 0x0000024a07eb79eb to 0x0000024a07eb7e24

VM Operations (20 events):
Event: 17.989 Executing VM operation: HandshakeAllThreads done
Event: 17.991 Executing VM operation: HandshakeAllThreads
Event: 17.991 Executing VM operation: HandshakeAllThreads done
Event: 18.006 Executing VM operation: ICBufferFull
Event: 18.006 Executing VM operation: ICBufferFull done
Event: 18.089 Executing VM operation: HandshakeAllThreads
Event: 18.089 Executing VM operation: HandshakeAllThreads done
Event: 18.103 Executing VM operation: HandshakeAllThreads
Event: 18.103 Executing VM operation: HandshakeAllThreads done
Event: 18.120 Executing VM operation: HandshakeAllThreads
Event: 18.120 Executing VM operation: HandshakeAllThreads done
Event: 18.199 Executing VM operation: HandshakeAllThreads
Event: 18.199 Executing VM operation: HandshakeAllThreads done
Event: 18.246 Executing VM operation: ICBufferFull
Event: 18.246 Executing VM operation: ICBufferFull done
Event: 18.300 Executing VM operation: HandshakeAllThreads
Event: 18.300 Executing VM operation: HandshakeAllThreads done
Event: 18.307 Executing VM operation: HandshakeAllThreads
Event: 18.307 Executing VM operation: HandshakeAllThreads done
Event: 18.439 Executing VM operation: G1CollectForAllocation

Events (20 events):
Event: 17.115 Thread 0x0000024a7ad9b8f0 flushing nmethod 0x0000024a01007990
Event: 17.115 Thread 0x0000024a7ad9b8f0 flushing nmethod 0x0000024a0104c810
Event: 17.115 Thread 0x0000024a7ad9b8f0 flushing nmethod 0x0000024a0106e590
Event: 17.116 Thread 0x0000024a7ad9b8f0 flushing nmethod 0x0000024a0107b790
Event: 17.116 Thread 0x0000024a7ad9b8f0 flushing nmethod 0x0000024a010a5790
Event: 17.116 Thread 0x0000024a7ad9b8f0 flushing nmethod 0x0000024a010a6710
Event: 17.116 Thread 0x0000024a7ad9b8f0 flushing nmethod 0x0000024a010ff010
Event: 17.116 Thread 0x0000024a7ad9b8f0 flushing nmethod 0x0000024a01101d10
Event: 17.116 Thread 0x0000024a7ad9b8f0 flushing nmethod 0x0000024a01104310
Event: 17.116 Thread 0x0000024a7ad9b8f0 flushing nmethod 0x0000024a01133d10
Event: 17.116 Thread 0x0000024a7ad9b8f0 flushing nmethod 0x0000024a0113d710
Event: 17.116 Thread 0x0000024a7ad9b8f0 flushing nmethod 0x0000024a0114ba10
Event: 17.116 Thread 0x0000024a7ad9b8f0 flushing nmethod 0x0000024a01185890
Event: 17.116 Thread 0x0000024a7ad9b8f0 flushing nmethod 0x0000024a011dcd90
Event: 17.116 Thread 0x0000024a7ad9b8f0 flushing nmethod 0x0000024a01210610
Event: 17.117 Thread 0x0000024a7ad9b8f0 flushing nmethod 0x0000024a01242310
Event: 17.117 Thread 0x0000024a7ad9b8f0 flushing nmethod 0x0000024a0126b890
Event: 17.117 Thread 0x0000024a7ad9b8f0 flushing nmethod 0x0000024a01273690
Event: 17.117 Thread 0x0000024a7ad9b8f0 flushing nmethod 0x0000024a012f7310
Event: 17.117 Thread 0x0000024a7ad9b8f0 flushing nmethod 0x0000024a01330410


Dynamic libraries:
0x00007ff721410000 - 0x00007ff72141a000 	C:\Users\Vinicius\.jdks\jbr-17.0.11\bin\java.exe
0x00007ffe7cb50000 - 0x00007ffe7cd48000 	C:\Windows\SYSTEM32\ntdll.dll
0x00007ffe7ab80000 - 0x00007ffe7ac41000 	C:\Windows\System32\KERNEL32.DLL
0x00007ffe7a480000 - 0x00007ffe7a776000 	C:\Windows\System32\KERNELBASE.dll
0x00007ffe7a2d0000 - 0x00007ffe7a3d0000 	C:\Windows\System32\ucrtbase.dll
0x00007ffe679f0000 - 0x00007ffe67a07000 	C:\Users\Vinicius\.jdks\jbr-17.0.11\bin\jli.dll
0x00007ffe67a10000 - 0x00007ffe67a2b000 	C:\Users\Vinicius\.jdks\jbr-17.0.11\bin\VCRUNTIME140.dll
0x00007ffe7c910000 - 0x00007ffe7caaf000 	C:\Windows\System32\USER32.dll
0x00007ffe7a2a0000 - 0x00007ffe7a2c2000 	C:\Windows\System32\win32u.dll
0x00007ffe62230000 - 0x00007ffe624ca000 	C:\Windows\WinSxS\amd64_microsoft.windows.common-controls_6595b64144ccf1df_6.0.19041.4355_none_60b8b9eb71f62e16\COMCTL32.dll
0x00007ffe7bac0000 - 0x00007ffe7baeb000 	C:\Windows\System32\GDI32.dll
0x00007ffe7b330000 - 0x00007ffe7b3ce000 	C:\Windows\System32\msvcrt.dll
0x00007ffe7a780000 - 0x00007ffe7a897000 	C:\Windows\System32\gdi32full.dll
0x00007ffe7a8a0000 - 0x00007ffe7a93d000 	C:\Windows\System32\msvcp_win.dll
0x00007ffe7bc30000 - 0x00007ffe7bc5f000 	C:\Windows\System32\IMM32.DLL
0x00007ffe70500000 - 0x00007ffe7050c000 	C:\Users\Vinicius\.jdks\jbr-17.0.11\bin\vcruntime140_1.dll
0x00007ffe47150000 - 0x00007ffe471dd000 	C:\Users\Vinicius\.jdks\jbr-17.0.11\bin\msvcp140.dll
0x00007ffe41960000 - 0x00007ffe425e3000 	C:\Users\Vinicius\.jdks\jbr-17.0.11\bin\server\jvm.dll
0x00007ffe7af20000 - 0x00007ffe7afd0000 	C:\Windows\System32\ADVAPI32.dll
0x00007ffe7ac50000 - 0x00007ffe7acf0000 	C:\Windows\System32\sechost.dll
0x00007ffe7b6d0000 - 0x00007ffe7b7f3000 	C:\Windows\System32\RPCRT4.dll
0x00007ffe7a270000 - 0x00007ffe7a297000 	C:\Windows\System32\bcrypt.dll
0x00007ffe79780000 - 0x00007ffe797cb000 	C:\Windows\SYSTEM32\POWRPROF.dll
0x00007ffe62550000 - 0x00007ffe62559000 	C:\Windows\SYSTEM32\WSOCK32.dll
0x00007ffe643e0000 - 0x00007ffe64407000 	C:\Windows\SYSTEM32\WINMM.dll
0x00007ffe7b3d0000 - 0x00007ffe7b43b000 	C:\Windows\System32\WS2_32.dll
0x00007ffe6da00000 - 0x00007ffe6da0a000 	C:\Windows\SYSTEM32\VERSION.dll
0x00007ffe795f0000 - 0x00007ffe79602000 	C:\Windows\SYSTEM32\UMPDC.dll
0x00007ffe78a10000 - 0x00007ffe78a22000 	C:\Windows\SYSTEM32\kernel.appcore.dll
0x00007ffe68510000 - 0x00007ffe6851a000 	C:\Users\Vinicius\.jdks\jbr-17.0.11\bin\jimage.dll
0x00007ffe75000000 - 0x00007ffe751e4000 	C:\Windows\SYSTEM32\DBGHELP.DLL
0x00007ffe6cc50000 - 0x00007ffe6cc84000 	C:\Windows\SYSTEM32\dbgcore.DLL
0x00007ffe7a990000 - 0x00007ffe7aa12000 	C:\Windows\System32\bcryptPrimitives.dll
0x00007ffe5f870000 - 0x00007ffe5f895000 	C:\Users\Vinicius\.jdks\jbr-17.0.11\bin\java.dll
0x00007ffe41880000 - 0x00007ffe41957000 	C:\Users\Vinicius\.jdks\jbr-17.0.11\bin\jsvml.dll
0x00007ffe7c1a0000 - 0x00007ffe7c90c000 	C:\Windows\System32\SHELL32.dll
0x00007ffe751f0000 - 0x00007ffe7598e000 	C:\Windows\SYSTEM32\windows.storage.dll
0x00007ffe7afd0000 - 0x00007ffe7b323000 	C:\Windows\System32\combase.dll
0x00007ffe79c20000 - 0x00007ffe79c4e000 	C:\Windows\SYSTEM32\Wldp.dll
0x00007ffe7b600000 - 0x00007ffe7b6cd000 	C:\Windows\System32\OLEAUT32.dll
0x00007ffe7acf0000 - 0x00007ffe7ad9d000 	C:\Windows\System32\SHCORE.dll
0x00007ffe7aec0000 - 0x00007ffe7af15000 	C:\Windows\System32\shlwapi.dll
0x00007ffe7a130000 - 0x00007ffe7a154000 	C:\Windows\SYSTEM32\profapi.dll
0x00007ffe60eb0000 - 0x00007ffe60ec9000 	C:\Users\Vinicius\.jdks\jbr-17.0.11\bin\net.dll
0x00007ffe6d600000 - 0x00007ffe6d70a000 	C:\Windows\SYSTEM32\WINHTTP.dll
0x00007ffe79980000 - 0x00007ffe799ea000 	C:\Windows\system32\mswsock.dll
0x00007ffe60e00000 - 0x00007ffe60e16000 	C:\Users\Vinicius\.jdks\jbr-17.0.11\bin\nio.dll
0x00007ffe61fa0000 - 0x00007ffe61fb8000 	C:\Users\Vinicius\.jdks\jbr-17.0.11\bin\zip.dll
0x00007ffe679d0000 - 0x00007ffe679e0000 	C:\Users\Vinicius\.jdks\jbr-17.0.11\bin\verify.dll

dbghelp: loaded successfully - version: 4.0.5 - missing functions: none
symbol engine: initialized successfully - sym options: 0x614 - pdb path: .;C:\Users\Vinicius\.jdks\jbr-17.0.11\bin;C:\Windows\SYSTEM32;C:\Windows\WinSxS\amd64_microsoft.windows.common-controls_6595b64144ccf1df_6.0.19041.4355_none_60b8b9eb71f62e16;C:\Users\Vinicius\.jdks\jbr-17.0.11\bin\server

VM Arguments:
java_command: org.jetbrains.kotlin.cli.jvm.K2JVMCompiler @C:\Users\Vinicius\IntelliJIDEAProjects\Github\MyApplication\app\build\20240727_2791094904975965534.compiler.options
java_class_path (initial): C:\Users\Vinicius\.gradle\caches\modules-2\files-2.1\org.jetbrains.kotlin\kotlin-compiler-embeddable\1.9.0\2c8c3a7402becca891f12739b3e9fd2dc2adbd7a\kotlin-compiler-embeddable-1.9.0.jar;C:\Users\Vinicius\.gradle\caches\modules-2\files-2.1\org.jetbrains.kotlin\kotlin-stdlib\1.9.0\8ee15ef0c67dc83d874f412d84378d7f0eb50b63\kotlin-stdlib-1.9.0.jar;C:\Users\Vinicius\.gradle\caches\modules-2\files-2.1\org.jetbrains.kotlin\kotlin-script-runtime\1.9.0\4b3102cbbb7e1b58d9d1adf89563f00069ffa7d1\kotlin-script-runtime-1.9.0.jar;C:\Users\Vinicius\.gradle\caches\modules-2\files-2.1\org.jetbrains.kotlin\kotlin-reflect\1.6.10\1cbe9c92c12a94eea200d23c2bbaedaf3daf5132\kotlin-reflect-1.6.10.jar;C:\Users\Vinicius\.gradle\caches\modules-2\files-2.1\org.jetbrains.kotlin\kotlin-daemon-embeddable\1.9.0\186543f5e28cf8d9a0290fecc2cf34301c40a65c\kotlin-daemon-embeddable-1.9.0.jar;C:\Users\Vinicius\.gradle\caches\modules-2\files-2.1\org.jetbrains.intellij.deps\trove4j\1.0.20200330\3afb14d5f9ceb459d724e907a21145e8ff394f02\trove4j-1.0.20200330.jar;C:\Users\Vinicius\.gradle\caches\modules-2\files-2.1\org.jetbrains.kotlin\kotlin-stdlib-common\1.9.0\cd65c21cfd1eec4d44ef09f9f52b6d9f8a720636\kotlin-stdlib-common-1.9.0.jar;C:\Users\Vinicius\.gradle\caches\modules-2\files-2.1\org.jetbrains\annotations\13.0\919f0dfe192fb4e063e7dacadee7f8bb9a2672a9\annotations-13.0.jar
Launcher Type: SUN_STANDARD

[Global flags]
     intx CICompilerCount                          = 3                                         {product} {ergonomic}
     uint ConcGCThreads                            = 1                                         {product} {ergonomic}
     uint G1ConcRefinementThreads                  = 4                                         {product} {ergonomic}
   size_t G1HeapRegionSize                         = 1048576                                   {product} {ergonomic}
    uintx GCDrainStackTargetSize                   = 64                                        {product} {ergonomic}
   size_t InitialHeapSize                          = 134217728                                 {product} {ergonomic}
   size_t MarkStackSize                            = 4194304                                   {product} {ergonomic}
   size_t MaxHeapSize                              = 2116026368                                {product} {ergonomic}
   size_t MaxNewSize                               = 1268776960                                {product} {ergonomic}
   size_t MinHeapDeltaBytes                        = 1048576                                   {product} {ergonomic}
   size_t MinHeapSize                              = 8388608                                   {product} {ergonomic}
    uintx NonNMethodCodeHeapSize                   = 5832780                                {pd product} {ergonomic}
    uintx NonProfiledCodeHeapSize                  = 122912730                              {pd product} {ergonomic}
    uintx ProfiledCodeHeapSize                     = 122912730                              {pd product} {ergonomic}
    uintx ReservedCodeCacheSize                    = 251658240                              {pd product} {ergonomic}
     bool SegmentedCodeCache                       = true                                      {product} {ergonomic}
   size_t SoftMaxHeapSize                          = 2116026368                             {manageable} {ergonomic}
     bool UseCompressedClassPointers               = true                           {product lp64_product} {ergonomic}
     bool UseCompressedOops                        = true                           {product lp64_product} {ergonomic}
     bool UseG1GC                                  = true                                      {product} {ergonomic}
     bool UseLargePagesIndividualAllocation        = false                                  {pd product} {ergonomic}

Logging:
Log output configuration:
 #0: stdout all=warning uptime,level,tags
 #1: stderr all=off uptime,level,tags

Environment Variables:
PATH=C:\Program Files\Microsoft\jdk-11.0.16.101-hotspot\bin;C:\Program Files (x86)\Intel\iCLS Client\;C:\Program Files\Intel\iCLS Client\;C:\Program Files (x86)\Common Files\Oracle\Java\javapath;C:\Windows\system32;C:\Windows;C:\Windows\System32\Wbem;C:\Windows\System32\WindowsPowerShell\v1.0\;C:\Windows\System32\OpenSSH\;C:\Program Files (x86)\Intel\Intel(R) Management Engine Components\DAL;C:\Program Files\Intel\Intel(R) Management Engine Components\DAL;C:\Program Files (x86)\Intel\Intel(R) Management Engine Components\IPT;C:\Program Files\Intel\Intel(R) Management Engine Components\IPT;C:\Program Files\NVIDIA Corporation\NVIDIA NvDLISR;C:\Program Files (x86)\NVIDIA Corporation\PhysX\Common;C:\sqlite;C:\Program Files\Git\cmd;C:\Users\Vinicius\AppData\Local\Programs\Python\Python312\Scripts\;C:\Users\Vinicius\AppData\Local\Programs\Python\Python312\;C:\Users\Vinicius\AppData\Local\Programs\Python\Launcher\;C:\Users\Vinicius\AppData\Local\Microsoft\WindowsApps;C:\Users\Vinicius\AppData\Local\Programs\Microsoft VS Code\bin
USERNAME=Vinicius
OS=Windows_NT
PROCESSOR_IDENTIFIER=Intel64 Family 6 Model 142 Stepping 9, GenuineIntel
TMP=C:\Users\Vinicius\AppData\Local\Temp
TEMP=C:\Users\Vinicius\AppData\Local\Temp



Periodic native trim disabled

JNI global refs:
JNI global refs: 11, weak refs: 11

JNI global refs memory usage: 843, weak refs: 841

Process memory usage:
Resident Set Size: 328368K (3% of 8261220K total physical memory with 274340K free physical memory)

OOME stack traces (most recent first):
Classloader memory used:
Loader jdk.internal.loader.ClassLoaders$AppClassLoader                                 : 8071K
Loader bootstrap                                                                       : 415K
Loader jdk.internal.reflect.DelegatingClassLoader                                      : 12951B


---------------  S Y S T E M  ---------------

OS:
 Windows 10 , 64 bit Build 19041 (10.0.19041.4597)
OS uptime: 0 days 10:23 hours

CPU: total 4 (initial active 4) (2 cores per cpu, 2 threads per core) family 6 model 142 stepping 9 microcode 0xb4, cx8, cmov, fxsr, ht, mmx, 3dnowpref, sse, sse2, sse3, ssse3, sse4.1, sse4.2, popcnt, lzcnt, tsc, tscinvbit, avx, avx2, aes, erms, clmul, bmi1, bmi2, adx, fma, vzeroupper, clflush, clflushopt
Processor Information for all 4 processors :
  Max Mhz: 2712, Current Mhz: 2511, Mhz Limit: 2495

Memory: 4k page, system-wide physical 8067M (267M free)
TotalPageFile size 10115M (AvailPageFile size 44M)
current process WorkingSet (physical memory assigned to process): 321M, peak: 321M
current process commit charge ("private bytes"): 374M, peak: 448M

vm_info: OpenJDK 64-Bit Server VM (17.0.11+1-b1312.2) for windows-amd64 JRE (17.0.11+1-b1312.2), built on 2024-06-08 by "builduser" with MS VC++ 16.10 / 16.11 (VS2019)

END.
