#
# There is insufficient memory for the Java Runtime Environment to continue.
# Native memory allocation (malloc) failed to allocate 65552 bytes. Error detail: Chunk::new
# Possible reasons:
#   The system is out of physical RAM or swap space
#   This process is running with CompressedOops enabled, and the Java Heap may be blocking the growth of the native heap
# Possible solutions:
#   Reduce memory load on the system
#   Increase physical memory or swap space
#   Check if swap backing store is full
#   Decrease Java heap size (-Xmx/-Xms)
#   Decrease number of Java threads
#   Decrease Java thread stack sizes (-Xss)
#   Set larger code cache with -XX:ReservedCodeCacheSize=
#   JVM is running with Unscaled Compressed Oops mode in which the Java heap is
#     placed in the first 4GB address space. The Java Heap base address is the
#     maximum limit for the native heap growth. Please use -XX:HeapBaseMinAddress
#     to set the Java Heap base and to place the Java Heap above 4GB virtual address.
# This output file may be truncated or incomplete.
#
#  Out of Memory Error (arena.cpp:191), pid=11760, tid=12252
#
# JRE version: OpenJDK Runtime Environment JBR-17.0.11+1-1312.2-nomod (17.0.11+1) (build 17.0.11+1-b1312.2)
# Java VM: OpenJDK 64-Bit Server VM JBR-17.0.11+1-1312.2-nomod (17.0.11+1-b1312.2, mixed mode, sharing, tiered, compressed oops, compressed class ptrs, g1 gc, windows-amd64)
# No core dump will be written. Minidumps are not enabled by default on client versions of Windows
#

---------------  S U M M A R Y ------------

Command Line: --add-opens=java.base/java.util=ALL-UNNAMED --add-opens=java.base/java.lang=ALL-UNNAMED --add-opens=java.base/java.lang.invoke=ALL-UNNAMED --add-opens=java.prefs/java.util.prefs=ALL-UNNAMED --add-opens=java.base/java.nio.charset=ALL-UNNAMED --add-opens=java.base/java.net=ALL-UNNAMED --add-opens=java.base/java.util.concurrent.atomic=ALL-UNNAMED -Xmx1024m -Dfile.encoding=UTF-8 -Duser.country=BR -Duser.language=pt -Duser.variant -javaagent:C:\Users\Vinicius\.gradle\wrapper\dists\gradle-8.2-bin\bbg7u40eoinfdyxsxr3z4i7ta\gradle-8.2\lib\agents\gradle-instrumentation-agent-8.2.jar org.gradle.launcher.daemon.bootstrap.GradleDaemon 8.2

Host: Intel(R) Core(TM) i5-7200U CPU @ 2.50GHz, 4 cores, 7G,  Windows 10 , 64 bit Build 19041 (10.0.19041.4597)
Time: Sat Jul 27 08:55:37 2024 Hora oficial do Brasil elapsed time: 22.446019 seconds (0d 0h 0m 22s)

---------------  T H R E A D  ---------------

Current thread (0x00000265792e0f60):  JavaThread "C2 CompilerThread0" daemon [_thread_in_native, id=12252, stack(0x00000076f0500000,0x00000076f0600000)]


Current CompileTask:
C2:  22446 9187       4       org.gradle.internal.service.DefaultServiceRegistry$ClassInspector::getDetailsForClass (50 bytes)

Stack: [0x00000076f0500000,0x00000076f0600000]
Native frames: (J=compiled Java code, j=interpreted, Vv=VM code, C=native code)
V  [jvm.dll+0x687839]


---------------  P R O C E S S  ---------------

Threads class SMR info:
_java_thread_list=0x00000265446cf4a0, length=42, elements={
0x000002656206e500, 0x00000265792c3ac0, 0x00000265792c4ff0, 0x00000265792d8900,
0x00000265792d95d0, 0x00000265792da640, 0x00000265792dc6c0, 0x00000265792e0f60,
0x00000265792e7890, 0x000002657936f0e0, 0x00000265792b1450, 0x00000265797b37d0,
0x000002654130e160, 0x000002657ed9c9e0, 0x0000026541f99810, 0x0000026541516780,
0x000002657f628040, 0x000002657ea883d0, 0x000002657ea888e0, 0x000002657ea87ec0,
0x000002657ea85b50, 0x000002657ea86060, 0x000002654270fbc0, 0x000002654270c410,
0x0000026542711510, 0x000002654270d850, 0x0000026542711000, 0x000002654270b9f0,
0x000002654270f1a0, 0x0000026542711a20, 0x0000026542953810, 0x0000026542956090,
0x00000265429565a0, 0x0000026542950f90, 0x00000265429514a0, 0x0000026542954740,
0x0000026542956ab0, 0x0000026542953d20, 0x0000026542951ec0, 0x0000026542954c50,
0x0000026543b16890, 0x0000026542955160
}

Java Threads: ( => current thread )
  0x000002656206e500 JavaThread "main" [_thread_blocked, id=6656, stack(0x00000076ef800000,0x00000076ef900000)]
  0x00000265792c3ac0 JavaThread "Reference Handler" daemon [_thread_blocked, id=2392, stack(0x00000076eff00000,0x00000076f0000000)]
  0x00000265792c4ff0 JavaThread "Finalizer" daemon [_thread_blocked, id=5500, stack(0x00000076f0000000,0x00000076f0100000)]
  0x00000265792d8900 JavaThread "Signal Dispatcher" daemon [_thread_blocked, id=10092, stack(0x00000076f0100000,0x00000076f0200000)]
  0x00000265792d95d0 JavaThread "Attach Listener" daemon [_thread_blocked, id=7276, stack(0x00000076f0200000,0x00000076f0300000)]
  0x00000265792da640 JavaThread "Service Thread" daemon [_thread_blocked, id=1284, stack(0x00000076f0300000,0x00000076f0400000)]
  0x00000265792dc6c0 JavaThread "Monitor Deflation Thread" daemon [_thread_blocked, id=8680, stack(0x00000076f0400000,0x00000076f0500000)]
=>0x00000265792e0f60 JavaThread "C2 CompilerThread0" daemon [_thread_in_native, id=12252, stack(0x00000076f0500000,0x00000076f0600000)]
  0x00000265792e7890 JavaThread "C1 CompilerThread0" daemon [_thread_in_native, id=7848, stack(0x00000076f0600000,0x00000076f0700000)]
  0x000002657936f0e0 JavaThread "Sweeper thread" daemon [_thread_blocked, id=9700, stack(0x00000076f0700000,0x00000076f0800000)]
  0x00000265792b1450 JavaThread "Common-Cleaner" daemon [_thread_blocked, id=1340, stack(0x00000076f0800000,0x00000076f0900000)]
  0x00000265797b37d0 JavaThread "Notification Thread" daemon [_thread_blocked, id=10696, stack(0x00000076f0900000,0x00000076f0a00000)]
  0x000002654130e160 JavaThread "Daemon health stats" [_thread_blocked, id=11748, stack(0x00000076f0f00000,0x00000076f1000000)]
  0x000002657ed9c9e0 JavaThread "Incoming local TCP Connector on port 51503" [_thread_in_native, id=8084, stack(0x00000076f1000000,0x00000076f1100000)]
  0x0000026541f99810 JavaThread "Daemon periodic checks" [_thread_blocked, id=6352, stack(0x00000076f1100000,0x00000076f1200000)]
  0x0000026541516780 JavaThread "Daemon" [_thread_blocked, id=10340, stack(0x00000076f1200000,0x00000076f1300000)]
  0x000002657f628040 JavaThread "Daemon worker" [_thread_in_Java, id=11124, stack(0x00000076f1500000,0x00000076f1600000)]
  0x000002657ea883d0 JavaThread "Cache worker for journal cache (C:\Users\Vinicius\.gradle\caches\journal-1)" [_thread_blocked, id=2168, stack(0x00000076f1900000,0x00000076f1a00000)]
  0x000002657ea888e0 JavaThread "File lock request listener" [_thread_in_native, id=10800, stack(0x00000076f1a00000,0x00000076f1b00000)]
  0x000002657ea87ec0 JavaThread "Cache worker for file hash cache (C:\Users\Vinicius\.gradle\caches\8.2\fileHashes)" [_thread_blocked, id=7240, stack(0x00000076f1b00000,0x00000076f1c00000)]
  0x000002657ea85b50 JavaThread "File watcher server" daemon [_thread_in_native, id=1716, stack(0x00000076f1c00000,0x00000076f1d00000)]
  0x000002657ea86060 JavaThread "File watcher consumer" daemon [_thread_blocked, id=11836, stack(0x00000076f1d00000,0x00000076f1e00000)]
  0x000002654270fbc0 JavaThread "Cache worker for file content cache (C:\Users\Vinicius\.gradle\caches\8.2\fileContent)" [_thread_blocked, id=2328, stack(0x00000076f2100000,0x00000076f2200000)]
  0x000002654270c410 JavaThread "Cache worker for execution history cache (C:\Users\Vinicius\.gradle\caches\8.2\executionHistory)" [_thread_blocked, id=1080, stack(0x00000076f2400000,0x00000076f2500000)]
  0x0000026542711510 JavaThread "Cache worker for kotlin-dsl (C:\Users\Vinicius\.gradle\caches\8.2\kotlin-dsl)" [_thread_blocked, id=12268, stack(0x00000076f2500000,0x00000076f2600000)]
  0x000002654270d850 JavaThread "jar transforms" [_thread_blocked, id=9732, stack(0x00000076f2600000,0x00000076f2700000)]
  0x0000026542711000 JavaThread "jar transforms Thread 2" [_thread_blocked, id=6964, stack(0x00000076f2700000,0x00000076f2800000)]
  0x000002654270b9f0 JavaThread "jar transforms Thread 3" [_thread_blocked, id=11980, stack(0x00000076f2800000,0x00000076f2900000)]
  0x000002654270f1a0 JavaThread "jar transforms Thread 4" [_thread_blocked, id=9064, stack(0x00000076f2900000,0x00000076f2a00000)]
  0x0000026542711a20 JavaThread "Memory manager" [_thread_blocked, id=6252, stack(0x00000076f3000000,0x00000076f3100000)]
  0x0000026542953810 JavaThread "included builds" [_thread_blocked, id=12228, stack(0x00000076f3200000,0x00000076f3300000)]
  0x0000026542956090 JavaThread "Handler for socket connection from /127.0.0.1:51503 to /127.0.0.1:51510" [_thread_in_native, id=7436, stack(0x00000076f0e00000,0x00000076f0f00000)]
  0x00000265429565a0 JavaThread "Cancel handler" [_thread_blocked, id=9276, stack(0x00000076f1300000,0x00000076f1400000)]
  0x0000026542950f90 JavaThread "Asynchronous log dispatcher for DefaultDaemonConnection: socket connection from /127.0.0.1:51503 to /127.0.0.1:51510" [_thread_blocked, id=7796, stack(0x00000076f1400000,0x00000076f1500000)]
  0x00000265429514a0 JavaThread "Stdin handler" [_thread_blocked, id=1648, stack(0x00000076f1600000,0x00000076f1700000)]
  0x0000026542954740 JavaThread "Daemon client event forwarder" [_thread_blocked, id=9540, stack(0x00000076f1700000,0x00000076f1800000)]
  0x0000026542956ab0 JavaThread "Cache worker for checksums cache (C:\Users\Vinicius\IntelliJIDEAProjects\Github\MyApplication\.gradle\8.2\checksums)" [_thread_blocked, id=6432, stack(0x00000076f1800000,0x00000076f1900000)]
  0x0000026542953d20 JavaThread "Cache worker for cache directory md-rule (C:\Users\Vinicius\.gradle\caches\8.2\md-rule)" [_thread_blocked, id=3964, stack(0x00000076f1f00000,0x00000076f2000000)]
  0x0000026542951ec0 JavaThread "Cache worker for file hash cache (C:\Users\Vinicius\IntelliJIDEAProjects\Github\MyApplication\.gradle\8.2\fileHashes)" [_thread_blocked, id=7880, stack(0x00000076f2000000,0x00000076f2100000)]
  0x0000026542954c50 JavaThread "Cache worker for cache directory md-supplier (C:\Users\Vinicius\.gradle\caches\8.2\md-supplier)" [_thread_blocked, id=10760, stack(0x00000076f2200000,0x00000076f2300000)]
  0x0000026543b16890 JavaThread "C2 CompilerThread1" daemon [_thread_in_native, id=224, stack(0x00000076f2300000,0x00000076f2400000)]
  0x0000026542955160 JavaThread "Cache worker for dependencies-accessors (C:\Users\Vinicius\IntelliJIDEAProjects\Github\MyApplication\.gradle\8.2\dependencies-accessors)" [_thread_blocked, id=7988, stack(0x00000076f2a00000,0x00000076f2b00000)]

Other Threads:
  0x00000265792bff50 VMThread "VM Thread" [stack: 0x00000076efe00000,0x00000076eff00000] [id=3592]
  0x00000265797b3cb0 WatcherThread [stack: 0x00000076f0a00000,0x00000076f0b00000] [id=11504]
  0x00000265620aa650 GCTaskThread "GC Thread#0" [stack: 0x00000076ef900000,0x00000076efa00000] [id=1220]
  0x000002657e2e1db0 GCTaskThread "GC Thread#1" [stack: 0x00000076f0c00000,0x00000076f0d00000] [id=8648]
  0x00000265799c77a0 GCTaskThread "GC Thread#2" [stack: 0x00000076f0d00000,0x00000076f0e00000] [id=1572]
  0x000002657e045350 GCTaskThread "GC Thread#3" [stack: 0x00000076f0b00000,0x00000076f0c00000] [id=8236]
  0x00000265620b34b0 ConcurrentGCThread "G1 Main Marker" [stack: 0x00000076efa00000,0x00000076efb00000] [id=11528]
  0x00000265620b3de0 ConcurrentGCThread "G1 Conc#0" [stack: 0x00000076efb00000,0x00000076efc00000] [id=11428]
  0x000002656211f540 ConcurrentGCThread "G1 Refine#0" [stack: 0x00000076efc00000,0x00000076efd00000] [id=4724]
  0x00000265412d91b0 ConcurrentGCThread "G1 Refine#1" [stack: 0x00000076f1e00000,0x00000076f1f00000] [id=5116]
  0x0000026579190090 ConcurrentGCThread "G1 Service" [stack: 0x00000076efd00000,0x00000076efe00000] [id=9144]

Threads with active compile tasks:
C2 CompilerThread0    22465 9187       4       org.gradle.internal.service.DefaultServiceRegistry$ClassInspector::getDetailsForClass (50 bytes)
C1 CompilerThread0    22465 9225       3       org.gradle.internal.logging.sink.OutputEventTransformer::onOutput (369 bytes)
C2 CompilerThread1    22465 9215 %     4       java.util.AbstractCollection::addAll @ 9 (42 bytes)

VM state: not at safepoint (normal execution)

VM Mutex/Monitor currently owned by a thread: None

Heap address: 0x00000000c0000000, size: 1024 MB, Compressed Oops mode: 32-bit

CDS archive(s) mapped at: [0x0000026500000000-0x0000026500c00000-0x0000026500c00000), size 12582912, SharedBaseAddress: 0x0000026500000000, ArchiveRelocationMode: 1.
Compressed class space mapped at: 0x0000026501000000-0x0000026541000000, reserved size: 1073741824
Narrow klass base: 0x0000026500000000, Narrow klass shift: 0, Narrow klass range: 0x100000000

GC Precious Log:
 CPUs: 4 total, 4 available
 Memory: 8067M
 Large Page Support: Disabled
 NUMA Support: Disabled
 Compressed Oops: Enabled (32-bit)
 Heap Region Size: 1M
 Heap Min Capacity: 8M
 Heap Initial Capacity: 128M
 Heap Max Capacity: 1G
 Pre-touch: Disabled
 Parallel Workers: 4
 Concurrent Workers: 1
 Concurrent Refinement Workers: 4
 Periodic GC: Disabled

Heap:
 garbage-first heap   total 181248K, used 92819K [0x00000000c0000000, 0x0000000100000000)
  region size 1024K, 17 young (17408K), 8 survivors (8192K)
 Metaspace       used 78753K, committed 79424K, reserved 1179648K
  class space    used 11478K, committed 11776K, reserved 1048576K

Heap Regions: E=young(eden), S=young(survivor), O=old, HS=humongous(starts), HC=humongous(continues), CS=collection set, F=free, OA=open archive, CA=closed archive, TAMS=top-at-mark-start (previous, next)
|   0|0x00000000c0000000, 0x00000000c0100000, 0x00000000c0100000|100%| O|  |TAMS 0x00000000c0100000, 0x00000000c0000000| Untracked 
|   1|0x00000000c0100000, 0x00000000c0200000, 0x00000000c0200000|100%| O|  |TAMS 0x00000000c0200000, 0x00000000c0100000| Untracked 
|   2|0x00000000c0200000, 0x00000000c0300000, 0x00000000c0300000|100%|HS|  |TAMS 0x00000000c0300000, 0x00000000c0200000| Complete 
|   3|0x00000000c0300000, 0x00000000c0400000, 0x00000000c0400000|100%|HC|  |TAMS 0x00000000c0400000, 0x00000000c0300000| Complete 
|   4|0x00000000c0400000, 0x00000000c0500000, 0x00000000c0500000|100%|HC|  |TAMS 0x00000000c0500000, 0x00000000c0400000| Complete 
|   5|0x00000000c0500000, 0x00000000c0600000, 0x00000000c0600000|100%|HC|  |TAMS 0x00000000c0600000, 0x00000000c0500000| Complete 
|   6|0x00000000c0600000, 0x00000000c0700000, 0x00000000c0700000|100%| O|  |TAMS 0x00000000c0700000, 0x00000000c0600000| Untracked 
|   7|0x00000000c0700000, 0x00000000c0800000, 0x00000000c0800000|100%| O|  |TAMS 0x00000000c0800000, 0x00000000c0700000| Untracked 
|   8|0x00000000c0800000, 0x00000000c0900000, 0x00000000c0900000|100%| O|  |TAMS 0x00000000c0900000, 0x00000000c0800000| Untracked 
|   9|0x00000000c0900000, 0x00000000c0a00000, 0x00000000c0a00000|100%| O|  |TAMS 0x00000000c0a00000, 0x00000000c0900000| Untracked 
|  10|0x00000000c0a00000, 0x00000000c0b00000, 0x00000000c0b00000|100%| O|  |TAMS 0x00000000c0b00000, 0x00000000c0a00000| Untracked 
|  11|0x00000000c0b00000, 0x00000000c0c00000, 0x00000000c0c00000|100%| O|  |TAMS 0x00000000c0c00000, 0x00000000c0b00000| Untracked 
|  12|0x00000000c0c00000, 0x00000000c0d00000, 0x00000000c0d00000|100%| O|  |TAMS 0x00000000c0d00000, 0x00000000c0c00000| Untracked 
|  13|0x00000000c0d00000, 0x00000000c0e00000, 0x00000000c0e00000|100%| O|  |TAMS 0x00000000c0e00000, 0x00000000c0d00000| Untracked 
|  14|0x00000000c0e00000, 0x00000000c0f00000, 0x00000000c0f00000|100%| O|  |TAMS 0x00000000c0f00000, 0x00000000c0e00000| Untracked 
|  15|0x00000000c0f00000, 0x00000000c1000000, 0x00000000c1000000|100%| O|  |TAMS 0x00000000c1000000, 0x00000000c0f00000| Untracked 
|  16|0x00000000c1000000, 0x00000000c1100000, 0x00000000c1100000|100%| O|  |TAMS 0x00000000c1100000, 0x00000000c1000000| Untracked 
|  17|0x00000000c1100000, 0x00000000c1200000, 0x00000000c1200000|100%| O|  |TAMS 0x00000000c1200000, 0x00000000c1100000| Untracked 
|  18|0x00000000c1200000, 0x00000000c1300000, 0x00000000c1300000|100%| O|  |TAMS 0x00000000c1300000, 0x00000000c1200000| Untracked 
|  19|0x00000000c1300000, 0x00000000c1400000, 0x00000000c1400000|100%| O|  |TAMS 0x00000000c1400000, 0x00000000c1300000| Untracked 
|  20|0x00000000c1400000, 0x00000000c1500000, 0x00000000c1500000|100%| O|  |TAMS 0x00000000c1500000, 0x00000000c1400000| Untracked 
|  21|0x00000000c1500000, 0x00000000c1600000, 0x00000000c1600000|100%| O|  |TAMS 0x00000000c1600000, 0x00000000c1500000| Untracked 
|  22|0x00000000c1600000, 0x00000000c1700000, 0x00000000c1700000|100%| O|  |TAMS 0x00000000c1700000, 0x00000000c1600000| Untracked 
|  23|0x00000000c1700000, 0x00000000c1800000, 0x00000000c1800000|100%| O|  |TAMS 0x00000000c1800000, 0x00000000c1700000| Untracked 
|  24|0x00000000c1800000, 0x00000000c1900000, 0x00000000c1900000|100%| O|  |TAMS 0x00000000c1900000, 0x00000000c1800000| Untracked 
|  25|0x00000000c1900000, 0x00000000c1a00000, 0x00000000c1a00000|100%| O|  |TAMS 0x00000000c1a00000, 0x00000000c1900000| Untracked 
|  26|0x00000000c1a00000, 0x00000000c1b00000, 0x00000000c1b00000|100%| O|  |TAMS 0x00000000c1b00000, 0x00000000c1a00000| Untracked 
|  27|0x00000000c1b00000, 0x00000000c1c00000, 0x00000000c1c00000|100%| O|  |TAMS 0x00000000c1c00000, 0x00000000c1b00000| Untracked 
|  28|0x00000000c1c00000, 0x00000000c1d00000, 0x00000000c1d00000|100%|HS|  |TAMS 0x00000000c1d00000, 0x00000000c1c00000| Complete 
|  29|0x00000000c1d00000, 0x00000000c1e00000, 0x00000000c1e00000|100%|HS|  |TAMS 0x00000000c1e00000, 0x00000000c1d00000| Complete 
|  30|0x00000000c1e00000, 0x00000000c1f00000, 0x00000000c1f00000|100%|HS|  |TAMS 0x00000000c1f00000, 0x00000000c1e00000| Complete 
|  31|0x00000000c1f00000, 0x00000000c2000000, 0x00000000c2000000|100%|HC|  |TAMS 0x00000000c2000000, 0x00000000c1f00000| Complete 
|  32|0x00000000c2000000, 0x00000000c2100000, 0x00000000c2100000|100%|HS|  |TAMS 0x00000000c2100000, 0x00000000c2000000| Complete 
|  33|0x00000000c2100000, 0x00000000c2200000, 0x00000000c2200000|100%|HC|  |TAMS 0x00000000c2200000, 0x00000000c2100000| Complete 
|  34|0x00000000c2200000, 0x00000000c2300000, 0x00000000c2300000|100%| O|  |TAMS 0x00000000c2300000, 0x00000000c2200000| Untracked 
|  35|0x00000000c2300000, 0x00000000c2400000, 0x00000000c2400000|100%| O|  |TAMS 0x00000000c2400000, 0x00000000c2300000| Untracked 
|  36|0x00000000c2400000, 0x00000000c2500000, 0x00000000c2500000|100%| O|  |TAMS 0x00000000c2500000, 0x00000000c2400000| Untracked 
|  37|0x00000000c2500000, 0x00000000c2600000, 0x00000000c2600000|100%|HS|  |TAMS 0x00000000c2600000, 0x00000000c2500000| Complete 
|  38|0x00000000c2600000, 0x00000000c2700000, 0x00000000c2700000|100%|HS|  |TAMS 0x00000000c2700000, 0x00000000c2600000| Complete 
|  39|0x00000000c2700000, 0x00000000c2800000, 0x00000000c2800000|100%| O|  |TAMS 0x00000000c2800000, 0x00000000c2700000| Untracked 
|  40|0x00000000c2800000, 0x00000000c2900000, 0x00000000c2900000|100%| O|  |TAMS 0x00000000c2900000, 0x00000000c2800000| Untracked 
|  41|0x00000000c2900000, 0x00000000c2a00000, 0x00000000c2a00000|100%|HS|  |TAMS 0x00000000c2a00000, 0x00000000c2900000| Complete 
|  42|0x00000000c2a00000, 0x00000000c2b00000, 0x00000000c2b00000|100%|HC|  |TAMS 0x00000000c2b00000, 0x00000000c2a00000| Complete 
|  43|0x00000000c2b00000, 0x00000000c2c00000, 0x00000000c2c00000|100%|HC|  |TAMS 0x00000000c2c00000, 0x00000000c2b00000| Complete 
|  44|0x00000000c2c00000, 0x00000000c2d00000, 0x00000000c2d00000|100%|HC|  |TAMS 0x00000000c2d00000, 0x00000000c2c00000| Complete 
|  45|0x00000000c2d00000, 0x00000000c2e00000, 0x00000000c2e00000|100%| O|  |TAMS 0x00000000c2e00000, 0x00000000c2d00000| Untracked 
|  46|0x00000000c2e00000, 0x00000000c2f00000, 0x00000000c2f00000|100%| O|  |TAMS 0x00000000c2f00000, 0x00000000c2e00000| Untracked 
|  47|0x00000000c2f00000, 0x00000000c3000000, 0x00000000c3000000|100%| O|  |TAMS 0x00000000c3000000, 0x00000000c2f00000| Untracked 
|  48|0x00000000c3000000, 0x00000000c3100000, 0x00000000c3100000|100%| O|  |TAMS 0x00000000c3100000, 0x00000000c3000000| Untracked 
|  49|0x00000000c3100000, 0x00000000c3200000, 0x00000000c3200000|100%| O|  |TAMS 0x00000000c3200000, 0x00000000c3100000| Untracked 
|  50|0x00000000c3200000, 0x00000000c3300000, 0x00000000c3300000|100%| O|  |TAMS 0x00000000c3300000, 0x00000000c3200000| Untracked 
|  51|0x00000000c3300000, 0x00000000c3400000, 0x00000000c3400000|100%|HS|  |TAMS 0x00000000c3400000, 0x00000000c3300000| Complete 
|  52|0x00000000c3400000, 0x00000000c3500000, 0x00000000c3500000|100%| O|  |TAMS 0x00000000c3500000, 0x00000000c3400000| Untracked 
|  53|0x00000000c3500000, 0x00000000c3600000, 0x00000000c3600000|100%| O|  |TAMS 0x00000000c3600000, 0x00000000c3500000| Untracked 
|  54|0x00000000c3600000, 0x00000000c3700000, 0x00000000c3700000|100%| O|  |TAMS 0x00000000c3700000, 0x00000000c3600000| Untracked 
|  55|0x00000000c3700000, 0x00000000c3800000, 0x00000000c3800000|100%| O|  |TAMS 0x00000000c3800000, 0x00000000c3700000| Untracked 
|  56|0x00000000c3800000, 0x00000000c3900000, 0x00000000c3900000|100%| O|  |TAMS 0x00000000c3900000, 0x00000000c3800000| Untracked 
|  57|0x00000000c3900000, 0x00000000c3a00000, 0x00000000c3a00000|100%| O|  |TAMS 0x00000000c3a00000, 0x00000000c3900000| Untracked 
|  58|0x00000000c3a00000, 0x00000000c3b00000, 0x00000000c3b00000|100%| O|  |TAMS 0x00000000c3b00000, 0x00000000c3a00000| Untracked 
|  59|0x00000000c3b00000, 0x00000000c3c00000, 0x00000000c3c00000|100%| O|  |TAMS 0x00000000c3c00000, 0x00000000c3b00000| Untracked 
|  60|0x00000000c3c00000, 0x00000000c3d00000, 0x00000000c3d00000|100%| O|  |TAMS 0x00000000c3d00000, 0x00000000c3c00000| Untracked 
|  61|0x00000000c3d00000, 0x00000000c3e00000, 0x00000000c3e00000|100%| O|  |TAMS 0x00000000c3e00000, 0x00000000c3d00000| Untracked 
|  62|0x00000000c3e00000, 0x00000000c3f00000, 0x00000000c3f00000|100%| O|  |TAMS 0x00000000c3f00000, 0x00000000c3e00000| Untracked 
|  63|0x00000000c3f00000, 0x00000000c4000000, 0x00000000c4000000|100%| O|  |TAMS 0x00000000c4000000, 0x00000000c3f00000| Untracked 
|  64|0x00000000c4000000, 0x00000000c4100000, 0x00000000c4100000|100%| O|  |TAMS 0x00000000c4100000, 0x00000000c4000000| Untracked 
|  65|0x00000000c4100000, 0x00000000c4200000, 0x00000000c4200000|100%|HS|  |TAMS 0x00000000c4200000, 0x00000000c4100000| Complete 
|  66|0x00000000c4200000, 0x00000000c4300000, 0x00000000c4300000|100%|HC|  |TAMS 0x00000000c4300000, 0x00000000c4200000| Complete 
|  67|0x00000000c4300000, 0x00000000c4400000, 0x00000000c4400000|100%|HC|  |TAMS 0x00000000c4400000, 0x00000000c4300000| Complete 
|  68|0x00000000c4400000, 0x00000000c4500000, 0x00000000c4500000|100%|HC|  |TAMS 0x00000000c4500000, 0x00000000c4400000| Complete 
|  69|0x00000000c4500000, 0x00000000c4600000, 0x00000000c4600000|100%| O|  |TAMS 0x00000000c4600000, 0x00000000c4500000| Untracked 
|  70|0x00000000c4600000, 0x00000000c4700000, 0x00000000c4700000|100%| O|  |TAMS 0x00000000c46a4808, 0x00000000c4600000| Untracked 
|  71|0x00000000c4700000, 0x00000000c4800000, 0x00000000c4800000|100%| O|  |TAMS 0x00000000c4700000, 0x00000000c4700000| Untracked 
|  72|0x00000000c4800000, 0x00000000c4900000, 0x00000000c4900000|100%| O|  |TAMS 0x00000000c4800000, 0x00000000c4800000| Untracked 
|  73|0x00000000c4900000, 0x00000000c4a00000, 0x00000000c4a00000|100%| O|  |TAMS 0x00000000c4900000, 0x00000000c4900000| Untracked 
|  74|0x00000000c4a00000, 0x00000000c4b00000, 0x00000000c4b00000|100%| O|  |TAMS 0x00000000c4a00000, 0x00000000c4a00000| Untracked 
|  75|0x00000000c4b00000, 0x00000000c4b54000, 0x00000000c4c00000| 32%| O|  |TAMS 0x00000000c4b00000, 0x00000000c4b00000| Untracked 
|  76|0x00000000c4c00000, 0x00000000c4c00000, 0x00000000c4d00000|  0%| F|  |TAMS 0x00000000c4c00000, 0x00000000c4c00000| Untracked 
|  77|0x00000000c4d00000, 0x00000000c4d00000, 0x00000000c4e00000|  0%| F|  |TAMS 0x00000000c4d00000, 0x00000000c4d00000| Untracked 
|  78|0x00000000c4e00000, 0x00000000c4e00000, 0x00000000c4f00000|  0%| F|  |TAMS 0x00000000c4e00000, 0x00000000c4e00000| Untracked 
|  79|0x00000000c4f00000, 0x00000000c4f00000, 0x00000000c5000000|  0%| F|  |TAMS 0x00000000c4f00000, 0x00000000c4f00000| Untracked 
|  80|0x00000000c5000000, 0x00000000c5000000, 0x00000000c5100000|  0%| F|  |TAMS 0x00000000c5000000, 0x00000000c5000000| Untracked 
|  81|0x00000000c5100000, 0x00000000c5100000, 0x00000000c5200000|  0%| F|  |TAMS 0x00000000c5100000, 0x00000000c5100000| Untracked 
|  82|0x00000000c5200000, 0x00000000c5200000, 0x00000000c5300000|  0%| F|  |TAMS 0x00000000c5200000, 0x00000000c5200000| Untracked 
|  83|0x00000000c5300000, 0x00000000c5300000, 0x00000000c5400000|  0%| F|  |TAMS 0x00000000c5300000, 0x00000000c5300000| Untracked 
|  84|0x00000000c5400000, 0x00000000c5400000, 0x00000000c5500000|  0%| F|  |TAMS 0x00000000c5400000, 0x00000000c5400000| Untracked 
|  85|0x00000000c5500000, 0x00000000c5500000, 0x00000000c5600000|  0%| F|  |TAMS 0x00000000c5500000, 0x00000000c5500000| Untracked 
|  86|0x00000000c5600000, 0x00000000c5600000, 0x00000000c5700000|  0%| F|  |TAMS 0x00000000c5600000, 0x00000000c5600000| Untracked 
|  87|0x00000000c5700000, 0x00000000c5700000, 0x00000000c5800000|  0%| F|  |TAMS 0x00000000c5700000, 0x00000000c5700000| Untracked 
|  88|0x00000000c5800000, 0x00000000c5800000, 0x00000000c5900000|  0%| F|  |TAMS 0x00000000c5800000, 0x00000000c5800000| Untracked 
|  89|0x00000000c5900000, 0x00000000c5900000, 0x00000000c5a00000|  0%| F|  |TAMS 0x00000000c5900000, 0x00000000c5900000| Untracked 
|  90|0x00000000c5a00000, 0x00000000c5a00000, 0x00000000c5b00000|  0%| F|  |TAMS 0x00000000c5a00000, 0x00000000c5a00000| Untracked 
|  91|0x00000000c5b00000, 0x00000000c5b00000, 0x00000000c5c00000|  0%| F|  |TAMS 0x00000000c5b00000, 0x00000000c5b00000| Untracked 
|  92|0x00000000c5c00000, 0x00000000c5c00000, 0x00000000c5d00000|  0%| F|  |TAMS 0x00000000c5c00000, 0x00000000c5c00000| Untracked 
|  93|0x00000000c5d00000, 0x00000000c5d00000, 0x00000000c5e00000|  0%| F|  |TAMS 0x00000000c5d00000, 0x00000000c5d00000| Untracked 
|  94|0x00000000c5e00000, 0x00000000c5e00000, 0x00000000c5f00000|  0%| F|  |TAMS 0x00000000c5e00000, 0x00000000c5e00000| Untracked 
|  95|0x00000000c5f00000, 0x00000000c5f00000, 0x00000000c6000000|  0%| F|  |TAMS 0x00000000c5f00000, 0x00000000c5f00000| Untracked 
|  96|0x00000000c6000000, 0x00000000c6000000, 0x00000000c6100000|  0%| F|  |TAMS 0x00000000c6000000, 0x00000000c6000000| Untracked 
|  97|0x00000000c6100000, 0x00000000c6100000, 0x00000000c6200000|  0%| F|  |TAMS 0x00000000c6100000, 0x00000000c6100000| Untracked 
|  98|0x00000000c6200000, 0x00000000c6200000, 0x00000000c6300000|  0%| F|  |TAMS 0x00000000c6200000, 0x00000000c6200000| Untracked 
|  99|0x00000000c6300000, 0x00000000c6300000, 0x00000000c6400000|  0%| F|  |TAMS 0x00000000c6300000, 0x00000000c6300000| Untracked 
| 100|0x00000000c6400000, 0x00000000c6400000, 0x00000000c6500000|  0%| F|  |TAMS 0x00000000c6400000, 0x00000000c6400000| Untracked 
| 101|0x00000000c6500000, 0x00000000c6500000, 0x00000000c6600000|  0%| F|  |TAMS 0x00000000c6500000, 0x00000000c6500000| Untracked 
| 102|0x00000000c6600000, 0x00000000c6600000, 0x00000000c6700000|  0%| F|  |TAMS 0x00000000c6600000, 0x00000000c6600000| Untracked 
| 103|0x00000000c6700000, 0x00000000c6700000, 0x00000000c6800000|  0%| F|  |TAMS 0x00000000c6700000, 0x00000000c6700000| Untracked 
| 104|0x00000000c6800000, 0x00000000c6850ee0, 0x00000000c6900000| 31%| S|CS|TAMS 0x00000000c6800000, 0x00000000c6800000| Complete 
| 105|0x00000000c6900000, 0x00000000c6a00000, 0x00000000c6a00000|100%| S|CS|TAMS 0x00000000c6900000, 0x00000000c6900000| Complete 
| 106|0x00000000c6a00000, 0x00000000c6b00000, 0x00000000c6b00000|100%| S|CS|TAMS 0x00000000c6a00000, 0x00000000c6a00000| Complete 
| 107|0x00000000c6b00000, 0x00000000c6c00000, 0x00000000c6c00000|100%| S|CS|TAMS 0x00000000c6b00000, 0x00000000c6b00000| Complete 
| 108|0x00000000c6c00000, 0x00000000c6d00000, 0x00000000c6d00000|100%| S|CS|TAMS 0x00000000c6c00000, 0x00000000c6c00000| Complete 
| 109|0x00000000c6d00000, 0x00000000c6e00000, 0x00000000c6e00000|100%| S|CS|TAMS 0x00000000c6d00000, 0x00000000c6d00000| Complete 
| 110|0x00000000c6e00000, 0x00000000c6f00000, 0x00000000c6f00000|100%| S|CS|TAMS 0x00000000c6e00000, 0x00000000c6e00000| Complete 
| 111|0x00000000c6f00000, 0x00000000c7000000, 0x00000000c7000000|100%| S|CS|TAMS 0x00000000c6f00000, 0x00000000c6f00000| Complete 
| 112|0x00000000c7000000, 0x00000000c7000000, 0x00000000c7100000|  0%| F|  |TAMS 0x00000000c7000000, 0x00000000c7000000| Untracked 
| 113|0x00000000c7100000, 0x00000000c7100000, 0x00000000c7200000|  0%| F|  |TAMS 0x00000000c7100000, 0x00000000c7100000| Untracked 
| 114|0x00000000c7200000, 0x00000000c7200000, 0x00000000c7300000|  0%| F|  |TAMS 0x00000000c7200000, 0x00000000c7200000| Untracked 
| 115|0x00000000c7300000, 0x00000000c7300000, 0x00000000c7400000|  0%| F|  |TAMS 0x00000000c7300000, 0x00000000c7300000| Untracked 
| 116|0x00000000c7400000, 0x00000000c7400000, 0x00000000c7500000|  0%| F|  |TAMS 0x00000000c7400000, 0x00000000c7400000| Untracked 
| 117|0x00000000c7500000, 0x00000000c7500000, 0x00000000c7600000|  0%| F|  |TAMS 0x00000000c7500000, 0x00000000c7500000| Untracked 
| 118|0x00000000c7600000, 0x00000000c7600000, 0x00000000c7700000|  0%| F|  |TAMS 0x00000000c7600000, 0x00000000c7600000| Untracked 
| 119|0x00000000c7700000, 0x00000000c7700000, 0x00000000c7800000|  0%| F|  |TAMS 0x00000000c7700000, 0x00000000c7700000| Untracked 
| 120|0x00000000c7800000, 0x00000000c7800000, 0x00000000c7900000|  0%| F|  |TAMS 0x00000000c7800000, 0x00000000c7800000| Untracked 
| 121|0x00000000c7900000, 0x00000000c7900000, 0x00000000c7a00000|  0%| F|  |TAMS 0x00000000c7900000, 0x00000000c7900000| Untracked 
| 122|0x00000000c7a00000, 0x00000000c7a00000, 0x00000000c7b00000|  0%| F|  |TAMS 0x00000000c7a00000, 0x00000000c7a00000| Untracked 
| 123|0x00000000c7b00000, 0x00000000c7b00000, 0x00000000c7c00000|  0%| F|  |TAMS 0x00000000c7b00000, 0x00000000c7b00000| Untracked 
| 124|0x00000000c7c00000, 0x00000000c7c00000, 0x00000000c7d00000|  0%| F|  |TAMS 0x00000000c7c00000, 0x00000000c7c00000| Untracked 
| 125|0x00000000c7d00000, 0x00000000c7d00000, 0x00000000c7e00000|  0%| F|  |TAMS 0x00000000c7d00000, 0x00000000c7d00000| Untracked 
| 126|0x00000000c7e00000, 0x00000000c7e00000, 0x00000000c7f00000|  0%| F|  |TAMS 0x00000000c7e00000, 0x00000000c7e00000| Untracked 
| 127|0x00000000c7f00000, 0x00000000c7f00000, 0x00000000c8000000|  0%| F|  |TAMS 0x00000000c7f00000, 0x00000000c7f00000| Untracked 
| 128|0x00000000c8000000, 0x00000000c8000000, 0x00000000c8100000|  0%| F|  |TAMS 0x00000000c8000000, 0x00000000c8000000| Untracked 
| 129|0x00000000c8100000, 0x00000000c8100000, 0x00000000c8200000|  0%| F|  |TAMS 0x00000000c8100000, 0x00000000c8100000| Untracked 
| 130|0x00000000c8200000, 0x00000000c8200000, 0x00000000c8300000|  0%| F|  |TAMS 0x00000000c8200000, 0x00000000c8200000| Untracked 
| 131|0x00000000c8300000, 0x00000000c8300000, 0x00000000c8400000|  0%| F|  |TAMS 0x00000000c8300000, 0x00000000c8300000| Untracked 
| 132|0x00000000c8400000, 0x00000000c8400000, 0x00000000c8500000|  0%| F|  |TAMS 0x00000000c8400000, 0x00000000c8400000| Untracked 
| 133|0x00000000c8500000, 0x00000000c8500000, 0x00000000c8600000|  0%| F|  |TAMS 0x00000000c8500000, 0x00000000c8500000| Untracked 
| 134|0x00000000c8600000, 0x00000000c8600000, 0x00000000c8700000|  0%| F|  |TAMS 0x00000000c8600000, 0x00000000c8600000| Untracked 
| 135|0x00000000c8700000, 0x00000000c8700000, 0x00000000c8800000|  0%| F|  |TAMS 0x00000000c8700000, 0x00000000c8700000| Untracked 
| 136|0x00000000c8800000, 0x00000000c8800000, 0x00000000c8900000|  0%| F|  |TAMS 0x00000000c8800000, 0x00000000c8800000| Untracked 
| 137|0x00000000c8900000, 0x00000000c8900000, 0x00000000c8a00000|  0%| F|  |TAMS 0x00000000c8900000, 0x00000000c8900000| Untracked 
| 138|0x00000000c8a00000, 0x00000000c8a00000, 0x00000000c8b00000|  0%| F|  |TAMS 0x00000000c8a00000, 0x00000000c8a00000| Untracked 
| 139|0x00000000c8b00000, 0x00000000c8b00000, 0x00000000c8c00000|  0%| F|  |TAMS 0x00000000c8b00000, 0x00000000c8b00000| Untracked 
| 140|0x00000000c8c00000, 0x00000000c8c00000, 0x00000000c8d00000|  0%| F|  |TAMS 0x00000000c8c00000, 0x00000000c8c00000| Untracked 
| 141|0x00000000c8d00000, 0x00000000c8d00000, 0x00000000c8e00000|  0%| F|  |TAMS 0x00000000c8d00000, 0x00000000c8d00000| Untracked 
| 142|0x00000000c8e00000, 0x00000000c8e00000, 0x00000000c8f00000|  0%| F|  |TAMS 0x00000000c8e00000, 0x00000000c8e00000| Untracked 
| 143|0x00000000c8f00000, 0x00000000c8f00000, 0x00000000c9000000|  0%| F|  |TAMS 0x00000000c8f00000, 0x00000000c8f00000| Untracked 
| 144|0x00000000c9000000, 0x00000000c9000000, 0x00000000c9100000|  0%| F|  |TAMS 0x00000000c9000000, 0x00000000c9000000| Untracked 
| 145|0x00000000c9100000, 0x00000000c9100000, 0x00000000c9200000|  0%| F|  |TAMS 0x00000000c9100000, 0x00000000c9100000| Untracked 
| 146|0x00000000c9200000, 0x00000000c9200000, 0x00000000c9300000|  0%| F|  |TAMS 0x00000000c9200000, 0x00000000c9200000| Untracked 
| 147|0x00000000c9300000, 0x00000000c9300000, 0x00000000c9400000|  0%| F|  |TAMS 0x00000000c9300000, 0x00000000c9300000| Untracked 
| 148|0x00000000c9400000, 0x00000000c9400000, 0x00000000c9500000|  0%| F|  |TAMS 0x00000000c9400000, 0x00000000c9400000| Untracked 
| 149|0x00000000c9500000, 0x00000000c9500000, 0x00000000c9600000|  0%| F|  |TAMS 0x00000000c9500000, 0x00000000c9500000| Untracked 
| 150|0x00000000c9600000, 0x00000000c9600000, 0x00000000c9700000|  0%| F|  |TAMS 0x00000000c9600000, 0x00000000c9600000| Untracked 
| 151|0x00000000c9700000, 0x00000000c9700000, 0x00000000c9800000|  0%| F|  |TAMS 0x00000000c9700000, 0x00000000c9700000| Untracked 
| 152|0x00000000c9800000, 0x00000000c9800000, 0x00000000c9900000|  0%| F|  |TAMS 0x00000000c9800000, 0x00000000c9800000| Untracked 
| 153|0x00000000c9900000, 0x00000000c9900000, 0x00000000c9a00000|  0%| F|  |TAMS 0x00000000c9900000, 0x00000000c9900000| Untracked 
| 154|0x00000000c9a00000, 0x00000000c9a00000, 0x00000000c9b00000|  0%| F|  |TAMS 0x00000000c9a00000, 0x00000000c9a00000| Untracked 
| 155|0x00000000c9b00000, 0x00000000c9b00000, 0x00000000c9c00000|  0%| F|  |TAMS 0x00000000c9b00000, 0x00000000c9b00000| Untracked 
| 156|0x00000000c9c00000, 0x00000000c9c00000, 0x00000000c9d00000|  0%| F|  |TAMS 0x00000000c9c00000, 0x00000000c9c00000| Untracked 
| 157|0x00000000c9d00000, 0x00000000c9d00000, 0x00000000c9e00000|  0%| F|  |TAMS 0x00000000c9d00000, 0x00000000c9d00000| Untracked 
| 158|0x00000000c9e00000, 0x00000000c9e00000, 0x00000000c9f00000|  0%| F|  |TAMS 0x00000000c9e00000, 0x00000000c9e00000| Untracked 
| 159|0x00000000c9f00000, 0x00000000c9f00000, 0x00000000ca000000|  0%| F|  |TAMS 0x00000000c9f00000, 0x00000000c9f00000| Untracked 
| 160|0x00000000ca000000, 0x00000000ca000000, 0x00000000ca100000|  0%| F|  |TAMS 0x00000000ca000000, 0x00000000ca000000| Untracked 
| 161|0x00000000ca100000, 0x00000000ca100000, 0x00000000ca200000|  0%| F|  |TAMS 0x00000000ca100000, 0x00000000ca100000| Untracked 
| 162|0x00000000ca200000, 0x00000000ca200000, 0x00000000ca300000|  0%| F|  |TAMS 0x00000000ca200000, 0x00000000ca200000| Untracked 
| 163|0x00000000ca300000, 0x00000000ca300000, 0x00000000ca400000|  0%| F|  |TAMS 0x00000000ca300000, 0x00000000ca300000| Untracked 
| 164|0x00000000ca400000, 0x00000000ca400000, 0x00000000ca500000|  0%| F|  |TAMS 0x00000000ca400000, 0x00000000ca400000| Untracked 
| 165|0x00000000ca500000, 0x00000000ca500000, 0x00000000ca600000|  0%| F|  |TAMS 0x00000000ca500000, 0x00000000ca500000| Untracked 
| 166|0x00000000ca600000, 0x00000000ca600000, 0x00000000ca700000|  0%| F|  |TAMS 0x00000000ca600000, 0x00000000ca600000| Untracked 
| 167|0x00000000ca700000, 0x00000000ca700000, 0x00000000ca800000|  0%| F|  |TAMS 0x00000000ca700000, 0x00000000ca700000| Untracked 
| 168|0x00000000ca800000, 0x00000000ca8a03f8, 0x00000000ca900000| 62%| E|  |TAMS 0x00000000ca800000, 0x00000000ca800000| Complete 
| 169|0x00000000ca900000, 0x00000000caa00000, 0x00000000caa00000|100%| E|CS|TAMS 0x00000000ca900000, 0x00000000ca900000| Complete 
| 170|0x00000000caa00000, 0x00000000cab00000, 0x00000000cab00000|100%| E|CS|TAMS 0x00000000caa00000, 0x00000000caa00000| Complete 
| 171|0x00000000cab00000, 0x00000000cac00000, 0x00000000cac00000|100%| E|CS|TAMS 0x00000000cab00000, 0x00000000cab00000| Complete 
| 172|0x00000000cac00000, 0x00000000cad00000, 0x00000000cad00000|100%| E|CS|TAMS 0x00000000cac00000, 0x00000000cac00000| Complete 
| 173|0x00000000cad00000, 0x00000000cae00000, 0x00000000cae00000|100%| E|CS|TAMS 0x00000000cad00000, 0x00000000cad00000| Complete 
| 174|0x00000000cae00000, 0x00000000caf00000, 0x00000000caf00000|100%| E|CS|TAMS 0x00000000cae00000, 0x00000000cae00000| Complete 
| 175|0x00000000caf00000, 0x00000000cb000000, 0x00000000cb000000|100%| E|CS|TAMS 0x00000000caf00000, 0x00000000caf00000| Complete 
| 176|0x00000000cb000000, 0x00000000cb100000, 0x00000000cb100000|100%| E|CS|TAMS 0x00000000cb000000, 0x00000000cb000000| Complete 

Card table byte_map: [0x0000026574a50000,0x0000026574c50000] _byte_map_base: 0x0000026574450000

Marking Bits (Prev, Next): (CMBitMap*) 0x00000265620aab80, (CMBitMap*) 0x00000265620aabc0
 Prev Bits: [0x0000026574e50000, 0x0000026575e50000)
 Next Bits: [0x0000026575e50000, 0x0000026576e50000)

Polling page: 0x000002655feb0000

Metaspace:

Usage:
  Non-class:     65.70 MB used.
      Class:     11.21 MB used.
       Both:     76.91 MB used.

Virtual space:
  Non-class space:      128.00 MB reserved,      66.06 MB ( 52%) committed,  2 nodes.
      Class space:        1.00 GB reserved,      11.50 MB (  1%) committed,  1 nodes.
             Both:        1.12 GB reserved,      77.56 MB (  7%) committed. 

Chunk freelists:
   Non-Class:  13.96 MB
       Class:  4.38 MB
        Both:  18.35 MB

MaxMetaspaceSize: unlimited
CompressedClassSpaceSize: 1.00 GB
Initial GC threshold: 21.00 MB
Current GC threshold: 112.62 MB
CDS: on
MetaspaceReclaimPolicy: balanced
 - commit_granule_bytes: 65536.
 - commit_granule_words: 8192.
 - virtual_space_node_default_size: 8388608.
 - enlarge_chunks_in_place: 1.
 - new_chunks_are_fully_committed: 0.
 - uncommit_free_chunks: 1.
 - use_allocation_guard: 0.
 - handle_deallocations: 1.


Internal statistics:

num_allocs_failed_limit: 6.
num_arena_births: 926.
num_arena_deaths: 0.
num_vsnodes_births: 3.
num_vsnodes_deaths: 0.
num_space_committed: 1241.
num_space_uncommitted: 0.
num_chunks_returned_to_freelist: 6.
num_chunks_taken_from_freelist: 4135.
num_chunk_merges: 6.
num_chunk_splits: 2746.
num_chunks_enlarged: 1854.
num_inconsistent_stats: 0.

CodeHeap 'non-profiled nmethods': size=120000Kb used=4865Kb max_used=4865Kb free=115134Kb
 bounds [0x000002656d320000, 0x000002656d7f0000, 0x0000026574850000]
CodeHeap 'profiled nmethods': size=120000Kb used=16610Kb max_used=16610Kb free=103389Kb
 bounds [0x0000026565850000, 0x0000026566890000, 0x000002656cd80000]
CodeHeap 'non-nmethods': size=5760Kb used=1694Kb max_used=1757Kb free=4065Kb
 bounds [0x000002656cd80000, 0x000002656cff0000, 0x000002656d320000]
 total_blobs=9177 nmethods=8396 adapters=692
 compilation: enabled
              stopped_count=0, restarted_count=0
 full_count=0

Compilation events (20 events):
Event: 22.388 Thread 0x00000265792e7890 nmethod 9213 0x0000026566883f10 code [0x00000265668840e0, 0x0000026566884538]
Event: 22.390 Thread 0x00000265792e7890 9214   !   3       jdk.internal.misc.ScopedMemoryAccess::copyMemory (31 bytes)
Event: 22.390 Thread 0x00000265792e7890 nmethod 9214 0x0000026566884710 code [0x0000026566884920, 0x0000026566884fd8]
Event: 22.423 Thread 0x00000265792e7890 9216       3       org.gradle.api.specs.NotSpec::isSatisfiedBy (19 bytes)
Event: 22.423 Thread 0x00000265792e7890 nmethod 9216 0x0000026566885390 code [0x0000026566885540, 0x0000026566885768]
Event: 22.423 Thread 0x00000265792e7890 9217       3       org.gradle.api.internal.DependencyClassPathProvider$$Lambda$464/0x00000265014a7c48::isSatisfiedBy (8 bytes)
Event: 22.423 Thread 0x0000026543b16890 9215 %     4       java.util.AbstractCollection::addAll @ 9 (42 bytes)
Event: 22.423 Thread 0x00000265792e7890 nmethod 9217 0x0000026566885810 code [0x00000265668859e0, 0x0000026566885d38]
Event: 22.424 Thread 0x00000265792e7890 9218       3       org.gradle.api.internal.DependencyClassPathProvider::lambda$initGradleApi$0 (10 bytes)
Event: 22.424 Thread 0x00000265792e7890 nmethod 9218 0x0000026566885e90 code [0x0000026566886040, 0x0000026566886218]
Event: 22.425 Thread 0x00000265792e7890 9219       3       java.util.ArrayList::remove (76 bytes)
Event: 22.426 Thread 0x00000265792e7890 nmethod 9219 0x0000026566886390 code [0x0000026566886580, 0x0000026566886a78]
Event: 22.427 Thread 0x00000265792e7890 9220       3       org.gradle.kotlin.dsl.provider.KotlinScriptClassPathProviderKt::access$isKotlinJar (5 bytes)
Event: 22.428 Thread 0x00000265792e7890 nmethod 9220 0x0000026566886c90 code [0x0000026566886e20, 0x0000026566886f28]
Event: 22.428 Thread 0x00000265792e7890 9221       3       org.gradle.kotlin.dsl.provider.KotlinScriptClassPathProviderKt::isKotlinJar (30 bytes)
Event: 22.428 Thread 0x00000265792e7890 nmethod 9221 0x0000026566887010 code [0x00000265668871e0, 0x00000265668874d8]
Event: 22.428 Thread 0x00000265792e7890 9222       3       org.gradle.kotlin.dsl.support.ProjectExtensionsKt::isGradleKotlinDslJarName (16 bytes)
Event: 22.429 Thread 0x00000265792e7890 nmethod 9222 0x0000026566887610 code [0x0000026566887840, 0x0000026566887e88]
Event: 22.439 Thread 0x00000265792e7890 9224       3       org.gradle.internal.classloader.CachingClassLoader::equals (33 bytes)
Event: 22.440 Thread 0x00000265792e7890 nmethod 9224 0x0000026566888110 code [0x00000265668882e0, 0x0000026566888788]

GC Heap History (20 events):
Event: 10.599 GC heap before
{Heap before GC invocations=26 (full 0):
 garbage-first heap   total 125952K, used 102485K [0x00000000c0000000, 0x0000000100000000)
  region size 1024K, 36 young (36864K), 1 survivors (1024K)
 Metaspace       used 56018K, committed 56576K, reserved 1114112K
  class space    used 7997K, committed 8256K, reserved 1048576K
}
Event: 10.603 GC heap after
{Heap after GC invocations=27 (full 0):
 garbage-first heap   total 125952K, used 64376K [0x00000000c0000000, 0x0000000100000000)
  region size 1024K, 5 young (5120K), 5 survivors (5120K)
 Metaspace       used 56018K, committed 56576K, reserved 1114112K
  class space    used 7997K, committed 8256K, reserved 1048576K
}
Event: 11.146 GC heap before
{Heap before GC invocations=28 (full 0):
 garbage-first heap   total 125952K, used 97144K [0x00000000c0000000, 0x0000000100000000)
  region size 1024K, 37 young (37888K), 5 survivors (5120K)
 Metaspace       used 58460K, committed 59008K, reserved 1114112K
  class space    used 8330K, committed 8576K, reserved 1048576K
}
Event: 11.152 GC heap after
{Heap after GC invocations=29 (full 0):
 garbage-first heap   total 125952K, used 65882K [0x00000000c0000000, 0x0000000100000000)
  region size 1024K, 2 young (2048K), 2 survivors (2048K)
 Metaspace       used 58460K, committed 59008K, reserved 1114112K
  class space    used 8330K, committed 8576K, reserved 1048576K
}
Event: 11.203 GC heap before
{Heap before GC invocations=29 (full 0):
 garbage-first heap   total 125952K, used 69978K [0x00000000c0000000, 0x0000000100000000)
  region size 1024K, 6 young (6144K), 2 survivors (2048K)
 Metaspace       used 58737K, committed 59328K, reserved 1114112K
  class space    used 8370K, committed 8640K, reserved 1048576K
}
Event: 11.207 GC heap after
{Heap after GC invocations=30 (full 0):
 garbage-first heap   total 125952K, used 66034K [0x00000000c0000000, 0x0000000100000000)
  region size 1024K, 1 young (1024K), 1 survivors (1024K)
 Metaspace       used 58737K, committed 59328K, reserved 1114112K
  class space    used 8370K, committed 8640K, reserved 1048576K
}
Event: 11.680 GC heap before
{Heap before GC invocations=30 (full 0):
 garbage-first heap   total 125952K, used 103922K [0x00000000c0000000, 0x0000000100000000)
  region size 1024K, 34 young (34816K), 1 survivors (1024K)
 Metaspace       used 62162K, committed 62720K, reserved 1114112K
  class space    used 8860K, committed 9152K, reserved 1048576K
}
Event: 11.683 GC heap after
{Heap after GC invocations=31 (full 0):
 garbage-first heap   total 125952K, used 71481K [0x00000000c0000000, 0x0000000100000000)
  region size 1024K, 2 young (2048K), 2 survivors (2048K)
 Metaspace       used 62162K, committed 62720K, reserved 1114112K
  class space    used 8860K, committed 9152K, reserved 1048576K
}
Event: 11.983 GC heap before
{Heap before GC invocations=31 (full 0):
 garbage-first heap   total 125952K, used 103225K [0x00000000c0000000, 0x0000000100000000)
  region size 1024K, 33 young (33792K), 2 survivors (2048K)
 Metaspace       used 65056K, committed 65664K, reserved 1114112K
  class space    used 9261K, committed 9536K, reserved 1048576K
}
Event: 11.988 GC heap after
{Heap after GC invocations=32 (full 0):
 garbage-first heap   total 125952K, used 73960K [0x00000000c0000000, 0x0000000100000000)
  region size 1024K, 5 young (5120K), 5 survivors (5120K)
 Metaspace       used 65056K, committed 65664K, reserved 1114112K
  class space    used 9261K, committed 9536K, reserved 1048576K
}
Event: 12.364 GC heap before
{Heap before GC invocations=32 (full 0):
 garbage-first heap   total 125952K, used 102632K [0x00000000c0000000, 0x0000000100000000)
  region size 1024K, 33 young (33792K), 5 survivors (5120K)
 Metaspace       used 66425K, committed 67008K, reserved 1114112K
  class space    used 9434K, committed 9728K, reserved 1048576K
}
Event: 12.373 GC heap after
{Heap after GC invocations=33 (full 0):
 garbage-first heap   total 125952K, used 77458K [0x00000000c0000000, 0x0000000100000000)
  region size 1024K, 5 young (5120K), 5 survivors (5120K)
 Metaspace       used 66425K, committed 67008K, reserved 1114112K
  class space    used 9434K, committed 9728K, reserved 1048576K
}
Event: 12.618 GC heap before
{Heap before GC invocations=33 (full 0):
 garbage-first heap   total 125952K, used 104082K [0x00000000c0000000, 0x0000000100000000)
  region size 1024K, 31 young (31744K), 5 survivors (5120K)
 Metaspace       used 67926K, committed 68544K, reserved 1114112K
  class space    used 9648K, committed 9920K, reserved 1048576K
}
Event: 12.625 GC heap after
{Heap after GC invocations=34 (full 0):
 garbage-first heap   total 125952K, used 78860K [0x00000000c0000000, 0x0000000100000000)
  region size 1024K, 2 young (2048K), 2 survivors (2048K)
 Metaspace       used 67926K, committed 68544K, reserved 1114112K
  class space    used 9648K, committed 9920K, reserved 1048576K
}
Event: 12.951 GC heap before
{Heap before GC invocations=35 (full 0):
 garbage-first heap   total 150528K, used 102412K [0x00000000c0000000, 0x0000000100000000)
  region size 1024K, 25 young (25600K), 2 survivors (2048K)
 Metaspace       used 69604K, committed 70272K, reserved 1114112K
  class space    used 9913K, committed 10240K, reserved 1048576K
}
Event: 12.955 GC heap after
{Heap after GC invocations=36 (full 0):
 garbage-first heap   total 150528K, used 79397K [0x00000000c0000000, 0x0000000100000000)
  region size 1024K, 3 young (3072K), 3 survivors (3072K)
 Metaspace       used 69604K, committed 70272K, reserved 1114112K
  class space    used 9913K, committed 10240K, reserved 1048576K
}
Event: 13.485 GC heap before
{Heap before GC invocations=36 (full 0):
 garbage-first heap   total 150528K, used 122405K [0x00000000c0000000, 0x0000000100000000)
  region size 1024K, 45 young (46080K), 3 survivors (3072K)
 Metaspace       used 73057K, committed 73728K, reserved 1114112K
  class space    used 10562K, committed 10880K, reserved 1048576K
}
Event: 13.497 GC heap after
{Heap after GC invocations=37 (full 0):
 garbage-first heap   total 181248K, used 80940K [0x00000000c0000000, 0x0000000100000000)
  region size 1024K, 4 young (4096K), 4 survivors (4096K)
 Metaspace       used 73057K, committed 73728K, reserved 1114112K
  class space    used 10562K, committed 10880K, reserved 1048576K
}
Event: 22.391 GC heap before
{Heap before GC invocations=37 (full 0):
 garbage-first heap   total 181248K, used 147500K [0x00000000c0000000, 0x0000000100000000)
  region size 1024K, 69 young (70656K), 4 survivors (4096K)
 Metaspace       used 78739K, committed 79424K, reserved 1179648K
  class space    used 11476K, committed 11776K, reserved 1048576K
}
Event: 22.403 GC heap after
{Heap after GC invocations=38 (full 0):
 garbage-first heap   total 181248K, used 84627K [0x00000000c0000000, 0x0000000100000000)
  region size 1024K, 8 young (8192K), 8 survivors (8192K)
 Metaspace       used 78739K, committed 79424K, reserved 1179648K
  class space    used 11476K, committed 11776K, reserved 1048576K
}

Dll operation events (4 events):
Event: 0.010 Loaded shared library C:\Users\Vinicius\.jdks\jbr-17.0.11\bin\java.dll
Event: 0.038 Loaded shared library C:\Users\Vinicius\.jdks\jbr-17.0.11\bin\jsvml.dll
Event: 0.178 Loaded shared library C:\Users\Vinicius\.jdks\jbr-17.0.11\bin\zip.dll
Event: 0.608 Loaded shared library C:\Users\Vinicius\.jdks\jbr-17.0.11\bin\verify.dll

Deoptimization events (20 events):
Event: 15.194 Thread 0x0000026541edf800 Uncommon trap: trap_request=0xffffff45 fr.pc=0x000002656d70b560 relative=0x00000000000003a0
Event: 15.194 Thread 0x0000026541edf800 Uncommon trap: reason=unstable_if action=reinterpret pc=0x000002656d70b560 method=com.esotericsoftware.kryo.io.Input.require(I)I @ 180 c2
Event: 15.194 Thread 0x0000026541edf800 DEOPT PACKING pc=0x000002656d70b560 sp=0x00000076f13ff240
Event: 15.194 Thread 0x0000026541edf800 DEOPT UNPACKING pc=0x000002656cdd69a3 sp=0x00000076f13ff0b0 mode 2
Event: 22.275 Thread 0x000002657f628040 Uncommon trap: trap_request=0xffffffde fr.pc=0x000002656d701460 relative=0x00000000000000c0
Event: 22.275 Thread 0x000002657f628040 Uncommon trap: reason=class_check action=maybe_recompile pc=0x000002656d701460 method=java.util.Collections$UnmodifiableList.get(I)Ljava/lang/Object; @ 5 c2
Event: 22.275 Thread 0x000002657f628040 DEOPT PACKING pc=0x000002656d701460 sp=0x00000076f15fe8a0
Event: 22.275 Thread 0x000002657f628040 DEOPT UNPACKING pc=0x000002656cdd69a3 sp=0x00000076f15fe838 mode 2
Event: 22.276 Thread 0x000002657f628040 Uncommon trap: trap_request=0xffffffde fr.pc=0x000002656d701460 relative=0x00000000000000c0
Event: 22.276 Thread 0x000002657f628040 Uncommon trap: reason=class_check action=maybe_recompile pc=0x000002656d701460 method=java.util.Collections$UnmodifiableList.get(I)Ljava/lang/Object; @ 5 c2
Event: 22.276 Thread 0x000002657f628040 DEOPT PACKING pc=0x000002656d701460 sp=0x00000076f15fe7f0
Event: 22.276 Thread 0x000002657f628040 DEOPT UNPACKING pc=0x000002656cdd69a3 sp=0x00000076f15fe788 mode 2
Event: 22.430 Thread 0x000002657f628040 DEOPT PACKING pc=0x00000265662f7ed9 sp=0x00000076f15f8df0
Event: 22.430 Thread 0x000002657f628040 DEOPT UNPACKING pc=0x000002656cdd7143 sp=0x00000076f15f82e8 mode 0
Event: 22.431 Thread 0x000002657f628040 DEOPT PACKING pc=0x00000265662f7ed9 sp=0x00000076f15f8df0
Event: 22.431 Thread 0x000002657f628040 DEOPT UNPACKING pc=0x000002656cdd7143 sp=0x00000076f15f82e8 mode 0
Event: 22.432 Thread 0x000002657f628040 DEOPT PACKING pc=0x00000265662f7ed9 sp=0x00000076f15f8c10
Event: 22.432 Thread 0x000002657f628040 DEOPT UNPACKING pc=0x000002656cdd7143 sp=0x00000076f15f8108 mode 0
Event: 22.433 Thread 0x000002657f628040 DEOPT PACKING pc=0x00000265662f7ed9 sp=0x00000076f15f8c10
Event: 22.433 Thread 0x000002657f628040 DEOPT UNPACKING pc=0x000002656cdd7143 sp=0x00000076f15f8108 mode 0

Classes unloaded (0 events):
No events

Classes redefined (0 events):
No events

Internal exceptions (20 events):
Event: 14.996 Thread 0x000002657ea86f90 Exception <a 'java/lang/NoSuchMethodError'{0x00000000c7dfc0b8}: static Lorg/gradle/internal/build/event/types/DefaultTaskFinishedProgressEvent;.<clinit>()V> (0x00000000c7dfc0b8) 
thrown [s\src\hotspot\share\prims\jni.cpp, line 1127]
Event: 14.998 Thread 0x000002657ea86f90 Exception <a 'java/lang/NoSuchMethodError'{0x00000000c7c33078}: static Lorg/gradle/internal/build/event/types/DefaultTaskSuccessResult;.<clinit>()V> (0x00000000c7c33078) 
thrown [s\src\hotspot\share\prims\jni.cpp, line 1127]
Event: 14.998 Thread 0x000002657ea86f90 Exception <a 'java/lang/NoSuchMethodError'{0x00000000c7c34780}: static Lorg/gradle/internal/build/event/types/AbstractTaskResult;.<clinit>()V> (0x00000000c7c34780) 
thrown [s\src\hotspot\share\prims\jni.cpp, line 1127]
Event: 15.001 Thread 0x000002657ea86f90 Exception <a 'java/lang/NoSuchMethodError'{0x00000000c7c898d8}: static [Ljava/lang/Object;.<clinit>()V> (0x00000000c7c898d8) 
thrown [s\src\hotspot\share\prims\jni.cpp, line 1127]
Event: 15.007 Thread 0x0000026542710af0 Exception <a 'java/lang/NoSuchMethodError'{0x00000000c7ddb790}: static Lcom/android/buildanalyzer/common/AndroidGradlePluginAttributionData$BuildInfo;.<clinit>()V> (0x00000000c7ddb790) 
thrown [s\src\hotspot\share\prims\jni.cpp, line 1127]
Event: 15.008 Thread 0x0000026542710af0 Exception <a 'java/lang/NoSuchMethodError'{0x00000000c7b004e8}: static Lcom/android/buildanalyzer/common/AndroidGradlePluginAttributionData$JavaInfo;.<clinit>()V> (0x00000000c7b004e8) 
thrown [s\src\hotspot\share\prims\jni.cpp, line 1127]
Event: 15.011 Thread 0x0000026542710af0 Exception <a 'java/lang/NoSuchMethodError'{0x00000000c7b239d0}: static [Ljava/lang/String;.<clinit>()V> (0x00000000c7b239d0) 
thrown [s\src\hotspot\share\prims\jni.cpp, line 1127]
Event: 15.012 Thread 0x0000026542710af0 Exception <a 'java/lang/NoSuchMethodError'{0x00000000c7b2ecb0}: static Lcom/android/buildanalyzer/common/AndroidGradlePluginAttributionData$TaskInfo;.<clinit>()V> (0x00000000c7b2ecb0) 
thrown [s\src\hotspot\share\prims\jni.cpp, line 1127]
Event: 15.013 Thread 0x0000026542710af0 Exception <a 'java/lang/NoSuchMethodError'{0x00000000c7b3ba30}: static Lcom/android/buildanalyzer/common/AndroidGradlePluginAttributionData$TaskCategoryInfo;.<clinit>()V> (0x00000000c7b3ba30) 
thrown [s\src\hotspot\share\prims\jni.cpp, line 1127]
Event: 15.028 Thread 0x000002657f628040 Exception <a 'java/lang/NoSuchMethodError'{0x00000000c7bd3ef8}: static Lorg/jetbrains/kotlin/gradle/plugin/statistics/MetricContainer;.<clinit>()V> (0x00000000c7bd3ef8) 
thrown [s\src\hotspot\share\prims\jni.cpp, line 1127]
Event: 15.055 Thread 0x000002657f628040 Exception <a 'sun/nio/fs/WindowsException'{0x00000000c7981120}> (0x00000000c7981120) 
thrown [s\src\hotspot\share\prims\jni.cpp, line 531]
Event: 15.055 Thread 0x000002657f628040 Exception <a 'sun/nio/fs/WindowsException'{0x00000000c7981540}> (0x00000000c7981540) 
thrown [s\src\hotspot\share\prims\jni.cpp, line 531]
Event: 15.056 Thread 0x000002657f628040 Exception <a 'sun/nio/fs/WindowsException'{0x00000000c7999940}> (0x00000000c7999940) 
thrown [s\src\hotspot\share\prims\jni.cpp, line 531]
Event: 15.104 Thread 0x000002657f628040 Exception <a 'java/lang/NoSuchMethodError'{0x00000000c76a2f58}: 'void java.lang.invoke.DirectMethodHandle$Holder.invokeSpecial(java.lang.Object, java.lang.Object, int)'> (0x00000000c76a2f58) 
thrown [s\src\hotspot\share\interpreter\linkResolver.cpp, line 771]
Event: 15.107 Thread 0x000002657f628040 Exception <a 'java/lang/NoSuchMethodError'{0x00000000c76c5068}: 'java.lang.Object java.lang.invoke.DirectMethodHandle$Holder.newInvokeSpecial(java.lang.Object, java.lang.Object, java.lang.Object, java.lang.Object, int, java.lang.Object)'> (0x00000000c76c5068) 
thrown [s\src\hotspot\share\interpreter\linkResolver.cpp, line 771]
Event: 15.107 Thread 0x000002657f628040 Exception <a 'java/lang/NoSuchMethodError'{0x00000000c76c9388}: 'java.lang.Object java.lang.invoke.Invokers$Holder.linkToTargetMethod(java.lang.Object, java.lang.Object, java.lang.Object, int, java.lang.Object, java.lang.Object)'> (0x00000000c76c9388) 
thrown [s\src\hotspot\share\interpreter\linkResolver.cpp, line 771]
Event: 22.381 Thread 0x000002657f628040 Exception <a 'sun/nio/fs/WindowsException'{0x00000000c71b2920}> (0x00000000c71b2920) 
thrown [s\src\hotspot\share\prims\jni.cpp, line 531]
Event: 22.382 Thread 0x000002657f628040 Exception <a 'sun/nio/fs/WindowsException'{0x00000000c71b3eb0}> (0x00000000c71b3eb0) 
thrown [s\src\hotspot\share\prims\jni.cpp, line 531]
Event: 22.382 Thread 0x000002657f628040 Exception <a 'sun/nio/fs/WindowsException'{0x00000000c71b5440}> (0x00000000c71b5440) 
thrown [s\src\hotspot\share\prims\jni.cpp, line 531]
Event: 22.383 Thread 0x000002657f628040 Exception <a 'sun/nio/fs/WindowsException'{0x00000000c71b69c8}> (0x00000000c71b69c8) 
thrown [s\src\hotspot\share\prims\jni.cpp, line 531]

VM Operations (20 events):
Event: 14.125 Executing VM operation: HandshakeAllThreads
Event: 14.126 Executing VM operation: HandshakeAllThreads done
Event: 14.229 Executing VM operation: HandshakeAllThreads
Event: 14.229 Executing VM operation: HandshakeAllThreads done
Event: 14.863 Executing VM operation: HandshakeAllThreads
Event: 14.863 Executing VM operation: HandshakeAllThreads done
Event: 14.994 Executing VM operation: HandshakeAllThreads
Event: 14.994 Executing VM operation: HandshakeAllThreads done
Event: 15.025 Executing VM operation: HandshakeAllThreads
Event: 15.025 Executing VM operation: HandshakeAllThreads done
Event: 15.090 Executing VM operation: ICBufferFull
Event: 15.090 Executing VM operation: ICBufferFull done
Event: 15.111 Executing VM operation: HandshakeAllThreads
Event: 15.111 Executing VM operation: HandshakeAllThreads done
Event: 15.112 Executing VM operation: HandshakeAllThreads
Event: 15.112 Executing VM operation: HandshakeAllThreads done
Event: 16.119 Executing VM operation: Cleanup
Event: 16.120 Executing VM operation: Cleanup done
Event: 22.391 Executing VM operation: G1CollectForAllocation
Event: 22.403 Executing VM operation: G1CollectForAllocation done

Events (20 events):
Event: 22.260 Thread 0x0000026542956090 Thread added: 0x0000026542956090
Event: 22.264 Thread 0x00000265429565a0 Thread added: 0x00000265429565a0
Event: 22.275 Thread 0x0000026542950f90 Thread added: 0x0000026542950f90
Event: 22.275 loading class jdk/internal/math/FormattedFloatingDecimal$Form
Event: 22.275 loading class jdk/internal/math/FormattedFloatingDecimal$Form done
Event: 22.276 loading class jdk/internal/math/FormattedFloatingDecimal
Event: 22.276 loading class jdk/internal/math/FormattedFloatingDecimal done
Event: 22.276 loading class jdk/internal/math/FormattedFloatingDecimal$1
Event: 22.276 loading class jdk/internal/math/FormattedFloatingDecimal$1 done
Event: 22.276 loading class jdk/internal/math/FormattedFloatingDecimal$2
Event: 22.276 loading class jdk/internal/math/FormattedFloatingDecimal$2 done
Event: 22.277 loading class jdk/internal/access/foreign/MemorySegmentProxy
Event: 22.277 loading class jdk/internal/access/foreign/MemorySegmentProxy done
Event: 22.282 Thread 0x00000265429514a0 Thread added: 0x00000265429514a0
Event: 22.283 Thread 0x0000026542954740 Thread added: 0x0000026542954740
Event: 22.341 Thread 0x0000026542956ab0 Thread added: 0x0000026542956ab0
Event: 22.358 Thread 0x0000026542953d20 Thread added: 0x0000026542953d20
Event: 22.365 Thread 0x0000026542951ec0 Thread added: 0x0000026542951ec0
Event: 22.375 Thread 0x0000026542954c50 Thread added: 0x0000026542954c50
Event: 22.423 Thread 0x0000026543b16890 Thread added: 0x0000026543b16890


Dynamic libraries:
0x00007ff721410000 - 0x00007ff72141a000 	C:\Users\Vinicius\.jdks\jbr-17.0.11\bin\java.exe
0x00007ffe7cb50000 - 0x00007ffe7cd48000 	C:\Windows\SYSTEM32\ntdll.dll
0x00007ffe7ab80000 - 0x00007ffe7ac41000 	C:\Windows\System32\KERNEL32.DLL
0x00007ffe7a480000 - 0x00007ffe7a776000 	C:\Windows\System32\KERNELBASE.dll
0x00007ffe7a2d0000 - 0x00007ffe7a3d0000 	C:\Windows\System32\ucrtbase.dll
0x00007ffe71810000 - 0x00007ffe71827000 	C:\Users\Vinicius\.jdks\jbr-17.0.11\bin\jli.dll
0x00007ffe7c910000 - 0x00007ffe7caaf000 	C:\Windows\System32\USER32.dll
0x00007ffe7a2a0000 - 0x00007ffe7a2c2000 	C:\Windows\System32\win32u.dll
0x00007ffe7bac0000 - 0x00007ffe7baeb000 	C:\Windows\System32\GDI32.dll
0x00007ffe68620000 - 0x00007ffe6863b000 	C:\Users\Vinicius\.jdks\jbr-17.0.11\bin\VCRUNTIME140.dll
0x00007ffe7a780000 - 0x00007ffe7a897000 	C:\Windows\System32\gdi32full.dll
0x00007ffe62230000 - 0x00007ffe624ca000 	C:\Windows\WinSxS\amd64_microsoft.windows.common-controls_6595b64144ccf1df_6.0.19041.4355_none_60b8b9eb71f62e16\COMCTL32.dll
0x00007ffe7a8a0000 - 0x00007ffe7a93d000 	C:\Windows\System32\msvcp_win.dll
0x00007ffe7b330000 - 0x00007ffe7b3ce000 	C:\Windows\System32\msvcrt.dll
0x00007ffe7bc30000 - 0x00007ffe7bc5f000 	C:\Windows\System32\IMM32.DLL
0x00007ffe71e30000 - 0x00007ffe71e3c000 	C:\Users\Vinicius\.jdks\jbr-17.0.11\bin\vcruntime140_1.dll
0x00007ffe61f30000 - 0x00007ffe61fbd000 	C:\Users\Vinicius\.jdks\jbr-17.0.11\bin\msvcp140.dll
0x00007ffe41960000 - 0x00007ffe425e3000 	C:\Users\Vinicius\.jdks\jbr-17.0.11\bin\server\jvm.dll
0x00007ffe7af20000 - 0x00007ffe7afd0000 	C:\Windows\System32\ADVAPI32.dll
0x00007ffe7ac50000 - 0x00007ffe7acf0000 	C:\Windows\System32\sechost.dll
0x00007ffe7b6d0000 - 0x00007ffe7b7f3000 	C:\Windows\System32\RPCRT4.dll
0x00007ffe7a270000 - 0x00007ffe7a297000 	C:\Windows\System32\bcrypt.dll
0x00007ffe79780000 - 0x00007ffe797cb000 	C:\Windows\SYSTEM32\POWRPROF.dll
0x00007ffe62550000 - 0x00007ffe62559000 	C:\Windows\SYSTEM32\WSOCK32.dll
0x00007ffe7b3d0000 - 0x00007ffe7b43b000 	C:\Windows\System32\WS2_32.dll
0x00007ffe643e0000 - 0x00007ffe64407000 	C:\Windows\SYSTEM32\WINMM.dll
0x00007ffe6da00000 - 0x00007ffe6da0a000 	C:\Windows\SYSTEM32\VERSION.dll
0x00007ffe795f0000 - 0x00007ffe79602000 	C:\Windows\SYSTEM32\UMPDC.dll
0x00007ffe78a10000 - 0x00007ffe78a22000 	C:\Windows\SYSTEM32\kernel.appcore.dll
0x00007ffe717f0000 - 0x00007ffe717fa000 	C:\Users\Vinicius\.jdks\jbr-17.0.11\bin\jimage.dll
0x00007ffe75000000 - 0x00007ffe751e4000 	C:\Windows\SYSTEM32\DBGHELP.DLL
0x00007ffe6cc50000 - 0x00007ffe6cc84000 	C:\Windows\SYSTEM32\dbgcore.DLL
0x00007ffe7a990000 - 0x00007ffe7aa12000 	C:\Windows\System32\bcryptPrimitives.dll
0x00007ffe70500000 - 0x00007ffe7050e000 	C:\Users\Vinicius\.jdks\jbr-17.0.11\bin\instrument.dll
0x00007ffe67a00000 - 0x00007ffe67a25000 	C:\Users\Vinicius\.jdks\jbr-17.0.11\bin\java.dll
0x00007ffe5ecc0000 - 0x00007ffe5ed97000 	C:\Users\Vinicius\.jdks\jbr-17.0.11\bin\jsvml.dll
0x00007ffe7c1a0000 - 0x00007ffe7c90c000 	C:\Windows\System32\SHELL32.dll
0x00007ffe751f0000 - 0x00007ffe7598e000 	C:\Windows\SYSTEM32\windows.storage.dll
0x00007ffe7afd0000 - 0x00007ffe7b323000 	C:\Windows\System32\combase.dll
0x00007ffe79c20000 - 0x00007ffe79c4e000 	C:\Windows\SYSTEM32\Wldp.dll
0x00007ffe7b600000 - 0x00007ffe7b6cd000 	C:\Windows\System32\OLEAUT32.dll
0x00007ffe7acf0000 - 0x00007ffe7ad9d000 	C:\Windows\System32\SHCORE.dll
0x00007ffe7aec0000 - 0x00007ffe7af15000 	C:\Windows\System32\shlwapi.dll
0x00007ffe7a130000 - 0x00007ffe7a154000 	C:\Windows\SYSTEM32\profapi.dll
0x00007ffe679e0000 - 0x00007ffe679f8000 	C:\Users\Vinicius\.jdks\jbr-17.0.11\bin\zip.dll
0x00007ffe679c0000 - 0x00007ffe679d9000 	C:\Users\Vinicius\.jdks\jbr-17.0.11\bin\net.dll
0x00007ffe6d600000 - 0x00007ffe6d70a000 	C:\Windows\SYSTEM32\WINHTTP.dll
0x00007ffe79980000 - 0x00007ffe799ea000 	C:\Windows\system32\mswsock.dll
0x00007ffe66660000 - 0x00007ffe66676000 	C:\Users\Vinicius\.jdks\jbr-17.0.11\bin\nio.dll
0x00007ffe68610000 - 0x00007ffe68620000 	C:\Users\Vinicius\.jdks\jbr-17.0.11\bin\verify.dll
0x00007ffe637c0000 - 0x00007ffe637e7000 	C:\Users\Vinicius\.gradle\native\68d5fa5c4cc2d200863cafc0d521ce42e7d3e7ee720ec0a83991735586a16f82\windows-amd64\native-platform.dll
0x00007ffe5ea30000 - 0x00007ffe5eb74000 	C:\Users\Vinicius\.gradle\native\e376f236ea51e6404a007f0833ffe2c6e607c4080706a723a18a27aeea778392\windows-amd64\native-platform-file-events.dll
0x00007ffe68510000 - 0x00007ffe68519000 	C:\Users\Vinicius\.jdks\jbr-17.0.11\bin\management.dll
0x00007ffe67990000 - 0x00007ffe6799b000 	C:\Users\Vinicius\.jdks\jbr-17.0.11\bin\management_ext.dll
0x00007ffe7bc20000 - 0x00007ffe7bc28000 	C:\Windows\System32\PSAPI.DLL
0x00007ffe79b70000 - 0x00007ffe79b88000 	C:\Windows\SYSTEM32\CRYPTSP.dll
0x00007ffe79230000 - 0x00007ffe79264000 	C:\Windows\system32\rsaenh.dll
0x00007ffe7a0e0000 - 0x00007ffe7a10e000 	C:\Windows\SYSTEM32\USERENV.dll
0x00007ffe79b90000 - 0x00007ffe79b9c000 	C:\Windows\SYSTEM32\CRYPTBASE.dll
0x00007ffe79610000 - 0x00007ffe7964b000 	C:\Windows\SYSTEM32\IPHLPAPI.DLL
0x00007ffe7c0e0000 - 0x00007ffe7c0e8000 	C:\Windows\System32\NSI.dll
0x00007ffe6e580000 - 0x00007ffe6e597000 	C:\Windows\SYSTEM32\dhcpcsvc6.DLL
0x00007ffe6f4f0000 - 0x00007ffe6f50d000 	C:\Windows\SYSTEM32\dhcpcsvc.DLL
0x00007ffe79650000 - 0x00007ffe7971a000 	C:\Windows\SYSTEM32\DNSAPI.dll
0x00007ffe66630000 - 0x00007ffe66639000 	C:\Users\Vinicius\.jdks\jbr-17.0.11\bin\extnet.dll
0x00007ffe66420000 - 0x00007ffe6642e000 	C:\Users\Vinicius\.jdks\jbr-17.0.11\bin\sunmscapi.dll
0x00007ffe7aa20000 - 0x00007ffe7ab7e000 	C:\Windows\System32\CRYPT32.dll
0x00007ffe79c90000 - 0x00007ffe79cb9000 	C:\Windows\SYSTEM32\ncrypt.dll
0x00007ffe79c50000 - 0x00007ffe79c8b000 	C:\Windows\SYSTEM32\NTASN1.dll
0x00007ffe717b0000 - 0x00007ffe717b7000 	C:\Windows\system32\wshunix.dll

dbghelp: loaded successfully - version: 4.0.5 - missing functions: none
symbol engine: initialized successfully - sym options: 0x614 - pdb path: .;C:\Users\Vinicius\.jdks\jbr-17.0.11\bin;C:\Windows\SYSTEM32;C:\Windows\WinSxS\amd64_microsoft.windows.common-controls_6595b64144ccf1df_6.0.19041.4355_none_60b8b9eb71f62e16;C:\Users\Vinicius\.jdks\jbr-17.0.11\bin\server;C:\Users\Vinicius\.gradle\native\68d5fa5c4cc2d200863cafc0d521ce42e7d3e7ee720ec0a83991735586a16f82\windows-amd64;C:\Users\Vinicius\.gradle\native\e376f236ea51e6404a007f0833ffe2c6e607c4080706a723a18a27aeea778392\windows-amd64

VM Arguments:
jvm_args: --add-opens=java.base/java.util=ALL-UNNAMED --add-opens=java.base/java.lang=ALL-UNNAMED --add-opens=java.base/java.lang.invoke=ALL-UNNAMED --add-opens=java.prefs/java.util.prefs=ALL-UNNAMED --add-opens=java.base/java.nio.charset=ALL-UNNAMED --add-opens=java.base/java.net=ALL-UNNAMED --add-opens=java.base/java.util.concurrent.atomic=ALL-UNNAMED -Xmx1024m -Dfile.encoding=UTF-8 -Duser.country=BR -Duser.language=pt -Duser.variant -javaagent:C:\Users\Vinicius\.gradle\wrapper\dists\gradle-8.2-bin\bbg7u40eoinfdyxsxr3z4i7ta\gradle-8.2\lib\agents\gradle-instrumentation-agent-8.2.jar 
java_command: org.gradle.launcher.daemon.bootstrap.GradleDaemon 8.2
java_class_path (initial): C:\Users\Vinicius\.gradle\wrapper\dists\gradle-8.2-bin\bbg7u40eoinfdyxsxr3z4i7ta\gradle-8.2\lib\gradle-launcher-8.2.jar
Launcher Type: SUN_STANDARD

[Global flags]
     intx CICompilerCount                          = 3                                         {product} {ergonomic}
     uint ConcGCThreads                            = 1                                         {product} {ergonomic}
     uint G1ConcRefinementThreads                  = 4                                         {product} {ergonomic}
   size_t G1HeapRegionSize                         = 1048576                                   {product} {ergonomic}
    uintx GCDrainStackTargetSize                   = 64                                        {product} {ergonomic}
   size_t InitialHeapSize                          = 134217728                                 {product} {ergonomic}
   size_t MarkStackSize                            = 4194304                                   {product} {ergonomic}
   size_t MaxHeapSize                              = 1073741824                                {product} {command line}
   size_t MaxNewSize                               = 643825664                                 {product} {ergonomic}
   size_t MinHeapDeltaBytes                        = 1048576                                   {product} {ergonomic}
   size_t MinHeapSize                              = 8388608                                   {product} {ergonomic}
    uintx NonNMethodCodeHeapSize                   = 5832780                                {pd product} {ergonomic}
    uintx NonProfiledCodeHeapSize                  = 122912730                              {pd product} {ergonomic}
    uintx ProfiledCodeHeapSize                     = 122912730                              {pd product} {ergonomic}
    uintx ReservedCodeCacheSize                    = 251658240                              {pd product} {ergonomic}
     bool SegmentedCodeCache                       = true                                      {product} {ergonomic}
   size_t SoftMaxHeapSize                          = 1073741824                             {manageable} {ergonomic}
     bool UseCompressedClassPointers               = true                           {product lp64_product} {ergonomic}
     bool UseCompressedOops                        = true                           {product lp64_product} {ergonomic}
     bool UseG1GC                                  = true                                      {product} {ergonomic}
     bool UseLargePagesIndividualAllocation        = false                                  {pd product} {ergonomic}

Logging:
Log output configuration:
 #0: stdout all=warning uptime,level,tags
 #1: stderr all=off uptime,level,tags

Environment Variables:
PATH=C:\Program Files\Microsoft\jdk-11.0.16.101-hotspot\bin;C:\Program Files (x86)\Intel\iCLS Client\;C:\Program Files\Intel\iCLS Client\;C:\Program Files (x86)\Common Files\Oracle\Java\javapath;C:\Windows\system32;C:\Windows;C:\Windows\System32\Wbem;C:\Windows\System32\WindowsPowerShell\v1.0\;C:\Windows\System32\OpenSSH\;C:\Program Files (x86)\Intel\Intel(R) Management Engine Components\DAL;C:\Program Files\Intel\Intel(R) Management Engine Components\DAL;C:\Program Files (x86)\Intel\Intel(R) Management Engine Components\IPT;C:\Program Files\Intel\Intel(R) Management Engine Components\IPT;C:\Program Files\NVIDIA Corporation\NVIDIA NvDLISR;C:\Program Files (x86)\NVIDIA Corporation\PhysX\Common;C:\sqlite;C:\Program Files\Git\cmd;C:\Users\Vinicius\AppData\Local\Programs\Python\Python312\Scripts\;C:\Users\Vinicius\AppData\Local\Programs\Python\Python312\;C:\Users\Vinicius\AppData\Local\Programs\Python\Launcher\;C:\Users\Vinicius\AppData\Local\Microsoft\WindowsApps;C:\Users\Vinicius\AppData\Local\Programs\Microsoft VS Code\bin
USERNAME=Vinicius
OS=Windows_NT
PROCESSOR_IDENTIFIER=Intel64 Family 6 Model 142 Stepping 9, GenuineIntel
TMP=C:\Users\Vinicius\AppData\Local\Temp
TEMP=C:\Users\Vinicius\AppData\Local\Temp



Periodic native trim disabled

JNI global refs:
JNI global refs: 27, weak refs: 10

JNI global refs memory usage: 843, weak refs: 841

Process memory usage:
Resident Set Size: 401152K (4% of 8261220K total physical memory with 603276K free physical memory)

OOME stack traces (most recent first):
Classloader memory used:
Loader org.gradle.internal.classloader.VisitableURLClassLoader                         : 4358K
Loader org.gradle.internal.classloader.VisitableURLClassLoader$InstrumentingVisitableURLClassLoader: 2510K
Loader bootstrap                                                                       : 1665K
Loader org.gradle.initialization.MixInLegacyTypesClassLoader                           : 1153K
Loader jdk.internal.loader.ClassLoaders$PlatformClassLoader                            : 71092B
Loader jdk.internal.reflect.DelegatingClassLoader                                      : 61277B
Loader jdk.internal.loader.ClassLoaders$AppClassLoader                                 : 28472B
Loader sun.reflect.misc.MethodUtil                                                     : 373B


[error occurred during error reporting (Classloader stats), id 0xe0000001, Out of Memory Error (s\src\hotspot\share\memory\arena.cpp:79)]


---------------  S Y S T E M  ---------------

OS:
 Windows 10 , 64 bit Build 19041 (10.0.19041.4597)
OS uptime: 0 days 10:36 hours

CPU: total 4 (initial active 4) (2 cores per cpu, 2 threads per core) family 6 model 142 stepping 9 microcode 0xb4, cx8, cmov, fxsr, ht, mmx, 3dnowpref, sse, sse2, sse3, ssse3, sse4.1, sse4.2, popcnt, lzcnt, tsc, tscinvbit, avx, avx2, aes, erms, clmul, bmi1, bmi2, adx, fma, vzeroupper, clflush, clflushopt
Processor Information for all 4 processors :
  Max Mhz: 2712, Current Mhz: 2511, Mhz Limit: 2495

Memory: 4k page, system-wide physical 8067M (589M free)
TotalPageFile size 10115M (AvailPageFile size 5M)
current process WorkingSet (physical memory assigned to process): 391M, peak: 404M
current process commit charge ("private bytes"): 427M, peak: 437M

vm_info: OpenJDK 64-Bit Server VM (17.0.11+1-b1312.2) for windows-amd64 JRE (17.0.11+1-b1312.2), built on 2024-06-08 by "builduser" with MS VC++ 16.10 / 16.11 (VS2019)

END.
