#
# There is insufficient memory for the Java Runtime Environment to continue.
# Native memory allocation (mmap) failed to map 20971520 bytes. Error detail: G1 virtual space
# Possible reasons:
#   The system is out of physical RAM or swap space
#   This process is running with CompressedOops enabled, and the Java Heap may be blocking the growth of the native heap
# Possible solutions:
#   Reduce memory load on the system
#   Increase physical memory or swap space
#   Check if swap backing store is full
#   Decrease Java heap size (-Xmx/-Xms)
#   Decrease number of Java threads
#   Decrease Java thread stack sizes (-Xss)
#   Set larger code cache with -XX:ReservedCodeCacheSize=
#   JVM is running with Unscaled Compressed Oops mode in which the Java heap is
#     placed in the first 4GB address space. The Java Heap base address is the
#     maximum limit for the native heap growth. Please use -XX:HeapBaseMinAddress
#     to set the Java Heap base and to place the Java Heap above 4GB virtual address.
# This output file may be truncated or incomplete.
#
#  Out of Memory Error (os_windows.cpp:3825), pid=2424, tid=7252
#
# JRE version: OpenJDK Runtime Environment JBR-17.0.11+1-1312.2-nomod (17.0.11+1) (build 17.0.11+1-b1312.2)
# Java VM: OpenJDK 64-Bit Server VM JBR-17.0.11+1-1312.2-nomod (17.0.11+1-b1312.2, mixed mode, sharing, tiered, compressed oops, compressed class ptrs, g1 gc, windows-amd64)
# No core dump will be written. Minidumps are not enabled by default on client versions of Windows
#

---------------  S U M M A R Y ------------

Command Line: --add-opens=java.base/java.util=ALL-UNNAMED --add-opens=java.base/java.lang=ALL-UNNAMED --add-opens=java.base/java.lang.invoke=ALL-UNNAMED --add-opens=java.prefs/java.util.prefs=ALL-UNNAMED --add-opens=java.base/java.nio.charset=ALL-UNNAMED --add-opens=java.base/java.net=ALL-UNNAMED --add-opens=java.base/java.util.concurrent.atomic=ALL-UNNAMED -Xmx1024m -Dfile.encoding=UTF-8 -Duser.country=BR -Duser.language=pt -Duser.variant -javaagent:C:\Users\Vinicius\.gradle\wrapper\dists\gradle-8.2-bin\bbg7u40eoinfdyxsxr3z4i7ta\gradle-8.2\lib\agents\gradle-instrumentation-agent-8.2.jar org.gradle.launcher.daemon.bootstrap.GradleDaemon 8.2

Host: Intel(R) Core(TM) i5-7200U CPU @ 2.50GHz, 4 cores, 7G,  Windows 10 , 64 bit Build 19041 (10.0.19041.4717)
Time: Sun Jul 28 12:18:29 2024 Hora oficial do Brasil elapsed time: 8.410104 seconds (0d 0h 0m 8s)

---------------  T H R E A D  ---------------

Current thread (0x000002482d872ad0):  VMThread "VM Thread" [stack: 0x000000a79bf00000,0x000000a79c000000] [id=7252]

Stack: [0x000000a79bf00000,0x000000a79c000000]
Native frames: (J=compiled Java code, j=interpreted, Vv=VM code, C=native code)
V  [jvm.dll+0x687839]

VM_Operation (0x000000a79bbff770): G1PauseRemark, mode: safepoint, requested by thread 0x0000024816664e60


---------------  P R O C E S S  ---------------

Threads class SMR info:
_java_thread_list=0x000002482df0e3d0, length=44, elements={
0x000002481661fe00, 0x000002482d876640, 0x000002482d8773d0, 0x000002482d88cbb0,
0x000002482d88d480, 0x000002482d88e4f0, 0x000002482d88edc0, 0x000002482d890a80,
0x000002482d8febd0, 0x000002482d919100, 0x000002482d92e870, 0x000002482dcde4f0,
0x000002482df3d580, 0x0000024874916850, 0x0000024874ee5690, 0x0000024874b54860,
0x00000248754ba060, 0x0000024874ec21a0, 0x00000248748744a0, 0x00000248741b9ed0,
0x0000024874cf88b0, 0x0000024874cf7980, 0x0000024874cf8dc0, 0x0000024874cf92d0,
0x0000024874cf5b20, 0x0000024874cf6030, 0x0000024874cf6f60, 0x0000024874cf7470,
0x0000024875021110, 0x0000024875023480, 0x000002487501e380, 0x0000024875021620,
0x000002487501cf40, 0x0000024875022f70, 0x0000024875022550, 0x000002487501de70,
0x00000248750206f0, 0x0000024875021b30, 0x000002487501c520, 0x000002487501ca30,
0x000002487501d960, 0x000002487501e890, 0x000002487501eda0, 0x000002487501f2b0
}

Java Threads: ( => current thread )
  0x000002481661fe00 JavaThread "main" [_thread_blocked, id=7228, stack(0x000000a79b900000,0x000000a79ba00000)]
  0x000002482d876640 JavaThread "Reference Handler" daemon [_thread_blocked, id=10508, stack(0x000000a79c000000,0x000000a79c100000)]
  0x000002482d8773d0 JavaThread "Finalizer" daemon [_thread_blocked, id=8300, stack(0x000000a79c100000,0x000000a79c200000)]
  0x000002482d88cbb0 JavaThread "Signal Dispatcher" daemon [_thread_blocked, id=6976, stack(0x000000a79c200000,0x000000a79c300000)]
  0x000002482d88d480 JavaThread "Attach Listener" daemon [_thread_blocked, id=1508, stack(0x000000a79c300000,0x000000a79c400000)]
  0x000002482d88e4f0 JavaThread "Service Thread" daemon [_thread_blocked, id=9532, stack(0x000000a79c400000,0x000000a79c500000)]
  0x000002482d88edc0 JavaThread "Monitor Deflation Thread" daemon [_thread_blocked, id=10844, stack(0x000000a79c500000,0x000000a79c600000)]
  0x000002482d890a80 JavaThread "C2 CompilerThread0" daemon [_thread_blocked, id=8168, stack(0x000000a79c600000,0x000000a79c700000)]
  0x000002482d8febd0 JavaThread "C1 CompilerThread0" daemon [_thread_blocked, id=6216, stack(0x000000a79c700000,0x000000a79c800000)]
  0x000002482d919100 JavaThread "Sweeper thread" daemon [_thread_blocked, id=4672, stack(0x000000a79c800000,0x000000a79c900000)]
  0x000002482d92e870 JavaThread "Common-Cleaner" daemon [_thread_blocked, id=4140, stack(0x000000a79c900000,0x000000a79ca00000)]
  0x000002482dcde4f0 JavaThread "Notification Thread" daemon [_thread_blocked, id=8364, stack(0x000000a79ca00000,0x000000a79cb00000)]
  0x000002482df3d580 JavaThread "C2 CompilerThread1" daemon [_thread_blocked, id=2960, stack(0x000000a79cc00000,0x000000a79cd00000)]
  0x0000024874916850 JavaThread "Daemon health stats" [_thread_blocked, id=6780, stack(0x000000a79d000000,0x000000a79d100000)]
  0x0000024874ee5690 JavaThread "Incoming local TCP Connector on port 52373" [_thread_in_native, id=8172, stack(0x000000a79d100000,0x000000a79d200000)]
  0x0000024874b54860 JavaThread "Daemon periodic checks" [_thread_blocked, id=2592, stack(0x000000a79d200000,0x000000a79d300000)]
  0x00000248754ba060 JavaThread "Daemon" [_thread_blocked, id=2780, stack(0x000000a79d300000,0x000000a79d400000)]
  0x0000024874ec21a0 JavaThread "Handler for socket connection from /127.0.0.1:52373 to /127.0.0.1:52374" [_thread_in_native, id=8324, stack(0x000000a79d400000,0x000000a79d500000)]
  0x00000248748744a0 JavaThread "Cancel handler" [_thread_blocked, id=2308, stack(0x000000a79d500000,0x000000a79d600000)]
  0x00000248741b9ed0 JavaThread "Daemon worker" [_thread_blocked, id=10972, stack(0x000000a79d600000,0x000000a79d700000)]
  0x0000024874cf88b0 JavaThread "Asynchronous log dispatcher for DefaultDaemonConnection: socket connection from /127.0.0.1:52373 to /127.0.0.1:52374" [_thread_blocked, id=2944, stack(0x000000a79d700000,0x000000a79d800000)]
  0x0000024874cf7980 JavaThread "Stdin handler" [_thread_blocked, id=8044, stack(0x000000a79d800000,0x000000a79d900000)]
  0x0000024874cf8dc0 JavaThread "Daemon client event forwarder" [_thread_blocked, id=9440, stack(0x000000a79d900000,0x000000a79da00000)]
  0x0000024874cf92d0 JavaThread "Cache worker for journal cache (C:\Users\Vinicius\.gradle\caches\journal-1)" [_thread_blocked, id=5284, stack(0x000000a79da00000,0x000000a79db00000)]
  0x0000024874cf5b20 JavaThread "File lock request listener" [_thread_in_native, id=2164, stack(0x000000a79db00000,0x000000a79dc00000)]
  0x0000024874cf6030 JavaThread "Cache worker for file hash cache (C:\Users\Vinicius\.gradle\caches\8.2\fileHashes)" [_thread_blocked, id=10684, stack(0x000000a79dc00000,0x000000a79dd00000)]
  0x0000024874cf6f60 JavaThread "File watcher server" daemon [_thread_in_native, id=10344, stack(0x000000a79dd00000,0x000000a79de00000)]
  0x0000024874cf7470 JavaThread "File watcher consumer" daemon [_thread_blocked, id=10464, stack(0x000000a79de00000,0x000000a79df00000)]
  0x0000024875021110 JavaThread "jar transforms" [_thread_blocked, id=4236, stack(0x000000a79df00000,0x000000a79e000000)]
  0x0000024875023480 JavaThread "jar transforms Thread 2" [_thread_blocked, id=7136, stack(0x000000a79e000000,0x000000a79e100000)]
  0x000002487501e380 JavaThread "jar transforms Thread 3" [_thread_blocked, id=7064, stack(0x000000a79e100000,0x000000a79e200000)]
  0x0000024875021620 JavaThread "jar transforms Thread 4" [_thread_blocked, id=1548, stack(0x000000a79e200000,0x000000a79e300000)]
  0x000002487501cf40 JavaThread "Cache worker for checksums cache (C:\Users\Vinicius\IntelliJIDEAProjects\Github\MyApplication\.gradle\8.2\checksums)" [_thread_blocked, id=8200, stack(0x000000a79e400000,0x000000a79e500000)]
  0x0000024875022f70 JavaThread "Cache worker for cache directory md-rule (C:\Users\Vinicius\.gradle\caches\8.2\md-rule)" [_thread_blocked, id=7676, stack(0x000000a79e500000,0x000000a79e600000)]
  0x0000024875022550 JavaThread "Cache worker for file content cache (C:\Users\Vinicius\.gradle\caches\8.2\fileContent)" [_thread_blocked, id=1500, stack(0x000000a79e600000,0x000000a79e700000)]
  0x000002487501de70 JavaThread "Cache worker for file hash cache (C:\Users\Vinicius\IntelliJIDEAProjects\Github\MyApplication\.gradle\8.2\fileHashes)" [_thread_blocked, id=10440, stack(0x000000a79e700000,0x000000a79e800000)]
  0x00000248750206f0 JavaThread "Cache worker for cache directory md-supplier (C:\Users\Vinicius\.gradle\caches\8.2\md-supplier)" [_thread_blocked, id=8352, stack(0x000000a79e800000,0x000000a79e900000)]
  0x0000024875021b30 JavaThread "Cache worker for execution history cache (C:\Users\Vinicius\.gradle\caches\8.2\executionHistory)" [_thread_blocked, id=7656, stack(0x000000a79e900000,0x000000a79ea00000)]
  0x000002487501c520 JavaThread "Cache worker for kotlin-dsl (C:\Users\Vinicius\.gradle\caches\8.2\kotlin-dsl)" [_thread_blocked, id=6720, stack(0x000000a79ea00000,0x000000a79eb00000)]
  0x000002487501ca30 JavaThread "Cache worker for dependencies-accessors (C:\Users\Vinicius\IntelliJIDEAProjects\Github\MyApplication\.gradle\8.2\dependencies-accessors)" [_thread_blocked, id=2396, stack(0x000000a79eb00000,0x000000a79ec00000)]
  0x000002487501d960 JavaThread "Cache worker for Build Output Cleanup Cache (C:\Users\Vinicius\IntelliJIDEAProjects\Github\MyApplication\.gradle\buildOutputCleanup)" [_thread_blocked, id=10164, stack(0x000000a79ec00000,0x000000a79ed00000)]
  0x000002487501e890 JavaThread "Unconstrained build operations" [_thread_blocked, id=6124, stack(0x000000a79ed00000,0x000000a79ee00000)]
  0x000002487501eda0 JavaThread "Unconstrained build operations Thread 2" [_thread_blocked, id=6460, stack(0x000000a79ee00000,0x000000a79ef00000)]
  0x000002487501f2b0 JavaThread "Unconstrained build operations Thread 3" [_thread_blocked, id=4464, stack(0x000000a79ef00000,0x000000a79f000000)]

Other Threads:
=>0x000002482d872ad0 VMThread "VM Thread" [stack: 0x000000a79bf00000,0x000000a79c000000] [id=7252]
  0x0000024816620cd0 WatcherThread [stack: 0x000000a79cb00000,0x000000a79cc00000] [id=10780]
  0x000002481665c000 GCTaskThread "GC Thread#0" [stack: 0x000000a79ba00000,0x000000a79bb00000] [id=10524]
  0x0000024873078e30 GCTaskThread "GC Thread#1" [stack: 0x000000a79cd00000,0x000000a79ce00000] [id=4892]
  0x0000024873247d80 GCTaskThread "GC Thread#2" [stack: 0x000000a79ce00000,0x000000a79cf00000] [id=11172]
  0x0000024873da4240 GCTaskThread "GC Thread#3" [stack: 0x000000a79cf00000,0x000000a79d000000] [id=6120]
  0x0000024816664e60 ConcurrentGCThread "G1 Main Marker" [stack: 0x000000a79bb00000,0x000000a79bc00000] [id=8288]
  0x0000024816665f30 ConcurrentGCThread "G1 Conc#0" [stack: 0x000000a79bc00000,0x000000a79bd00000] [id=1952]
  0x00000248166d1850 ConcurrentGCThread "G1 Refine#0" [stack: 0x000000a79bd00000,0x000000a79be00000] [id=7408]
  0x000002487419ac50 ConcurrentGCThread "G1 Refine#1" [stack: 0x000000a79e300000,0x000000a79e400000] [id=8208]
  0x00000248166d2190 ConcurrentGCThread "G1 Service" [stack: 0x000000a79be00000,0x000000a79bf00000] [id=5036]

Threads with active compile tasks:
C2 CompilerThread0     8527 6442       4       java.lang.ThreadLocal$ThreadLocalMap::set (133 bytes)

VM state: at safepoint (normal execution)

VM Mutex/Monitor currently owned by a thread:  ([mutex/lock_event])
[0x000002481661b7d0] Threads_lock - owner thread: 0x000002482d872ad0
[0x000002481661bb30] Heap_lock - owner thread: 0x0000024816664e60

Heap address: 0x00000000c0000000, size: 1024 MB, Compressed Oops mode: 32-bit

CDS archive(s) mapped at: [0x000002482e000000-0x000002482ec00000-0x000002482ec00000), size 12582912, SharedBaseAddress: 0x000002482e000000, ArchiveRelocationMode: 1.
Compressed class space mapped at: 0x000002482f000000-0x000002486f000000, reserved size: 1073741824
Narrow klass base: 0x000002482e000000, Narrow klass shift: 0, Narrow klass range: 0x100000000

GC Precious Log:
 CPUs: 4 total, 4 available
 Memory: 8067M
 Large Page Support: Disabled
 NUMA Support: Disabled
 Compressed Oops: Enabled (32-bit)
 Heap Region Size: 1M
 Heap Min Capacity: 8M
 Heap Initial Capacity: 128M
 Heap Max Capacity: 1G
 Pre-touch: Disabled
 Parallel Workers: 4
 Concurrent Workers: 1
 Concurrent Refinement Workers: 4
 Periodic GC: Disabled

Heap:
 garbage-first heap   total 137216K, used 91426K [0x00000000c0000000, 0x0000000100000000)
  region size 1024K, 15 young (15360K), 4 survivors (4096K)
 Metaspace       used 49477K, committed 50176K, reserved 1114112K
  class space    used 7111K, committed 7424K, reserved 1048576K

Heap Regions: E=young(eden), S=young(survivor), O=old, HS=humongous(starts), HC=humongous(continues), CS=collection set, F=free, OA=open archive, CA=closed archive, TAMS=top-at-mark-start (previous, next)
|   0|0x00000000c0000000, 0x00000000c0100000, 0x00000000c0100000|100%| O|  |TAMS 0x00000000c0100000, 0x00000000c0000000| Untracked 
|   1|0x00000000c0100000, 0x00000000c0200000, 0x00000000c0200000|100%| O|  |TAMS 0x00000000c0200000, 0x00000000c0100000| Untracked 
|   2|0x00000000c0200000, 0x00000000c0300000, 0x00000000c0300000|100%|HS|  |TAMS 0x00000000c0300000, 0x00000000c0200000| Complete 
|   3|0x00000000c0300000, 0x00000000c0400000, 0x00000000c0400000|100%|HC|  |TAMS 0x00000000c0400000, 0x00000000c0300000| Complete 
|   4|0x00000000c0400000, 0x00000000c0500000, 0x00000000c0500000|100%|HC|  |TAMS 0x00000000c0500000, 0x00000000c0400000| Complete 
|   5|0x00000000c0500000, 0x00000000c0600000, 0x00000000c0600000|100%|HC|  |TAMS 0x00000000c0600000, 0x00000000c0500000| Complete 
|   6|0x00000000c0600000, 0x00000000c0700000, 0x00000000c0700000|100%| O|  |TAMS 0x00000000c0700000, 0x00000000c0600000| Untracked 
|   7|0x00000000c0700000, 0x00000000c0800000, 0x00000000c0800000|100%| O|  |TAMS 0x00000000c0800000, 0x00000000c0700000| Untracked 
|   8|0x00000000c0800000, 0x00000000c0900000, 0x00000000c0900000|100%| O|  |TAMS 0x00000000c0900000, 0x00000000c0800000| Untracked 
|   9|0x00000000c0900000, 0x00000000c0a00000, 0x00000000c0a00000|100%| O|  |TAMS 0x00000000c0a00000, 0x00000000c0900000| Untracked 
|  10|0x00000000c0a00000, 0x00000000c0b00000, 0x00000000c0b00000|100%| O|  |TAMS 0x00000000c0b00000, 0x00000000c0a00000| Untracked 
|  11|0x00000000c0b00000, 0x00000000c0c00000, 0x00000000c0c00000|100%| O|  |TAMS 0x00000000c0c00000, 0x00000000c0b00000| Updating 
|  12|0x00000000c0c00000, 0x00000000c0d00000, 0x00000000c0d00000|100%|HS|  |TAMS 0x00000000c0d00000, 0x00000000c0c00000| Complete 
|  13|0x00000000c0d00000, 0x00000000c0e00000, 0x00000000c0e00000|100%|HC|  |TAMS 0x00000000c0e00000, 0x00000000c0d00000| Complete 
|  14|0x00000000c0e00000, 0x00000000c0f00000, 0x00000000c0f00000|100%|HC|  |TAMS 0x00000000c0f00000, 0x00000000c0e00000| Complete 
|  15|0x00000000c0f00000, 0x00000000c1000000, 0x00000000c1000000|100%|HC|  |TAMS 0x00000000c1000000, 0x00000000c0f00000| Complete 
|  16|0x00000000c1000000, 0x00000000c1100000, 0x00000000c1100000|100%|HC|  |TAMS 0x00000000c1100000, 0x00000000c1000000| Complete 
|  17|0x00000000c1100000, 0x00000000c1200000, 0x00000000c1200000|100%|HS|  |TAMS 0x00000000c1200000, 0x00000000c1100000| Complete 
|  18|0x00000000c1200000, 0x00000000c1300000, 0x00000000c1300000|100%|HC|  |TAMS 0x00000000c1300000, 0x00000000c1200000| Complete 
|  19|0x00000000c1300000, 0x00000000c1400000, 0x00000000c1400000|100%|HC|  |TAMS 0x00000000c1400000, 0x00000000c1300000| Complete 
|  20|0x00000000c1400000, 0x00000000c1500000, 0x00000000c1500000|100%| O|  |TAMS 0x00000000c1500000, 0x00000000c1400000| Untracked 
|  21|0x00000000c1500000, 0x00000000c1600000, 0x00000000c1600000|100%| O|  |TAMS 0x00000000c1600000, 0x00000000c1500000| Untracked 
|  22|0x00000000c1600000, 0x00000000c1700000, 0x00000000c1700000|100%| O|  |TAMS 0x00000000c1700000, 0x00000000c1600000| Untracked 
|  23|0x00000000c1700000, 0x00000000c1800000, 0x00000000c1800000|100%| O|  |TAMS 0x00000000c1800000, 0x00000000c1700000| Untracked 
|  24|0x00000000c1800000, 0x00000000c1900000, 0x00000000c1900000|100%| O|  |TAMS 0x00000000c1900000, 0x00000000c1800000| Untracked 
|  25|0x00000000c1900000, 0x00000000c1a00000, 0x00000000c1a00000|100%| O|  |TAMS 0x00000000c1a00000, 0x00000000c1900000| Untracked 
|  26|0x00000000c1a00000, 0x00000000c1b00000, 0x00000000c1b00000|100%| O|  |TAMS 0x00000000c1b00000, 0x00000000c1a00000| Untracked 
|  27|0x00000000c1b00000, 0x00000000c1be2000, 0x00000000c1c00000| 88%| O|  |TAMS 0x00000000c1be2000, 0x00000000c1b00000| Untracked 
|  28|0x00000000c1c00000, 0x00000000c1d00000, 0x00000000c1d00000|100%|HS|  |TAMS 0x00000000c1d00000, 0x00000000c1c00000| Complete 
|  29|0x00000000c1d00000, 0x00000000c1e00000, 0x00000000c1e00000|100%|HC|  |TAMS 0x00000000c1e00000, 0x00000000c1d00000| Complete 
|  30|0x00000000c1e00000, 0x00000000c1f00000, 0x00000000c1f00000|100%|HC|  |TAMS 0x00000000c1f00000, 0x00000000c1e00000| Complete 
|  31|0x00000000c1f00000, 0x00000000c2000000, 0x00000000c2000000|100%| O|  |TAMS 0x00000000c2000000, 0x00000000c1f00000| Updating 
|  32|0x00000000c2000000, 0x00000000c2100000, 0x00000000c2100000|100%| O|  |TAMS 0x00000000c2100000, 0x00000000c2000000| Untracked 
|  33|0x00000000c2100000, 0x00000000c2200000, 0x00000000c2200000|100%| O|  |TAMS 0x00000000c2200000, 0x00000000c2100000| Updating 
|  34|0x00000000c2200000, 0x00000000c2300000, 0x00000000c2300000|100%| O|  |TAMS 0x00000000c2300000, 0x00000000c2200000| Untracked 
|  35|0x00000000c2300000, 0x00000000c2400000, 0x00000000c2400000|100%| O|  |TAMS 0x00000000c2400000, 0x00000000c2300000| Untracked 
|  36|0x00000000c2400000, 0x00000000c2500000, 0x00000000c2500000|100%| O|  |TAMS 0x00000000c2500000, 0x00000000c2400000| Untracked 
|  37|0x00000000c2500000, 0x00000000c2600000, 0x00000000c2600000|100%| O|  |TAMS 0x00000000c2600000, 0x00000000c2500000| Untracked 
|  38|0x00000000c2600000, 0x00000000c2700000, 0x00000000c2700000|100%| O|  |TAMS 0x00000000c2700000, 0x00000000c2600000| Untracked 
|  39|0x00000000c2700000, 0x00000000c2800000, 0x00000000c2800000|100%| O|  |TAMS 0x00000000c2800000, 0x00000000c2700000| Untracked 
|  40|0x00000000c2800000, 0x00000000c2900000, 0x00000000c2900000|100%|HS|  |TAMS 0x00000000c2900000, 0x00000000c2800000| Complete 
|  41|0x00000000c2900000, 0x00000000c2a00000, 0x00000000c2a00000|100%|HC|  |TAMS 0x00000000c2a00000, 0x00000000c2900000| Complete 
|  42|0x00000000c2a00000, 0x00000000c2b00000, 0x00000000c2b00000|100%|HC|  |TAMS 0x00000000c2b00000, 0x00000000c2a00000| Complete 
|  43|0x00000000c2b00000, 0x00000000c2c00000, 0x00000000c2c00000|100%|HC|  |TAMS 0x00000000c2c00000, 0x00000000c2b00000| Complete 
|  44|0x00000000c2c00000, 0x00000000c2d00000, 0x00000000c2d00000|100%|HC|  |TAMS 0x00000000c2d00000, 0x00000000c2c00000| Complete 
|  45|0x00000000c2d00000, 0x00000000c2e00000, 0x00000000c2e00000|100%| O|  |TAMS 0x00000000c2e00000, 0x00000000c2d00000| Untracked 
|  46|0x00000000c2e00000, 0x00000000c2f00000, 0x00000000c2f00000|100%| O|  |TAMS 0x00000000c2f00000, 0x00000000c2e00000| Untracked 
|  47|0x00000000c2f00000, 0x00000000c3000000, 0x00000000c3000000|100%| O|  |TAMS 0x00000000c3000000, 0x00000000c2f00000| Untracked 
|  48|0x00000000c3000000, 0x00000000c3100000, 0x00000000c3100000|100%| O|  |TAMS 0x00000000c3100000, 0x00000000c3000000| Untracked 
|  49|0x00000000c3100000, 0x00000000c3200000, 0x00000000c3200000|100%| O|  |TAMS 0x00000000c3200000, 0x00000000c3100000| Untracked 
|  50|0x00000000c3200000, 0x00000000c3300000, 0x00000000c3300000|100%| O|  |TAMS 0x00000000c3300000, 0x00000000c3200000| Untracked 
|  51|0x00000000c3300000, 0x00000000c3400000, 0x00000000c3400000|100%| O|  |TAMS 0x00000000c3400000, 0x00000000c3300000| Untracked 
|  52|0x00000000c3400000, 0x00000000c3500000, 0x00000000c3500000|100%| O|  |TAMS 0x00000000c3500000, 0x00000000c3400000| Untracked 
|  53|0x00000000c3500000, 0x00000000c3600000, 0x00000000c3600000|100%| O|  |TAMS 0x00000000c3600000, 0x00000000c3500000| Untracked 
|  54|0x00000000c3600000, 0x00000000c3700000, 0x00000000c3700000|100%| O|  |TAMS 0x00000000c3700000, 0x00000000c3600000| Untracked 
|  55|0x00000000c3700000, 0x00000000c3800000, 0x00000000c3800000|100%| O|  |TAMS 0x00000000c3800000, 0x00000000c3700000| Untracked 
|  56|0x00000000c3800000, 0x00000000c3900000, 0x00000000c3900000|100%| O|  |TAMS 0x00000000c3900000, 0x00000000c3800000| Untracked 
|  57|0x00000000c3900000, 0x00000000c3a00000, 0x00000000c3a00000|100%| O|  |TAMS 0x00000000c3a00000, 0x00000000c3900000| Untracked 
|  58|0x00000000c3a00000, 0x00000000c3b00000, 0x00000000c3b00000|100%| O|  |TAMS 0x00000000c3b00000, 0x00000000c3a00000| Untracked 
|  59|0x00000000c3b00000, 0x00000000c3c00000, 0x00000000c3c00000|100%| O|  |TAMS 0x00000000c3b48a00, 0x00000000c3b00000| Updating 
|  60|0x00000000c3c00000, 0x00000000c3d00000, 0x00000000c3d00000|100%|HS|  |TAMS 0x00000000c3d00000, 0x00000000c3c00000| Complete 
|  61|0x00000000c3d00000, 0x00000000c3e00000, 0x00000000c3e00000|100%|HS|  |TAMS 0x00000000c3e00000, 0x00000000c3d00000| Complete 
|  62|0x00000000c3e00000, 0x00000000c3f00000, 0x00000000c3f00000|100%|HS|  |TAMS 0x00000000c3f00000, 0x00000000c3e00000| Complete 
|  63|0x00000000c3f00000, 0x00000000c4000000, 0x00000000c4000000|100%|HC|  |TAMS 0x00000000c4000000, 0x00000000c3f00000| Complete 
|  64|0x00000000c4000000, 0x00000000c4100000, 0x00000000c4100000|100%|HS|  |TAMS 0x00000000c4100000, 0x00000000c4000000| Complete 
|  65|0x00000000c4100000, 0x00000000c4200000, 0x00000000c4200000|100%|HC|  |TAMS 0x00000000c4200000, 0x00000000c4100000| Complete 
|  66|0x00000000c4200000, 0x00000000c4300000, 0x00000000c4300000|100%|HS|  |TAMS 0x00000000c4300000, 0x00000000c4200000| Complete 
|  67|0x00000000c4300000, 0x00000000c4400000, 0x00000000c4400000|100%|HS|  |TAMS 0x00000000c4400000, 0x00000000c4300000| Complete 
|  68|0x00000000c4400000, 0x00000000c4500000, 0x00000000c4500000|100%|HS|  |TAMS 0x00000000c4500000, 0x00000000c4400000| Complete 
|  69|0x00000000c4500000, 0x00000000c4600000, 0x00000000c4600000|100%|HC|  |TAMS 0x00000000c4600000, 0x00000000c4500000| Complete 
|  70|0x00000000c4600000, 0x00000000c4700000, 0x00000000c4700000|100%|HC|  |TAMS 0x00000000c4700000, 0x00000000c4600000| Complete 
|  71|0x00000000c4700000, 0x00000000c4800000, 0x00000000c4800000|100%|HC|  |TAMS 0x00000000c4800000, 0x00000000c4700000| Complete 
|  72|0x00000000c4800000, 0x00000000c4900000, 0x00000000c4900000|100%| O|  |TAMS 0x00000000c4800000, 0x00000000c4800000| Untracked 
|  73|0x00000000c4900000, 0x00000000c4a00000, 0x00000000c4a00000|100%| O|  |TAMS 0x00000000c4900000, 0x00000000c4900000| Untracked 
|  74|0x00000000c4a00000, 0x00000000c4a66800, 0x00000000c4b00000| 40%| O|  |TAMS 0x00000000c4a00000, 0x00000000c4a00000| Updating 
|  75|0x00000000c4b00000, 0x00000000c4c00000, 0x00000000c4c00000|100%|HS|  |TAMS 0x00000000c4b00000, 0x00000000c4b00000| Complete 
|  76|0x00000000c4c00000, 0x00000000c4d00000, 0x00000000c4d00000|100%|HS|  |TAMS 0x00000000c4c00000, 0x00000000c4c00000| Complete 
|  77|0x00000000c4d00000, 0x00000000c4d00000, 0x00000000c4e00000|  0%| F|  |TAMS 0x00000000c4d00000, 0x00000000c4d00000| Untracked 
|  78|0x00000000c4e00000, 0x00000000c4e00000, 0x00000000c4f00000|  0%| F|  |TAMS 0x00000000c4e00000, 0x00000000c4e00000| Untracked 
|  79|0x00000000c4f00000, 0x00000000c4f00000, 0x00000000c5000000|  0%| F|  |TAMS 0x00000000c4f00000, 0x00000000c4f00000| Untracked 
|  80|0x00000000c5000000, 0x00000000c5000000, 0x00000000c5100000|  0%| F|  |TAMS 0x00000000c5000000, 0x00000000c5000000| Untracked 
|  81|0x00000000c5100000, 0x00000000c5100000, 0x00000000c5200000|  0%| F|  |TAMS 0x00000000c5100000, 0x00000000c5100000| Untracked 
|  82|0x00000000c5200000, 0x00000000c5200000, 0x00000000c5300000|  0%| F|  |TAMS 0x00000000c5200000, 0x00000000c5200000| Untracked 
|  83|0x00000000c5300000, 0x00000000c5300000, 0x00000000c5400000|  0%| F|  |TAMS 0x00000000c5300000, 0x00000000c5300000| Untracked 
|  84|0x00000000c5400000, 0x00000000c5400000, 0x00000000c5500000|  0%| F|  |TAMS 0x00000000c5400000, 0x00000000c5400000| Untracked 
|  85|0x00000000c5500000, 0x00000000c5500000, 0x00000000c5600000|  0%| F|  |TAMS 0x00000000c5500000, 0x00000000c5500000| Untracked 
|  86|0x00000000c5600000, 0x00000000c5600000, 0x00000000c5700000|  0%| F|  |TAMS 0x00000000c5600000, 0x00000000c5600000| Untracked 
|  87|0x00000000c5700000, 0x00000000c5700000, 0x00000000c5800000|  0%| F|  |TAMS 0x00000000c5700000, 0x00000000c5700000| Untracked 
|  88|0x00000000c5800000, 0x00000000c5800000, 0x00000000c5900000|  0%| F|  |TAMS 0x00000000c5800000, 0x00000000c5800000| Untracked 
|  89|0x00000000c5900000, 0x00000000c5900000, 0x00000000c5a00000|  0%| F|  |TAMS 0x00000000c5900000, 0x00000000c5900000| Untracked 
|  90|0x00000000c5a00000, 0x00000000c5a00000, 0x00000000c5b00000|  0%| F|  |TAMS 0x00000000c5a00000, 0x00000000c5a00000| Untracked 
|  91|0x00000000c5b00000, 0x00000000c5b00000, 0x00000000c5c00000|  0%| F|  |TAMS 0x00000000c5b00000, 0x00000000c5b00000| Untracked 
|  92|0x00000000c5c00000, 0x00000000c5c00000, 0x00000000c5d00000|  0%| F|  |TAMS 0x00000000c5c00000, 0x00000000c5c00000| Untracked 
|  93|0x00000000c5d00000, 0x00000000c5d00000, 0x00000000c5e00000|  0%| F|  |TAMS 0x00000000c5d00000, 0x00000000c5d00000| Untracked 
|  94|0x00000000c5e00000, 0x00000000c5e00000, 0x00000000c5f00000|  0%| F|  |TAMS 0x00000000c5e00000, 0x00000000c5e00000| Untracked 
|  95|0x00000000c5f00000, 0x00000000c5f00000, 0x00000000c6000000|  0%| F|  |TAMS 0x00000000c5f00000, 0x00000000c5f00000| Untracked 
|  96|0x00000000c6000000, 0x00000000c6000000, 0x00000000c6100000|  0%| F|  |TAMS 0x00000000c6000000, 0x00000000c6000000| Untracked 
|  97|0x00000000c6100000, 0x00000000c6100000, 0x00000000c6200000|  0%| F|  |TAMS 0x00000000c6100000, 0x00000000c6100000| Untracked 
|  98|0x00000000c6200000, 0x00000000c6200000, 0x00000000c6300000|  0%| F|  |TAMS 0x00000000c6200000, 0x00000000c6200000| Untracked 
|  99|0x00000000c6300000, 0x00000000c6300000, 0x00000000c6400000|  0%| F|  |TAMS 0x00000000c6300000, 0x00000000c6300000| Untracked 
| 100|0x00000000c6400000, 0x00000000c6400000, 0x00000000c6500000|  0%| F|  |TAMS 0x00000000c6400000, 0x00000000c6400000| Untracked 
| 101|0x00000000c6500000, 0x00000000c6500000, 0x00000000c6600000|  0%| F|  |TAMS 0x00000000c6500000, 0x00000000c6500000| Untracked 
| 102|0x00000000c6600000, 0x00000000c6600000, 0x00000000c6700000|  0%| F|  |TAMS 0x00000000c6600000, 0x00000000c6600000| Untracked 
| 103|0x00000000c6700000, 0x00000000c6700000, 0x00000000c6800000|  0%| F|  |TAMS 0x00000000c6700000, 0x00000000c6700000| Untracked 
| 104|0x00000000c6800000, 0x00000000c6800000, 0x00000000c6900000|  0%| F|  |TAMS 0x00000000c6800000, 0x00000000c6800000| Untracked 
| 105|0x00000000c6900000, 0x00000000c6900000, 0x00000000c6a00000|  0%| F|  |TAMS 0x00000000c6900000, 0x00000000c6900000| Untracked 
| 106|0x00000000c6a00000, 0x00000000c6a00000, 0x00000000c6b00000|  0%| F|  |TAMS 0x00000000c6a00000, 0x00000000c6a00000| Untracked 
| 107|0x00000000c6b00000, 0x00000000c6b00000, 0x00000000c6c00000|  0%| F|  |TAMS 0x00000000c6b00000, 0x00000000c6b00000| Untracked 
| 108|0x00000000c6c00000, 0x00000000c6c00000, 0x00000000c6d00000|  0%| F|  |TAMS 0x00000000c6c00000, 0x00000000c6c00000| Untracked 
| 109|0x00000000c6d00000, 0x00000000c6d00000, 0x00000000c6e00000|  0%| F|  |TAMS 0x00000000c6d00000, 0x00000000c6d00000| Untracked 
| 110|0x00000000c6e00000, 0x00000000c6e00000, 0x00000000c6f00000|  0%| F|  |TAMS 0x00000000c6e00000, 0x00000000c6e00000| Untracked 
| 111|0x00000000c6f00000, 0x00000000c6f00000, 0x00000000c7000000|  0%| F|  |TAMS 0x00000000c6f00000, 0x00000000c6f00000| Untracked 
| 112|0x00000000c7000000, 0x00000000c7000000, 0x00000000c7100000|  0%| F|  |TAMS 0x00000000c7000000, 0x00000000c7000000| Untracked 
| 113|0x00000000c7100000, 0x00000000c7100000, 0x00000000c7200000|  0%| F|  |TAMS 0x00000000c7100000, 0x00000000c7100000| Untracked 
| 114|0x00000000c7200000, 0x00000000c7200000, 0x00000000c7300000|  0%| F|  |TAMS 0x00000000c7200000, 0x00000000c7200000| Untracked 
| 115|0x00000000c7300000, 0x00000000c7300000, 0x00000000c7400000|  0%| F|  |TAMS 0x00000000c7300000, 0x00000000c7300000| Untracked 
| 116|0x00000000c7400000, 0x00000000c7400000, 0x00000000c7500000|  0%| F|  |TAMS 0x00000000c7400000, 0x00000000c7400000| Untracked 
| 117|0x00000000c7500000, 0x00000000c7500000, 0x00000000c7600000|  0%| F|  |TAMS 0x00000000c7500000, 0x00000000c7500000| Untracked 
| 118|0x00000000c7600000, 0x00000000c7600000, 0x00000000c7700000|  0%| F|  |TAMS 0x00000000c7600000, 0x00000000c7600000| Untracked 
| 119|0x00000000c7700000, 0x00000000c77f75b0, 0x00000000c7800000| 96%| E|  |TAMS 0x00000000c7700000, 0x00000000c7700000| Complete 
| 120|0x00000000c7800000, 0x00000000c7900000, 0x00000000c7900000|100%| E|  |TAMS 0x00000000c7800000, 0x00000000c7800000| Complete 
| 121|0x00000000c7900000, 0x00000000c7a00000, 0x00000000c7a00000|100%| E|CS|TAMS 0x00000000c7900000, 0x00000000c7900000| Complete 
| 122|0x00000000c7a00000, 0x00000000c7b00000, 0x00000000c7b00000|100%| E|CS|TAMS 0x00000000c7a00000, 0x00000000c7a00000| Complete 
| 123|0x00000000c7b00000, 0x00000000c7c00000, 0x00000000c7c00000|100%| E|CS|TAMS 0x00000000c7b00000, 0x00000000c7b00000| Complete 
| 124|0x00000000c7c00000, 0x00000000c7d00000, 0x00000000c7d00000|100%| S|CS|TAMS 0x00000000c7c00000, 0x00000000c7c00000| Complete 
| 125|0x00000000c7d00000, 0x00000000c7e00000, 0x00000000c7e00000|100%| S|CS|TAMS 0x00000000c7d00000, 0x00000000c7d00000| Complete 
| 126|0x00000000c7e00000, 0x00000000c7f00000, 0x00000000c7f00000|100%| S|CS|TAMS 0x00000000c7e00000, 0x00000000c7e00000| Complete 
| 127|0x00000000c7f00000, 0x00000000c8000000, 0x00000000c8000000|100%| E|CS|TAMS 0x00000000c7f00000, 0x00000000c7f00000| Complete 
| 128|0x00000000c8000000, 0x00000000c8100000, 0x00000000c8100000|100%| S|CS|TAMS 0x00000000c8000000, 0x00000000c8000000| Complete 
| 129|0x00000000c8100000, 0x00000000c8200000, 0x00000000c8200000|100%| E|CS|TAMS 0x00000000c8100000, 0x00000000c8100000| Complete 
| 130|0x00000000c8200000, 0x00000000c8300000, 0x00000000c8300000|100%| E|CS|TAMS 0x00000000c8200000, 0x00000000c8200000| Complete 
| 131|0x00000000c8300000, 0x00000000c8400000, 0x00000000c8400000|100%| E|CS|TAMS 0x00000000c8300000, 0x00000000c8300000| Complete 
| 132|0x00000000c8400000, 0x00000000c8500000, 0x00000000c8500000|100%| E|CS|TAMS 0x00000000c8400000, 0x00000000c8400000| Complete 
| 133|0x00000000c8500000, 0x00000000c8600000, 0x00000000c8600000|100%| E|CS|TAMS 0x00000000c8500000, 0x00000000c8500000| Complete 

Card table byte_map: [0x0000024829000000,0x0000024829200000] _byte_map_base: 0x0000024828a00000

Marking Bits (Prev, Next): (CMBitMap*) 0x000002481665c530, (CMBitMap*) 0x000002481665c570
 Prev Bits: [0x0000024829400000, 0x000002482a400000)
 Next Bits: [0x000002482a400000, 0x000002482b400000)

Polling page: 0x0000024814600000

Metaspace:

Usage:
  Non-class:     41.37 MB used.
      Class:      6.94 MB used.
       Both:     48.32 MB used.

Virtual space:
  Non-class space:       64.00 MB reserved,      41.75 MB ( 65%) committed,  1 nodes.
      Class space:        1.00 GB reserved,       7.25 MB ( <1%) committed,  1 nodes.
             Both:        1.06 GB reserved,      49.00 MB (  5%) committed. 

Chunk freelists:
   Non-Class:  5.92 MB
       Class:  8.73 MB
        Both:  14.66 MB

MaxMetaspaceSize: unlimited
CompressedClassSpaceSize: 1.00 GB
Initial GC threshold: 21.00 MB
Current GC threshold: 80.12 MB
CDS: on
MetaspaceReclaimPolicy: balanced
 - commit_granule_bytes: 65536.
 - commit_granule_words: 8192.
 - virtual_space_node_default_size: 8388608.
 - enlarge_chunks_in_place: 1.
 - new_chunks_are_fully_committed: 0.
 - uncommit_free_chunks: 1.
 - use_allocation_guard: 0.
 - handle_deallocations: 1.


Internal statistics:

num_allocs_failed_limit: 9.
num_arena_births: 722.
num_arena_deaths: 0.
num_vsnodes_births: 2.
num_vsnodes_deaths: 0.
num_space_committed: 784.
num_space_uncommitted: 0.
num_chunks_returned_to_freelist: 9.
num_chunks_taken_from_freelist: 2723.
num_chunk_merges: 9.
num_chunk_splits: 1786.
num_chunks_enlarged: 1179.
num_inconsistent_stats: 0.

CodeHeap 'non-profiled nmethods': size=120000Kb used=2667Kb max_used=2971Kb free=117333Kb
 bounds [0x00000248218d0000, 0x0000024821bc0000, 0x0000024828e00000]
CodeHeap 'profiled nmethods': size=120000Kb used=10822Kb max_used=10822Kb free=109177Kb
 bounds [0x0000024819e00000, 0x000002481a8a0000, 0x0000024821330000]
CodeHeap 'non-nmethods': size=5760Kb used=2347Kb max_used=2401Kb free=3412Kb
 bounds [0x0000024821330000, 0x00000248215b0000, 0x00000248218d0000]
 total_blobs=6507 nmethods=5661 adapters=755
 compilation: enabled
              stopped_count=0, restarted_count=0
 full_count=0

Compilation events (20 events):
Event: 8.342 Thread 0x000002482d8febd0 nmethod 6432 0x000002481a88da10 code [0x000002481a88dbc0, 0x000002481a88dd28]
Event: 8.342 Thread 0x000002482d8febd0 6433   !   3       sun.nio.cs.StreamDecoder::read (196 bytes)
Event: 8.343 Thread 0x000002482d8febd0 nmethod 6433 0x000002481a88de10 code [0x000002481a88e080, 0x000002481a88ec88]
Event: 8.343 Thread 0x000002482d8febd0 6434       3       jdk.internal.loader.URLClassPath$JarLoader::<init> (67 bytes)
Event: 8.344 Thread 0x000002482d8febd0 nmethod 6434 0x000002481a88f190 code [0x000002481a88f420, 0x000002481a890038]
Event: 8.345 Thread 0x000002482d8febd0 6435       3       jdk.internal.loader.URLClassPath::findResource (38 bytes)
Event: 8.345 Thread 0x000002482d8febd0 nmethod 6435 0x000002481a890490 code [0x000002481a890660, 0x000002481a8909b8]
Event: 8.351 Thread 0x000002482d890a80 6436       4       java.lang.String::regionMatches (150 bytes)
Event: 8.362 Thread 0x000002482d8febd0 6437       3       org.gradle.internal.classloader.VisitableURLClassLoader$InstrumentingVisitableURLClassLoader::instrumentClass (10 bytes)
Event: 8.362 Thread 0x000002482d8febd0 nmethod 6437 0x000002481a890b10 code [0x000002481a890d20, 0x000002481a8912d8]
Event: 8.362 Thread 0x000002482d8febd0 6438   !   3       org.gradle.internal.classloader.TransformReplacer::getInstrumentedClass (34 bytes)
Event: 8.363 Thread 0x000002482d8febd0 nmethod 6438 0x000002481a891590 code [0x000002481a891780, 0x000002481a891cb8]
Event: 8.363 Thread 0x000002482d8febd0 6439       3       org.gradle.internal.classloader.TransformReplacer$JarLoader::classNameToPath (20 bytes)
Event: 8.363 Thread 0x000002482d8febd0 nmethod 6439 0x000002481a891f10 code [0x000002481a892120, 0x000002481a892688]
Event: 8.364 Thread 0x000002482d890a80 nmethod 6436 0x0000024821a57b10 code [0x0000024821a57cc0, 0x0000024821a584b8]
Event: 8.381 Thread 0x000002482d8febd0 6440       3       java.util.zip.ZipFile$ZipFileInflaterInputStream::available (44 bytes)
Event: 8.382 Thread 0x000002482d8febd0 nmethod 6440 0x000002481a892890 code [0x000002481a892a60, 0x000002481a892de8]
Event: 8.382 Thread 0x000002482d8febd0 6441   !   3       java.util.zip.Inflater::getBytesWritten (23 bytes)
Event: 8.382 Thread 0x000002482d8febd0 nmethod 6441 0x000002481a892f10 code [0x000002481a8930c0, 0x000002481a8932e8]
Event: 8.384 Thread 0x000002482d890a80 6442       4       java.lang.ThreadLocal$ThreadLocalMap::set (133 bytes)

GC Heap History (20 events):
Event: 4.815 GC heap before
{Heap before GC invocations=6 (full 0):
 garbage-first heap   total 112640K, used 95112K [0x00000000c0000000, 0x0000000100000000)
  region size 1024K, 64 young (65536K), 4 survivors (4096K)
 Metaspace       used 29290K, committed 29696K, reserved 1114112K
  class space    used 4469K, committed 4608K, reserved 1048576K
}
Event: 4.823 GC heap after
{Heap after GC invocations=7 (full 0):
 garbage-first heap   total 112640K, used 40484K [0x00000000c0000000, 0x0000000100000000)
  region size 1024K, 9 young (9216K), 9 survivors (9216K)
 Metaspace       used 29290K, committed 29696K, reserved 1114112K
  class space    used 4469K, committed 4608K, reserved 1048576K
}
Event: 4.839 GC heap before
{Heap before GC invocations=7 (full 0):
 garbage-first heap   total 112640K, used 41508K [0x00000000c0000000, 0x0000000100000000)
  region size 1024K, 10 young (10240K), 9 survivors (9216K)
 Metaspace       used 29542K, committed 29952K, reserved 1114112K
  class space    used 4483K, committed 4672K, reserved 1048576K
}
Event: 4.847 GC heap after
{Heap after GC invocations=8 (full 0):
 garbage-first heap   total 112640K, used 40817K [0x00000000c0000000, 0x0000000100000000)
  region size 1024K, 1 young (1024K), 1 survivors (1024K)
 Metaspace       used 29542K, committed 29952K, reserved 1114112K
  class space    used 4483K, committed 4672K, reserved 1048576K
}
Event: 5.492 GC heap before
{Heap before GC invocations=8 (full 0):
 garbage-first heap   total 112640K, used 90993K [0x00000000c0000000, 0x0000000100000000)
  region size 1024K, 46 young (47104K), 1 survivors (1024K)
 Metaspace       used 35396K, committed 35840K, reserved 1114112K
  class space    used 5048K, committed 5248K, reserved 1048576K
}
Event: 5.497 GC heap after
{Heap after GC invocations=9 (full 0):
 garbage-first heap   total 112640K, used 44764K [0x00000000c0000000, 0x0000000100000000)
  region size 1024K, 5 young (5120K), 5 survivors (5120K)
 Metaspace       used 35396K, committed 35840K, reserved 1114112K
  class space    used 5048K, committed 5248K, reserved 1048576K
}
Event: 5.512 GC heap before
{Heap before GC invocations=9 (full 0):
 garbage-first heap   total 112640K, used 44764K [0x00000000c0000000, 0x0000000100000000)
  region size 1024K, 6 young (6144K), 5 survivors (5120K)
 Metaspace       used 35569K, committed 35968K, reserved 1114112K
  class space    used 5070K, committed 5248K, reserved 1048576K
}
Event: 5.517 GC heap after
{Heap after GC invocations=10 (full 0):
 garbage-first heap   total 112640K, used 44831K [0x00000000c0000000, 0x0000000100000000)
  region size 1024K, 1 young (1024K), 1 survivors (1024K)
 Metaspace       used 35569K, committed 35968K, reserved 1114112K
  class space    used 5070K, committed 5248K, reserved 1048576K
}
Event: 6.248 GC heap before
{Heap before GC invocations=11 (full 0):
 garbage-first heap   total 112640K, used 91935K [0x00000000c0000000, 0x0000000100000000)
  region size 1024K, 43 young (44032K), 1 survivors (1024K)
 Metaspace       used 39622K, committed 40128K, reserved 1114112K
  class space    used 5684K, committed 5888K, reserved 1048576K
}
Event: 6.255 GC heap after
{Heap after GC invocations=12 (full 0):
 garbage-first heap   total 112640K, used 53372K [0x00000000c0000000, 0x0000000100000000)
  region size 1024K, 4 young (4096K), 4 survivors (4096K)
 Metaspace       used 39622K, committed 40128K, reserved 1114112K
  class space    used 5684K, committed 5888K, reserved 1048576K
}
Event: 6.753 GC heap before
{Heap before GC invocations=13 (full 0):
 garbage-first heap   total 112640K, used 91260K [0x00000000c0000000, 0x0000000100000000)
  region size 1024K, 39 young (39936K), 4 survivors (4096K)
 Metaspace       used 42823K, committed 43456K, reserved 1114112K
  class space    used 6111K, committed 6400K, reserved 1048576K
}
Event: 6.759 GC heap after
{Heap after GC invocations=14 (full 0):
 garbage-first heap   total 112640K, used 55380K [0x00000000c0000000, 0x0000000100000000)
  region size 1024K, 2 young (2048K), 2 survivors (2048K)
 Metaspace       used 42823K, committed 43456K, reserved 1114112K
  class space    used 6111K, committed 6400K, reserved 1048576K
}
Event: 7.296 GC heap before
{Heap before GC invocations=14 (full 0):
 garbage-first heap   total 112640K, used 90196K [0x00000000c0000000, 0x0000000100000000)
  region size 1024K, 36 young (36864K), 2 survivors (2048K)
 Metaspace       used 45979K, committed 46592K, reserved 1114112K
  class space    used 6663K, committed 6912K, reserved 1048576K
}
Event: 7.301 GC heap after
{Heap after GC invocations=15 (full 0):
 garbage-first heap   total 112640K, used 57632K [0x00000000c0000000, 0x0000000100000000)
  region size 1024K, 5 young (5120K), 5 survivors (5120K)
 Metaspace       used 45979K, committed 46592K, reserved 1114112K
  class space    used 6663K, committed 6912K, reserved 1048576K
}
Event: 8.033 GC heap before
{Heap before GC invocations=16 (full 0):
 garbage-first heap   total 112640K, used 90400K [0x00000000c0000000, 0x0000000100000000)
  region size 1024K, 37 young (37888K), 5 survivors (5120K)
 Metaspace       used 48280K, committed 48896K, reserved 1114112K
  class space    used 6969K, committed 7232K, reserved 1048576K
}
Event: 8.042 GC heap after
{Heap after GC invocations=17 (full 0):
 garbage-first heap   total 112640K, used 60492K [0x00000000c0000000, 0x0000000100000000)
  region size 1024K, 5 young (5120K), 5 survivors (5120K)
 Metaspace       used 48280K, committed 48896K, reserved 1114112K
  class space    used 6969K, committed 7232K, reserved 1048576K
}
Event: 8.204 GC heap before
{Heap before GC invocations=17 (full 0):
 garbage-first heap   total 112640K, used 70732K [0x00000000c0000000, 0x0000000100000000)
  region size 1024K, 17 young (17408K), 5 survivors (5120K)
 Metaspace       used 48494K, committed 49152K, reserved 1114112K
  class space    used 6989K, committed 7296K, reserved 1048576K
}
Event: 8.211 GC heap after
{Heap after GC invocations=18 (full 0):
 garbage-first heap   total 112640K, used 62076K [0x00000000c0000000, 0x0000000100000000)
  region size 1024K, 2 young (2048K), 2 survivors (2048K)
 Metaspace       used 48494K, committed 49152K, reserved 1114112K
  class space    used 6989K, committed 7296K, reserved 1048576K
}
Event: 8.325 GC heap before
{Heap before GC invocations=19 (full 0):
 garbage-first heap   total 137216K, used 83580K [0x00000000c0000000, 0x0000000100000000)
  region size 1024K, 13 young (13312K), 2 survivors (2048K)
 Metaspace       used 48864K, committed 49472K, reserved 1114112K
  class space    used 7050K, committed 7296K, reserved 1048576K
}
Event: 8.328 GC heap after
{Heap after GC invocations=20 (full 0):
 garbage-first heap   total 137216K, used 80162K [0x00000000c0000000, 0x0000000100000000)
  region size 1024K, 4 young (4096K), 4 survivors (4096K)
 Metaspace       used 48864K, committed 49472K, reserved 1114112K
  class space    used 7050K, committed 7296K, reserved 1048576K
}

Dll operation events (4 events):
Event: 0.015 Loaded shared library C:\Users\Vinicius\.jdks\jbr-17.0.11\bin\java.dll
Event: 0.035 Loaded shared library C:\Users\Vinicius\.jdks\jbr-17.0.11\bin\jsvml.dll
Event: 0.348 Loaded shared library C:\Users\Vinicius\.jdks\jbr-17.0.11\bin\zip.dll
Event: 0.755 Loaded shared library C:\Users\Vinicius\.jdks\jbr-17.0.11\bin\verify.dll

Deoptimization events (20 events):
Event: 8.173 Thread 0x00000248741b9ed0 DEOPT PACKING pc=0x000002481a85ca59 sp=0x000000a79d6f7d80
Event: 8.173 Thread 0x00000248741b9ed0 DEOPT UNPACKING pc=0x0000024821387143 sp=0x000000a79d6f7278 mode 0
Event: 8.175 Thread 0x00000248741b9ed0 DEOPT PACKING pc=0x000002481a85ca59 sp=0x000000a79d6f7d80
Event: 8.175 Thread 0x00000248741b9ed0 DEOPT UNPACKING pc=0x0000024821387143 sp=0x000000a79d6f7278 mode 0
Event: 8.177 Thread 0x00000248741b9ed0 DEOPT PACKING pc=0x000002481a85ca59 sp=0x000000a79d6f83b0
Event: 8.177 Thread 0x00000248741b9ed0 DEOPT UNPACKING pc=0x0000024821387143 sp=0x000000a79d6f78a8 mode 0
Event: 8.177 Thread 0x00000248741b9ed0 DEOPT PACKING pc=0x000002481a85ca59 sp=0x000000a79d6f83b0
Event: 8.177 Thread 0x00000248741b9ed0 DEOPT UNPACKING pc=0x0000024821387143 sp=0x000000a79d6f78a8 mode 0
Event: 8.178 Thread 0x00000248741b9ed0 DEOPT PACKING pc=0x000002481a85ca59 sp=0x000000a79d6f83b0
Event: 8.178 Thread 0x00000248741b9ed0 DEOPT UNPACKING pc=0x0000024821387143 sp=0x000000a79d6f78a8 mode 0
Event: 8.201 Thread 0x00000248741b9ed0 Uncommon trap: trap_request=0xffffffde fr.pc=0x0000024821ba7748 relative=0x0000000000002848
Event: 8.201 Thread 0x00000248741b9ed0 Uncommon trap: reason=class_check action=maybe_recompile pc=0x0000024821ba7748 method=jdk.internal.loader.Resource.getBytes()[B @ 10 c2
Event: 8.201 Thread 0x00000248741b9ed0 DEOPT PACKING pc=0x0000024821ba7748 sp=0x000000a79d6f89f0
Event: 8.201 Thread 0x00000248741b9ed0 DEOPT UNPACKING pc=0x00000248213869a3 sp=0x000000a79d6f8a18 mode 2
Event: 8.202 Thread 0x00000248741b9ed0 Uncommon trap: trap_request=0xfffffff4 fr.pc=0x0000024821bb5444 relative=0x0000000000000764
Event: 8.202 Thread 0x00000248741b9ed0 Uncommon trap: reason=null_check action=make_not_entrant pc=0x0000024821bb5444 method=org.gradle.util.internal.SimpleMapInterner.intern(Ljava/lang/Object;)Ljava/lang/Object; @ 2 c2
Event: 8.202 Thread 0x00000248741b9ed0 DEOPT PACKING pc=0x0000024821bb5444 sp=0x000000a79d6f8710
Event: 8.202 Thread 0x00000248741b9ed0 DEOPT UNPACKING pc=0x00000248213869a3 sp=0x000000a79d6f86d8 mode 2
Event: 8.320 Thread 0x00000248741b9ed0 DEOPT PACKING pc=0x000002481a3cede6 sp=0x000000a79d6f6820
Event: 8.320 Thread 0x00000248741b9ed0 DEOPT UNPACKING pc=0x0000024821387143 sp=0x000000a79d6f5ce8 mode 0

Classes unloaded (0 events):
No events

Classes redefined (0 events):
No events

Internal exceptions (20 events):
Event: 7.107 Thread 0x00000248741b9ed0 Exception <a 'java/lang/ClassNotFoundException'{0x00000000c57f1628}: org/gradle/api/internal/plugins/DefaultPluginCollectionBeanInfo> (0x00000000c57f1628) 
thrown [s\src\hotspot\share\classfile\systemDictionary.cpp, line 256]
Event: 7.107 Thread 0x00000248741b9ed0 Exception <a 'java/lang/ClassNotFoundException'{0x00000000c57ff688}: org/gradle/api/internal/DefaultDomainObjectSetBeanInfo> (0x00000000c57ff688) 
thrown [s\src\hotspot\share\classfile\systemDictionary.cpp, line 256]
Event: 7.108 Thread 0x00000248741b9ed0 Exception <a 'java/lang/ClassNotFoundException'{0x00000000c560dcd0}: org/gradle/api/internal/DefaultDomainObjectCollectionBeanInfo> (0x00000000c560dcd0) 
thrown [s\src\hotspot\share\classfile\systemDictionary.cpp, line 256]
Event: 7.108 Thread 0x00000248741b9ed0 Exception <a 'java/lang/ClassNotFoundException'{0x00000000c5615988}: java/util/AbstractCollectionBeanInfo> (0x00000000c5615988) 
thrown [s\src\hotspot\share\classfile\systemDictionary.cpp, line 256]
Event: 7.108 Thread 0x00000248741b9ed0 Exception <a 'java/lang/ClassNotFoundException'{0x00000000c561d618}: java/util/AbstractCollectionCustomizer> (0x00000000c561d618) 
thrown [s\src\hotspot\share\classfile\systemDictionary.cpp, line 256]
Event: 7.110 Thread 0x00000248741b9ed0 Exception <a 'java/lang/ClassNotFoundException'{0x00000000c5634ad0}: org/gradle/api/internal/DefaultDomainObjectCollectionCustomizer> (0x00000000c5634ad0) 
thrown [s\src\hotspot\share\classfile\systemDictionary.cpp, line 256]
Event: 7.112 Thread 0x00000248741b9ed0 Exception <a 'java/lang/ClassNotFoundException'{0x00000000c56610c0}: org/gradle/api/internal/DefaultDomainObjectSetCustomizer> (0x00000000c56610c0) 
thrown [s\src\hotspot\share\classfile\systemDictionary.cpp, line 256]
Event: 7.113 Thread 0x00000248741b9ed0 Exception <a 'java/lang/ClassNotFoundException'{0x00000000c567dba8}: org/gradle/api/internal/plugins/DefaultPluginCollectionCustomizer> (0x00000000c567dba8) 
thrown [s\src\hotspot\share\classfile\systemDictionary.cpp, line 256]
Event: 7.115 Thread 0x00000248741b9ed0 Exception <a 'java/lang/ClassNotFoundException'{0x00000000c56b4ed8}: org/gradle/api/internal/plugins/DefaultPluginContainerCustomizer> (0x00000000c56b4ed8) 
thrown [s\src\hotspot\share\classfile\systemDictionary.cpp, line 256]
Event: 7.206 Thread 0x00000248741b9ed0 Exception <a 'java/lang/NoSuchMethodError'{0x00000000c502bc20}: 'long java.lang.invoke.DirectMethodHandle$Holder.invokeStatic(java.lang.Object, long)'> (0x00000000c502bc20) 
thrown [s\src\hotspot\share\interpreter\linkResolver.cpp, line 771]
Event: 7.335 Thread 0x00000248741b9ed0 Exception <a 'java/lang/NoSuchMethodError'{0x00000000c6c3d4c0}: 'java.lang.Object java.lang.invoke.DelegatingMethodHandle$Holder.reinvoke_L(java.lang.Object, java.lang.Object, java.lang.Object, java.lang.Object, java.lang.Object, java.lang.Object, java.lang.Object, java.lang.Object, java.lang.Object, java.lang.Object, java.lang.Object, java.lang.Object, java.lang.Object, java.lang.Object, java.lang.Object, java.lang.Object, java.lang.Object, java.lang.Object, java.lang.Object, java.lang.Object, java.lang.O
Event: 7.336 Thread 0x00000248741b9ed0 Exception <a 'java/lang/NoSuchMethodError'{0x00000000c6c48c98}: 'java.lang.Object java.lang.invoke.DirectMethodHandle$Holder.invokeSpecial(java.lang.Object, java.lang.Object, java.lang.Object, java.lang.Object, java.lang.Object, java.lang.Object, java.lang.Object, java.lang.Object, java.lang.Object, java.lang.Object, java.lang.Object, java.lang.Object, java.lang.Object, java.lang.Object, java.lang.Object, java.lang.Object, java.lang.Object, java.lang.Object, java.lang.Object, java.lang.Object, java.lang.Ob
Event: 7.336 Thread 0x00000248741b9ed0 Exception <a 'java/lang/NoSuchMethodError'{0x00000000c6c4eb88}: 'java.lang.Object java.lang.invoke.Invokers$Holder.invoker(java.lang.Object, java.lang.Object, java.lang.Object, java.lang.Object, java.lang.Object, java.lang.Object, java.lang.Object, java.lang.Object, java.lang.Object, java.lang.Object, java.lang.Object, java.lang.Object, java.lang.Object, java.lang.Object, java.lang.Object, java.lang.Object, java.lang.Object, java.lang.Object, java.lang.Object, java.lang.Object, java.lang.Object)'> (0x00000
Event: 7.337 Thread 0x00000248741b9ed0 Exception <a 'java/lang/NoSuchMethodError'{0x00000000c6c551e8}: 'java.lang.Object java.lang.invoke.DelegatingMethodHandle$Holder.delegate(java.lang.Object, java.lang.Object, java.lang.Object, java.lang.Object, java.lang.Object, java.lang.Object, java.lang.Object, java.lang.Object, java.lang.Object, java.lang.Object, java.lang.Object, java.lang.Object, java.lang.Object, java.lang.Object, java.lang.Object, java.lang.Object, java.lang.Object, java.lang.Object, java.lang.Object, java.lang.Object, java.lang.Obj
Event: 7.497 Thread 0x00000248741b9ed0 Exception <a 'java/lang/NoSuchMethodError'{0x00000000c65ab968}: 'int java.lang.invoke.DirectMethodHandle$Holder.invokeSpecialIFC(java.lang.Object, java.lang.Object, java.lang.Object)'> (0x00000000c65ab968) 
thrown [s\src\hotspot\share\interpreter\linkResolver.cpp, line 771]
Event: 7.552 Thread 0x00000248741b9ed0 Exception <a 'java/lang/NoSuchMethodError'{0x00000000c6142130}: 'java.lang.Object java.lang.invoke.DirectMethodHandle$Holder.newInvokeSpecial(java.lang.Object, java.lang.Object, java.lang.Object, java.lang.Object, java.lang.Object, int)'> (0x00000000c6142130) 
thrown [s\src\hotspot\share\interpreter\linkResolver.cpp, line 771]
Event: 7.552 Thread 0x00000248741b9ed0 Exception <a 'java/lang/NoSuchMethodError'{0x00000000c6147a30}: 'java.lang.Object java.lang.invoke.DirectMethodHandle$Holder.invokeSpecial(java.lang.Object, java.lang.Object, java.lang.Object, java.lang.Object, java.lang.Object, java.lang.Object, int)'> (0x00000000c6147a30) 
thrown [s\src\hotspot\share\interpreter\linkResolver.cpp, line 771]
Event: 7.565 Thread 0x00000248741b9ed0 Exception <a 'java/lang/NoSuchMethodError'{0x00000000c61f98d0}: 'void java.lang.invoke.DirectMethodHandle$Holder.invokeStatic(java.lang.Object, java.lang.Object, java.lang.Object, int, java.lang.Object)'> (0x00000000c61f98d0) 
thrown [s\src\hotspot\share\interpreter\linkResolver.cpp, line 771]
Event: 7.932 Thread 0x00000248741b9ed0 Implicit null exception at 0x000002482199646f to 0x00000248219966e4
Event: 8.202 Thread 0x00000248741b9ed0 Implicit null exception at 0x0000024821bb4d12 to 0x0000024821bb5434

VM Operations (20 events):
Event: 7.512 Executing VM operation: HandshakeAllThreads done
Event: 7.769 Executing VM operation: ICBufferFull
Event: 7.769 Executing VM operation: ICBufferFull done
Event: 7.813 Executing VM operation: HandshakeAllThreads
Event: 7.813 Executing VM operation: HandshakeAllThreads done
Event: 7.957 Executing VM operation: ICBufferFull
Event: 7.958 Executing VM operation: ICBufferFull done
Event: 8.033 Executing VM operation: G1CollectForAllocation
Event: 8.042 Executing VM operation: G1CollectForAllocation done
Event: 8.199 Executing VM operation: ICBufferFull
Event: 8.199 Executing VM operation: ICBufferFull done
Event: 8.203 Executing VM operation: G1TryInitiateConcMark
Event: 8.211 Executing VM operation: G1TryInitiateConcMark done
Event: 8.279 Executing VM operation: G1PauseRemark
Event: 8.283 Executing VM operation: G1PauseRemark done
Event: 8.314 Executing VM operation: G1PauseCleanup
Event: 8.314 Executing VM operation: G1PauseCleanup done
Event: 8.325 Executing VM operation: G1TryInitiateConcMark
Event: 8.328 Executing VM operation: G1TryInitiateConcMark done
Event: 8.395 Executing VM operation: G1PauseRemark

Events (20 events):
Event: 7.441 Thread 0x000002482d919100 flushing nmethod 0x000002481a550e10
Event: 7.441 Thread 0x000002482d919100 flushing nmethod 0x000002481a554090
Event: 7.441 Thread 0x000002482d919100 flushing nmethod 0x000002481a5aa090
Event: 7.441 Thread 0x000002482d919100 flushing nmethod 0x000002481a5aa410
Event: 7.441 Thread 0x000002482d919100 flushing nmethod 0x000002481a5b3190
Event: 7.441 Thread 0x000002482d919100 flushing nmethod 0x000002481a5c0510
Event: 7.442 Thread 0x000002482d919100 flushing nmethod 0x000002481a5c3c10
Event: 7.442 Thread 0x000002482d919100 flushing nmethod 0x000002481a5e3c10
Event: 7.442 Thread 0x000002482d919100 flushing nmethod 0x000002481a5e9a90
Event: 7.442 Thread 0x000002482d919100 flushing nmethod 0x000002481a5eae90
Event: 7.442 Thread 0x000002482d919100 flushing nmethod 0x000002481a646e10
Event: 7.442 Thread 0x000002482d919100 flushing nmethod 0x000002481a673110
Event: 7.442 Thread 0x000002482d919100 flushing nmethod 0x000002481a73b490
Event: 7.613 loading class java/util/Collections$2
Event: 7.614 loading class java/util/Collections$2 done
Event: 7.872 loading class java/util/LinkedList$LLSpliterator
Event: 7.872 loading class java/util/LinkedList$LLSpliterator done
Event: 7.942 Thread 0x000002487501e890 Thread added: 0x000002487501e890
Event: 7.942 Thread 0x000002487501eda0 Thread added: 0x000002487501eda0
Event: 7.942 Thread 0x000002487501f2b0 Thread added: 0x000002487501f2b0


Dynamic libraries:
0x00007ff75a340000 - 0x00007ff75a34a000 	C:\Users\Vinicius\.jdks\jbr-17.0.11\bin\java.exe
0x00007ffe80e90000 - 0x00007ffe81088000 	C:\Windows\SYSTEM32\ntdll.dll
0x00007ffe805f0000 - 0x00007ffe806b1000 	C:\Windows\System32\KERNEL32.DLL
0x00007ffe7e890000 - 0x00007ffe7eb8d000 	C:\Windows\System32\KERNELBASE.dll
0x00007ffe7e710000 - 0x00007ffe7e810000 	C:\Windows\System32\ucrtbase.dll
0x00007ffe3b7f0000 - 0x00007ffe3b80b000 	C:\Users\Vinicius\.jdks\jbr-17.0.11\bin\VCRUNTIME140.dll
0x00007ffe51e70000 - 0x00007ffe51e87000 	C:\Users\Vinicius\.jdks\jbr-17.0.11\bin\jli.dll
0x00007ffe80ca0000 - 0x00007ffe80e3d000 	C:\Windows\System32\USER32.dll
0x00007ffe7e860000 - 0x00007ffe7e882000 	C:\Windows\System32\win32u.dll
0x00007ffe80770000 - 0x00007ffe8079b000 	C:\Windows\System32\GDI32.dll
0x00007ffe7e540000 - 0x00007ffe7e657000 	C:\Windows\System32\gdi32full.dll
0x00007ffe7ee20000 - 0x00007ffe7eebd000 	C:\Windows\System32\msvcp_win.dll
0x00007ffe68e30000 - 0x00007ffe690ca000 	C:\Windows\WinSxS\amd64_microsoft.windows.common-controls_6595b64144ccf1df_6.0.19041.4355_none_60b8b9eb71f62e16\COMCTL32.dll
0x00007ffe80550000 - 0x00007ffe805ee000 	C:\Windows\System32\msvcrt.dll
0x00007ffe80430000 - 0x00007ffe8045f000 	C:\Windows\System32\IMM32.DLL
0x00007ffe51f00000 - 0x00007ffe51f0c000 	C:\Users\Vinicius\.jdks\jbr-17.0.11\bin\vcruntime140_1.dll
0x00007ffe3b760000 - 0x00007ffe3b7ed000 	C:\Users\Vinicius\.jdks\jbr-17.0.11\bin\msvcp140.dll
0x00007ffe39d60000 - 0x00007ffe3a9e3000 	C:\Users\Vinicius\.jdks\jbr-17.0.11\bin\server\jvm.dll
0x00007ffe806c0000 - 0x00007ffe80770000 	C:\Windows\System32\ADVAPI32.dll
0x00007ffe808c0000 - 0x00007ffe80960000 	C:\Windows\System32\sechost.dll
0x00007ffe80a90000 - 0x00007ffe80bb3000 	C:\Windows\System32\RPCRT4.dll
0x00007ffe7eb90000 - 0x00007ffe7ebb7000 	C:\Windows\System32\bcrypt.dll
0x00007ffe7da70000 - 0x00007ffe7dabb000 	C:\Windows\SYSTEM32\POWRPROF.dll
0x00007ffe68ce0000 - 0x00007ffe68ce9000 	C:\Windows\SYSTEM32\WSOCK32.dll
0x00007ffe66f40000 - 0x00007ffe66f67000 	C:\Windows\SYSTEM32\WINMM.dll
0x00007ffe804e0000 - 0x00007ffe8054b000 	C:\Windows\System32\WS2_32.dll
0x00007ffe73250000 - 0x00007ffe7325a000 	C:\Windows\SYSTEM32\VERSION.dll
0x00007ffe7d930000 - 0x00007ffe7d942000 	C:\Windows\SYSTEM32\UMPDC.dll
0x00007ffe7cd50000 - 0x00007ffe7cd62000 	C:\Windows\SYSTEM32\kernel.appcore.dll
0x00007ffe51e50000 - 0x00007ffe51e5a000 	C:\Users\Vinicius\.jdks\jbr-17.0.11\bin\jimage.dll
0x00007ffe791f0000 - 0x00007ffe793d4000 	C:\Windows\SYSTEM32\DBGHELP.DLL
0x00007ffe54cf0000 - 0x00007ffe54d24000 	C:\Windows\SYSTEM32\dbgcore.DLL
0x00007ffe7ec30000 - 0x00007ffe7ecb2000 	C:\Windows\System32\bcryptPrimitives.dll
0x00007ffe743e0000 - 0x00007ffe743ee000 	C:\Users\Vinicius\.jdks\jbr-17.0.11\bin\instrument.dll
0x00007ffe3b730000 - 0x00007ffe3b755000 	C:\Users\Vinicius\.jdks\jbr-17.0.11\bin\java.dll
0x00007ffe3b650000 - 0x00007ffe3b727000 	C:\Users\Vinicius\.jdks\jbr-17.0.11\bin\jsvml.dll
0x00007ffe7fb90000 - 0x00007ffe802ff000 	C:\Windows\System32\SHELL32.dll
0x00007ffe7c5a0000 - 0x00007ffe7cd3f000 	C:\Windows\SYSTEM32\windows.storage.dll
0x00007ffe7f0f0000 - 0x00007ffe7f443000 	C:\Windows\System32\combase.dll
0x00007ffe7df60000 - 0x00007ffe7df8e000 	C:\Windows\SYSTEM32\Wldp.dll
0x00007ffe80960000 - 0x00007ffe80a2d000 	C:\Windows\System32\OLEAUT32.dll
0x00007ffe7fae0000 - 0x00007ffe7fb8d000 	C:\Windows\System32\SHCORE.dll
0x00007ffe80480000 - 0x00007ffe804d5000 	C:\Windows\System32\shlwapi.dll
0x00007ffe7e470000 - 0x00007ffe7e494000 	C:\Windows\SYSTEM32\profapi.dll
0x00007ffe3b630000 - 0x00007ffe3b648000 	C:\Users\Vinicius\.jdks\jbr-17.0.11\bin\zip.dll
0x00007ffe3b610000 - 0x00007ffe3b629000 	C:\Users\Vinicius\.jdks\jbr-17.0.11\bin\net.dll
0x00007ffe72340000 - 0x00007ffe7244d000 	C:\Windows\SYSTEM32\WINHTTP.dll
0x00007ffe7dcc0000 - 0x00007ffe7dd2a000 	C:\Windows\system32\mswsock.dll
0x00007ffe3b5f0000 - 0x00007ffe3b606000 	C:\Users\Vinicius\.jdks\jbr-17.0.11\bin\nio.dll
0x00007ffe469c0000 - 0x00007ffe469d0000 	C:\Users\Vinicius\.jdks\jbr-17.0.11\bin\verify.dll
0x00007ffe77610000 - 0x00007ffe77637000 	C:\Users\Vinicius\.gradle\native\68d5fa5c4cc2d200863cafc0d521ce42e7d3e7ee720ec0a83991735586a16f82\windows-amd64\native-platform.dll
0x00007ffe3c6c0000 - 0x00007ffe3c804000 	C:\Users\Vinicius\.gradle\native\e376f236ea51e6404a007f0833ffe2c6e607c4080706a723a18a27aeea778392\windows-amd64\native-platform-file-events.dll
0x00007ffe64e10000 - 0x00007ffe64e19000 	C:\Users\Vinicius\.jdks\jbr-17.0.11\bin\management.dll
0x00007ffe64e00000 - 0x00007ffe64e0b000 	C:\Users\Vinicius\.jdks\jbr-17.0.11\bin\management_ext.dll
0x00007ffe80300000 - 0x00007ffe80308000 	C:\Windows\System32\PSAPI.DLL
0x00007ffe7dec0000 - 0x00007ffe7ded8000 	C:\Windows\SYSTEM32\CRYPTSP.dll
0x00007ffe7d570000 - 0x00007ffe7d5a4000 	C:\Windows\system32\rsaenh.dll
0x00007ffe7e420000 - 0x00007ffe7e44e000 	C:\Windows\SYSTEM32\USERENV.dll
0x00007ffe7deb0000 - 0x00007ffe7debc000 	C:\Windows\SYSTEM32\CRYPTBASE.dll
0x00007ffe7d950000 - 0x00007ffe7d98b000 	C:\Windows\SYSTEM32\IPHLPAPI.DLL
0x00007ffe80e40000 - 0x00007ffe80e48000 	C:\Windows\System32\NSI.dll
0x00007ffe72760000 - 0x00007ffe72777000 	C:\Windows\SYSTEM32\dhcpcsvc6.DLL
0x00007ffe73770000 - 0x00007ffe7378d000 	C:\Windows\SYSTEM32\dhcpcsvc.DLL
0x00007ffe7d990000 - 0x00007ffe7da5a000 	C:\Windows\SYSTEM32\DNSAPI.dll
0x00007ffe73e00000 - 0x00007ffe73e09000 	C:\Users\Vinicius\.jdks\jbr-17.0.11\bin\extnet.dll
0x00007ffe743d0000 - 0x00007ffe743de000 	C:\Users\Vinicius\.jdks\jbr-17.0.11\bin\sunmscapi.dll
0x00007ffe7ecc0000 - 0x00007ffe7ee1e000 	C:\Windows\System32\CRYPT32.dll
0x00007ffe7dfd0000 - 0x00007ffe7dff9000 	C:\Windows\SYSTEM32\ncrypt.dll
0x00007ffe7df90000 - 0x00007ffe7dfcb000 	C:\Windows\SYSTEM32\NTASN1.dll
0x00007ffe748b0000 - 0x00007ffe748b7000 	C:\Windows\system32\wshunix.dll

dbghelp: loaded successfully - version: 4.0.5 - missing functions: none
symbol engine: initialized successfully - sym options: 0x614 - pdb path: .;C:\Users\Vinicius\.jdks\jbr-17.0.11\bin;C:\Windows\SYSTEM32;C:\Windows\WinSxS\amd64_microsoft.windows.common-controls_6595b64144ccf1df_6.0.19041.4355_none_60b8b9eb71f62e16;C:\Users\Vinicius\.jdks\jbr-17.0.11\bin\server;C:\Users\Vinicius\.gradle\native\68d5fa5c4cc2d200863cafc0d521ce42e7d3e7ee720ec0a83991735586a16f82\windows-amd64;C:\Users\Vinicius\.gradle\native\e376f236ea51e6404a007f0833ffe2c6e607c4080706a723a18a27aeea778392\windows-amd64

VM Arguments:
jvm_args: --add-opens=java.base/java.util=ALL-UNNAMED --add-opens=java.base/java.lang=ALL-UNNAMED --add-opens=java.base/java.lang.invoke=ALL-UNNAMED --add-opens=java.prefs/java.util.prefs=ALL-UNNAMED --add-opens=java.base/java.nio.charset=ALL-UNNAMED --add-opens=java.base/java.net=ALL-UNNAMED --add-opens=java.base/java.util.concurrent.atomic=ALL-UNNAMED -Xmx1024m -Dfile.encoding=UTF-8 -Duser.country=BR -Duser.language=pt -Duser.variant -javaagent:C:\Users\Vinicius\.gradle\wrapper\dists\gradle-8.2-bin\bbg7u40eoinfdyxsxr3z4i7ta\gradle-8.2\lib\agents\gradle-instrumentation-agent-8.2.jar 
java_command: org.gradle.launcher.daemon.bootstrap.GradleDaemon 8.2
java_class_path (initial): C:\Users\Vinicius\.gradle\wrapper\dists\gradle-8.2-bin\bbg7u40eoinfdyxsxr3z4i7ta\gradle-8.2\lib\gradle-launcher-8.2.jar
Launcher Type: SUN_STANDARD

[Global flags]
     intx CICompilerCount                          = 3                                         {product} {ergonomic}
     uint ConcGCThreads                            = 1                                         {product} {ergonomic}
     uint G1ConcRefinementThreads                  = 4                                         {product} {ergonomic}
   size_t G1HeapRegionSize                         = 1048576                                   {product} {ergonomic}
    uintx GCDrainStackTargetSize                   = 64                                        {product} {ergonomic}
   size_t InitialHeapSize                          = 134217728                                 {product} {ergonomic}
   size_t MarkStackSize                            = 4194304                                   {product} {ergonomic}
   size_t MaxHeapSize                              = 1073741824                                {product} {command line}
   size_t MaxNewSize                               = 643825664                                 {product} {ergonomic}
   size_t MinHeapDeltaBytes                        = 1048576                                   {product} {ergonomic}
   size_t MinHeapSize                              = 8388608                                   {product} {ergonomic}
    uintx NonNMethodCodeHeapSize                   = 5832780                                {pd product} {ergonomic}
    uintx NonProfiledCodeHeapSize                  = 122912730                              {pd product} {ergonomic}
    uintx ProfiledCodeHeapSize                     = 122912730                              {pd product} {ergonomic}
    uintx ReservedCodeCacheSize                    = 251658240                              {pd product} {ergonomic}
     bool SegmentedCodeCache                       = true                                      {product} {ergonomic}
   size_t SoftMaxHeapSize                          = 1073741824                             {manageable} {ergonomic}
     bool UseCompressedClassPointers               = true                           {product lp64_product} {ergonomic}
     bool UseCompressedOops                        = true                           {product lp64_product} {ergonomic}
     bool UseG1GC                                  = true                                      {product} {ergonomic}
     bool UseLargePagesIndividualAllocation        = false                                  {pd product} {ergonomic}

Logging:
Log output configuration:
 #0: stdout all=warning uptime,level,tags
 #1: stderr all=off uptime,level,tags

Environment Variables:
PATH=C:\Program Files\Microsoft\jdk-11.0.16.101-hotspot\bin;C:\Program Files (x86)\Intel\iCLS Client\;C:\Program Files\Intel\iCLS Client\;C:\Program Files (x86)\Common Files\Oracle\Java\javapath;C:\Windows\system32;C:\Windows;C:\Windows\System32\Wbem;C:\Windows\System32\WindowsPowerShell\v1.0\;C:\Windows\System32\OpenSSH\;C:\Program Files (x86)\Intel\Intel(R) Management Engine Components\DAL;C:\Program Files\Intel\Intel(R) Management Engine Components\DAL;C:\Program Files (x86)\Intel\Intel(R) Management Engine Components\IPT;C:\Program Files\Intel\Intel(R) Management Engine Components\IPT;C:\Program Files\NVIDIA Corporation\NVIDIA NvDLISR;C:\Program Files (x86)\NVIDIA Corporation\PhysX\Common;C:\sqlite;C:\Program Files\Git\cmd;C:\Users\Vinicius\AppData\Local\Programs\Python\Python312\Scripts\;C:\Users\Vinicius\AppData\Local\Programs\Python\Python312\;C:\Users\Vinicius\AppData\Local\Programs\Python\Launcher\;C:\Users\Vinicius\AppData\Local\Microsoft\WindowsApps;C:\Users\Vinicius\AppData\Local\Programs\Microsoft VS Code\bin
USERNAME=Vinicius
OS=Windows_NT
PROCESSOR_IDENTIFIER=Intel64 Family 6 Model 142 Stepping 9, GenuineIntel
TMP=C:\Users\Vinicius\AppData\Local\Temp
TEMP=C:\Users\Vinicius\AppData\Local\Temp



Periodic native trim disabled

JNI global refs:
JNI global refs: 25, weak refs: 0

JNI global refs memory usage: 843, weak refs: 841

Process memory usage:
Resident Set Size: 323016K (3% of 8261220K total physical memory with 587088K free physical memory)

OOME stack traces (most recent first):
Classloader memory used:
Loader org.gradle.internal.classloader.VisitableURLClassLoader                         : 3440K
Loader bootstrap                                                                       : 1284K
Loader org.gradle.initialization.MixInLegacyTypesClassLoader                           : 1000K
Loader org.gradle.internal.classloader.VisitableURLClassLoader$InstrumentingVisitableURLClassLoader: 206K
Loader org.gradle.internal.classloader.VisitableURLClassLoader                         : 109K
Loader jdk.internal.loader.ClassLoaders$PlatformClassLoader                            : 70451B
Loader jdk.internal.reflect.DelegatingClassLoader                                      : 28809B
Loader jdk.internal.loader.ClassLoaders$AppClassLoader                                 : 28413B
Loader org.gradle.groovy.scripts.internal.DefaultScriptCompilationHandler$ScriptClassLoader: 12573B
Loader org.codehaus.groovy.runtime.callsite.CallSiteClassLoader                        : 6691B

Classes loaded by more than one classloader:
Class Program                                                                         : loaded 4 times (x 72B)
Class org.gradle.internal.Cast                                                        : loaded 3 times (x 69B)
Class org.gradle.api.GradleException                                                  : loaded 3 times (x 80B)
Class com.google.common.collect.SingletonImmutableList                                : loaded 2 times (x 167B)
Class org.gradle.internal.classpath.ClassPath                                         : loaded 2 times (x 68B)
Class org.gradle.api.internal.classpath.DefaultModuleRegistry                         : loaded 2 times (x 84B)
Class org.gradle.internal.exceptions.NonGradleCauseExceptionsHolder                   : loaded 2 times (x 68B)
Class Settings_gradle$1$1                                                             : loaded 2 times (x 72B)
Class com.google.common.base.CharMatcher$JavaDigit                                    : loaded 2 times (x 109B)
Class com.google.common.base.CharMatcher$Digit                                        : loaded 2 times (x 110B)
Class org.gradle.api.Action                                                           : loaded 2 times (x 68B)
Class org.jetbrains.kotlin.idea.gradleTooling.model.samWithReceiver.SamWithReceiverModel: loaded 2 times (x 68B)
Class com.google.common.collect.Lists$StringAsImmutableList                           : loaded 2 times (x 167B)
Class org.jetbrains.plugins.gradle.model.ExternalProject                              : loaded 2 times (x 68B)
Class org.jetbrains.plugins.gradle.model.IntelliJSettings                             : loaded 2 times (x 68B)
Class com.google.common.base.CharMatcher                                              : loaded 2 times (x 109B)
Class com.google.common.base.CharMatcher$IsNot                                        : loaded 2 times (x 109B)
Class com.google.common.base.Splitter                                                 : loaded 2 times (x 70B)
Class org.jetbrains.kotlin.idea.gradleTooling.KotlinMPPGradleModel                    : loaded 2 times (x 68B)
Class org.gradle.api.internal.DefaultClassPathProvider                                : loaded 2 times (x 74B)
Class org.gradle.internal.installation.GradleInstallation$1                           : loaded 2 times (x 73B)
Class com.google.common.base.CharMatcher$BitSetMatcher                                : loaded 2 times (x 110B)
Class org.gradle.internal.exceptions.DefaultMultiCauseException                       : loaded 2 times (x 93B)
Class ijInit9_7nuh7k5t0fw2sx3umbr5pkjcp                                               : loaded 2 times (x 177B)
Class org.gradle.tooling.model.UnsupportedMethodException                             : loaded 2 times (x 80B)
Class org.gradle.internal.time.MonotonicClock                                         : loaded 2 times (x 75B)
Class com.google.common.base.Predicate                                                : loaded 2 times (x 68B)
Class org.gradle.internal.classloader.FilteringClassLoader                            : loaded 2 times (x 103B)
Class org.gradle.tooling.model.Model                                                  : loaded 2 times (x 68B)
Class org.gradle.internal.classpath.DefaultClassPath$ImmutableUniqueList$Builder      : loaded 2 times (x 73B)
Class kotlin.UninitializedPropertyAccessException                                     : loaded 2 times (x 80B)
Class com.google.common.base.CharMatcher$InRange                                      : loaded 2 times (x 109B)
Class org.jetbrains.kotlin.idea.gradleTooling.KotlinSourceSetContainer                : loaded 2 times (x 68B)
Class sync_studio_tooling2976_c62n14kbdkm2oam8s15nhrv97$_run_closure1                 : loaded 2 times (x 134B)
Class com.google.common.collect.Lists                                                 : loaded 2 times (x 69B)
Class org.gradle.internal.classloader.ClassLoaderVisitor                              : loaded 2 times (x 74B)
Class org.gradle.internal.time.DefaultCountdownTimer                                  : loaded 2 times (x 86B)
Class org.gradle.internal.service.DefaultServiceLocator                               : loaded 2 times (x 81B)
Class org.jetbrains.plugins.gradle.model.jar.JarTaskManifestConfiguration             : loaded 2 times (x 68B)
Class org.gradle.internal.service.UnknownServiceException                             : loaded 2 times (x 81B)
Class org.jetbrains.plugins.gradle.model.DependencyAccessorsModel                     : loaded 2 times (x 68B)
Class org.gradle.internal.classloader.DefaultClassLoaderFactory                       : loaded 2 times (x 80B)
Class com.google.common.collect.UnmodifiableIterator                                  : loaded 2 times (x 78B)
Class com.google.common.base.CharMatcher$SingleWidth                                  : loaded 2 times (x 110B)
Class org.jetbrains.plugins.gradle.model.GradleExtensions                             : loaded 2 times (x 68B)
Class com.google.common.base.JdkPattern                                               : loaded 2 times (x 73B)
Class org.jetbrains.plugins.gradle.model.VersionCatalogsModel                         : loaded 2 times (x 68B)
Class org.gradle.internal.classloader.VisitableURLClassLoader$Spec                    : loaded 2 times (x 72B)
Class org.gradle.tooling.model.ProjectModel                                           : loaded 2 times (x 68B)
Class org.jetbrains.plugins.gradle.model.MavenRepositoryModel                         : loaded 2 times (x 68B)
Class com.google.common.base.CharMatcher$JavaLetterOrDigit                            : loaded 2 times (x 109B)
Class org.gradle.tooling.internal.gradle.DefaultProjectIdentifier                     : loaded 2 times (x 84B)
Class org.gradle.api.internal.classpath.ModuleRegistry                                : loaded 2 times (x 68B)
Class com.google.common.collect.ImmutableCollection                                   : loaded 2 times (x 123B)
Class org.jetbrains.plugins.gradle.model.RepositoriesModel                            : loaded 2 times (x 68B)
Class org.gradle.util.GradleVersion                                                   : loaded 2 times (x 81B)
Class org.gradle.api.internal.ClassPathProvider                                       : loaded 2 times (x 68B)
Class org.gradle.internal.classloader.ClasspathUtil$1                                 : loaded 2 times (x 74B)
Class com.google.common.collect.ImmutableList$ReverseImmutableList                    : loaded 2 times (x 168B)
Class org.gradle.internal.classloader.ClassLoaderFactory                              : loaded 2 times (x 68B)
Class com.google.common.collect.ObjectArrays                                          : loaded 2 times (x 69B)
Class com.google.common.collect.ImmutableList                                         : loaded 2 times (x 166B)
Class org.gradle.api.internal.classpath.ManifestUtil                                  : loaded 2 times (x 69B)
Class org.gradle.api.specs.Spec                                                       : loaded 2 times (x 68B)
Class kotlin.jvm.internal.Intrinsics                                                  : loaded 2 times (x 69B)
Class com.google.common.base.CharMatcher$Whitespace                                   : loaded 2 times (x 110B)
Class org.gradle.tooling.internal.gradle.GradleBuildIdentity                          : loaded 2 times (x 68B)
Class com.google.common.base.Preconditions                                            : loaded 2 times (x 69B)
Class org.gradle.internal.IoActions                                                   : loaded 2 times (x 69B)
Class com.google.common.collect.CollectPreconditions                                  : loaded 2 times (x 69B)
Class com.google.common.collect.AbstractIndexedListIterator                           : loaded 2 times (x 94B)
Class com.google.common.base.CharMatcher$None                                         : loaded 2 times (x 110B)
Class org.gradle.api.internal.classpath.EffectiveClassPath                            : loaded 2 times (x 88B)
Class com.google.common.collect.UnmodifiableListIterator                              : loaded 2 times (x 93B)
Class kotlin.jvm.internal.DefaultConstructorMarker                                    : loaded 2 times (x 69B)
Class com.google.common.collect.ImmutableList$1                                       : loaded 2 times (x 95B)
Class com.google.common.base.Splitter$Strategy                                        : loaded 2 times (x 68B)
Class org.gradle.internal.exceptions.ResolutionProvider                               : loaded 2 times (x 68B)
Class org.jetbrains.kotlin.idea.gradleTooling.model.annotation.AnnotationBasedPluginModel: loaded 2 times (x 68B)
Class org.jetbrains.kotlin.idea.gradleTooling.model.assignment.AssignmentModel        : loaded 2 times (x 68B)
Class org.gradle.internal.installation.CurrentGradleInstallation                      : loaded 2 times (x 71B)
Class org.gradle.internal.agents.InstrumentingClassLoader                             : loaded 2 times (x 68B)
Class org.gradle.internal.installation.CurrentGradleInstallationLocator               : loaded 2 times (x 69B)
Class org.gradle.api.internal.classpath.Module                                        : loaded 2 times (x 68B)
Class com.google.common.base.Splitter$1$1                                             : loaded 2 times (x 84B)
Class org.gradle.internal.service.CachingServiceLocator                               : loaded 2 times (x 80B)
Class org.gradle.internal.time.Timer                                                  : loaded 2 times (x 68B)
Class org.jetbrains.kotlin.idea.gradleTooling.KotlinDslScriptAdditionalTask           : loaded 2 times (x 68B)
Class org.jetbrains.plugins.gradle.model.tests.ExternalTestsModel                     : loaded 2 times (x 68B)
Class org.gradle.internal.classpath.DefaultClassPath                                  : loaded 2 times (x 88B)
Class com.google.common.base.Splitter$SplittingIterator                               : loaded 2 times (x 82B)
Class com.intellij.openapi.externalSystem.model.project.dependencies.ProjectDependencies: loaded 2 times (x 68B)
Class org.jetbrains.kotlin.idea.gradleTooling.PrepareKotlinIdeImportTaskModel         : loaded 2 times (x 68B)
Class org.gradle.internal.impldep.com.google.common.base.Preconditions                : loaded 2 times (x 69B)
Class kotlin.jvm.functions.Function1                                                  : loaded 2 times (x 68B)
Class com.google.common.base.CharMatcher$Is                                           : loaded 2 times (x 109B)
Class com.google.common.collect.RegularImmutableAsList                                : loaded 2 times (x 176B)
Class org.gradle.internal.time.Time                                                   : loaded 2 times (x 69B)
Class org.gradle.internal.time.TimeSource$1                                           : loaded 2 times (x 75B)
Class kotlin.KotlinNullPointerException                                               : loaded 2 times (x 81B)
Class org.gradle.internal.classloader.SystemClassLoaderSpec                           : loaded 2 times (x 69B)
Class [Lcom.google.common.base.AbstractIterator$State;                                : loaded 2 times (x 67B)
Class com.google.common.base.AbstractIterator                                         : loaded 2 times (x 78B)
Class com.google.common.base.AbstractIterator$1                                       : loaded 2 times (x 69B)
Class kotlin.Function                                                                 : loaded 2 times (x 68B)
Class com.google.common.base.CharMatcher$1                                            : loaded 2 times (x 111B)
Class com.google.common.base.CharMatcher$Ascii                                        : loaded 2 times (x 110B)
Class org.gradle.api.UncheckedIOException                                             : loaded 2 times (x 80B)
Class com.google.common.base.CharMatcher$And                                          : loaded 2 times (x 110B)
Class com.google.common.base.CharMatcher$Any                                          : loaded 2 times (x 110B)
Class kotlin.jvm.internal.markers.KMappedMarker                                       : loaded 2 times (x 68B)
Class com.google.common.base.CharMatcher$RangesMatcher                                : loaded 2 times (x 110B)
Class org.gradle.tooling.internal.gradle.GradleProjectIdentity                        : loaded 2 times (x 68B)
Class com.google.common.collect.ImmutableList$SubList                                 : loaded 2 times (x 168B)
Class org.gradle.internal.time.Clock                                                  : loaded 2 times (x 68B)
Class org.gradle.internal.time.CountdownTimer                                         : loaded 2 times (x 68B)
Class org.gradle.internal.classloader.ClasspathUtil                                   : loaded 2 times (x 69B)
Class sync_studio_tooling2976_c62n14kbdkm2oam8s15nhrv97                               : loaded 2 times (x 177B)
Class org.gradle.tooling.model.BuildIdentifier                                        : loaded 2 times (x 68B)
Class com.google.common.base.Splitter$1                                               : loaded 2 times (x 75B)
Class org.gradle.api.internal.DefaultClassPathRegistry                                : loaded 2 times (x 74B)
Class org.gradle.api.internal.classpath.DefaultModuleRegistry$DefaultModule           : loaded 2 times (x 84B)
Class com.google.common.base.CharMatcher$JavaIsoControl                               : loaded 2 times (x 110B)
Class com.google.common.base.CharMatcher$Or                                           : loaded 2 times (x 110B)
Class org.gradle.internal.time.TimeSource                                             : loaded 2 times (x 68B)
Class org.jetbrains.kotlin.android.synthetic.idea.AndroidExtensionsGradleModel        : loaded 2 times (x 68B)
Class com.google.common.base.CharMatcher$JavaLowerCase                                : loaded 2 times (x 109B)
Class org.gradle.api.internal.classpath.UnknownModuleException                        : loaded 2 times (x 80B)
Class com.google.common.base.CommonPattern                                            : loaded 2 times (x 72B)
Class org.jetbrains.plugins.gradle.model.IntelliJProjectSettings                      : loaded 2 times (x 68B)
Class org.gradle.internal.service.ServiceLookupException                              : loaded 2 times (x 80B)
Class org.gradle.cache.GlobalCache                                                    : loaded 2 times (x 68B)
Class org.jetbrains.kotlin.idea.gradleTooling.model.lombok.LombokModel                : loaded 2 times (x 68B)
Class org.gradle.tooling.model.ProjectIdentifier                                      : loaded 2 times (x 68B)
Class com.google.common.base.CharMatcher$NegatedFastMatcher                           : loaded 2 times (x 111B)
Class [Lorg.gradle.api.internal.ClassPathProvider;                                    : loaded 2 times (x 67B)
Class org.gradle.internal.operations.MultipleBuildOperationFailures                   : loaded 2 times (x 93B)
Class org.gradle.util.internal.GUtil                                                  : loaded 2 times (x 69B)
Class org.jetbrains.plugins.gradle.model.AnnotationProcessingModel                    : loaded 2 times (x 68B)
Class org.gradle.internal.classloader.ClassLoaderSpec                                 : loaded 2 times (x 69B)
Class com.google.common.base.NullnessCasts                                            : loaded 2 times (x 69B)
Class com.google.common.base.CharMatcher$Negated                                      : loaded 2 times (x 111B)
Class com.google.common.base.CharMatcher$ForPredicate                                 : loaded 2 times (x 110B)
Class org.gradle.internal.classloader.VisitableURLClassLoader                         : loaded 2 times (x 115B)
Class org.gradle.internal.installation.GradleInstallation                             : loaded 2 times (x 73B)
Class org.gradle.api.internal.ClassPathRegistry                                       : loaded 2 times (x 68B)
Class org.gradle.internal.classloader.VisitableURLClassLoader$InstrumentingVisitableURLClassLoader: loaded 2 times (x 121B)
Class org.gradle.internal.classloader.ClassLoaderHierarchy                            : loaded 2 times (x 68B)
Class org.gradle.internal.exceptions.MultiCauseException                              : loaded 2 times (x 68B)
Class org.jetbrains.kotlin.idea.gradleTooling.model.parcelize.ParcelizeGradleModel    : loaded 2 times (x 68B)
Class com.google.common.base.AbstractIterator$State                                   : loaded 2 times (x 77B)
Class com.google.common.base.CharMatcher$NamedFastMatcher                             : loaded 2 times (x 110B)
Class org.gradle.internal.InternalTransformer                                         : loaded 2 times (x 68B)
Class org.jetbrains.kotlin.idea.gradleTooling.model.noarg.NoArgModel                  : loaded 2 times (x 68B)
Class org.jetbrains.kotlin.idea.gradleTooling.KotlinGradleModel                       : loaded 2 times (x 68B)
Class org.gradle.tooling.internal.gradle.DefaultBuildIdentifier                       : loaded 2 times (x 77B)
Class org.gradle.internal.service.ServiceLocator                                      : loaded 2 times (x 68B)
Class Settings_gradle$1                                                               : loaded 2 times (x 72B)
Class org.jetbrains.kotlin.idea.gradleTooling.model.allopen.AllOpenModel              : loaded 2 times (x 68B)
Class com.google.common.base.CharMatcher$Invisible                                    : loaded 2 times (x 110B)
Class com.google.common.base.CharMatcher$FastMatcher                                  : loaded 2 times (x 109B)
Class org.gradle.internal.classpath.DefaultClassPath$ImmutableUniqueList              : loaded 2 times (x 159B)
Class org.gradle.internal.time.DefaultTimer                                           : loaded 2 times (x 78B)
Class com.google.common.base.CharMatcher$JavaLetter                                   : loaded 2 times (x 109B)
Class org.gradle.internal.classpath.TransformedClassPath                              : loaded 2 times (x 94B)
Class Settings_gradle                                                                 : loaded 2 times (x 126B)
Class com.google.common.collect.ImmutableAsList                                       : loaded 2 times (x 169B)
Class com.google.common.base.CharMatcher$AnyOf                                        : loaded 2 times (x 110B)
Class com.google.common.base.CharMatcher$IsEither                                     : loaded 2 times (x 109B)
Class com.google.common.collect.RegularImmutableList                                  : loaded 2 times (x 172B)
Class com.google.common.base.CharMatcher$JavaUpperCase                                : loaded 2 times (x 109B)


---------------  S Y S T E M  ---------------

OS:
 Windows 10 , 64 bit Build 19041 (10.0.19041.4717)
OS uptime: 0 days 0:48 hours

CPU: total 4 (initial active 4) (2 cores per cpu, 2 threads per core) family 6 model 142 stepping 9 microcode 0xb4, cx8, cmov, fxsr, ht, mmx, 3dnowpref, sse, sse2, sse3, ssse3, sse4.1, sse4.2, popcnt, lzcnt, tsc, tscinvbit, avx, avx2, aes, erms, clmul, bmi1, bmi2, adx, fma, vzeroupper, clflush, clflushopt
Processor Information for all 4 processors :
  Max Mhz: 2712, Current Mhz: 2511, Mhz Limit: 2495

Memory: 4k page, system-wide physical 8067M (573M free)
TotalPageFile size 10115M (AvailPageFile size 6M)
current process WorkingSet (physical memory assigned to process): 315M, peak: 315M
current process commit charge ("private bytes"): 355M, peak: 360M

vm_info: OpenJDK 64-Bit Server VM (17.0.11+1-b1312.2) for windows-amd64 JRE (17.0.11+1-b1312.2), built on 2024-06-08 by "builduser" with MS VC++ 16.10 / 16.11 (VS2019)

END.
