#
# There is insufficient memory for the Java Runtime Environment to continue.
# Native memory allocation (malloc) failed to allocate 1067536 bytes. Error detail: Chunk::new
# Possible reasons:
#   The system is out of physical RAM or swap space
#   This process is running with CompressedOops enabled, and the Java Heap may be blocking the growth of the native heap
# Possible solutions:
#   Reduce memory load on the system
#   Increase physical memory or swap space
#   Check if swap backing store is full
#   Decrease Java heap size (-Xmx/-Xms)
#   Decrease number of Java threads
#   Decrease Java thread stack sizes (-Xss)
#   Set larger code cache with -XX:ReservedCodeCacheSize=
#   JVM is running with Unscaled Compressed Oops mode in which the Java heap is
#     placed in the first 4GB address space. The Java Heap base address is the
#     maximum limit for the native heap growth. Please use -XX:HeapBaseMinAddress
#     to set the Java Heap base and to place the Java Heap above 4GB virtual address.
# This output file may be truncated or incomplete.
#
#  Out of Memory Error (arena.cpp:191), pid=11524, tid=2004
#
# JRE version: OpenJDK Runtime Environment JBR-17.0.11+1-1312.2-nomod (17.0.11+1) (build 17.0.11+1-b1312.2)
# Java VM: OpenJDK 64-Bit Server VM JBR-17.0.11+1-1312.2-nomod (17.0.11+1-b1312.2, mixed mode, sharing, tiered, compressed oops, compressed class ptrs, g1 gc, windows-amd64)
# No core dump will be written. Minidumps are not enabled by default on client versions of Windows
#

---------------  S U M M A R Y ------------

Command Line: --add-opens=java.base/java.util=ALL-UNNAMED --add-opens=java.base/java.lang=ALL-UNNAMED --add-opens=java.base/java.lang.invoke=ALL-UNNAMED --add-opens=java.prefs/java.util.prefs=ALL-UNNAMED --add-opens=java.base/java.nio.charset=ALL-UNNAMED --add-opens=java.base/java.net=ALL-UNNAMED --add-opens=java.base/java.util.concurrent.atomic=ALL-UNNAMED -Xmx1024m -Dfile.encoding=UTF-8 -Duser.country=BR -Duser.language=pt -Duser.variant -javaagent:C:\Users\Vinicius\.gradle\wrapper\dists\gradle-8.2-bin\bbg7u40eoinfdyxsxr3z4i7ta\gradle-8.2\lib\agents\gradle-instrumentation-agent-8.2.jar org.gradle.launcher.daemon.bootstrap.GradleDaemon 8.2

Host: Intel(R) Core(TM) i5-7200U CPU @ 2.50GHz, 4 cores, 7G,  Windows 10 , 64 bit Build 19041 (10.0.19041.4597)
Time: Fri Jul 26 21:37:45 2024 Hora oficial do Brasil elapsed time: 18.837024 seconds (0d 0h 0m 18s)

---------------  T H R E A D  ---------------

Current thread (0x000001ec7bba3110):  JavaThread "C2 CompilerThread0" daemon [_thread_in_native, id=2004, stack(0x00000058c4c00000,0x00000058c4d00000)]


Current CompileTask:
C2:  18837 6112       4       java.util.regex.Pattern::split (288 bytes)

Stack: [0x00000058c4c00000,0x00000058c4d00000]
Native frames: (J=compiled Java code, j=interpreted, Vv=VM code, C=native code)
V  [jvm.dll+0x687839]


---------------  P R O C E S S  ---------------

Threads class SMR info:
_java_thread_list=0x000001ec458e5c80, length=38, elements={
0x000001ec629f0e70, 0x000001ec7bb89310, 0x000001ec7bb8a0a0, 0x000001ec7bb9d370,
0x000001ec7bb9fd50, 0x000001ec7bba0620, 0x000001ec7bba0ef0, 0x000001ec7bba3110,
0x000001ec7bba81f0, 0x000001ec7bba92e0, 0x000001ec451cbc10, 0x000001ec452740d0,
0x000001ec4720f0f0, 0x000001ec466e3fd0, 0x000001ec463f05a0, 0x000001ec479c8b20,
0x000001ec46c30af0, 0x000001ec47389710, 0x000001ec460c1300, 0x000001ec46065fd0,
0x000001ec46066f00, 0x000001ec46067410, 0x000001ec460664e0, 0x000001ec460650a0,
0x000001ec460655b0, 0x000001ec46067920, 0x000001ec460669f0, 0x000001ec46064170,
0x000001ec46064b90, 0x000001ec46064680, 0x000001ec4767dea0, 0x000001ec47682070,
0x000001ec47682580, 0x000001ec47681140, 0x000001ec47682a90, 0x000001ec47681b60,
0x000001ec47682fa0, 0x000001ec476839c0
}

Java Threads: ( => current thread )
  0x000001ec629f0e70 JavaThread "main" [_thread_blocked, id=10976, stack(0x00000058c3f00000,0x00000058c4000000)]
  0x000001ec7bb89310 JavaThread "Reference Handler" daemon [_thread_blocked, id=6032, stack(0x00000058c4600000,0x00000058c4700000)]
  0x000001ec7bb8a0a0 JavaThread "Finalizer" daemon [_thread_blocked, id=9792, stack(0x00000058c4700000,0x00000058c4800000)]
  0x000001ec7bb9d370 JavaThread "Signal Dispatcher" daemon [_thread_blocked, id=1728, stack(0x00000058c4800000,0x00000058c4900000)]
  0x000001ec7bb9fd50 JavaThread "Attach Listener" daemon [_thread_blocked, id=6188, stack(0x00000058c4900000,0x00000058c4a00000)]
  0x000001ec7bba0620 JavaThread "Service Thread" daemon [_thread_blocked, id=5820, stack(0x00000058c4a00000,0x00000058c4b00000)]
  0x000001ec7bba0ef0 JavaThread "Monitor Deflation Thread" daemon [_thread_blocked, id=9396, stack(0x00000058c4b00000,0x00000058c4c00000)]
=>0x000001ec7bba3110 JavaThread "C2 CompilerThread0" daemon [_thread_in_native, id=2004, stack(0x00000058c4c00000,0x00000058c4d00000)]
  0x000001ec7bba81f0 JavaThread "C1 CompilerThread0" daemon [_thread_blocked, id=4368, stack(0x00000058c4d00000,0x00000058c4e00000)]
  0x000001ec7bba92e0 JavaThread "Sweeper thread" daemon [_thread_blocked, id=2540, stack(0x00000058c4e00000,0x00000058c4f00000)]
  0x000001ec451cbc10 JavaThread "Common-Cleaner" daemon [_thread_blocked, id=11856, stack(0x00000058c4f00000,0x00000058c5000000)]
  0x000001ec452740d0 JavaThread "Notification Thread" daemon [_thread_blocked, id=5632, stack(0x00000058c5000000,0x00000058c5100000)]
  0x000001ec4720f0f0 JavaThread "Daemon health stats" [_thread_blocked, id=6652, stack(0x00000058c5600000,0x00000058c5700000)]
  0x000001ec466e3fd0 JavaThread "Incoming local TCP Connector on port 50809" [_thread_in_native, id=9268, stack(0x00000058c5700000,0x00000058c5800000)]
  0x000001ec463f05a0 JavaThread "Daemon periodic checks" [_thread_blocked, id=6596, stack(0x00000058c5800000,0x00000058c5900000)]
  0x000001ec479c8b20 JavaThread "Daemon" [_thread_blocked, id=3804, stack(0x00000058c5900000,0x00000058c5a00000)]
  0x000001ec46c30af0 JavaThread "Handler for socket connection from /127.0.0.1:50809 to /127.0.0.1:50810" [_thread_in_native, id=2304, stack(0x00000058c5a00000,0x00000058c5b00000)]
  0x000001ec47389710 JavaThread "Cancel handler" [_thread_blocked, id=5680, stack(0x00000058c5b00000,0x00000058c5c00000)]
  0x000001ec460c1300 JavaThread "Daemon worker" [_thread_in_vm, id=9564, stack(0x00000058c5c00000,0x00000058c5d00000)]
  0x000001ec46065fd0 JavaThread "Asynchronous log dispatcher for DefaultDaemonConnection: socket connection from /127.0.0.1:50809 to /127.0.0.1:50810" [_thread_blocked, id=9628, stack(0x00000058c5d00000,0x00000058c5e00000)]
  0x000001ec46066f00 JavaThread "Stdin handler" [_thread_blocked, id=3856, stack(0x00000058c5e00000,0x00000058c5f00000)]
  0x000001ec46067410 JavaThread "Daemon client event forwarder" [_thread_blocked, id=3112, stack(0x00000058c5f00000,0x00000058c6000000)]
  0x000001ec460664e0 JavaThread "Cache worker for journal cache (C:\Users\Vinicius\.gradle\caches\journal-1)" [_thread_blocked, id=2000, stack(0x00000058c6000000,0x00000058c6100000)]
  0x000001ec460650a0 JavaThread "File lock request listener" [_thread_in_native, id=9500, stack(0x00000058c6100000,0x00000058c6200000)]
  0x000001ec460655b0 JavaThread "Cache worker for file hash cache (C:\Users\Vinicius\.gradle\caches\8.2\fileHashes)" [_thread_blocked, id=11168, stack(0x00000058c5200000,0x00000058c5300000)]
  0x000001ec46067920 JavaThread "File watcher server" daemon [_thread_in_native, id=2580, stack(0x00000058c6300000,0x00000058c6400000)]
  0x000001ec460669f0 JavaThread "File watcher consumer" daemon [_thread_blocked, id=10492, stack(0x00000058c6400000,0x00000058c6500000)]
  0x000001ec46064170 JavaThread "jar transforms" [_thread_blocked, id=11864, stack(0x00000058c6500000,0x00000058c6600000)]
  0x000001ec46064b90 JavaThread "jar transforms Thread 2" [_thread_blocked, id=11972, stack(0x00000058c6600000,0x00000058c6700000)]
  0x000001ec46064680 JavaThread "jar transforms Thread 3" [_thread_blocked, id=7276, stack(0x00000058c6700000,0x00000058c6800000)]
  0x000001ec4767dea0 JavaThread "jar transforms Thread 4" [_thread_blocked, id=4580, stack(0x00000058c6800000,0x00000058c6900000)]
  0x000001ec47682070 JavaThread "Cache worker for checksums cache (C:\Users\Vinicius\IntelliJIDEAProjects\Github\MyApplication\.gradle\8.2\checksums)" [_thread_blocked, id=12232, stack(0x00000058c6200000,0x00000058c6300000)]
  0x000001ec47682580 JavaThread "Cache worker for cache directory md-rule (C:\Users\Vinicius\.gradle\caches\8.2\md-rule)" [_thread_blocked, id=10328, stack(0x00000058c6a00000,0x00000058c6b00000)]
  0x000001ec47681140 JavaThread "Cache worker for file content cache (C:\Users\Vinicius\.gradle\caches\8.2\fileContent)" [_thread_blocked, id=5448, stack(0x00000058c6b00000,0x00000058c6c00000)]
  0x000001ec47682a90 JavaThread "Cache worker for file hash cache (C:\Users\Vinicius\IntelliJIDEAProjects\Github\MyApplication\.gradle\8.2\fileHashes)" [_thread_blocked, id=3372, stack(0x00000058c6d00000,0x00000058c6e00000)]
  0x000001ec47681b60 JavaThread "Cache worker for cache directory md-supplier (C:\Users\Vinicius\.gradle\caches\8.2\md-supplier)" [_thread_blocked, id=10788, stack(0x00000058c6e00000,0x00000058c6f00000)]
  0x000001ec47682fa0 JavaThread "Cache worker for execution history cache (C:\Users\Vinicius\.gradle\caches\8.2\executionHistory)" [_thread_blocked, id=11420, stack(0x00000058c6f00000,0x00000058c7000000)]
  0x000001ec476839c0 JavaThread "Cache worker for kotlin-dsl (C:\Users\Vinicius\.gradle\caches\8.2\kotlin-dsl)" [_thread_blocked, id=9532, stack(0x00000058c7000000,0x00000058c7100000)]

Other Threads:
  0x000001ec7bb857f0 VMThread "VM Thread" [stack: 0x00000058c4500000,0x00000058c4600000] [id=7208]
  0x000001ec629f1d40 WatcherThread [stack: 0x00000058c5100000,0x00000058c5200000] [id=5112]
  0x000001ec62a2c9a0 GCTaskThread "GC Thread#0" [stack: 0x00000058c4000000,0x00000058c4100000] [id=7104]
  0x000001ec456b94a0 GCTaskThread "GC Thread#1" [stack: 0x00000058c5300000,0x00000058c5400000] [id=10652]
  0x000001ec45568aa0 GCTaskThread "GC Thread#2" [stack: 0x00000058c5400000,0x00000058c5500000] [id=5712]
  0x000001ec456c9740 GCTaskThread "GC Thread#3" [stack: 0x00000058c5500000,0x00000058c5600000] [id=1280]
  0x000001ec62a35800 ConcurrentGCThread "G1 Main Marker" [stack: 0x00000058c4100000,0x00000058c4200000] [id=2200]
  0x000001ec62a36130 ConcurrentGCThread "G1 Conc#0" [stack: 0x00000058c4200000,0x00000058c4300000] [id=8336]
  0x000001ec62aa0690 ConcurrentGCThread "G1 Refine#0" [stack: 0x00000058c4300000,0x00000058c4400000] [id=7876]
  0x000001ec48c9ece0 ConcurrentGCThread "G1 Refine#1" [stack: 0x00000058c6900000,0x00000058c6a00000] [id=3528]
  0x000001ec4a1d3f10 ConcurrentGCThread "G1 Refine#2" [stack: 0x00000058c6c00000,0x00000058c6d00000] [id=7020]
  0x000001ec4a1d3930 ConcurrentGCThread "G1 Refine#3" [stack: 0x00000058c7100000,0x00000058c7200000] [id=5656]
  0x000001ec62aa0fd0 ConcurrentGCThread "G1 Service" [stack: 0x00000058c4400000,0x00000058c4500000] [id=11108]

Threads with active compile tasks:
C2 CompilerThread0    19118 6112       4       java.util.regex.Pattern::split (288 bytes)

VM state: not at safepoint (normal execution)

VM Mutex/Monitor currently owned by a thread:  ([mutex/lock_event])
[0x000001ec629ea490] Metaspace_lock - owner thread: 0x000001ec460c1300

Heap address: 0x00000000c0000000, size: 1024 MB, Compressed Oops mode: 32-bit

CDS archive(s) mapped at: [0x000001ec00000000-0x000001ec00c00000-0x000001ec00c00000), size 12582912, SharedBaseAddress: 0x000001ec00000000, ArchiveRelocationMode: 1.
Compressed class space mapped at: 0x000001ec01000000-0x000001ec41000000, reserved size: 1073741824
Narrow klass base: 0x000001ec00000000, Narrow klass shift: 0, Narrow klass range: 0x100000000

GC Precious Log:
 CPUs: 4 total, 4 available
 Memory: 8067M
 Large Page Support: Disabled
 NUMA Support: Disabled
 Compressed Oops: Enabled (32-bit)
 Heap Region Size: 1M
 Heap Min Capacity: 8M
 Heap Initial Capacity: 128M
 Heap Max Capacity: 1G
 Pre-touch: Disabled
 Parallel Workers: 4
 Concurrent Workers: 1
 Concurrent Refinement Workers: 4
 Periodic GC: Disabled

Heap:
 garbage-first heap   total 155648K, used 104709K [0x00000000c0000000, 0x0000000100000000)
  region size 1024K, 21 young (21504K), 3 survivors (3072K)
 Metaspace       used 76505K, committed 77056K, reserved 1179648K
  class space    used 10560K, committed 10816K, reserved 1048576K

Heap Regions: E=young(eden), S=young(survivor), O=old, HS=humongous(starts), HC=humongous(continues), CS=collection set, F=free, OA=open archive, CA=closed archive, TAMS=top-at-mark-start (previous, next)
|   0|0x00000000c0000000, 0x00000000c0100000, 0x00000000c0100000|100%| O|  |TAMS 0x00000000c0100000, 0x00000000c0000000| Untracked 
|   1|0x00000000c0100000, 0x00000000c0200000, 0x00000000c0200000|100%| O|  |TAMS 0x00000000c0200000, 0x00000000c0100000| Untracked 
|   2|0x00000000c0200000, 0x00000000c0300000, 0x00000000c0300000|100%|HS|  |TAMS 0x00000000c0300000, 0x00000000c0200000| Complete 
|   3|0x00000000c0300000, 0x00000000c0400000, 0x00000000c0400000|100%|HC|  |TAMS 0x00000000c0400000, 0x00000000c0300000| Complete 
|   4|0x00000000c0400000, 0x00000000c0500000, 0x00000000c0500000|100%|HC|  |TAMS 0x00000000c0500000, 0x00000000c0400000| Complete 
|   5|0x00000000c0500000, 0x00000000c0600000, 0x00000000c0600000|100%|HC|  |TAMS 0x00000000c0600000, 0x00000000c0500000| Complete 
|   6|0x00000000c0600000, 0x00000000c0700000, 0x00000000c0700000|100%| O|  |TAMS 0x00000000c0700000, 0x00000000c0600000| Untracked 
|   7|0x00000000c0700000, 0x00000000c0800000, 0x00000000c0800000|100%| O|  |TAMS 0x00000000c0800000, 0x00000000c0700000| Untracked 
|   8|0x00000000c0800000, 0x00000000c0900000, 0x00000000c0900000|100%| O|  |TAMS 0x00000000c0900000, 0x00000000c0800000| Untracked 
|   9|0x00000000c0900000, 0x00000000c0a00000, 0x00000000c0a00000|100%| O|  |TAMS 0x00000000c0a00000, 0x00000000c0900000| Untracked 
|  10|0x00000000c0a00000, 0x00000000c0b00000, 0x00000000c0b00000|100%| O|  |TAMS 0x00000000c0b00000, 0x00000000c0a00000| Untracked 
|  11|0x00000000c0b00000, 0x00000000c0c00000, 0x00000000c0c00000|100%| O|  |TAMS 0x00000000c0c00000, 0x00000000c0b00000| Untracked 
|  12|0x00000000c0c00000, 0x00000000c0d00000, 0x00000000c0d00000|100%|HS|  |TAMS 0x00000000c0d00000, 0x00000000c0c00000| Complete 
|  13|0x00000000c0d00000, 0x00000000c0e00000, 0x00000000c0e00000|100%|HC|  |TAMS 0x00000000c0e00000, 0x00000000c0d00000| Complete 
|  14|0x00000000c0e00000, 0x00000000c0f00000, 0x00000000c0f00000|100%|HC|  |TAMS 0x00000000c0f00000, 0x00000000c0e00000| Complete 
|  15|0x00000000c0f00000, 0x00000000c1000000, 0x00000000c1000000|100%|HC|  |TAMS 0x00000000c1000000, 0x00000000c0f00000| Complete 
|  16|0x00000000c1000000, 0x00000000c1100000, 0x00000000c1100000|100%|HC|  |TAMS 0x00000000c1100000, 0x00000000c1000000| Complete 
|  17|0x00000000c1100000, 0x00000000c1200000, 0x00000000c1200000|100%|HS|  |TAMS 0x00000000c1200000, 0x00000000c1100000| Complete 
|  18|0x00000000c1200000, 0x00000000c1300000, 0x00000000c1300000|100%|HC|  |TAMS 0x00000000c1300000, 0x00000000c1200000| Complete 
|  19|0x00000000c1300000, 0x00000000c1400000, 0x00000000c1400000|100%|HC|  |TAMS 0x00000000c1400000, 0x00000000c1300000| Complete 
|  20|0x00000000c1400000, 0x00000000c1500000, 0x00000000c1500000|100%| O|  |TAMS 0x00000000c1500000, 0x00000000c1400000| Untracked 
|  21|0x00000000c1500000, 0x00000000c1600000, 0x00000000c1600000|100%| O|  |TAMS 0x00000000c1600000, 0x00000000c1500000| Untracked 
|  22|0x00000000c1600000, 0x00000000c1700000, 0x00000000c1700000|100%| O|  |TAMS 0x00000000c1700000, 0x00000000c1600000| Untracked 
|  23|0x00000000c1700000, 0x00000000c1800000, 0x00000000c1800000|100%| O|  |TAMS 0x00000000c1800000, 0x00000000c1700000| Untracked 
|  24|0x00000000c1800000, 0x00000000c1900000, 0x00000000c1900000|100%| O|  |TAMS 0x00000000c1900000, 0x00000000c1800000| Untracked 
|  25|0x00000000c1900000, 0x00000000c1a00000, 0x00000000c1a00000|100%| O|  |TAMS 0x00000000c1a00000, 0x00000000c1900000| Untracked 
|  26|0x00000000c1a00000, 0x00000000c1b00000, 0x00000000c1b00000|100%| O|  |TAMS 0x00000000c1b00000, 0x00000000c1a00000| Untracked 
|  27|0x00000000c1b00000, 0x00000000c1c00000, 0x00000000c1c00000|100%| O|  |TAMS 0x00000000c1c00000, 0x00000000c1b00000| Untracked 
|  28|0x00000000c1c00000, 0x00000000c1c13e00, 0x00000000c1d00000|  7%| O|  |TAMS 0x00000000c1c13e00, 0x00000000c1c00000| Untracked 
|  29|0x00000000c1d00000, 0x00000000c1e00000, 0x00000000c1e00000|100%|HS|  |TAMS 0x00000000c1e00000, 0x00000000c1d00000| Complete 
|  30|0x00000000c1e00000, 0x00000000c1f00000, 0x00000000c1f00000|100%|HC|  |TAMS 0x00000000c1f00000, 0x00000000c1e00000| Complete 
|  31|0x00000000c1f00000, 0x00000000c2000000, 0x00000000c2000000|100%|HC|  |TAMS 0x00000000c2000000, 0x00000000c1f00000| Complete 
|  32|0x00000000c2000000, 0x00000000c2100000, 0x00000000c2100000|100%| O|  |TAMS 0x00000000c2100000, 0x00000000c2000000| Untracked 
|  33|0x00000000c2100000, 0x00000000c2200000, 0x00000000c2200000|100%| O|  |TAMS 0x00000000c2200000, 0x00000000c2100000| Untracked 
|  34|0x00000000c2200000, 0x00000000c2300000, 0x00000000c2300000|100%| O|  |TAMS 0x00000000c2300000, 0x00000000c2200000| Untracked 
|  35|0x00000000c2300000, 0x00000000c2400000, 0x00000000c2400000|100%| O|  |TAMS 0x00000000c2400000, 0x00000000c2300000| Untracked 
|  36|0x00000000c2400000, 0x00000000c2500000, 0x00000000c2500000|100%| O|  |TAMS 0x00000000c2500000, 0x00000000c2400000| Untracked 
|  37|0x00000000c2500000, 0x00000000c2600000, 0x00000000c2600000|100%| O|  |TAMS 0x00000000c2600000, 0x00000000c2500000| Untracked 
|  38|0x00000000c2600000, 0x00000000c2700000, 0x00000000c2700000|100%| O|  |TAMS 0x00000000c2700000, 0x00000000c2600000| Untracked 
|  39|0x00000000c2700000, 0x00000000c2800000, 0x00000000c2800000|100%|HS|  |TAMS 0x00000000c2800000, 0x00000000c2700000| Complete 
|  40|0x00000000c2800000, 0x00000000c2900000, 0x00000000c2900000|100%|HC|  |TAMS 0x00000000c2900000, 0x00000000c2800000| Complete 
|  41|0x00000000c2900000, 0x00000000c2a00000, 0x00000000c2a00000|100%|HC|  |TAMS 0x00000000c2a00000, 0x00000000c2900000| Complete 
|  42|0x00000000c2a00000, 0x00000000c2b00000, 0x00000000c2b00000|100%|HC|  |TAMS 0x00000000c2b00000, 0x00000000c2a00000| Complete 
|  43|0x00000000c2b00000, 0x00000000c2c00000, 0x00000000c2c00000|100%|HC|  |TAMS 0x00000000c2c00000, 0x00000000c2b00000| Complete 
|  44|0x00000000c2c00000, 0x00000000c2d00000, 0x00000000c2d00000|100%| O|  |TAMS 0x00000000c2d00000, 0x00000000c2c00000| Untracked 
|  45|0x00000000c2d00000, 0x00000000c2e00000, 0x00000000c2e00000|100%| O|  |TAMS 0x00000000c2e00000, 0x00000000c2d00000| Untracked 
|  46|0x00000000c2e00000, 0x00000000c2f00000, 0x00000000c2f00000|100%| O|  |TAMS 0x00000000c2f00000, 0x00000000c2e00000| Untracked 
|  47|0x00000000c2f00000, 0x00000000c3000000, 0x00000000c3000000|100%| O|  |TAMS 0x00000000c3000000, 0x00000000c2f00000| Untracked 
|  48|0x00000000c3000000, 0x00000000c3100000, 0x00000000c3100000|100%| O|  |TAMS 0x00000000c3100000, 0x00000000c3000000| Untracked 
|  49|0x00000000c3100000, 0x00000000c3200000, 0x00000000c3200000|100%| O|  |TAMS 0x00000000c3200000, 0x00000000c3100000| Untracked 
|  50|0x00000000c3200000, 0x00000000c3300000, 0x00000000c3300000|100%| O|  |TAMS 0x00000000c3300000, 0x00000000c3200000| Untracked 
|  51|0x00000000c3300000, 0x00000000c3400000, 0x00000000c3400000|100%| O|  |TAMS 0x00000000c3400000, 0x00000000c3300000| Untracked 
|  52|0x00000000c3400000, 0x00000000c3500000, 0x00000000c3500000|100%| O|  |TAMS 0x00000000c3500000, 0x00000000c3400000| Untracked 
|  53|0x00000000c3500000, 0x00000000c3600000, 0x00000000c3600000|100%| O|  |TAMS 0x00000000c3600000, 0x00000000c3500000| Untracked 
|  54|0x00000000c3600000, 0x00000000c3700000, 0x00000000c3700000|100%| O|  |TAMS 0x00000000c3700000, 0x00000000c3600000| Untracked 
|  55|0x00000000c3700000, 0x00000000c3800000, 0x00000000c3800000|100%|HS|  |TAMS 0x00000000c3800000, 0x00000000c3700000| Complete 
|  56|0x00000000c3800000, 0x00000000c3900000, 0x00000000c3900000|100%|HC|  |TAMS 0x00000000c3900000, 0x00000000c3800000| Complete 
|  57|0x00000000c3900000, 0x00000000c3a00000, 0x00000000c3a00000|100%|HC|  |TAMS 0x00000000c3a00000, 0x00000000c3900000| Complete 
|  58|0x00000000c3a00000, 0x00000000c3b00000, 0x00000000c3b00000|100%|HC|  |TAMS 0x00000000c3b00000, 0x00000000c3a00000| Complete 
|  59|0x00000000c3b00000, 0x00000000c3c00000, 0x00000000c3c00000|100%| O|  |TAMS 0x00000000c3c00000, 0x00000000c3b00000| Untracked 
|  60|0x00000000c3c00000, 0x00000000c3d00000, 0x00000000c3d00000|100%| O|  |TAMS 0x00000000c3d00000, 0x00000000c3c00000| Untracked 
|  61|0x00000000c3d00000, 0x00000000c3e00000, 0x00000000c3e00000|100%| O|  |TAMS 0x00000000c3e00000, 0x00000000c3d00000| Untracked 
|  62|0x00000000c3e00000, 0x00000000c3f00000, 0x00000000c3f00000|100%| O|  |TAMS 0x00000000c3f00000, 0x00000000c3e00000| Untracked 
|  63|0x00000000c3f00000, 0x00000000c4000000, 0x00000000c4000000|100%| O|  |TAMS 0x00000000c4000000, 0x00000000c3f00000| Untracked 
|  64|0x00000000c4000000, 0x00000000c4100000, 0x00000000c4100000|100%| O|  |TAMS 0x00000000c4100000, 0x00000000c4000000| Untracked 
|  65|0x00000000c4100000, 0x00000000c4200000, 0x00000000c4200000|100%| O|  |TAMS 0x00000000c4155400, 0x00000000c4100000| Untracked 
|  66|0x00000000c4200000, 0x00000000c4300000, 0x00000000c4300000|100%|HS|  |TAMS 0x00000000c4300000, 0x00000000c4200000| Complete 
|  67|0x00000000c4300000, 0x00000000c4400000, 0x00000000c4400000|100%| O|  |TAMS 0x00000000c4400000, 0x00000000c4300000| Untracked 
|  68|0x00000000c4400000, 0x00000000c4500000, 0x00000000c4500000|100%| O|  |TAMS 0x00000000c4500000, 0x00000000c4400000| Untracked 
|  69|0x00000000c4500000, 0x00000000c4600000, 0x00000000c4600000|100%| O|  |TAMS 0x00000000c4600000, 0x00000000c4500000| Untracked 
|  70|0x00000000c4600000, 0x00000000c4700000, 0x00000000c4700000|100%| O|  |TAMS 0x00000000c4700000, 0x00000000c4600000| Untracked 
|  71|0x00000000c4700000, 0x00000000c4800000, 0x00000000c4800000|100%| O|  |TAMS 0x00000000c4800000, 0x00000000c4700000| Untracked 
|  72|0x00000000c4800000, 0x00000000c4900000, 0x00000000c4900000|100%| O|  |TAMS 0x00000000c4900000, 0x00000000c4800000| Untracked 
|  73|0x00000000c4900000, 0x00000000c4a00000, 0x00000000c4a00000|100%| O|  |TAMS 0x00000000c4a00000, 0x00000000c4900000| Untracked 
|  74|0x00000000c4a00000, 0x00000000c4b00000, 0x00000000c4b00000|100%|HS|  |TAMS 0x00000000c4b00000, 0x00000000c4a00000| Complete 
|  75|0x00000000c4b00000, 0x00000000c4c00000, 0x00000000c4c00000|100%|HC|  |TAMS 0x00000000c4c00000, 0x00000000c4b00000| Complete 
|  76|0x00000000c4c00000, 0x00000000c4d00000, 0x00000000c4d00000|100%|HC|  |TAMS 0x00000000c4d00000, 0x00000000c4c00000| Complete 
|  77|0x00000000c4d00000, 0x00000000c4e00000, 0x00000000c4e00000|100%|HC|  |TAMS 0x00000000c4e00000, 0x00000000c4d00000| Complete 
|  78|0x00000000c4e00000, 0x00000000c4f00000, 0x00000000c4f00000|100%|HC|  |TAMS 0x00000000c4f00000, 0x00000000c4e00000| Complete 
|  79|0x00000000c4f00000, 0x00000000c5000000, 0x00000000c5000000|100%|HC|  |TAMS 0x00000000c5000000, 0x00000000c4f00000| Complete 
|  80|0x00000000c5000000, 0x00000000c5100000, 0x00000000c5100000|100%| O|  |TAMS 0x00000000c5000000, 0x00000000c5000000| Untracked 
|  81|0x00000000c5100000, 0x00000000c5200000, 0x00000000c5200000|100%| O|  |TAMS 0x00000000c5100000, 0x00000000c5100000| Untracked 
|  82|0x00000000c5200000, 0x00000000c5300000, 0x00000000c5300000|100%| O|  |TAMS 0x00000000c5200000, 0x00000000c5200000| Untracked 
|  83|0x00000000c5300000, 0x00000000c532d800, 0x00000000c5400000| 17%| O|  |TAMS 0x00000000c5300000, 0x00000000c5300000| Untracked 
|  84|0x00000000c5400000, 0x00000000c5400000, 0x00000000c5500000|  0%| F|  |TAMS 0x00000000c5400000, 0x00000000c5400000| Untracked 
|  85|0x00000000c5500000, 0x00000000c5500000, 0x00000000c5600000|  0%| F|  |TAMS 0x00000000c5500000, 0x00000000c5500000| Untracked 
|  86|0x00000000c5600000, 0x00000000c5600000, 0x00000000c5700000|  0%| F|  |TAMS 0x00000000c5600000, 0x00000000c5600000| Untracked 
|  87|0x00000000c5700000, 0x00000000c5700000, 0x00000000c5800000|  0%| F|  |TAMS 0x00000000c5700000, 0x00000000c5700000| Untracked 
|  88|0x00000000c5800000, 0x00000000c5800000, 0x00000000c5900000|  0%| F|  |TAMS 0x00000000c5800000, 0x00000000c5800000| Untracked 
|  89|0x00000000c5900000, 0x00000000c5900000, 0x00000000c5a00000|  0%| F|  |TAMS 0x00000000c5900000, 0x00000000c5900000| Untracked 
|  90|0x00000000c5a00000, 0x00000000c5a00000, 0x00000000c5b00000|  0%| F|  |TAMS 0x00000000c5a00000, 0x00000000c5a00000| Untracked 
|  91|0x00000000c5b00000, 0x00000000c5b00000, 0x00000000c5c00000|  0%| F|  |TAMS 0x00000000c5b00000, 0x00000000c5b00000| Untracked 
|  92|0x00000000c5c00000, 0x00000000c5c00000, 0x00000000c5d00000|  0%| F|  |TAMS 0x00000000c5c00000, 0x00000000c5c00000| Untracked 
|  93|0x00000000c5d00000, 0x00000000c5d00000, 0x00000000c5e00000|  0%| F|  |TAMS 0x00000000c5d00000, 0x00000000c5d00000| Untracked 
|  94|0x00000000c5e00000, 0x00000000c5e00000, 0x00000000c5f00000|  0%| F|  |TAMS 0x00000000c5e00000, 0x00000000c5e00000| Untracked 
|  95|0x00000000c5f00000, 0x00000000c5f00000, 0x00000000c6000000|  0%| F|  |TAMS 0x00000000c5f00000, 0x00000000c5f00000| Untracked 
|  96|0x00000000c6000000, 0x00000000c6000000, 0x00000000c6100000|  0%| F|  |TAMS 0x00000000c6000000, 0x00000000c6000000| Untracked 
|  97|0x00000000c6100000, 0x00000000c6100000, 0x00000000c6200000|  0%| F|  |TAMS 0x00000000c6100000, 0x00000000c6100000| Untracked 
|  98|0x00000000c6200000, 0x00000000c6200000, 0x00000000c6300000|  0%| F|  |TAMS 0x00000000c6200000, 0x00000000c6200000| Untracked 
|  99|0x00000000c6300000, 0x00000000c6300000, 0x00000000c6400000|  0%| F|  |TAMS 0x00000000c6300000, 0x00000000c6300000| Untracked 
| 100|0x00000000c6400000, 0x00000000c6400000, 0x00000000c6500000|  0%| F|  |TAMS 0x00000000c6400000, 0x00000000c6400000| Untracked 
| 101|0x00000000c6500000, 0x00000000c6500000, 0x00000000c6600000|  0%| F|  |TAMS 0x00000000c6500000, 0x00000000c6500000| Untracked 
| 102|0x00000000c6600000, 0x00000000c6600000, 0x00000000c6700000|  0%| F|  |TAMS 0x00000000c6600000, 0x00000000c6600000| Untracked 
| 103|0x00000000c6700000, 0x00000000c6700000, 0x00000000c6800000|  0%| F|  |TAMS 0x00000000c6700000, 0x00000000c6700000| Untracked 
| 104|0x00000000c6800000, 0x00000000c6800000, 0x00000000c6900000|  0%| F|  |TAMS 0x00000000c6800000, 0x00000000c6800000| Untracked 
| 105|0x00000000c6900000, 0x00000000c6900000, 0x00000000c6a00000|  0%| F|  |TAMS 0x00000000c6900000, 0x00000000c6900000| Untracked 
| 106|0x00000000c6a00000, 0x00000000c6a00000, 0x00000000c6b00000|  0%| F|  |TAMS 0x00000000c6a00000, 0x00000000c6a00000| Untracked 
| 107|0x00000000c6b00000, 0x00000000c6b00000, 0x00000000c6c00000|  0%| F|  |TAMS 0x00000000c6b00000, 0x00000000c6b00000| Untracked 
| 108|0x00000000c6c00000, 0x00000000c6c00000, 0x00000000c6d00000|  0%| F|  |TAMS 0x00000000c6c00000, 0x00000000c6c00000| Untracked 
| 109|0x00000000c6d00000, 0x00000000c6d00000, 0x00000000c6e00000|  0%| F|  |TAMS 0x00000000c6d00000, 0x00000000c6d00000| Untracked 
| 110|0x00000000c6e00000, 0x00000000c6e00000, 0x00000000c6f00000|  0%| F|  |TAMS 0x00000000c6e00000, 0x00000000c6e00000| Untracked 
| 111|0x00000000c6f00000, 0x00000000c6f00000, 0x00000000c7000000|  0%| F|  |TAMS 0x00000000c6f00000, 0x00000000c6f00000| Untracked 
| 112|0x00000000c7000000, 0x00000000c7000000, 0x00000000c7100000|  0%| F|  |TAMS 0x00000000c7000000, 0x00000000c7000000| Untracked 
| 113|0x00000000c7100000, 0x00000000c7100000, 0x00000000c7200000|  0%| F|  |TAMS 0x00000000c7100000, 0x00000000c7100000| Untracked 
| 114|0x00000000c7200000, 0x00000000c7200000, 0x00000000c7300000|  0%| F|  |TAMS 0x00000000c7200000, 0x00000000c7200000| Untracked 
| 115|0x00000000c7300000, 0x00000000c7300000, 0x00000000c7400000|  0%| F|  |TAMS 0x00000000c7300000, 0x00000000c7300000| Untracked 
| 116|0x00000000c7400000, 0x00000000c7400000, 0x00000000c7500000|  0%| F|  |TAMS 0x00000000c7400000, 0x00000000c7400000| Untracked 
| 117|0x00000000c7500000, 0x00000000c7500000, 0x00000000c7600000|  0%| F|  |TAMS 0x00000000c7500000, 0x00000000c7500000| Untracked 
| 118|0x00000000c7600000, 0x00000000c7600000, 0x00000000c7700000|  0%| F|  |TAMS 0x00000000c7600000, 0x00000000c7600000| Untracked 
| 119|0x00000000c7700000, 0x00000000c7700000, 0x00000000c7800000|  0%| F|  |TAMS 0x00000000c7700000, 0x00000000c7700000| Untracked 
| 120|0x00000000c7800000, 0x00000000c7800000, 0x00000000c7900000|  0%| F|  |TAMS 0x00000000c7800000, 0x00000000c7800000| Untracked 
| 121|0x00000000c7900000, 0x00000000c7a00000, 0x00000000c7a00000|100%| S|CS|TAMS 0x00000000c7900000, 0x00000000c7900000| Complete 
| 122|0x00000000c7a00000, 0x00000000c7b00000, 0x00000000c7b00000|100%| S|CS|TAMS 0x00000000c7a00000, 0x00000000c7a00000| Complete 
| 123|0x00000000c7b00000, 0x00000000c7c00000, 0x00000000c7c00000|100%| S|CS|TAMS 0x00000000c7b00000, 0x00000000c7b00000| Complete 
| 124|0x00000000c7c00000, 0x00000000c7c00000, 0x00000000c7d00000|  0%| F|  |TAMS 0x00000000c7c00000, 0x00000000c7c00000| Untracked 
| 125|0x00000000c7d00000, 0x00000000c7d00000, 0x00000000c7e00000|  0%| F|  |TAMS 0x00000000c7d00000, 0x00000000c7d00000| Untracked 
| 126|0x00000000c7e00000, 0x00000000c7e00000, 0x00000000c7f00000|  0%| F|  |TAMS 0x00000000c7e00000, 0x00000000c7e00000| Untracked 
| 127|0x00000000c7f00000, 0x00000000c7f00000, 0x00000000c8000000|  0%| F|  |TAMS 0x00000000c7f00000, 0x00000000c7f00000| Untracked 
| 128|0x00000000c8000000, 0x00000000c8000000, 0x00000000c8100000|  0%| F|  |TAMS 0x00000000c8000000, 0x00000000c8000000| Untracked 
| 129|0x00000000c8100000, 0x00000000c8100000, 0x00000000c8200000|  0%| F|  |TAMS 0x00000000c8100000, 0x00000000c8100000| Untracked 
| 130|0x00000000c8200000, 0x00000000c8200000, 0x00000000c8300000|  0%| F|  |TAMS 0x00000000c8200000, 0x00000000c8200000| Untracked 
| 131|0x00000000c8300000, 0x00000000c8300000, 0x00000000c8400000|  0%| F|  |TAMS 0x00000000c8300000, 0x00000000c8300000| Untracked 
| 132|0x00000000c8400000, 0x00000000c8400000, 0x00000000c8500000|  0%| F|  |TAMS 0x00000000c8400000, 0x00000000c8400000| Untracked 
| 133|0x00000000c8500000, 0x00000000c8500000, 0x00000000c8600000|  0%| F|  |TAMS 0x00000000c8500000, 0x00000000c8500000| Untracked 
| 134|0x00000000c8600000, 0x00000000c8700000, 0x00000000c8700000|100%| E|  |TAMS 0x00000000c8600000, 0x00000000c8600000| Complete 
| 135|0x00000000c8700000, 0x00000000c8800000, 0x00000000c8800000|100%| E|CS|TAMS 0x00000000c8700000, 0x00000000c8700000| Complete 
| 136|0x00000000c8800000, 0x00000000c8900000, 0x00000000c8900000|100%| E|CS|TAMS 0x00000000c8800000, 0x00000000c8800000| Complete 
| 137|0x00000000c8900000, 0x00000000c8a00000, 0x00000000c8a00000|100%| E|CS|TAMS 0x00000000c8900000, 0x00000000c8900000| Complete 
| 138|0x00000000c8a00000, 0x00000000c8b00000, 0x00000000c8b00000|100%| E|CS|TAMS 0x00000000c8a00000, 0x00000000c8a00000| Complete 
| 139|0x00000000c8b00000, 0x00000000c8c00000, 0x00000000c8c00000|100%| E|CS|TAMS 0x00000000c8b00000, 0x00000000c8b00000| Complete 
| 140|0x00000000c8c00000, 0x00000000c8d00000, 0x00000000c8d00000|100%| E|CS|TAMS 0x00000000c8c00000, 0x00000000c8c00000| Complete 
| 141|0x00000000c8d00000, 0x00000000c8e00000, 0x00000000c8e00000|100%| E|CS|TAMS 0x00000000c8d00000, 0x00000000c8d00000| Complete 
| 142|0x00000000c8e00000, 0x00000000c8f00000, 0x00000000c8f00000|100%| E|CS|TAMS 0x00000000c8e00000, 0x00000000c8e00000| Complete 
| 143|0x00000000c8f00000, 0x00000000c9000000, 0x00000000c9000000|100%| E|CS|TAMS 0x00000000c8f00000, 0x00000000c8f00000| Complete 
| 144|0x00000000c9000000, 0x00000000c9100000, 0x00000000c9100000|100%| E|CS|TAMS 0x00000000c9000000, 0x00000000c9000000| Complete 
| 145|0x00000000c9100000, 0x00000000c9200000, 0x00000000c9200000|100%| E|CS|TAMS 0x00000000c9100000, 0x00000000c9100000| Complete 
| 146|0x00000000c9200000, 0x00000000c9300000, 0x00000000c9300000|100%| E|CS|TAMS 0x00000000c9200000, 0x00000000c9200000| Complete 
| 147|0x00000000c9300000, 0x00000000c9400000, 0x00000000c9400000|100%| E|CS|TAMS 0x00000000c9300000, 0x00000000c9300000| Complete 
| 148|0x00000000c9400000, 0x00000000c9500000, 0x00000000c9500000|100%| E|CS|TAMS 0x00000000c9400000, 0x00000000c9400000| Complete 
| 149|0x00000000c9500000, 0x00000000c9600000, 0x00000000c9600000|100%| E|CS|TAMS 0x00000000c9500000, 0x00000000c9500000| Complete 
| 150|0x00000000c9600000, 0x00000000c9700000, 0x00000000c9700000|100%| E|CS|TAMS 0x00000000c9600000, 0x00000000c9600000| Complete 
| 151|0x00000000c9700000, 0x00000000c9800000, 0x00000000c9800000|100%| E|CS|TAMS 0x00000000c9700000, 0x00000000c9700000| Complete 

Card table byte_map: [0x000001ec771d0000,0x000001ec773d0000] _byte_map_base: 0x000001ec76bd0000

Marking Bits (Prev, Next): (CMBitMap*) 0x000001ec62a2ced0, (CMBitMap*) 0x000001ec62a2cf10
 Prev Bits: [0x000001ec775d0000, 0x000001ec785d0000)
 Next Bits: [0x000001ec785d0000, 0x000001ec795d0000)

Polling page: 0x000001ec67980000

Metaspace:

Usage:
  Non-class:     64.40 MB used.
      Class:     10.31 MB used.
       Both:     74.71 MB used.

Virtual space:
  Non-class space:      128.00 MB reserved,      64.69 MB ( 51%) committed,  2 nodes.
      Class space:        1.00 GB reserved,      10.56 MB (  1%) committed,  1 nodes.
             Both:        1.12 GB reserved,      75.25 MB (  7%) committed. 

Chunk freelists:
   Non-Class:  14.61 MB
       Class:  5.44 MB
        Both:  20.05 MB

MaxMetaspaceSize: unlimited
CompressedClassSpaceSize: 1.00 GB
Initial GC threshold: 21.00 MB
Current GC threshold: 117.62 MB
CDS: on
MetaspaceReclaimPolicy: balanced
 - commit_granule_bytes: 65536.
 - commit_granule_words: 8192.
 - virtual_space_node_default_size: 8388608.
 - enlarge_chunks_in_place: 1.
 - new_chunks_are_fully_committed: 0.
 - uncommit_free_chunks: 1.
 - use_allocation_guard: 0.
 - handle_deallocations: 1.


Internal statistics:

num_allocs_failed_limit: 6.
num_arena_births: 724.
num_arena_deaths: 0.
num_vsnodes_births: 3.
num_vsnodes_deaths: 0.
num_space_committed: 1203.
num_space_uncommitted: 0.
num_chunks_returned_to_freelist: 6.
num_chunks_taken_from_freelist: 3478.
num_chunk_merges: 6.
num_chunk_splits: 2599.
num_chunks_enlarged: 2055.
num_inconsistent_stats: 0.

CodeHeap 'non-profiled nmethods': size=120000Kb used=3039Kb max_used=3085Kb free=116960Kb
 bounds [0x000001ec6f470000, 0x000001ec6f780000, 0x000001ec769a0000]
CodeHeap 'profiled nmethods': size=120000Kb used=11458Kb max_used=11458Kb free=108541Kb
 bounds [0x000001ec679a0000, 0x000001ec684e0000, 0x000001ec6eed0000]
CodeHeap 'non-nmethods': size=5760Kb used=2381Kb max_used=2409Kb free=3378Kb
 bounds [0x000001ec6eed0000, 0x000001ec6f140000, 0x000001ec6f470000]
 total_blobs=6440 nmethods=5524 adapters=827
 compilation: enabled
              stopped_count=0, restarted_count=0
 full_count=0

Compilation events (20 events):
Event: 18.795 Thread 0x000001ec7bba81f0 6127       3       gnu.trove.TObjectHash::index (146 bytes)
Event: 18.796 Thread 0x000001ec7bba81f0 nmethod 6127 0x000001ec68457d10 code [0x000001ec68457f20, 0x000001ec68458728]
Event: 18.796 Thread 0x000001ec7bba81f0 6128 %     3       org.jetbrains.org.objectweb.asm.ClassReader::<init> @ 76 (339 bytes)
Event: 18.798 Thread 0x000001ec7bba81f0 nmethod 6128% 0x000001ec68458990 code [0x000001ec68458be0, 0x000001ec68459b28]
Event: 18.798 Thread 0x000001ec7bba81f0 6134       1       org.jetbrains.kotlin.utils.SmartList::size (5 bytes)
Event: 18.798 Thread 0x000001ec7bba81f0 nmethod 6134 0x000001ec6f535010 code [0x000001ec6f5351a0, 0x000001ec6f535278]
Event: 18.798 Thread 0x000001ec7bba81f0 6130       3       java.util.concurrent.locks.AbstractQueuedSynchronizer::apparentlyFirstQueuedIsExclusive (38 bytes)
Event: 18.798 Thread 0x000001ec7bba81f0 nmethod 6130 0x000001ec68459f10 code [0x000001ec6845a0c0, 0x000001ec6845a3d8]
Event: 18.798 Thread 0x000001ec7bba81f0 6131       3       java.util.concurrent.locks.ReentrantReadWriteLock$ReadLock::unlock (10 bytes)
Event: 18.798 Thread 0x000001ec7bba81f0 nmethod 6131 0x000001ec6845a490 code [0x000001ec6845a660, 0x000001ec6845a938]
Event: 18.798 Thread 0x000001ec7bba81f0 6136       3       org.jetbrains.kotlin.protobuf.CodedOutputStream::writeInt32 (12 bytes)
Event: 18.799 Thread 0x000001ec7bba81f0 nmethod 6136 0x000001ec6845aa90 code [0x000001ec6845ac60, 0x000001ec6845afa8]
Event: 18.799 Thread 0x000001ec7bba81f0 6135       1       org.jetbrains.kotlin.load.java.lazy.JavaResolverComponents::getStorageManager (5 bytes)
Event: 18.799 Thread 0x000001ec7bba81f0 nmethod 6135 0x000001ec6f534d10 code [0x000001ec6f534ea0, 0x000001ec6f534f78]
Event: 18.799 Thread 0x000001ec7bba81f0 6132       3       java.util.concurrent.locks.ReentrantReadWriteLock$Sync::tryReleaseShared (146 bytes)
Event: 18.800 Thread 0x000001ec7bba81f0 nmethod 6132 0x000001ec6845b110 code [0x000001ec6845b360, 0x000001ec6845be98]
Event: 18.800 Thread 0x000001ec7bba81f0 6133       1       org.jetbrains.kotlin.com.intellij.ide.highlighter.JavaClassFileType::getDefaultExtension (3 bytes)
Event: 18.800 Thread 0x000001ec7bba81f0 nmethod 6133 0x000001ec6f534810 code [0x000001ec6f5349a0, 0x000001ec6f534a78]
Event: 18.804 Thread 0x000001ec7bba81f0 6138       3       org.jetbrains.kotlin.com.intellij.openapi.vfs.local.CoreLocalVirtualFile::equals (41 bytes)
Event: 18.805 Thread 0x000001ec7bba81f0 nmethod 6138 0x000001ec6845c290 code [0x000001ec6845c4a0, 0x000001ec6845cc48]

GC Heap History (20 events):
Event: 14.044 GC heap before
{Heap before GC invocations=14 (full 0):
 garbage-first heap   total 112640K, used 90261K [0x00000000c0000000, 0x0000000100000000)
  region size 1024K, 36 young (36864K), 2 survivors (2048K)
 Metaspace       used 48881K, committed 49536K, reserved 1114112K
  class space    used 7332K, committed 7616K, reserved 1048576K
}
Event: 14.049 GC heap after
{Heap after GC invocations=15 (full 0):
 garbage-first heap   total 112640K, used 56277K [0x00000000c0000000, 0x0000000100000000)
  region size 1024K, 3 young (3072K), 3 survivors (3072K)
 Metaspace       used 48881K, committed 49536K, reserved 1114112K
  class space    used 7332K, committed 7616K, reserved 1048576K
}
Event: 14.760 GC heap before
{Heap before GC invocations=16 (full 0):
 garbage-first heap   total 112640K, used 91093K [0x00000000c0000000, 0x0000000100000000)
  region size 1024K, 37 young (37888K), 3 survivors (3072K)
 Metaspace       used 53153K, committed 53824K, reserved 1114112K
  class space    used 7886K, committed 8192K, reserved 1048576K
}
Event: 14.765 GC heap after
{Heap after GC invocations=17 (full 0):
 garbage-first heap   total 112640K, used 57881K [0x00000000c0000000, 0x0000000100000000)
  region size 1024K, 4 young (4096K), 4 survivors (4096K)
 Metaspace       used 53153K, committed 53824K, reserved 1114112K
  class space    used 7886K, committed 8192K, reserved 1048576K
}
Event: 14.947 GC heap before
{Heap before GC invocations=17 (full 0):
 garbage-first heap   total 112640K, used 66073K [0x00000000c0000000, 0x0000000100000000)
  region size 1024K, 13 young (13312K), 4 survivors (4096K)
 Metaspace       used 54503K, committed 55104K, reserved 1114112K
  class space    used 8051K, committed 8320K, reserved 1048576K
}
Event: 14.953 GC heap after
{Heap after GC invocations=18 (full 0):
 garbage-first heap   total 112640K, used 58185K [0x00000000c0000000, 0x0000000100000000)
  region size 1024K, 3 young (3072K), 3 survivors (3072K)
 Metaspace       used 54503K, committed 55104K, reserved 1114112K
  class space    used 8051K, committed 8320K, reserved 1048576K
}
Event: 15.783 GC heap before
{Heap before GC invocations=19 (full 0):
 garbage-first heap   total 114688K, used 97097K [0x00000000c0000000, 0x0000000100000000)
  region size 1024K, 37 young (37888K), 3 survivors (3072K)
 Metaspace       used 59171K, committed 59776K, reserved 1114112K
  class space    used 8640K, committed 8896K, reserved 1048576K
}
Event: 15.787 GC heap after
{Heap after GC invocations=20 (full 0):
 garbage-first heap   total 114688K, used 62903K [0x00000000c0000000, 0x0000000100000000)
  region size 1024K, 4 young (4096K), 4 survivors (4096K)
 Metaspace       used 59171K, committed 59776K, reserved 1114112K
  class space    used 8640K, committed 8896K, reserved 1048576K
}
Event: 16.027 GC heap before
{Heap before GC invocations=20 (full 0):
 garbage-first heap   total 114688K, used 71095K [0x00000000c0000000, 0x0000000100000000)
  region size 1024K, 13 young (13312K), 4 survivors (4096K)
 Metaspace       used 60718K, committed 61376K, reserved 1114112K
  class space    used 8840K, committed 9152K, reserved 1048576K
}
Event: 16.032 GC heap after
{Heap after GC invocations=21 (full 0):
 garbage-first heap   total 114688K, used 63274K [0x00000000c0000000, 0x0000000100000000)
  region size 1024K, 3 young (3072K), 3 survivors (3072K)
 Metaspace       used 60718K, committed 61376K, reserved 1114112K
  class space    used 8840K, committed 9152K, reserved 1048576K
}
Event: 16.346 GC heap before
{Heap before GC invocations=22 (full 0):
 garbage-first heap   total 133120K, used 104234K [0x00000000c0000000, 0x0000000100000000)
  region size 1024K, 36 young (36864K), 3 survivors (3072K)
 Metaspace       used 61030K, committed 61632K, reserved 1114112K
  class space    used 8873K, committed 9152K, reserved 1048576K
}
Event: 16.360 GC heap after
{Heap after GC invocations=23 (full 0):
 garbage-first heap   total 133120K, used 72721K [0x00000000c0000000, 0x0000000100000000)
  region size 1024K, 5 young (5120K), 5 survivors (5120K)
 Metaspace       used 61030K, committed 61632K, reserved 1114112K
  class space    used 8873K, committed 9152K, reserved 1048576K
}
Event: 16.966 GC heap before
{Heap before GC invocations=23 (full 0):
 garbage-first heap   total 133120K, used 105489K [0x00000000c0000000, 0x0000000100000000)
  region size 1024K, 37 young (37888K), 5 survivors (5120K)
 Metaspace       used 64253K, committed 64832K, reserved 1114112K
  class space    used 9247K, committed 9536K, reserved 1048576K
}
Event: 16.976 GC heap after
{Heap after GC invocations=24 (full 0):
 garbage-first heap   total 133120K, used 74950K [0x00000000c0000000, 0x0000000100000000)
  region size 1024K, 2 young (2048K), 2 survivors (2048K)
 Metaspace       used 64253K, committed 64832K, reserved 1114112K
  class space    used 9247K, committed 9536K, reserved 1048576K
}
Event: 17.546 GC heap before
{Heap before GC invocations=25 (full 0):
 garbage-first heap   total 140288K, used 113862K [0x00000000c0000000, 0x0000000100000000)
  region size 1024K, 33 young (33792K), 2 survivors (2048K)
 Metaspace       used 67518K, committed 68160K, reserved 1114112K
  class space    used 9611K, committed 9920K, reserved 1048576K
}
Event: 17.552 GC heap after
{Heap after GC invocations=26 (full 0):
 garbage-first heap   total 140288K, used 84237K [0x00000000c0000000, 0x0000000100000000)
  region size 1024K, 4 young (4096K), 4 survivors (4096K)
 Metaspace       used 67518K, committed 68160K, reserved 1114112K
  class space    used 9611K, committed 9920K, reserved 1048576K
}
Event: 18.001 GC heap before
{Heap before GC invocations=26 (full 0):
 garbage-first heap   total 140288K, used 113933K [0x00000000c0000000, 0x0000000100000000)
  region size 1024K, 33 young (33792K), 4 survivors (4096K)
 Metaspace       used 71184K, committed 71808K, reserved 1114112K
  class space    used 9915K, committed 10176K, reserved 1048576K
}
Event: 18.009 GC heap after
{Heap after GC invocations=27 (full 0):
 garbage-first heap   total 140288K, used 86500K [0x00000000c0000000, 0x0000000100000000)
  region size 1024K, 5 young (5120K), 5 survivors (5120K)
 Metaspace       used 71184K, committed 71808K, reserved 1114112K
  class space    used 9915K, committed 10176K, reserved 1048576K
}
Event: 18.748 GC heap before
{Heap before GC invocations=28 (full 0):
 garbage-first heap   total 155648K, used 115172K [0x00000000c0000000, 0x0000000100000000)
  region size 1024K, 33 young (33792K), 5 survivors (5120K)
 Metaspace       used 74568K, committed 75200K, reserved 1114112K
  class space    used 10332K, committed 10624K, reserved 1048576K
}
Event: 18.757 GC heap after
{Heap after GC invocations=29 (full 0):
 garbage-first heap   total 155648K, used 87301K [0x00000000c0000000, 0x0000000100000000)
  region size 1024K, 3 young (3072K), 3 survivors (3072K)
 Metaspace       used 74568K, committed 75200K, reserved 1114112K
  class space    used 10332K, committed 10624K, reserved 1048576K
}

Dll operation events (4 events):
Event: 0.007 Loaded shared library C:\Users\Vinicius\.jdks\jbr-17.0.11\bin\java.dll
Event: 0.023 Loaded shared library C:\Users\Vinicius\.jdks\jbr-17.0.11\bin\jsvml.dll
Event: 0.078 Loaded shared library C:\Users\Vinicius\.jdks\jbr-17.0.11\bin\zip.dll
Event: 0.395 Loaded shared library C:\Users\Vinicius\.jdks\jbr-17.0.11\bin\verify.dll

Deoptimization events (20 events):
Event: 18.603 Thread 0x000001ec460c1300 Uncommon trap: trap_request=0xffffffc6 fr.pc=0x000001ec6f685b54 relative=0x00000000000005f4
Event: 18.603 Thread 0x000001ec460c1300 Uncommon trap: reason=bimorphic_or_optimized_type_check action=maybe_recompile pc=0x000001ec6f685b54 method=org.jetbrains.kotlin.protobuf.CodedInputStream.tryRefillBuffer(I)Z @ 177 c2
Event: 18.603 Thread 0x000001ec460c1300 DEOPT PACKING pc=0x000001ec6f685b54 sp=0x00000058c5cf4440
Event: 18.603 Thread 0x000001ec460c1300 DEOPT UNPACKING pc=0x000001ec6ef269a3 sp=0x00000058c5cf4328 mode 2
Event: 18.607 Thread 0x000001ec460c1300 Uncommon trap: trap_request=0xffffffc6 fr.pc=0x000001ec6f685b54 relative=0x00000000000005f4
Event: 18.607 Thread 0x000001ec460c1300 Uncommon trap: reason=bimorphic_or_optimized_type_check action=maybe_recompile pc=0x000001ec6f685b54 method=org.jetbrains.kotlin.protobuf.CodedInputStream.tryRefillBuffer(I)Z @ 177 c2
Event: 18.607 Thread 0x000001ec460c1300 DEOPT PACKING pc=0x000001ec6f685b54 sp=0x00000058c5cf4440
Event: 18.607 Thread 0x000001ec460c1300 DEOPT UNPACKING pc=0x000001ec6ef269a3 sp=0x00000058c5cf4328 mode 2
Event: 18.608 Thread 0x000001ec460c1300 Uncommon trap: trap_request=0xffffffc6 fr.pc=0x000001ec6f685b54 relative=0x00000000000005f4
Event: 18.608 Thread 0x000001ec460c1300 Uncommon trap: reason=bimorphic_or_optimized_type_check action=maybe_recompile pc=0x000001ec6f685b54 method=org.jetbrains.kotlin.protobuf.CodedInputStream.tryRefillBuffer(I)Z @ 177 c2
Event: 18.608 Thread 0x000001ec460c1300 DEOPT PACKING pc=0x000001ec6f685b54 sp=0x00000058c5cf4320
Event: 18.608 Thread 0x000001ec460c1300 DEOPT UNPACKING pc=0x000001ec6ef269a3 sp=0x00000058c5cf4200 mode 2
Event: 18.612 Thread 0x000001ec460c1300 Uncommon trap: trap_request=0xffffffc6 fr.pc=0x000001ec6f685b54 relative=0x00000000000005f4
Event: 18.612 Thread 0x000001ec460c1300 Uncommon trap: reason=bimorphic_or_optimized_type_check action=maybe_recompile pc=0x000001ec6f685b54 method=org.jetbrains.kotlin.protobuf.CodedInputStream.tryRefillBuffer(I)Z @ 177 c2
Event: 18.612 Thread 0x000001ec460c1300 DEOPT PACKING pc=0x000001ec6f685b54 sp=0x00000058c5cf4320
Event: 18.612 Thread 0x000001ec460c1300 DEOPT UNPACKING pc=0x000001ec6ef269a3 sp=0x00000058c5cf4200 mode 2
Event: 18.623 Thread 0x000001ec460c1300 Uncommon trap: trap_request=0xffffffc6 fr.pc=0x000001ec6f684678 relative=0x0000000000000318
Event: 18.623 Thread 0x000001ec460c1300 Uncommon trap: reason=bimorphic_or_optimized_type_check action=maybe_recompile pc=0x000001ec6f684678 method=org.jetbrains.kotlin.protobuf.CodedInputStream.tryRefillBuffer(I)Z @ 177 c2
Event: 18.623 Thread 0x000001ec460c1300 DEOPT PACKING pc=0x000001ec6f684678 sp=0x00000058c5cf3e10
Event: 18.623 Thread 0x000001ec460c1300 DEOPT UNPACKING pc=0x000001ec6ef269a3 sp=0x00000058c5cf3d48 mode 2

Classes unloaded (0 events):
No events

Classes redefined (0 events):
No events

Internal exceptions (20 events):
Event: 12.253 Thread 0x000001ec460c1300 Exception <a 'java/lang/NoSuchMethodError'{0x00000000c633ef18}: 'java.lang.Object java.lang.invoke.DirectMethodHandle$Holder.invokeStatic(java.lang.Object, java.lang.Object, java.lang.Object, java.lang.Object, java.lang.Object, java.lang.Object, java.lang.Object, java.lang.Object, java.lang.Object, java.lang.Object, java.lang.Object, java.lang.Object, java.lang.Object, java.lang.Object, java.lang.Object, java.lang.Object, java.lang.Object, java.lang.Object, java.lang.Object, java.lang.Object, java.lang.Obj
Event: 12.492 Thread 0x000001ec460c1300 Exception <a 'java/lang/IncompatibleClassChangeError'{0x00000000c5789560}: Found class java.lang.Object, but interface was expected> (0x00000000c5789560) 
thrown [s\src\hotspot\share\interpreter\linkResolver.cpp, line 838]
Event: 12.566 Thread 0x000001ec460c1300 Exception <a 'java/lang/IncompatibleClassChangeError'{0x00000000c55a4c88}: Found class java.lang.Object, but interface was expected> (0x00000000c55a4c88) 
thrown [s\src\hotspot\share\interpreter\linkResolver.cpp, line 838]
Event: 12.577 Thread 0x000001ec460c1300 Exception <a 'java/lang/NoSuchMethodError'{0x00000000c5428ae8}: 'void java.lang.invoke.DirectMethodHandle$Holder.invokeStatic(java.lang.Object, java.lang.Object, java.lang.Object, java.lang.Object, java.lang.Object, java.lang.Object)'> (0x00000000c5428ae8) 
thrown [s\src\hotspot\share\interpreter\linkResolver.cpp, line 771]
Event: 12.643 Thread 0x000001ec460c1300 Exception <a 'java/lang/NoSuchMethodError'{0x00000000c52fd6b8}: 'java.lang.Object java.lang.invoke.DirectMethodHandle$Holder.invokeStaticInit(java.lang.Object, int)'> (0x00000000c52fd6b8) 
thrown [s\src\hotspot\share\interpreter\linkResolver.cpp, line 771]
Event: 12.663 Thread 0x000001ec460c1300 Exception <a 'java/lang/NoSuchMethodError'{0x00000000c505a0e0}: 'int java.lang.invoke.DelegatingMethodHandle$Holder.reinvoke_L(java.lang.Object, java.lang.Object, java.lang.Object, long, int, int)'> (0x00000000c505a0e0) 
thrown [s\src\hotspot\share\interpreter\linkResolver.cpp, line 771]
Event: 12.664 Thread 0x000001ec460c1300 Exception <a 'java/lang/NoSuchMethodError'{0x00000000c5069cb0}: 'int java.lang.invoke.DelegatingMethodHandle$Holder.reinvoke_L(java.lang.Object, java.lang.Object, java.lang.Object, long, long, long)'> (0x00000000c5069cb0) 
thrown [s\src\hotspot\share\interpreter\linkResolver.cpp, line 771]
Event: 12.666 Thread 0x000001ec460c1300 Exception <a 'java/lang/NoSuchMethodError'{0x00000000c5079b88}: 'int java.lang.invoke.DelegatingMethodHandle$Holder.reinvoke_L(java.lang.Object, java.lang.Object, java.lang.Object, long, java.lang.Object, java.lang.Object)'> (0x00000000c5079b88) 
thrown [s\src\hotspot\share\interpreter\linkResolver.cpp, line 771]
Event: 12.667 Thread 0x000001ec460c1300 Exception <a 'java/lang/NoSuchMethodError'{0x00000000c5089b10}: 'void java.lang.invoke.DelegatingMethodHandle$Holder.reinvoke_L(java.lang.Object, java.lang.Object, java.lang.Object, long, java.lang.Object)'> (0x00000000c5089b10) 
thrown [s\src\hotspot\share\interpreter\linkResolver.cpp, line 771]
Event: 12.669 Thread 0x000001ec460c1300 Exception <a 'java/lang/NoSuchMethodError'{0x00000000c5092198}: 'java.lang.Object java.lang.invoke.DirectMethodHandle$Holder.invokeSpecial(java.lang.Object, java.lang.Object, java.lang.Object, java.lang.Object, long)'> (0x00000000c5092198) 
thrown [s\src\hotspot\share\interpreter\linkResolver.cpp, line 771]
Event: 12.672 Thread 0x000001ec460c1300 Exception <a 'java/lang/NoSuchMethodError'{0x00000000c50baad0}: 'long java.lang.invoke.Invokers$Holder.invoke_MT(java.lang.Object, java.lang.Object, java.lang.Object, java.lang.Object)'> (0x00000000c50baad0) 
thrown [s\src\hotspot\share\interpreter\linkResolver.cpp, line 771]
Event: 12.673 Thread 0x000001ec460c1300 Exception <a 'java/lang/NoSuchMethodError'{0x00000000c50c3bd0}: 'int java.lang.invoke.Invokers$Holder.invoke_MT(java.lang.Object, java.lang.Object, java.lang.Object, java.lang.Object)'> (0x00000000c50c3bd0) 
thrown [s\src\hotspot\share\interpreter\linkResolver.cpp, line 771]
Event: 12.676 Thread 0x000001ec460c1300 Exception <a 'java/lang/NoSuchMethodError'{0x00000000c50d4c18}: 'int java.lang.invoke.DelegatingMethodHandle$Holder.reinvoke_L(java.lang.Object, java.lang.Object, java.lang.Object, long, int)'> (0x00000000c50d4c18) 
thrown [s\src\hotspot\share\interpreter\linkResolver.cpp, line 771]
Event: 12.678 Thread 0x000001ec460c1300 Exception <a 'java/lang/NoSuchMethodError'{0x00000000c50e9020}: 'java.lang.Object java.lang.invoke.Invokers$Holder.invokeExact_MT(java.lang.Object, java.lang.Object, long, java.lang.Object)'> (0x00000000c50e9020) 
thrown [s\src\hotspot\share\interpreter\linkResolver.cpp, line 771]
Event: 14.702 Thread 0x000001ec460c1300 Exception <a 'java/lang/NoSuchMethodError'{0x00000000c4f4b6a0}: 'long java.lang.invoke.DirectMethodHandle$Holder.invokeStatic(java.lang.Object)'> (0x00000000c4f4b6a0) 
thrown [s\src\hotspot\share\interpreter\linkResolver.cpp, line 771]
Event: 14.702 Thread 0x000001ec460c1300 Exception <a 'java/lang/NoSuchMethodError'{0x00000000c4f50530}: 'long java.lang.invoke.DirectMethodHandle$Holder.invokeStaticInit(java.lang.Object)'> (0x00000000c4f50530) 
thrown [s\src\hotspot\share\interpreter\linkResolver.cpp, line 771]
Event: 14.944 Thread 0x000001ec460c1300 Implicit null exception at 0x000001ec6f698e8c to 0x000001ec6f698fc6
Event: 15.612 Thread 0x000001ec460c1300 Exception <a 'java/lang/NoSuchMethodError'{0x00000000c54bf280}: 'void java.lang.invoke.DirectMethodHandle$Holder.invokeVirtual(java.lang.Object, java.lang.Object)'> (0x00000000c54bf280) 
thrown [s\src\hotspot\share\interpreter\linkResolver.cpp, line 771]
Event: 16.000 Thread 0x000001ec460c1300 Exception <a 'java/lang/NoSuchMethodError'{0x00000000c6862770}: 'java.lang.Object java.lang.invoke.Invokers$Holder.invoke_MT(java.lang.Object, java.lang.Object, java.lang.Object)'> (0x00000000c6862770) 
thrown [s\src\hotspot\share\interpreter\linkResolver.cpp, line 771]
Event: 16.280 Thread 0x000001ec460c1300 Implicit null exception at 0x000001ec6f565643 to 0x000001ec6f5670a0

VM Operations (20 events):
Event: 17.078 Executing VM operation: G1PauseRemark
Event: 17.081 Executing VM operation: G1PauseRemark done
Event: 17.130 Executing VM operation: G1PauseCleanup
Event: 17.131 Executing VM operation: G1PauseCleanup done
Event: 17.546 Executing VM operation: G1CollectForAllocation
Event: 17.552 Executing VM operation: G1CollectForAllocation done
Event: 18.001 Executing VM operation: G1CollectForAllocation
Event: 18.009 Executing VM operation: G1CollectForAllocation done
Event: 18.162 Executing VM operation: G1PauseRemark
Event: 18.171 Executing VM operation: G1PauseRemark done
Event: 18.233 Executing VM operation: G1PauseCleanup
Event: 18.233 Executing VM operation: G1PauseCleanup done
Event: 18.397 Executing VM operation: HandshakeAllThreads
Event: 18.397 Executing VM operation: HandshakeAllThreads done
Event: 18.445 Executing VM operation: HandshakeAllThreads
Event: 18.446 Executing VM operation: HandshakeAllThreads done
Event: 18.598 Executing VM operation: HandshakeAllThreads
Event: 18.598 Executing VM operation: HandshakeAllThreads done
Event: 18.748 Executing VM operation: G1CollectForAllocation
Event: 18.757 Executing VM operation: G1CollectForAllocation done

Events (20 events):
Event: 16.002 loading class java/io/UTFDataFormatException
Event: 16.002 loading class java/io/UTFDataFormatException done
Event: 16.020 loading class java/util/DualPivotQuicksort
Event: 16.021 loading class java/util/DualPivotQuicksort done
Event: 16.024 loading class java/nio/file/attribute/DosFileAttributeView
Event: 16.024 loading class java/nio/file/attribute/DosFileAttributeView done
Event: 16.024 loading class sun/nio/fs/WindowsFileAttributeViews$Dos
Event: 16.024 loading class sun/nio/fs/WindowsFileAttributeViews$Dos done
Event: 16.328 loading class java/nio/channels/Channels$ReadableByteChannelImpl
Event: 16.328 loading class java/nio/channels/Channels$ReadableByteChannelImpl done
Event: 16.328 loading class java/nio/channels/NonWritableChannelException
Event: 16.328 loading class java/nio/channels/NonWritableChannelException done
Event: 18.444 loading class java/util/ArrayList$ListItr
Event: 18.445 loading class java/util/ArrayList$ListItr done
Event: 18.699 loading class java/text/StringCharacterIterator
Event: 18.699 loading class java/text/CharacterIterator
Event: 18.699 loading class java/text/CharacterIterator done
Event: 18.699 loading class java/text/StringCharacterIterator done
Event: 18.808 loading class java/io/NotSerializableException
Event: 18.808 loading class java/io/NotSerializableException done


Dynamic libraries:
0x00007ff631b60000 - 0x00007ff631b6a000 	C:\Users\Vinicius\.jdks\jbr-17.0.11\bin\java.exe
0x00007ff9d9930000 - 0x00007ff9d9b28000 	C:\Windows\SYSTEM32\ntdll.dll
0x00007ff9d93f0000 - 0x00007ff9d94b1000 	C:\Windows\System32\KERNEL32.DLL
0x00007ff9d7240000 - 0x00007ff9d7536000 	C:\Windows\System32\KERNELBASE.dll
0x00007ff9d76a0000 - 0x00007ff9d77a0000 	C:\Windows\System32\ucrtbase.dll
0x00007ff9ae260000 - 0x00007ff9ae27b000 	C:\Users\Vinicius\.jdks\jbr-17.0.11\bin\VCRUNTIME140.dll
0x00007ff9a9080000 - 0x00007ff9a9097000 	C:\Users\Vinicius\.jdks\jbr-17.0.11\bin\jli.dll
0x00007ff9d9720000 - 0x00007ff9d98bf000 	C:\Windows\System32\USER32.dll
0x00007ff9bf3c0000 - 0x00007ff9bf65a000 	C:\Windows\WinSxS\amd64_microsoft.windows.common-controls_6595b64144ccf1df_6.0.19041.4355_none_60b8b9eb71f62e16\COMCTL32.dll
0x00007ff9d7210000 - 0x00007ff9d7232000 	C:\Windows\System32\win32u.dll
0x00007ff9d9600000 - 0x00007ff9d969e000 	C:\Windows\System32\msvcrt.dll
0x00007ff9d98c0000 - 0x00007ff9d98eb000 	C:\Windows\System32\GDI32.dll
0x00007ff9d77a0000 - 0x00007ff9d78b7000 	C:\Windows\System32\gdi32full.dll
0x00007ff9d78c0000 - 0x00007ff9d795d000 	C:\Windows\System32\msvcp_win.dll
0x00007ff9d7af0000 - 0x00007ff9d7b1f000 	C:\Windows\System32\IMM32.DLL
0x00007ff9cc940000 - 0x00007ff9cc94c000 	C:\Users\Vinicius\.jdks\jbr-17.0.11\bin\vcruntime140_1.dll
0x00007ff9a8ff0000 - 0x00007ff9a907d000 	C:\Users\Vinicius\.jdks\jbr-17.0.11\bin\msvcp140.dll
0x00007ff984590000 - 0x00007ff985213000 	C:\Users\Vinicius\.jdks\jbr-17.0.11\bin\server\jvm.dll
0x00007ff9d9010000 - 0x00007ff9d90c0000 	C:\Windows\System32\ADVAPI32.dll
0x00007ff9d7d90000 - 0x00007ff9d7e30000 	C:\Windows\System32\sechost.dll
0x00007ff9d91e0000 - 0x00007ff9d9303000 	C:\Windows\System32\RPCRT4.dll
0x00007ff9d7050000 - 0x00007ff9d7077000 	C:\Windows\System32\bcrypt.dll
0x00007ff9ca570000 - 0x00007ff9ca579000 	C:\Windows\SYSTEM32\WSOCK32.dll
0x00007ff9d6560000 - 0x00007ff9d65ab000 	C:\Windows\SYSTEM32\POWRPROF.dll
0x00007ff9d7d20000 - 0x00007ff9d7d8b000 	C:\Windows\System32\WS2_32.dll
0x00007ff9c11c0000 - 0x00007ff9c11e7000 	C:\Windows\SYSTEM32\WINMM.dll
0x00007ff9c6250000 - 0x00007ff9c625a000 	C:\Windows\SYSTEM32\VERSION.dll
0x00007ff9d63d0000 - 0x00007ff9d63e2000 	C:\Windows\SYSTEM32\UMPDC.dll
0x00007ff9d57f0000 - 0x00007ff9d5802000 	C:\Windows\SYSTEM32\kernel.appcore.dll
0x00007ff9be7d0000 - 0x00007ff9be7da000 	C:\Users\Vinicius\.jdks\jbr-17.0.11\bin\jimage.dll
0x00007ff9d1c70000 - 0x00007ff9d1e54000 	C:\Windows\SYSTEM32\DBGHELP.DLL
0x00007ff9d0fa0000 - 0x00007ff9d0fd4000 	C:\Windows\SYSTEM32\dbgcore.DLL
0x00007ff9d7180000 - 0x00007ff9d7202000 	C:\Windows\System32\bcryptPrimitives.dll
0x00007ff9bda80000 - 0x00007ff9bda8e000 	C:\Users\Vinicius\.jdks\jbr-17.0.11\bin\instrument.dll
0x00007ff9a8fc0000 - 0x00007ff9a8fe5000 	C:\Users\Vinicius\.jdks\jbr-17.0.11\bin\java.dll
0x00007ff98a200000 - 0x00007ff98a2d7000 	C:\Users\Vinicius\.jdks\jbr-17.0.11\bin\jsvml.dll
0x00007ff9d7e50000 - 0x00007ff9d85bc000 	C:\Windows\System32\SHELL32.dll
0x00007ff9d5040000 - 0x00007ff9d57de000 	C:\Windows\SYSTEM32\windows.storage.dll
0x00007ff9d8690000 - 0x00007ff9d89e3000 	C:\Windows\System32\combase.dll
0x00007ff9d6a00000 - 0x00007ff9d6a2e000 	C:\Windows\SYSTEM32\Wldp.dll
0x00007ff9d85c0000 - 0x00007ff9d868d000 	C:\Windows\System32\OLEAUT32.dll
0x00007ff9d9130000 - 0x00007ff9d91dd000 	C:\Windows\System32\SHCORE.dll
0x00007ff9d7cc0000 - 0x00007ff9d7d15000 	C:\Windows\System32\shlwapi.dll
0x00007ff9d6f10000 - 0x00007ff9d6f34000 	C:\Windows\SYSTEM32\profapi.dll
0x00007ff9a8fa0000 - 0x00007ff9a8fb8000 	C:\Users\Vinicius\.jdks\jbr-17.0.11\bin\zip.dll
0x00007ff9a7250000 - 0x00007ff9a7269000 	C:\Users\Vinicius\.jdks\jbr-17.0.11\bin\net.dll
0x00007ff9c5570000 - 0x00007ff9c567a000 	C:\Windows\SYSTEM32\WINHTTP.dll
0x00007ff9d6760000 - 0x00007ff9d67ca000 	C:\Windows\system32\mswsock.dll
0x00007ff9a6de0000 - 0x00007ff9a6df6000 	C:\Users\Vinicius\.jdks\jbr-17.0.11\bin\nio.dll
0x00007ff9bb130000 - 0x00007ff9bb140000 	C:\Users\Vinicius\.jdks\jbr-17.0.11\bin\verify.dll
0x00007ff9cc950000 - 0x00007ff9cc977000 	C:\Users\Vinicius\.gradle\native\68d5fa5c4cc2d200863cafc0d521ce42e7d3e7ee720ec0a83991735586a16f82\windows-amd64\native-platform.dll
0x00007ff985f20000 - 0x00007ff986064000 	C:\Users\Vinicius\.gradle\native\e376f236ea51e6404a007f0833ffe2c6e607c4080706a723a18a27aeea778392\windows-amd64\native-platform-file-events.dll
0x00007ff9ba5f0000 - 0x00007ff9ba5f9000 	C:\Users\Vinicius\.jdks\jbr-17.0.11\bin\management.dll
0x00007ff9ae250000 - 0x00007ff9ae25b000 	C:\Users\Vinicius\.jdks\jbr-17.0.11\bin\management_ext.dll
0x00007ff9d94c0000 - 0x00007ff9d94c8000 	C:\Windows\System32\PSAPI.DLL
0x00007ff9d6960000 - 0x00007ff9d6978000 	C:\Windows\SYSTEM32\CRYPTSP.dll
0x00007ff9d6010000 - 0x00007ff9d6044000 	C:\Windows\system32\rsaenh.dll
0x00007ff9d6ec0000 - 0x00007ff9d6eee000 	C:\Windows\SYSTEM32\USERENV.dll
0x00007ff9d6950000 - 0x00007ff9d695c000 	C:\Windows\SYSTEM32\CRYPTBASE.dll
0x00007ff9d63f0000 - 0x00007ff9d642b000 	C:\Windows\SYSTEM32\IPHLPAPI.DLL
0x00007ff9d7a80000 - 0x00007ff9d7a88000 	C:\Windows\System32\NSI.dll
0x00007ff9c5a90000 - 0x00007ff9c5aa7000 	C:\Windows\SYSTEM32\dhcpcsvc6.DLL
0x00007ff9c6230000 - 0x00007ff9c624d000 	C:\Windows\SYSTEM32\dhcpcsvc.DLL
0x00007ff9d6440000 - 0x00007ff9d650a000 	C:\Windows\SYSTEM32\DNSAPI.dll
0x00007ff9acf40000 - 0x00007ff9acf49000 	C:\Users\Vinicius\.jdks\jbr-17.0.11\bin\extnet.dll
0x00007ff9a91d0000 - 0x00007ff9a91de000 	C:\Users\Vinicius\.jdks\jbr-17.0.11\bin\sunmscapi.dll
0x00007ff9d7540000 - 0x00007ff9d769e000 	C:\Windows\System32\CRYPT32.dll
0x00007ff9d6a70000 - 0x00007ff9d6a99000 	C:\Windows\SYSTEM32\ncrypt.dll
0x00007ff9d6a30000 - 0x00007ff9d6a6b000 	C:\Windows\SYSTEM32\NTASN1.dll
0x00007ff9be5f0000 - 0x00007ff9be5f7000 	C:\Windows\system32\wshunix.dll

dbghelp: loaded successfully - version: 4.0.5 - missing functions: none
symbol engine: initialized successfully - sym options: 0x614 - pdb path: .;C:\Users\Vinicius\.jdks\jbr-17.0.11\bin;C:\Windows\SYSTEM32;C:\Windows\WinSxS\amd64_microsoft.windows.common-controls_6595b64144ccf1df_6.0.19041.4355_none_60b8b9eb71f62e16;C:\Users\Vinicius\.jdks\jbr-17.0.11\bin\server;C:\Users\Vinicius\.gradle\native\68d5fa5c4cc2d200863cafc0d521ce42e7d3e7ee720ec0a83991735586a16f82\windows-amd64;C:\Users\Vinicius\.gradle\native\e376f236ea51e6404a007f0833ffe2c6e607c4080706a723a18a27aeea778392\windows-amd64

VM Arguments:
jvm_args: --add-opens=java.base/java.util=ALL-UNNAMED --add-opens=java.base/java.lang=ALL-UNNAMED --add-opens=java.base/java.lang.invoke=ALL-UNNAMED --add-opens=java.prefs/java.util.prefs=ALL-UNNAMED --add-opens=java.base/java.nio.charset=ALL-UNNAMED --add-opens=java.base/java.net=ALL-UNNAMED --add-opens=java.base/java.util.concurrent.atomic=ALL-UNNAMED -Xmx1024m -Dfile.encoding=UTF-8 -Duser.country=BR -Duser.language=pt -Duser.variant -javaagent:C:\Users\Vinicius\.gradle\wrapper\dists\gradle-8.2-bin\bbg7u40eoinfdyxsxr3z4i7ta\gradle-8.2\lib\agents\gradle-instrumentation-agent-8.2.jar 
java_command: org.gradle.launcher.daemon.bootstrap.GradleDaemon 8.2
java_class_path (initial): C:\Users\Vinicius\.gradle\wrapper\dists\gradle-8.2-bin\bbg7u40eoinfdyxsxr3z4i7ta\gradle-8.2\lib\gradle-launcher-8.2.jar
Launcher Type: SUN_STANDARD

[Global flags]
     intx CICompilerCount                          = 3                                         {product} {ergonomic}
     uint ConcGCThreads                            = 1                                         {product} {ergonomic}
     uint G1ConcRefinementThreads                  = 4                                         {product} {ergonomic}
   size_t G1HeapRegionSize                         = 1048576                                   {product} {ergonomic}
    uintx GCDrainStackTargetSize                   = 64                                        {product} {ergonomic}
   size_t InitialHeapSize                          = 134217728                                 {product} {ergonomic}
   size_t MarkStackSize                            = 4194304                                   {product} {ergonomic}
   size_t MaxHeapSize                              = 1073741824                                {product} {command line}
   size_t MaxNewSize                               = 643825664                                 {product} {ergonomic}
   size_t MinHeapDeltaBytes                        = 1048576                                   {product} {ergonomic}
   size_t MinHeapSize                              = 8388608                                   {product} {ergonomic}
    uintx NonNMethodCodeHeapSize                   = 5832780                                {pd product} {ergonomic}
    uintx NonProfiledCodeHeapSize                  = 122912730                              {pd product} {ergonomic}
    uintx ProfiledCodeHeapSize                     = 122912730                              {pd product} {ergonomic}
    uintx ReservedCodeCacheSize                    = 251658240                              {pd product} {ergonomic}
     bool SegmentedCodeCache                       = true                                      {product} {ergonomic}
   size_t SoftMaxHeapSize                          = 1073741824                             {manageable} {ergonomic}
     bool UseCompressedClassPointers               = true                           {product lp64_product} {ergonomic}
     bool UseCompressedOops                        = true                           {product lp64_product} {ergonomic}
     bool UseG1GC                                  = true                                      {product} {ergonomic}
     bool UseLargePagesIndividualAllocation        = false                                  {pd product} {ergonomic}

Logging:
Log output configuration:
 #0: stdout all=warning uptime,level,tags
 #1: stderr all=off uptime,level,tags

Environment Variables:
PATH=C:\Program Files\Microsoft\jdk-11.0.16.101-hotspot\bin;C:\Program Files (x86)\Intel\iCLS Client\;C:\Program Files\Intel\iCLS Client\;C:\Program Files (x86)\Common Files\Oracle\Java\javapath;C:\Windows\system32;C:\Windows;C:\Windows\System32\Wbem;C:\Windows\System32\WindowsPowerShell\v1.0\;C:\Windows\System32\OpenSSH\;C:\Program Files (x86)\Intel\Intel(R) Management Engine Components\DAL;C:\Program Files\Intel\Intel(R) Management Engine Components\DAL;C:\Program Files (x86)\Intel\Intel(R) Management Engine Components\IPT;C:\Program Files\Intel\Intel(R) Management Engine Components\IPT;C:\Program Files\NVIDIA Corporation\NVIDIA NvDLISR;C:\Program Files (x86)\NVIDIA Corporation\PhysX\Common;C:\sqlite;C:\Program Files\Git\cmd;C:\Users\Vinicius\AppData\Local\Programs\Python\Python312\Scripts\;C:\Users\Vinicius\AppData\Local\Programs\Python\Python312\;C:\Users\Vinicius\AppData\Local\Programs\Python\Launcher\;C:\Users\Vinicius\AppData\Local\Microsoft\WindowsApps;C:\Users\Vinicius\AppData\Local\Programs\Microsoft VS Code\bin
USERNAME=Vinicius
OS=Windows_NT
PROCESSOR_IDENTIFIER=Intel64 Family 6 Model 142 Stepping 9, GenuineIntel
TMP=C:\Users\Vinicius\AppData\Local\Temp
TEMP=C:\Users\Vinicius\AppData\Local\Temp



Periodic native trim disabled

JNI global refs:
JNI global refs: 24, weak refs: 8

JNI global refs memory usage: 843, weak refs: 841

Process memory usage:
Resident Set Size: 366540K (4% of 8261220K total physical memory with 335400K free physical memory)

OOME stack traces (most recent first):
Classloader memory used:
