#
# There is insufficient memory for the Java Runtime Environment to continue.
# Native memory allocation (mmap) failed to map 20971520 bytes. Error detail: G1 virtual space
# Possible reasons:
#   The system is out of physical RAM or swap space
#   This process is running with CompressedOops enabled, and the Java Heap may be blocking the growth of the native heap
# Possible solutions:
#   Reduce memory load on the system
#   Increase physical memory or swap space
#   Check if swap backing store is full
#   Decrease Java heap size (-Xmx/-Xms)
#   Decrease number of Java threads
#   Decrease Java thread stack sizes (-Xss)
#   Set larger code cache with -XX:ReservedCodeCacheSize=
#   JVM is running with Unscaled Compressed Oops mode in which the Java heap is
#     placed in the first 4GB address space. The Java Heap base address is the
#     maximum limit for the native heap growth. Please use -XX:HeapBaseMinAddress
#     to set the Java Heap base and to place the Java Heap above 4GB virtual address.
# This output file may be truncated or incomplete.
#
#  Out of Memory Error (os_windows.cpp:3825), pid=8308, tid=2588
#
# JRE version: OpenJDK Runtime Environment JBR-17.0.11+1-1312.2-nomod (17.0.11+1) (build 17.0.11+1-b1312.2)
# Java VM: OpenJDK 64-Bit Server VM JBR-17.0.11+1-1312.2-nomod (17.0.11+1-b1312.2, mixed mode, sharing, tiered, compressed oops, compressed class ptrs, g1 gc, windows-amd64)
# No core dump will be written. Minidumps are not enabled by default on client versions of Windows
#

---------------  S U M M A R Y ------------

Command Line: org.jetbrains.kotlin.cli.jvm.K2JVMCompiler @C:\Users\Vinicius\IntelliJIDEAProjects\Github\MyApplication\app\build\20240728_15396953882201210490.compiler.options

Host: Intel(R) Core(TM) i5-7200U CPU @ 2.50GHz, 4 cores, 7G,  Windows 10 , 64 bit Build 19041 (10.0.19041.4717)
Time: Sun Jul 28 18:45:05 2024 Hora oficial do Brasil elapsed time: 10.961819 seconds (0d 0h 0m 10s)

---------------  T H R E A D  ---------------

Current thread (0x00000229f9b79020):  VMThread "VM Thread" [stack: 0x000000851ae00000,0x000000851af00000] [id=2588]

Stack: [0x000000851ae00000,0x000000851af00000]
Native frames: (J=compiled Java code, j=interpreted, Vv=VM code, C=native code)
V  [jvm.dll+0x687839]

VM_Operation (0x000000851a8fac60): G1CollectForAllocation, mode: safepoint, requested by thread 0x00000229ed3d9fd0


---------------  P R O C E S S  ---------------

Threads class SMR info:
_java_thread_list=0x00000229fede0280, length=13, elements={
0x00000229ed3d9fd0, 0x00000229f9b7ec90, 0x00000229f9b803f0, 0x00000229f9b97770,
0x00000229f9b98330, 0x00000229f9b9d8e0, 0x00000229f9b9e2a0, 0x00000229f9b9b710,
0x00000229f9bd3310, 0x00000229fe018050, 0x00000229fe0e9910, 0x00000229fe0ec4b0,
0x00000229ff4ee100
}

Java Threads: ( => current thread )
  0x00000229ed3d9fd0 JavaThread "main" [_thread_blocked, id=1344, stack(0x000000851a800000,0x000000851a900000)]
  0x00000229f9b7ec90 JavaThread "Reference Handler" daemon [_thread_blocked, id=5156, stack(0x000000851af00000,0x000000851b000000)]
  0x00000229f9b803f0 JavaThread "Finalizer" daemon [_thread_blocked, id=6096, stack(0x000000851b000000,0x000000851b100000)]
  0x00000229f9b97770 JavaThread "Signal Dispatcher" daemon [_thread_blocked, id=4300, stack(0x000000851b100000,0x000000851b200000)]
  0x00000229f9b98330 JavaThread "Attach Listener" daemon [_thread_blocked, id=10096, stack(0x000000851b200000,0x000000851b300000)]
  0x00000229f9b9d8e0 JavaThread "Service Thread" daemon [_thread_blocked, id=9556, stack(0x000000851b300000,0x000000851b400000)]
  0x00000229f9b9e2a0 JavaThread "Monitor Deflation Thread" daemon [_thread_blocked, id=6720, stack(0x000000851b400000,0x000000851b500000)]
  0x00000229f9b9b710 JavaThread "C2 CompilerThread0" daemon [_thread_blocked, id=2200, stack(0x000000851b500000,0x000000851b600000)]
  0x00000229f9bd3310 JavaThread "C1 CompilerThread0" daemon [_thread_blocked, id=6976, stack(0x000000851b600000,0x000000851b700000)]
  0x00000229fe018050 JavaThread "Sweeper thread" daemon [_thread_blocked, id=10992, stack(0x000000851b700000,0x000000851b800000)]
  0x00000229fe0e9910 JavaThread "Notification Thread" daemon [_thread_blocked, id=2860, stack(0x000000851b800000,0x000000851b900000)]
  0x00000229fe0ec4b0 JavaThread "Common-Cleaner" daemon [_thread_blocked, id=8404, stack(0x000000851ba00000,0x000000851bb00000)]
  0x00000229ff4ee100 JavaThread "C2 CompilerThread1" daemon [_thread_blocked, id=9728, stack(0x000000851be00000,0x000000851bf00000)]

Other Threads:
=>0x00000229f9b79020 VMThread "VM Thread" [stack: 0x000000851ae00000,0x000000851af00000] [id=2588]
  0x00000229fe0ea200 WatcherThread [stack: 0x000000851b900000,0x000000851ba00000] [id=4612]
  0x00000229ef437e00 GCTaskThread "GC Thread#0" [stack: 0x000000851a900000,0x000000851aa00000] [id=7548]
  0x00000229fe432570 GCTaskThread "GC Thread#1" [stack: 0x000000851bb00000,0x000000851bc00000] [id=5764]
  0x00000229fe431020 GCTaskThread "GC Thread#2" [stack: 0x000000851bc00000,0x000000851bd00000] [id=4144]
  0x00000229fe484860 GCTaskThread "GC Thread#3" [stack: 0x000000851bd00000,0x000000851be00000] [id=1236]
  0x00000229ef448990 ConcurrentGCThread "G1 Main Marker" [stack: 0x000000851aa00000,0x000000851ab00000] [id=7856]
  0x00000229ef4493b0 ConcurrentGCThread "G1 Conc#0" [stack: 0x000000851ab00000,0x000000851ac00000] [id=5624]
  0x00000229ef49ec50 ConcurrentGCThread "G1 Refine#0" [stack: 0x000000851ac00000,0x000000851ad00000] [id=9680]
  0x00000229f9a327f0 ConcurrentGCThread "G1 Service" [stack: 0x000000851ad00000,0x000000851ae00000] [id=5464]

Threads with active compile tasks:
C2 CompilerThread0    11090 9454       4       org.jetbrains.kotlin.resolve.BindingTraceContext::record (45 bytes)
C1 CompilerThread0    11090 9458       3       org.jetbrains.kotlin.cfg.pseudocode.ControlFlowInstructionsGenerator$ControlFlowInstructionsGeneratorWorker::add (9 bytes)
C2 CompilerThread1    11090 9452       4       org.jetbrains.kotlin.cli.jvm.compiler.NoScopeRecordCliBindingTrace::record (35 bytes)

VM state: at safepoint (normal execution)

VM Mutex/Monitor currently owned by a thread:  ([mutex/lock_event])
[0x00000229ef3dee70] Threads_lock - owner thread: 0x00000229f9b79020
[0x00000229ef3df9b0] Heap_lock - owner thread: 0x00000229ed3d9fd0

Heap address: 0x0000000081e00000, size: 2018 MB, Compressed Oops mode: 32-bit

CDS archive(s) mapped at: [0x000002298f000000-0x000002298fc00000-0x000002298fc00000), size 12582912, SharedBaseAddress: 0x000002298f000000, ArchiveRelocationMode: 1.
Compressed class space mapped at: 0x0000022990000000-0x00000229d0000000, reserved size: 1073741824
Narrow klass base: 0x000002298f000000, Narrow klass shift: 0, Narrow klass range: 0x100000000

GC Precious Log:
 CPUs: 4 total, 4 available
 Memory: 8067M
 Large Page Support: Disabled
 NUMA Support: Disabled
 Compressed Oops: Enabled (32-bit)
 Heap Region Size: 1M
 Heap Min Capacity: 8M
 Heap Initial Capacity: 128M
 Heap Max Capacity: 2018M
 Pre-touch: Disabled
 Parallel Workers: 4
 Concurrent Workers: 1
 Concurrent Refinement Workers: 4
 Periodic GC: Disabled

Heap:
 garbage-first heap   total 99328K, used 58339K [0x0000000081e00000, 0x0000000100000000)
  region size 1024K, 1 young (1024K), 1 survivors (1024K)
 Metaspace       used 58435K, committed 58688K, reserved 1114112K
  class space    used 7011K, committed 7104K, reserved 1048576K

Heap Regions: E=young(eden), S=young(survivor), O=old, HS=humongous(starts), HC=humongous(continues), CS=collection set, F=free, OA=open archive, CA=closed archive, TAMS=top-at-mark-start (previous, next)
|   0|0x0000000081e00000, 0x0000000081f00000, 0x0000000081f00000|100%|HS|  |TAMS 0x0000000081f00000, 0x0000000081e00000| Complete 
|   1|0x0000000081f00000, 0x0000000082000000, 0x0000000082000000|100%|HC|  |TAMS 0x0000000082000000, 0x0000000081f00000| Complete 
|   2|0x0000000082000000, 0x0000000082100000, 0x0000000082100000|100%|HC|  |TAMS 0x0000000082100000, 0x0000000082000000| Complete 
|   3|0x0000000082100000, 0x0000000082200000, 0x0000000082200000|100%|HC|  |TAMS 0x0000000082200000, 0x0000000082100000| Complete 
|   4|0x0000000082200000, 0x0000000082300000, 0x0000000082300000|100%| O|  |TAMS 0x0000000082300000, 0x0000000082200000| Untracked 
|   5|0x0000000082300000, 0x0000000082400000, 0x0000000082400000|100%| O|  |TAMS 0x0000000082400000, 0x0000000082300000| Untracked 
|   6|0x0000000082400000, 0x0000000082500000, 0x0000000082500000|100%| O|  |TAMS 0x0000000082500000, 0x0000000082400000| Untracked 
|   7|0x0000000082500000, 0x000000008257aa00, 0x0000000082600000| 47%| O|  |TAMS 0x000000008257aa00, 0x0000000082500000| Untracked 
|   8|0x0000000082600000, 0x0000000082700000, 0x0000000082700000|100%| O|  |TAMS 0x0000000082700000, 0x0000000082600000| Untracked 
|   9|0x0000000082700000, 0x0000000082800000, 0x0000000082800000|100%| O|  |TAMS 0x0000000082800000, 0x0000000082700000| Untracked 
|  10|0x0000000082800000, 0x0000000082900000, 0x0000000082900000|100%| O|  |TAMS 0x0000000082900000, 0x0000000082800000| Untracked 
|  11|0x0000000082900000, 0x0000000082900000, 0x0000000082a00000|  0%| F|  |TAMS 0x0000000082900000, 0x0000000082900000| Untracked 
|  12|0x0000000082a00000, 0x0000000082b00000, 0x0000000082b00000|100%| O|  |TAMS 0x0000000082b00000, 0x0000000082a00000| Untracked 
|  13|0x0000000082b00000, 0x0000000082c00000, 0x0000000082c00000|100%| O|  |TAMS 0x0000000082c00000, 0x0000000082b00000| Untracked 
|  14|0x0000000082c00000, 0x0000000082d00000, 0x0000000082d00000|100%|HS|  |TAMS 0x0000000082d00000, 0x0000000082c00000| Complete 
|  15|0x0000000082d00000, 0x0000000082e00000, 0x0000000082e00000|100%|HC|  |TAMS 0x0000000082e00000, 0x0000000082d00000| Complete 
|  16|0x0000000082e00000, 0x0000000082f00000, 0x0000000082f00000|100%| O|  |TAMS 0x0000000082f00000, 0x0000000082e00000| Untracked 
|  17|0x0000000082f00000, 0x0000000083000000, 0x0000000083000000|100%| O|  |TAMS 0x0000000083000000, 0x0000000082f00000| Untracked 
|  18|0x0000000083000000, 0x0000000083100000, 0x0000000083100000|100%| O|  |TAMS 0x0000000083100000, 0x0000000083000000| Untracked 
|  19|0x0000000083100000, 0x0000000083200000, 0x0000000083200000|100%| O|  |TAMS 0x0000000083200000, 0x0000000083100000| Untracked 
|  20|0x0000000083200000, 0x0000000083300000, 0x0000000083300000|100%| O|  |TAMS 0x0000000083300000, 0x0000000083200000| Untracked 
|  21|0x0000000083300000, 0x0000000083400000, 0x0000000083400000|100%| O|  |TAMS 0x0000000083400000, 0x0000000083300000| Untracked 
|  22|0x0000000083400000, 0x0000000083500000, 0x0000000083500000|100%| O|  |TAMS 0x0000000083500000, 0x0000000083400000| Untracked 
|  23|0x0000000083500000, 0x0000000083600000, 0x0000000083600000|100%| O|  |TAMS 0x0000000083600000, 0x0000000083500000| Untracked 
|  24|0x0000000083600000, 0x0000000083700000, 0x0000000083700000|100%| O|  |TAMS 0x0000000083700000, 0x0000000083600000| Untracked 
|  25|0x0000000083700000, 0x0000000083800000, 0x0000000083800000|100%| O|  |TAMS 0x0000000083800000, 0x0000000083700000| Untracked 
|  26|0x0000000083800000, 0x0000000083900000, 0x0000000083900000|100%| O|  |TAMS 0x0000000083900000, 0x0000000083800000| Untracked 
|  27|0x0000000083900000, 0x0000000083a00000, 0x0000000083a00000|100%| O|  |TAMS 0x0000000083a00000, 0x0000000083900000| Untracked 
|  28|0x0000000083a00000, 0x0000000083b00000, 0x0000000083b00000|100%| O|  |TAMS 0x0000000083b00000, 0x0000000083a00000| Untracked 
|  29|0x0000000083b00000, 0x0000000083c00000, 0x0000000083c00000|100%| O|  |TAMS 0x0000000083c00000, 0x0000000083b00000| Untracked 
|  30|0x0000000083c00000, 0x0000000083d00000, 0x0000000083d00000|100%| O|  |TAMS 0x0000000083d00000, 0x0000000083c00000| Untracked 
|  31|0x0000000083d00000, 0x0000000083e00000, 0x0000000083e00000|100%| O|  |TAMS 0x0000000083e00000, 0x0000000083d00000| Untracked 
|  32|0x0000000083e00000, 0x0000000083f00000, 0x0000000083f00000|100%| O|  |TAMS 0x0000000083f00000, 0x0000000083e00000| Untracked 
|  33|0x0000000083f00000, 0x0000000084000000, 0x0000000084000000|100%| O|  |TAMS 0x0000000084000000, 0x0000000083f00000| Untracked 
|  34|0x0000000084000000, 0x0000000084100000, 0x0000000084100000|100%| O|  |TAMS 0x0000000084100000, 0x0000000084000000| Untracked 
|  35|0x0000000084100000, 0x0000000084200000, 0x0000000084200000|100%| O|  |TAMS 0x0000000084200000, 0x0000000084100000| Untracked 
|  36|0x0000000084200000, 0x0000000084300000, 0x0000000084300000|100%| O|  |TAMS 0x0000000084300000, 0x0000000084200000| Untracked 
|  37|0x0000000084300000, 0x0000000084400000, 0x0000000084400000|100%| O|  |TAMS 0x0000000084400000, 0x0000000084300000| Untracked 
|  38|0x0000000084400000, 0x0000000084500000, 0x0000000084500000|100%| O|  |TAMS 0x0000000084500000, 0x0000000084400000| Untracked 
|  39|0x0000000084500000, 0x0000000084600000, 0x0000000084600000|100%| O|  |TAMS 0x0000000084600000, 0x0000000084500000| Untracked 
|  40|0x0000000084600000, 0x0000000084700000, 0x0000000084700000|100%| O|  |TAMS 0x0000000084700000, 0x0000000084600000| Untracked 
|  41|0x0000000084700000, 0x0000000084800000, 0x0000000084800000|100%| O|  |TAMS 0x0000000084800000, 0x0000000084700000| Untracked 
|  42|0x0000000084800000, 0x0000000084900000, 0x0000000084900000|100%| O|  |TAMS 0x0000000084900000, 0x0000000084800000| Untracked 
|  43|0x0000000084900000, 0x0000000084a00000, 0x0000000084a00000|100%| O|  |TAMS 0x0000000084a00000, 0x0000000084900000| Untracked 
|  44|0x0000000084a00000, 0x0000000084b00000, 0x0000000084b00000|100%| O|  |TAMS 0x0000000084b00000, 0x0000000084a00000| Untracked 
|  45|0x0000000084b00000, 0x0000000084c00000, 0x0000000084c00000|100%| O|  |TAMS 0x0000000084bdb800, 0x0000000084b00000| Untracked 
|  46|0x0000000084c00000, 0x0000000084d00000, 0x0000000084d00000|100%| O|  |TAMS 0x0000000084c00000, 0x0000000084c00000| Untracked 
|  47|0x0000000084d00000, 0x0000000084e00000, 0x0000000084e00000|100%| O|  |TAMS 0x0000000084d00000, 0x0000000084d00000| Untracked 
|  48|0x0000000084e00000, 0x0000000084f00000, 0x0000000084f00000|100%| O|  |TAMS 0x0000000084e00000, 0x0000000084e00000| Untracked 
|  49|0x0000000084f00000, 0x0000000085000000, 0x0000000085000000|100%| O|  |TAMS 0x0000000084f00000, 0x0000000084f00000| Untracked 
|  50|0x0000000085000000, 0x0000000085100000, 0x0000000085100000|100%| O|  |TAMS 0x0000000085000000, 0x0000000085000000| Untracked 
|  51|0x0000000085100000, 0x0000000085200000, 0x0000000085200000|100%| O|  |TAMS 0x0000000085100000, 0x0000000085100000| Untracked 
|  52|0x0000000085200000, 0x0000000085300000, 0x0000000085300000|100%| O|  |TAMS 0x0000000085200000, 0x0000000085200000| Untracked 
|  53|0x0000000085300000, 0x0000000085400000, 0x0000000085400000|100%| O|  |TAMS 0x0000000085300000, 0x0000000085300000| Untracked 
|  54|0x0000000085400000, 0x0000000085500000, 0x0000000085500000|100%| O|  |TAMS 0x0000000085400000, 0x0000000085400000| Untracked 
|  55|0x0000000085500000, 0x0000000085600000, 0x0000000085600000|100%| O|  |TAMS 0x0000000085500000, 0x0000000085500000| Untracked 
|  56|0x0000000085600000, 0x0000000085700000, 0x0000000085700000|100%| O|  |TAMS 0x0000000085600000, 0x0000000085600000| Untracked 
|  57|0x0000000085700000, 0x0000000085700000, 0x0000000085800000|  0%| F|  |TAMS 0x0000000085700000, 0x0000000085700000| Untracked 
|  58|0x0000000085800000, 0x0000000085800000, 0x0000000085900000|  0%| F|  |TAMS 0x0000000085800000, 0x0000000085800000| Untracked 
|  59|0x0000000085900000, 0x0000000085900000, 0x0000000085a00000|  0%| F|  |TAMS 0x0000000085900000, 0x0000000085900000| Untracked 
|  60|0x0000000085a00000, 0x0000000085a00000, 0x0000000085b00000|  0%| F|  |TAMS 0x0000000085a00000, 0x0000000085a00000| Untracked 
|  61|0x0000000085b00000, 0x0000000085b00000, 0x0000000085c00000|  0%| F|  |TAMS 0x0000000085b00000, 0x0000000085b00000| Untracked 
|  62|0x0000000085c00000, 0x0000000085c00000, 0x0000000085d00000|  0%| F|  |TAMS 0x0000000085c00000, 0x0000000085c00000| Untracked 
|  63|0x0000000085d00000, 0x0000000085d00000, 0x0000000085e00000|  0%| F|  |TAMS 0x0000000085d00000, 0x0000000085d00000| Untracked 
|  64|0x0000000085e00000, 0x0000000085e00000, 0x0000000085f00000|  0%| F|  |TAMS 0x0000000085e00000, 0x0000000085e00000| Untracked 
|  65|0x0000000085f00000, 0x0000000085f00000, 0x0000000086000000|  0%| F|  |TAMS 0x0000000085f00000, 0x0000000085f00000| Untracked 
|  66|0x0000000086000000, 0x0000000086000000, 0x0000000086100000|  0%| F|  |TAMS 0x0000000086000000, 0x0000000086000000| Untracked 
|  67|0x0000000086100000, 0x0000000086100000, 0x0000000086200000|  0%| F|  |TAMS 0x0000000086100000, 0x0000000086100000| Untracked 
|  68|0x0000000086200000, 0x0000000086200000, 0x0000000086300000|  0%| F|  |TAMS 0x0000000086200000, 0x0000000086200000| Untracked 
|  69|0x0000000086300000, 0x0000000086300000, 0x0000000086400000|  0%| F|  |TAMS 0x0000000086300000, 0x0000000086300000| Untracked 
|  70|0x0000000086400000, 0x0000000086400000, 0x0000000086500000|  0%| F|  |TAMS 0x0000000086400000, 0x0000000086400000| Untracked 
|  71|0x0000000086500000, 0x0000000086500000, 0x0000000086600000|  0%| F|  |TAMS 0x0000000086500000, 0x0000000086500000| Untracked 
|  72|0x0000000086600000, 0x0000000086600000, 0x0000000086700000|  0%| F|  |TAMS 0x0000000086600000, 0x0000000086600000| Untracked 
|  73|0x0000000086700000, 0x0000000086700000, 0x0000000086800000|  0%| F|  |TAMS 0x0000000086700000, 0x0000000086700000| Untracked 
|  74|0x0000000086800000, 0x0000000086800000, 0x0000000086900000|  0%| F|  |TAMS 0x0000000086800000, 0x0000000086800000| Untracked 
|  75|0x0000000086900000, 0x0000000086900000, 0x0000000086a00000|  0%| F|  |TAMS 0x0000000086900000, 0x0000000086900000| Untracked 
|  76|0x0000000086a00000, 0x0000000086a00000, 0x0000000086b00000|  0%| F|  |TAMS 0x0000000086a00000, 0x0000000086a00000| Untracked 
|  77|0x0000000086b00000, 0x0000000086b00000, 0x0000000086c00000|  0%| F|  |TAMS 0x0000000086b00000, 0x0000000086b00000| Untracked 
|  78|0x0000000086c00000, 0x0000000086c00000, 0x0000000086d00000|  0%| F|  |TAMS 0x0000000086c00000, 0x0000000086c00000| Untracked 
|  79|0x0000000086d00000, 0x0000000086d00000, 0x0000000086e00000|  0%| F|  |TAMS 0x0000000086d00000, 0x0000000086d00000| Untracked 
|  80|0x0000000086e00000, 0x0000000086e00000, 0x0000000086f00000|  0%| F|  |TAMS 0x0000000086e00000, 0x0000000086e00000| Untracked 
|  81|0x0000000086f00000, 0x0000000086f00000, 0x0000000087000000|  0%| F|  |TAMS 0x0000000086f00000, 0x0000000086f00000| Untracked 
|  82|0x0000000087000000, 0x0000000087000000, 0x0000000087100000|  0%| F|  |TAMS 0x0000000087000000, 0x0000000087000000| Untracked 
|  83|0x0000000087100000, 0x0000000087100000, 0x0000000087200000|  0%| F|  |TAMS 0x0000000087100000, 0x0000000087100000| Untracked 
|  84|0x0000000087200000, 0x0000000087200000, 0x0000000087300000|  0%| F|  |TAMS 0x0000000087200000, 0x0000000087200000| Untracked 
|  85|0x0000000087300000, 0x0000000087300000, 0x0000000087400000|  0%| F|  |TAMS 0x0000000087300000, 0x0000000087300000| Untracked 
|  86|0x0000000087400000, 0x0000000087400000, 0x0000000087500000|  0%| F|  |TAMS 0x0000000087400000, 0x0000000087400000| Untracked 
|  87|0x0000000087500000, 0x0000000087500000, 0x0000000087600000|  0%| F|  |TAMS 0x0000000087500000, 0x0000000087500000| Untracked 
|  88|0x0000000087600000, 0x0000000087600000, 0x0000000087700000|  0%| F|  |TAMS 0x0000000087600000, 0x0000000087600000| Untracked 
|  89|0x0000000087700000, 0x0000000087700000, 0x0000000087800000|  0%| F|  |TAMS 0x0000000087700000, 0x0000000087700000| Untracked 
|  90|0x0000000087800000, 0x0000000087800000, 0x0000000087900000|  0%| F|  |TAMS 0x0000000087800000, 0x0000000087800000| Untracked 
|  91|0x0000000087900000, 0x0000000087900000, 0x0000000087a00000|  0%| F|  |TAMS 0x0000000087900000, 0x0000000087900000| Untracked 
|  92|0x0000000087a00000, 0x0000000087a00000, 0x0000000087b00000|  0%| F|  |TAMS 0x0000000087a00000, 0x0000000087a00000| Untracked 
|  93|0x0000000087b00000, 0x0000000087b00000, 0x0000000087c00000|  0%| F|  |TAMS 0x0000000087b00000, 0x0000000087b00000| Untracked 
|  94|0x0000000087c00000, 0x0000000087c7e390, 0x0000000087d00000| 49%| S|CS|TAMS 0x0000000087c00000, 0x0000000087c00000| Complete 
| 127|0x0000000089d00000, 0x0000000089d00000, 0x0000000089e00000|  0%| F|  |TAMS 0x0000000089d00000, 0x0000000089d00000| Untracked 
|2017|0x00000000fff00000, 0x0000000100000000, 0x0000000100000000|100%| O|  |TAMS 0x0000000100000000, 0x00000000fff00000| Untracked 

Card table byte_map: [0x00000229f2fc0000,0x00000229f33c0000] _byte_map_base: 0x00000229f2bb1000

Marking Bits (Prev, Next): (CMBitMap*) 0x00000229ef438460, (CMBitMap*) 0x00000229ef438420
 Prev Bits: [0x00000229f5750000, 0x00000229f76d8000)
 Next Bits: [0x00000229f37c0000, 0x00000229f5748000)

Polling page: 0x00000229ed2c0000

Metaspace:

Usage:
  Non-class:     50.22 MB used.
      Class:      6.85 MB used.
       Both:     57.07 MB used.

Virtual space:
  Non-class space:       64.00 MB reserved,      50.38 MB ( 79%) committed,  1 nodes.
      Class space:        1.00 GB reserved,       6.94 MB ( <1%) committed,  1 nodes.
             Both:        1.06 GB reserved,      57.31 MB (  5%) committed. 

Chunk freelists:
   Non-Class:  12.53 MB
       Class:  9.06 MB
        Both:  21.59 MB

MaxMetaspaceSize: unlimited
CompressedClassSpaceSize: 1.00 GB
Initial GC threshold: 21.00 MB
Current GC threshold: 93.12 MB
CDS: on
MetaspaceReclaimPolicy: balanced
 - commit_granule_bytes: 65536.
 - commit_granule_words: 8192.
 - virtual_space_node_default_size: 8388608.
 - enlarge_chunks_in_place: 1.
 - new_chunks_are_fully_committed: 0.
 - uncommit_free_chunks: 1.
 - use_allocation_guard: 0.
 - handle_deallocations: 1.


Internal statistics:

num_allocs_failed_limit: 6.
num_arena_births: 290.
num_arena_deaths: 0.
num_vsnodes_births: 2.
num_vsnodes_deaths: 0.
num_space_committed: 915.
num_space_uncommitted: 0.
num_chunks_returned_to_freelist: 6.
num_chunks_taken_from_freelist: 2350.
num_chunk_merges: 6.
num_chunk_splits: 1924.
num_chunks_enlarged: 1702.
num_inconsistent_stats: 0.

CodeHeap 'non-profiled nmethods': size=120000Kb used=4206Kb max_used=4206Kb free=115793Kb
 bounds [0x0000022987ad0000, 0x0000022987ef0000, 0x000002298f000000]
CodeHeap 'profiled nmethods': size=120000Kb used=24006Kb max_used=24006Kb free=95993Kb
 bounds [0x0000022980000000, 0x0000022981780000, 0x0000022987530000]
CodeHeap 'non-nmethods': size=5760Kb used=1302Kb max_used=1383Kb free=4457Kb
 bounds [0x0000022987530000, 0x00000229877a0000, 0x0000022987ad0000]
 total_blobs=9194 nmethods=8584 adapters=519
 compilation: enabled
              stopped_count=0, restarted_count=0
 full_count=0

Compilation events (20 events):
Event: 10.946 Thread 0x00000229f9bd3310 nmethod 9447 0x0000022981769b10 code [0x0000022981769dc0, 0x000002298176a9a8]
Event: 10.947 Thread 0x00000229f9bd3310 9448       3       org.jetbrains.kotlin.cfg.pseudocode.instructions.InstructionWithNext::getNextInstructions (11 bytes)
Event: 10.947 Thread 0x00000229f9bd3310 nmethod 9448 0x000002298176ae10 code [0x000002298176b000, 0x000002298176b668]
Event: 10.947 Thread 0x00000229f9bd3310 9449       3       org.jetbrains.kotlin.cfg.variable.PseudocodeVariablesData$variableUseStatusData$1$1::invoke (12 bytes)
Event: 10.947 Thread 0x00000229ff4ee100 9452       4       org.jetbrains.kotlin.cli.jvm.compiler.NoScopeRecordCliBindingTrace::record (35 bytes)
Event: 10.947 Thread 0x00000229f9bd3310 nmethod 9449 0x000002298176b890 code [0x000002298176bac0, 0x000002298176c2e8]
Event: 10.948 Thread 0x00000229f9bd3310 9451       3       org.jetbrains.kotlin.cfg.variable.PseudocodeVariablesData::getUpperLevelDeclaredVariables (56 bytes)
Event: 10.948 Thread 0x00000229f9bd3310 nmethod 9451 0x000002298176c590 code [0x000002298176c760, 0x000002298176cba8]
Event: 10.948 Thread 0x00000229f9bd3310 9450       3       org.jetbrains.kotlin.cfg.variable.PseudocodeVariablesData$variableUseStatusData$1$1::invoke (20 bytes)
Event: 10.948 Thread 0x00000229f9bd3310 nmethod 9450 0x000002298176cd10 code [0x000002298176cf20, 0x000002298176d5a8]
Event: 10.948 Thread 0x00000229f9bd3310 9453       1       org.jetbrains.kotlin.cfg.pseudocode.instructions.eval.AccessValueInstruction::getReceiverValues (5 bytes)
Event: 10.948 Thread 0x00000229f9bd3310 nmethod 9453 0x0000022987eeb610 code [0x0000022987eeb7a0, 0x0000022987eeb878]
Event: 10.949 Thread 0x00000229f9b9b710 9454       4       org.jetbrains.kotlin.resolve.BindingTraceContext::record (45 bytes)
Event: 10.950 Thread 0x00000229f9bd3310 9456       3       org.jetbrains.kotlin.cfg.pseudocode.instructions.InstructionWithNext::<init> (19 bytes)
Event: 10.951 Thread 0x00000229f9bd3310 nmethod 9456 0x000002298176d810 code [0x000002298176dba0, 0x000002298176f048]
Event: 10.951 Thread 0x00000229f9bd3310 9462       3       org.jetbrains.kotlin.cfg.variable.PseudocodeVariablesData::getAllDeclaredVariables (118 bytes)
Event: 10.952 Thread 0x00000229f9bd3310 nmethod 9462 0x000002298176f710 code [0x000002298176f9c0, 0x0000022981770538]
Event: 10.952 Thread 0x00000229f9bd3310 9457       3       org.jetbrains.kotlin.cfg.pseudocode.instructions.KtElementInstructionImpl::<init> (23 bytes)
Event: 10.953 Thread 0x00000229f9bd3310 nmethod 9457 0x0000022981770990 code [0x0000022981770c20, 0x0000022981771728]
Event: 10.953 Thread 0x00000229f9bd3310 9458       3       org.jetbrains.kotlin.cfg.pseudocode.ControlFlowInstructionsGenerator$ControlFlowInstructionsGeneratorWorker::add (9 bytes)

GC Heap History (20 events):
Event: 2.737 GC heap after
{Heap after GC invocations=8 (full 0):
 garbage-first heap   total 90112K, used 19657K [0x0000000081e00000, 0x0000000100000000)
  region size 1024K, 2 young (2048K), 2 survivors (2048K)
 Metaspace       used 30424K, committed 30720K, reserved 1114112K
  class space    used 4070K, committed 4224K, reserved 1048576K
}
Event: 3.138 GC heap before
{Heap before GC invocations=8 (full 0):
 garbage-first heap   total 90112K, used 41161K [0x0000000081e00000, 0x0000000100000000)
  region size 1024K, 24 young (24576K), 2 survivors (2048K)
 Metaspace       used 35876K, committed 36096K, reserved 1114112K
  class space    used 4578K, committed 4736K, reserved 1048576K
}
Event: 3.145 GC heap after
{Heap after GC invocations=9 (full 0):
 garbage-first heap   total 90112K, used 21282K [0x0000000081e00000, 0x0000000100000000)
  region size 1024K, 4 young (4096K), 4 survivors (4096K)
 Metaspace       used 35876K, committed 36096K, reserved 1114112K
  class space    used 4578K, committed 4736K, reserved 1048576K
}
Event: 3.951 GC heap before
{Heap before GC invocations=10 (full 0):
 garbage-first heap   total 81920K, used 69410K [0x0000000081e00000, 0x0000000100000000)
  region size 1024K, 48 young (49152K), 4 survivors (4096K)
 Metaspace       used 40105K, committed 40384K, reserved 1114112K
  class space    used 5104K, committed 5248K, reserved 1048576K
}
Event: 3.959 GC heap after
{Heap after GC invocations=11 (full 0):
 garbage-first heap   total 81920K, used 27511K [0x0000000081e00000, 0x0000000100000000)
  region size 1024K, 6 young (6144K), 6 survivors (6144K)
 Metaspace       used 40105K, committed 40384K, reserved 1114112K
  class space    used 5104K, committed 5248K, reserved 1048576K
}
Event: 4.678 GC heap before
{Heap before GC invocations=11 (full 0):
 garbage-first heap   total 81920K, used 62327K [0x0000000081e00000, 0x0000000100000000)
  region size 1024K, 40 young (40960K), 6 survivors (6144K)
 Metaspace       used 44540K, committed 44800K, reserved 1114112K
  class space    used 5586K, committed 5696K, reserved 1048576K
}
Event: 4.704 GC heap after
{Heap after GC invocations=12 (full 0):
 garbage-first heap   total 81920K, used 32407K [0x0000000081e00000, 0x0000000100000000)
  region size 1024K, 5 young (5120K), 5 survivors (5120K)
 Metaspace       used 44540K, committed 44800K, reserved 1114112K
  class space    used 5586K, committed 5696K, reserved 1048576K
}
Event: 6.246 GC heap before
{Heap before GC invocations=12 (full 0):
 garbage-first heap   total 81920K, used 62103K [0x0000000081e00000, 0x0000000100000000)
  region size 1024K, 34 young (34816K), 5 survivors (5120K)
 Metaspace       used 48268K, committed 48512K, reserved 1114112K
  class space    used 5929K, committed 6080K, reserved 1048576K
}
Event: 6.275 GC heap after
{Heap after GC invocations=13 (full 0):
 garbage-first heap   total 81920K, used 37168K [0x0000000081e00000, 0x0000000100000000)
  region size 1024K, 5 young (5120K), 5 survivors (5120K)
 Metaspace       used 48268K, committed 48512K, reserved 1114112K
  class space    used 5929K, committed 6080K, reserved 1048576K
}
Event: 7.171 GC heap before
{Heap before GC invocations=13 (full 0):
 garbage-first heap   total 81920K, used 61744K [0x0000000081e00000, 0x0000000100000000)
  region size 1024K, 30 young (30720K), 5 survivors (5120K)
 Metaspace       used 48693K, committed 48896K, reserved 1114112K
  class space    used 5953K, committed 6080K, reserved 1048576K
}
Event: 7.189 GC heap after
{Heap after GC invocations=14 (full 0):
 garbage-first heap   total 98304K, used 42323K [0x0000000081e00000, 0x0000000100000000)
  region size 1024K, 4 young (4096K), 4 survivors (4096K)
 Metaspace       used 48693K, committed 48896K, reserved 1114112K
  class space    used 5953K, committed 6080K, reserved 1048576K
}
Event: 7.939 GC heap before
{Heap before GC invocations=14 (full 0):
 garbage-first heap   total 98304K, used 74067K [0x0000000081e00000, 0x0000000100000000)
  region size 1024K, 35 young (35840K), 4 survivors (4096K)
 Metaspace       used 52983K, committed 53248K, reserved 1114112K
  class space    used 6577K, committed 6720K, reserved 1048576K
}
Event: 7.951 GC heap after
{Heap after GC invocations=15 (full 0):
 garbage-first heap   total 98304K, used 46486K [0x0000000081e00000, 0x0000000100000000)
  region size 1024K, 4 young (4096K), 4 survivors (4096K)
 Metaspace       used 52983K, committed 53248K, reserved 1114112K
  class space    used 6577K, committed 6720K, reserved 1048576K
}
Event: 9.261 GC heap before
{Heap before GC invocations=15 (full 0):
 garbage-first heap   total 98304K, used 75158K [0x0000000081e00000, 0x0000000100000000)
  region size 1024K, 32 young (32768K), 4 survivors (4096K)
 Metaspace       used 55942K, committed 56192K, reserved 1114112K
  class space    used 6839K, committed 6976K, reserved 1048576K
}
Event: 9.274 GC heap after
{Heap after GC invocations=16 (full 0):
 garbage-first heap   total 98304K, used 51544K [0x0000000081e00000, 0x0000000100000000)
  region size 1024K, 4 young (4096K), 4 survivors (4096K)
 Metaspace       used 55942K, committed 56192K, reserved 1114112K
  class space    used 6839K, committed 6976K, reserved 1048576K
}
Event: 10.011 GC heap before
{Heap before GC invocations=16 (full 0):
 garbage-first heap   total 98304K, used 76120K [0x0000000081e00000, 0x0000000100000000)
  region size 1024K, 28 young (28672K), 4 survivors (4096K)
 Metaspace       used 56880K, committed 57152K, reserved 1114112K
  class space    used 6875K, committed 6976K, reserved 1048576K
}
Event: 10.032 GC heap after
{Heap after GC invocations=17 (full 0):
 garbage-first heap   total 98304K, used 56559K [0x0000000081e00000, 0x0000000100000000)
  region size 1024K, 4 young (4096K), 4 survivors (4096K)
 Metaspace       used 56880K, committed 57152K, reserved 1114112K
  class space    used 6875K, committed 6976K, reserved 1048576K
}
Event: 10.906 GC heap before
{Heap before GC invocations=18 (full 0):
 garbage-first heap   total 99328K, used 78063K [0x0000000081e00000, 0x0000000100000000)
  region size 1024K, 24 young (24576K), 4 survivors (4096K)
 Metaspace       used 58309K, committed 58560K, reserved 1114112K
  class space    used 6997K, committed 7104K, reserved 1048576K
}
Event: 10.918 GC heap after
{Heap after GC invocations=19 (full 0):
 garbage-first heap   total 99328K, used 59120K [0x0000000081e00000, 0x0000000100000000)
  region size 1024K, 3 young (3072K), 3 survivors (3072K)
 Metaspace       used 58309K, committed 58560K, reserved 1114112K
  class space    used 6997K, committed 7104K, reserved 1048576K
}
Event: 10.953 GC heap before
{Heap before GC invocations=19 (full 0):
 garbage-first heap   total 99328K, used 59120K [0x0000000081e00000, 0x0000000100000000)
  region size 1024K, 4 young (4096K), 3 survivors (3072K)
 Metaspace       used 58435K, committed 58688K, reserved 1114112K
  class space    used 7011K, committed 7104K, reserved 1048576K
}

Dll operation events (3 events):
Event: 0.015 Loaded shared library C:\Users\Vinicius\.jdks\jbr-17.0.11\bin\java.dll
Event: 0.039 Loaded shared library C:\Users\Vinicius\.jdks\jbr-17.0.11\bin\jsvml.dll
Event: 1.615 Loaded shared library C:\Users\Vinicius\.jdks\jbr-17.0.11\bin\verify.dll

Deoptimization events (20 events):
Event: 10.924 Thread 0x00000229ed3d9fd0 DEOPT PACKING pc=0x0000022987d85d68 sp=0x000000851a8fcbe0
Event: 10.924 Thread 0x00000229ed3d9fd0 DEOPT UNPACKING pc=0x00000229875869a3 sp=0x000000851a8fcb90 mode 2
Event: 10.924 Thread 0x00000229ed3d9fd0 Uncommon trap: trap_request=0xffffffc6 fr.pc=0x0000022987d77820 relative=0x0000000000000080
Event: 10.924 Thread 0x00000229ed3d9fd0 Uncommon trap: reason=bimorphic_or_optimized_type_check action=maybe_recompile pc=0x0000022987d77820 method=java.util.Collections$UnmodifiableCollection.size()I @ 4 c2
Event: 10.924 Thread 0x00000229ed3d9fd0 DEOPT PACKING pc=0x0000022987d77820 sp=0x000000851a8fcbd0
Event: 10.924 Thread 0x00000229ed3d9fd0 DEOPT UNPACKING pc=0x00000229875869a3 sp=0x000000851a8fcb58 mode 2
Event: 10.925 Thread 0x00000229ed3d9fd0 Uncommon trap: trap_request=0xffffffc6 fr.pc=0x0000022987da133c relative=0x000000000000043c
Event: 10.925 Thread 0x00000229ed3d9fd0 Uncommon trap: reason=bimorphic_or_optimized_type_check action=maybe_recompile pc=0x0000022987da133c method=org.jetbrains.kotlin.util.slicedMap.SlicedMapImpl.get(Lorg/jetbrains/kotlin/util/slicedMap/ReadOnlySlice;Ljava/lang/Object;)Ljava/lang/Object; @ 62
Event: 10.925 Thread 0x00000229ed3d9fd0 DEOPT PACKING pc=0x0000022987da133c sp=0x000000851a8fd390
Event: 10.925 Thread 0x00000229ed3d9fd0 DEOPT UNPACKING pc=0x00000229875869a3 sp=0x000000851a8fd308 mode 2
Event: 10.931 Thread 0x00000229ed3d9fd0 DEOPT PACKING pc=0x000002298076b608 sp=0x000000851a8fd540
Event: 10.931 Thread 0x00000229ed3d9fd0 DEOPT UNPACKING pc=0x0000022987587143 sp=0x000000851a8fca08 mode 0
Event: 10.938 Thread 0x00000229ed3d9fd0 Uncommon trap: trap_request=0xffffffde fr.pc=0x0000022987d19550 relative=0x0000000000000190
Event: 10.938 Thread 0x00000229ed3d9fd0 Uncommon trap: reason=class_check action=maybe_recompile pc=0x0000022987d19550 method=kotlin.collections.CollectionsKt__MutableCollectionsKt.addAll(Ljava/util/Collection;Ljava/lang/Iterable;)Z @ 49 c2
Event: 10.938 Thread 0x00000229ed3d9fd0 DEOPT PACKING pc=0x0000022987d19550 sp=0x000000851a8fd870
Event: 10.938 Thread 0x00000229ed3d9fd0 DEOPT UNPACKING pc=0x00000229875869a3 sp=0x000000851a8fd818 mode 2
Event: 10.945 Thread 0x00000229ed3d9fd0 Uncommon trap: trap_request=0xffffffde fr.pc=0x0000022987d19550 relative=0x0000000000000190
Event: 10.945 Thread 0x00000229ed3d9fd0 Uncommon trap: reason=class_check action=maybe_recompile pc=0x0000022987d19550 method=kotlin.collections.CollectionsKt__MutableCollectionsKt.addAll(Ljava/util/Collection;Ljava/lang/Iterable;)Z @ 49 c2
Event: 10.945 Thread 0x00000229ed3d9fd0 DEOPT PACKING pc=0x0000022987d19550 sp=0x000000851a8fd870
Event: 10.945 Thread 0x00000229ed3d9fd0 DEOPT UNPACKING pc=0x00000229875869a3 sp=0x000000851a8fd818 mode 2

Classes unloaded (0 events):
No events

Classes redefined (0 events):
No events

Internal exceptions (20 events):
Event: 6.506 Thread 0x00000229ed3d9fd0 Implicit null exception at 0x0000022987b1b18e to 0x0000022987b1b40c
Event: 6.506 Thread 0x00000229ed3d9fd0 Implicit null exception at 0x0000022987bcaf0f to 0x0000022987bcaf89
Event: 7.325 Thread 0x00000229ed3d9fd0 Implicit null exception at 0x0000022987c5d8cc to 0x0000022987c5d9c0
Event: 7.400 Thread 0x00000229ed3d9fd0 Implicit null exception at 0x0000022987d84f20 to 0x0000022987d8548f
Event: 7.421 Thread 0x00000229ed3d9fd0 Exception <a 'java/lang/NoSuchMethodError'{0x0000000086ff8150}: 'int java.lang.invoke.DirectMethodHandle$Holder.invokeStaticInit(java.lang.Object, int)'> (0x0000000086ff8150) 
thrown [s\src\hotspot\share\interpreter\linkResolver.cpp, line 771]
Event: 7.606 Thread 0x00000229ed3d9fd0 Exception <a 'java/lang/NoSuchMethodError'{0x0000000086a72858}: 'java.lang.Object java.lang.invoke.DirectMethodHandle$Holder.newInvokeSpecial(java.lang.Object, java.lang.Object, java.lang.Object, java.lang.Object, java.lang.Object, java.lang.Object, java.lang.Object)'> (0x0000000086a72858) 
thrown [s\src\hotspot\share\interpreter\linkResolver.cpp, line 771]
Event: 7.607 Thread 0x00000229ed3d9fd0 Exception <a 'java/lang/NoSuchMethodError'{0x0000000086a77410}: 'java.lang.Object java.lang.invoke.Invokers$Holder.linkToTargetMethod(java.lang.Object, java.lang.Object, java.lang.Object, java.lang.Object, java.lang.Object, java.lang.Object, java.lang.Object)'> (0x0000000086a77410) 
thrown [s\src\hotspot\share\interpreter\linkResolver.cpp, line 771]
Event: 7.716 Thread 0x00000229ed3d9fd0 Exception <a 'java/lang/NoSuchMethodError'{0x0000000086640270}: 'java.lang.Object java.lang.invoke.DirectMethodHandle$Holder.invokeInterface(java.lang.Object, java.lang.Object, java.lang.Object)'> (0x0000000086640270) 
thrown [s\src\hotspot\share\interpreter\linkResolver.cpp, line 771]
Event: 7.716 Thread 0x00000229ed3d9fd0 Exception <a 'java/lang/IncompatibleClassChangeError'{0x0000000086643e88}: Found class java.lang.Object, but interface was expected> (0x0000000086643e88) 
thrown [s\src\hotspot\share\interpreter\linkResolver.cpp, line 838]
Event: 7.924 Thread 0x00000229ed3d9fd0 Exception <a 'java/lang/NoSuchMethodError'{0x0000000085e38ce8}: 'java.lang.Object java.lang.invoke.DirectMethodHandle$Holder.invokeStatic(java.lang.Object, java.lang.Object, java.lang.Object, java.lang.Object, int)'> (0x0000000085e38ce8) 
thrown [s\src\hotspot\share\interpreter\linkResolver.cpp, line 771]
Event: 7.925 Thread 0x00000229ed3d9fd0 Exception <a 'java/lang/NoSuchMethodError'{0x0000000085e429d0}: 'java.lang.Object java.lang.invoke.DirectMethodHandle$Holder.newInvokeSpecial(java.lang.Object, java.lang.Object, java.lang.Object, java.lang.Object, int)'> (0x0000000085e429d0) 
thrown [s\src\hotspot\share\interpreter\linkResolver.cpp, line 771]
Event: 7.925 Thread 0x00000229ed3d9fd0 Exception <a 'java/lang/NoSuchMethodError'{0x0000000085e47408}: 'java.lang.Object java.lang.invoke.DirectMethodHandle$Holder.invokeSpecial(java.lang.Object, java.lang.Object, java.lang.Object, java.lang.Object, java.lang.Object, int)'> (0x0000000085e47408) 
thrown [s\src\hotspot\share\interpreter\linkResolver.cpp, line 771]
Event: 7.925 Thread 0x00000229ed3d9fd0 Exception <a 'java/lang/NoSuchMethodError'{0x0000000085e4b8e8}: 'java.lang.Object java.lang.invoke.Invokers$Holder.linkToTargetMethod(java.lang.Object, java.lang.Object, java.lang.Object, int, java.lang.Object)'> (0x0000000085e4b8e8) 
thrown [s\src\hotspot\share\interpreter\linkResolver.cpp, line 771]
Event: 7.975 Thread 0x00000229ed3d9fd0 Exception <a 'java/lang/NoSuchMethodError'{0x0000000089df29e0}: 'void java.lang.invoke.DirectMethodHandle$Holder.invokeInterface(java.lang.Object, java.lang.Object)'> (0x0000000089df29e0) 
thrown [s\src\hotspot\share\interpreter\linkResolver.cpp, line 771]
Event: 8.077 Thread 0x00000229ed3d9fd0 Exception <a 'java/lang/IncompatibleClassChangeError'{0x0000000087af5f80}: Found class java.lang.Object, but interface was expected> (0x0000000087af5f80) 
thrown [s\src\hotspot\share\interpreter\linkResolver.cpp, line 838]
Event: 8.491 Thread 0x00000229ed3d9fd0 Exception <a 'java/lang/NoSuchMethodError'{0x0000000086a3d330}: 'java.lang.Object java.lang.invoke.DirectMethodHandle$Holder.invokeStatic(java.lang.Object, int, java.lang.Object)'> (0x0000000086a3d330) 
thrown [s\src\hotspot\share\interpreter\linkResolver.cpp, line 771]
Event: 9.277 Thread 0x00000229ed3d9fd0 Exception <a 'java/lang/NoSuchMethodError'{0x0000000089d0a928}: 'java.lang.Object java.lang.invoke.DirectMethodHandle$Holder.newInvokeSpecial(java.lang.Object, int, java.lang.Object, java.lang.Object)'> (0x0000000089d0a928) 
thrown [s\src\hotspot\share\interpreter\linkResolver.cpp, line 771]
Event: 9.277 Thread 0x00000229ed3d9fd0 Exception <a 'java/lang/NoSuchMethodError'{0x0000000089d0f078}: 'java.lang.Object java.lang.invoke.DirectMethodHandle$Holder.invokeSpecial(java.lang.Object, java.lang.Object, int, java.lang.Object, java.lang.Object)'> (0x0000000089d0f078) 
thrown [s\src\hotspot\share\interpreter\linkResolver.cpp, line 771]
Event: 9.909 Thread 0x00000229ed3d9fd0 Implicit null exception at 0x0000022987d531c0 to 0x0000022987d53af8
Event: 10.616 Thread 0x00000229ed3d9fd0 Implicit null exception at 0x0000022987eb926f to 0x0000022987ebb5ec

VM Operations (20 events):
Event: 10.176 Executing VM operation: G1PauseRemark done
Event: 10.250 Executing VM operation: G1PauseCleanup
Event: 10.251 Executing VM operation: G1PauseCleanup done
Event: 10.413 Executing VM operation: HandshakeAllThreads
Event: 10.413 Executing VM operation: HandshakeAllThreads done
Event: 10.475 Executing VM operation: ICBufferFull
Event: 10.475 Executing VM operation: ICBufferFull done
Event: 10.585 Executing VM operation: HandshakeAllThreads
Event: 10.585 Executing VM operation: HandshakeAllThreads done
Event: 10.591 Executing VM operation: HandshakeAllThreads
Event: 10.591 Executing VM operation: HandshakeAllThreads done
Event: 10.654 Executing VM operation: ICBufferFull
Event: 10.654 Executing VM operation: ICBufferFull done
Event: 10.847 Executing VM operation: ICBufferFull
Event: 10.847 Executing VM operation: ICBufferFull done
Event: 10.859 Executing VM operation: HandshakeAllThreads
Event: 10.860 Executing VM operation: HandshakeAllThreads done
Event: 10.906 Executing VM operation: G1CollectForAllocation
Event: 10.918 Executing VM operation: G1CollectForAllocation done
Event: 10.953 Executing VM operation: G1CollectForAllocation

Events (20 events):
Event: 7.981 loading class java/util/stream/Nodes$EmptyNode$OfLong
Event: 7.981 loading class java/util/stream/Node$OfLong
Event: 7.981 loading class java/util/stream/Node$OfLong done
Event: 7.981 loading class java/util/stream/Nodes$EmptyNode$OfLong done
Event: 7.981 loading class java/util/stream/Nodes$EmptyNode$OfDouble
Event: 7.981 loading class java/util/stream/Node$OfDouble
Event: 7.981 loading class java/util/stream/Node$OfDouble done
Event: 7.981 loading class java/util/stream/Nodes$EmptyNode$OfDouble done
Event: 7.981 loading class java/util/stream/Nodes$SpinedNodeBuilder
Event: 7.981 loading class java/util/stream/Node$Builder
Event: 7.982 loading class java/util/stream/Node$Builder done
Event: 7.982 loading class java/util/stream/SpinedBuffer
Event: 7.982 loading class java/util/stream/AbstractSpinedBuffer
Event: 7.982 loading class java/util/stream/AbstractSpinedBuffer done
Event: 7.982 loading class java/util/stream/SpinedBuffer done
Event: 7.982 loading class java/util/stream/Nodes$SpinedNodeBuilder done
Event: 8.105 loading class jdk/internal/math/FDBigInteger
Event: 8.106 loading class jdk/internal/math/FDBigInteger done
Event: 8.724 Thread 0x00000229fe018050 flushing nmethod 0x00000229805c9210
Event: 8.728 Thread 0x00000229fe018050 flushing nmethod 0x0000022980c1ae10


Dynamic libraries:
0x00007ff623c50000 - 0x00007ff623c5a000 	C:\Users\Vinicius\.jdks\jbr-17.0.11\bin\java.exe
0x00007ffa4c350000 - 0x00007ffa4c548000 	C:\Windows\SYSTEM32\ntdll.dll
0x00007ffa4b690000 - 0x00007ffa4b751000 	C:\Windows\System32\KERNEL32.DLL
0x00007ffa49b90000 - 0x00007ffa49e8d000 	C:\Windows\System32\KERNELBASE.dll
0x00007ffa4a160000 - 0x00007ffa4a260000 	C:\Windows\System32\ucrtbase.dll
0x00007ffa43d40000 - 0x00007ffa43d5b000 	C:\Users\Vinicius\.jdks\jbr-17.0.11\bin\VCRUNTIME140.dll
0x00007ffa43d60000 - 0x00007ffa43d77000 	C:\Users\Vinicius\.jdks\jbr-17.0.11\bin\jli.dll
0x00007ffa4b320000 - 0x00007ffa4b4bd000 	C:\Windows\System32\USER32.dll
0x00007ffa49b30000 - 0x00007ffa49b52000 	C:\Windows\System32\win32u.dll
0x00007ffa343d0000 - 0x00007ffa3466a000 	C:\Windows\WinSxS\amd64_microsoft.windows.common-controls_6595b64144ccf1df_6.0.19041.4355_none_60b8b9eb71f62e16\COMCTL32.dll
0x00007ffa4a530000 - 0x00007ffa4a55b000 	C:\Windows\System32\GDI32.dll
0x00007ffa4a560000 - 0x00007ffa4a5fe000 	C:\Windows\System32\msvcrt.dll
0x00007ffa4a260000 - 0x00007ffa4a377000 	C:\Windows\System32\gdi32full.dll
0x00007ffa49a90000 - 0x00007ffa49b2d000 	C:\Windows\System32\msvcp_win.dll
0x00007ffa4a430000 - 0x00007ffa4a45f000 	C:\Windows\System32\IMM32.DLL
0x00007ffa3f170000 - 0x00007ffa3f17c000 	C:\Users\Vinicius\.jdks\jbr-17.0.11\bin\vcruntime140_1.dll
0x00007ffa07670000 - 0x00007ffa076fd000 	C:\Users\Vinicius\.jdks\jbr-17.0.11\bin\msvcp140.dll
0x00007ffa03c60000 - 0x00007ffa048e3000 	C:\Users\Vinicius\.jdks\jbr-17.0.11\bin\server\jvm.dll
0x00007ffa4a380000 - 0x00007ffa4a430000 	C:\Windows\System32\ADVAPI32.dll
0x00007ffa4bd00000 - 0x00007ffa4bda0000 	C:\Windows\System32\sechost.dll
0x00007ffa4bbd0000 - 0x00007ffa4bcf3000 	C:\Windows\System32\RPCRT4.dll
0x00007ffa49b60000 - 0x00007ffa49b87000 	C:\Windows\System32\bcrypt.dll
0x00007ffa48f80000 - 0x00007ffa48fcb000 	C:\Windows\SYSTEM32\POWRPROF.dll
0x00007ffa40310000 - 0x00007ffa40319000 	C:\Windows\SYSTEM32\WSOCK32.dll
0x00007ffa4b010000 - 0x00007ffa4b07b000 	C:\Windows\System32\WS2_32.dll
0x00007ffa33870000 - 0x00007ffa33897000 	C:\Windows\SYSTEM32\WINMM.dll
0x00007ffa3e570000 - 0x00007ffa3e57a000 	C:\Windows\SYSTEM32\VERSION.dll
0x00007ffa48df0000 - 0x00007ffa48e02000 	C:\Windows\SYSTEM32\UMPDC.dll
0x00007ffa48210000 - 0x00007ffa48222000 	C:\Windows\SYSTEM32\kernel.appcore.dll
0x00007ffa3f160000 - 0x00007ffa3f16a000 	C:\Users\Vinicius\.jdks\jbr-17.0.11\bin\jimage.dll
0x00007ffa44800000 - 0x00007ffa449e4000 	C:\Windows\SYSTEM32\DBGHELP.DLL
0x00007ffa1be20000 - 0x00007ffa1be54000 	C:\Windows\SYSTEM32\dbgcore.DLL
0x00007ffa49a00000 - 0x00007ffa49a82000 	C:\Windows\System32\bcryptPrimitives.dll
0x00007ffa330e0000 - 0x00007ffa33105000 	C:\Users\Vinicius\.jdks\jbr-17.0.11\bin\java.dll
0x00007ffa03b80000 - 0x00007ffa03c57000 	C:\Users\Vinicius\.jdks\jbr-17.0.11\bin\jsvml.dll
0x00007ffa4a710000 - 0x00007ffa4ae7f000 	C:\Windows\System32\SHELL32.dll
0x00007ffa47a60000 - 0x00007ffa481ff000 	C:\Windows\SYSTEM32\windows.storage.dll
0x00007ffa4bda0000 - 0x00007ffa4c0f3000 	C:\Windows\System32\combase.dll
0x00007ffa49420000 - 0x00007ffa4944e000 	C:\Windows\SYSTEM32\Wldp.dll
0x00007ffa4c100000 - 0x00007ffa4c1cd000 	C:\Windows\System32\OLEAUT32.dll
0x00007ffa4ae80000 - 0x00007ffa4af2d000 	C:\Windows\System32\SHCORE.dll
0x00007ffa4a460000 - 0x00007ffa4a4b5000 	C:\Windows\System32\shlwapi.dll
0x00007ffa49930000 - 0x00007ffa49954000 	C:\Windows\SYSTEM32\profapi.dll
0x00007ffa327d0000 - 0x00007ffa327e9000 	C:\Users\Vinicius\.jdks\jbr-17.0.11\bin\net.dll
0x00007ffa37700000 - 0x00007ffa3780d000 	C:\Windows\SYSTEM32\WINHTTP.dll
0x00007ffa49180000 - 0x00007ffa491ea000 	C:\Windows\system32\mswsock.dll
0x00007ffa327b0000 - 0x00007ffa327c6000 	C:\Users\Vinicius\.jdks\jbr-17.0.11\bin\nio.dll
0x00007ffa327f0000 - 0x00007ffa32808000 	C:\Users\Vinicius\.jdks\jbr-17.0.11\bin\zip.dll
0x00007ffa330d0000 - 0x00007ffa330e0000 	C:\Users\Vinicius\.jdks\jbr-17.0.11\bin\verify.dll

dbghelp: loaded successfully - version: 4.0.5 - missing functions: none
symbol engine: initialized successfully - sym options: 0x614 - pdb path: .;C:\Users\Vinicius\.jdks\jbr-17.0.11\bin;C:\Windows\SYSTEM32;C:\Windows\WinSxS\amd64_microsoft.windows.common-controls_6595b64144ccf1df_6.0.19041.4355_none_60b8b9eb71f62e16;C:\Users\Vinicius\.jdks\jbr-17.0.11\bin\server

VM Arguments:
java_command: org.jetbrains.kotlin.cli.jvm.K2JVMCompiler @C:\Users\Vinicius\IntelliJIDEAProjects\Github\MyApplication\app\build\20240728_15396953882201210490.compiler.options
java_class_path (initial): C:\Users\Vinicius\.gradle\caches\modules-2\files-2.1\org.jetbrains.kotlin\kotlin-compiler-embeddable\1.9.0\2c8c3a7402becca891f12739b3e9fd2dc2adbd7a\kotlin-compiler-embeddable-1.9.0.jar;C:\Users\Vinicius\.gradle\caches\modules-2\files-2.1\org.jetbrains.kotlin\kotlin-stdlib\1.9.0\8ee15ef0c67dc83d874f412d84378d7f0eb50b63\kotlin-stdlib-1.9.0.jar;C:\Users\Vinicius\.gradle\caches\modules-2\files-2.1\org.jetbrains.kotlin\kotlin-script-runtime\1.9.0\4b3102cbbb7e1b58d9d1adf89563f00069ffa7d1\kotlin-script-runtime-1.9.0.jar;C:\Users\Vinicius\.gradle\caches\modules-2\files-2.1\org.jetbrains.kotlin\kotlin-reflect\1.6.10\1cbe9c92c12a94eea200d23c2bbaedaf3daf5132\kotlin-reflect-1.6.10.jar;C:\Users\Vinicius\.gradle\caches\modules-2\files-2.1\org.jetbrains.kotlin\kotlin-daemon-embeddable\1.9.0\186543f5e28cf8d9a0290fecc2cf34301c40a65c\kotlin-daemon-embeddable-1.9.0.jar;C:\Users\Vinicius\.gradle\caches\modules-2\files-2.1\org.jetbrains.intellij.deps\trove4j\1.0.20200330\3afb14d5f9ceb459d724e907a21145e8ff394f02\trove4j-1.0.20200330.jar;C:\Users\Vinicius\.gradle\caches\modules-2\files-2.1\org.jetbrains.kotlin\kotlin-stdlib-common\1.9.0\cd65c21cfd1eec4d44ef09f9f52b6d9f8a720636\kotlin-stdlib-common-1.9.0.jar;C:\Users\Vinicius\.gradle\caches\modules-2\files-2.1\org.jetbrains\annotations\13.0\919f0dfe192fb4e063e7dacadee7f8bb9a2672a9\annotations-13.0.jar
Launcher Type: SUN_STANDARD

[Global flags]
     intx CICompilerCount                          = 3                                         {product} {ergonomic}
     uint ConcGCThreads                            = 1                                         {product} {ergonomic}
     uint G1ConcRefinementThreads                  = 4                                         {product} {ergonomic}
   size_t G1HeapRegionSize                         = 1048576                                   {product} {ergonomic}
    uintx GCDrainStackTargetSize                   = 64                                        {product} {ergonomic}
   size_t InitialHeapSize                          = 134217728                                 {product} {ergonomic}
   size_t MarkStackSize                            = 4194304                                   {product} {ergonomic}
   size_t MaxHeapSize                              = 2116026368                                {product} {ergonomic}
   size_t MaxNewSize                               = 1268776960                                {product} {ergonomic}
   size_t MinHeapDeltaBytes                        = 1048576                                   {product} {ergonomic}
   size_t MinHeapSize                              = 8388608                                   {product} {ergonomic}
    uintx NonNMethodCodeHeapSize                   = 5832780                                {pd product} {ergonomic}
    uintx NonProfiledCodeHeapSize                  = 122912730                              {pd product} {ergonomic}
    uintx ProfiledCodeHeapSize                     = 122912730                              {pd product} {ergonomic}
    uintx ReservedCodeCacheSize                    = 251658240                              {pd product} {ergonomic}
     bool SegmentedCodeCache                       = true                                      {product} {ergonomic}
   size_t SoftMaxHeapSize                          = 2116026368                             {manageable} {ergonomic}
     bool UseCompressedClassPointers               = true                           {product lp64_product} {ergonomic}
     bool UseCompressedOops                        = true                           {product lp64_product} {ergonomic}
     bool UseG1GC                                  = true                                      {product} {ergonomic}
     bool UseLargePagesIndividualAllocation        = false                                  {pd product} {ergonomic}

Logging:
Log output configuration:
 #0: stdout all=warning uptime,level,tags
 #1: stderr all=off uptime,level,tags

Environment Variables:
PATH=C:\Program Files\Microsoft\jdk-11.0.16.101-hotspot\bin;C:\Program Files (x86)\Intel\iCLS Client\;C:\Program Files\Intel\iCLS Client\;C:\Program Files (x86)\Common Files\Oracle\Java\javapath;C:\Windows\system32;C:\Windows;C:\Windows\System32\Wbem;C:\Windows\System32\WindowsPowerShell\v1.0\;C:\Windows\System32\OpenSSH\;C:\Program Files (x86)\Intel\Intel(R) Management Engine Components\DAL;C:\Program Files\Intel\Intel(R) Management Engine Components\DAL;C:\Program Files (x86)\Intel\Intel(R) Management Engine Components\IPT;C:\Program Files\Intel\Intel(R) Management Engine Components\IPT;C:\Program Files\NVIDIA Corporation\NVIDIA NvDLISR;C:\Program Files (x86)\NVIDIA Corporation\PhysX\Common;C:\sqlite;C:\Program Files\Git\cmd;C:\Users\Vinicius\AppData\Local\Programs\Python\Python312\Scripts\;C:\Users\Vinicius\AppData\Local\Programs\Python\Python312\;C:\Users\Vinicius\AppData\Local\Programs\Python\Launcher\;C:\Users\Vinicius\AppData\Local\Microsoft\WindowsApps;C:\Users\Vinicius\AppData\Local\Programs\Microsoft VS Code\bin
USERNAME=Vinicius
OS=Windows_NT
PROCESSOR_IDENTIFIER=Intel64 Family 6 Model 142 Stepping 9, GenuineIntel
TMP=C:\Users\Vinicius\AppData\Local\Temp
TEMP=C:\Users\Vinicius\AppData\Local\Temp



Periodic native trim disabled

JNI global refs:
JNI global refs: 11, weak refs: 4

JNI global refs memory usage: 843, weak refs: 841

Process memory usage:
Resident Set Size: 297556K (3% of 8261220K total physical memory with 414988K free physical memory)

OOME stack traces (most recent first):
Classloader memory used:
Loader jdk.internal.loader.ClassLoaders$AppClassLoader                                 : 6871K
Loader bootstrap                                                                       : 418K
Loader jdk.internal.reflect.DelegatingClassLoader                                      : 15535B


---------------  S Y S T E M  ---------------

OS:
 Windows 10 , 64 bit Build 19041 (10.0.19041.4717)
OS uptime: 0 days 0:12 hours

CPU: total 4 (initial active 4) (2 cores per cpu, 2 threads per core) family 6 model 142 stepping 9 microcode 0xb4, cx8, cmov, fxsr, ht, mmx, 3dnowpref, sse, sse2, sse3, ssse3, sse4.1, sse4.2, popcnt, lzcnt, tsc, tscinvbit, avx, avx2, aes, erms, clmul, bmi1, bmi2, adx, fma, vzeroupper, clflush, clflushopt
Processor Information for all 4 processors :
  Max Mhz: 2712, Current Mhz: 2511, Mhz Limit: 2495

Memory: 4k page, system-wide physical 8067M (405M free)
TotalPageFile size 10115M (AvailPageFile size 4M)
current process WorkingSet (physical memory assigned to process): 290M, peak: 290M
current process commit charge ("private bytes"): 320M, peak: 325M

vm_info: OpenJDK 64-Bit Server VM (17.0.11+1-b1312.2) for windows-amd64 JRE (17.0.11+1-b1312.2), built on 2024-06-08 by "builduser" with MS VC++ 16.10 / 16.11 (VS2019)

END.
