#
# There is insufficient memory for the Java Runtime Environment to continue.
# Native memory allocation (mmap) failed to map 134217728 bytes. Error detail: G1 virtual space
# Possible reasons:
#   The system is out of physical RAM or swap space
#   This process is running with CompressedOops enabled, and the Java Heap may be blocking the growth of the native heap
# Possible solutions:
#   Reduce memory load on the system
#   Increase physical memory or swap space
#   Check if swap backing store is full
#   Decrease Java heap size (-Xmx/-Xms)
#   Decrease number of Java threads
#   Decrease Java thread stack sizes (-Xss)
#   Set larger code cache with -XX:ReservedCodeCacheSize=
#   JVM is running with Unscaled Compressed Oops mode in which the Java heap is
#     placed in the first 4GB address space. The Java Heap base address is the
#     maximum limit for the native heap growth. Please use -XX:HeapBaseMinAddress
#     to set the Java Heap base and to place the Java Heap above 4GB virtual address.
# This output file may be truncated or incomplete.
#
#  Out of Memory Error (os_windows.cpp:3825), pid=11888, tid=4788
#
# JRE version:  (17.0.11+1) (build )
# Java VM: OpenJDK 64-Bit Server VM (17.0.11+1-b1312.2, mixed mode, sharing, tiered, compressed oops, compressed class ptrs, g1 gc, windows-amd64)
# No core dump will be written. Minidumps are not enabled by default on client versions of Windows
#

---------------  S U M M A R Y ------------

Command Line: org.jetbrains.kotlin.cli.jvm.K2JVMCompiler @C:\Users\Vinicius\IntelliJIDEAProjects\Github\MyApplication\app\build\20240726_13806164026886537515.compiler.options

Host: Intel(R) Core(TM) i5-7200U CPU @ 2.50GHz, 4 cores, 7G,  Windows 10 , 64 bit Build 19041 (10.0.19041.4597)
Time: Fri Jul 26 22:08:17 2024 Hora oficial do Brasil elapsed time: 0.032028 seconds (0d 0h 0m 0s)

---------------  T H R E A D  ---------------

Current thread (0x0000016fdc9d0790):  JavaThread "Unknown thread" [_thread_in_vm, id=4788, stack(0x0000000432500000,0x0000000432600000)]

Stack: [0x0000000432500000,0x0000000432600000]
Native frames: (J=compiled Java code, j=interpreted, Vv=VM code, C=native code)
V  [jvm.dll+0x687839]  os::platform_print_native_stack+0xd9  (os_windows_x86.cpp:235)
V  [jvm.dll+0x8411ea]  VMError::report+0xc6a  (vmError.cpp:868)
V  [jvm.dll+0x842e6e]  VMError::report_and_die+0x78e  (vmError.cpp:1766)
V  [jvm.dll+0x8434d3]  VMError::report_and_die+0x43  (vmError.cpp:1552)
V  [jvm.dll+0x249faf]  report_vm_out_of_memory+0x8f  (debug.cpp:321)
V  [jvm.dll+0x684609]  os::pd_commit_memory_or_exit+0xc9  (os_windows.cpp:3833)
V  [jvm.dll+0x678eba]  os::commit_memory_or_exit+0x2a  (os.cpp:1732)
V  [jvm.dll+0x30ab1b]  G1PageBasedVirtualSpace::commit+0x19b  (g1PageBasedVirtualSpace.cpp:204)
V  [jvm.dll+0x311fc6]  G1RegionsLargerThanCommitSizeMapper::commit_regions+0x96  (g1RegionToSpaceMapper.cpp:100)
V  [jvm.dll+0x361a2e]  HeapRegionManager::expand_any+0xee  (heapRegionManager.cpp:363)
V  [jvm.dll+0x361c5f]  HeapRegionManager::expand_by+0x7f  (heapRegionManager.cpp:380)
V  [jvm.dll+0x2e0948]  G1CollectedHeap::expand+0xb8  (g1CollectedHeap.cpp:1298)
V  [jvm.dll+0x2e18b4]  G1CollectedHeap::initialize+0x664  (g1CollectedHeap.cpp:1719)
V  [jvm.dll+0x811cb1]  universe_init+0xb1  (universe.cpp:737)
V  [jvm.dll+0x36f798]  init_globals+0x48  (init.cpp:131)
V  [jvm.dll+0x7f0636]  Threads::create_vm+0x5d6  (thread.cpp:2909)
V  [jvm.dll+0x3f395f]  JNI_CreateJavaVM_inner+0x8f  (jni.cpp:3654)
V  [jvm.dll+0x3f5511]  JNI_CreateJavaVM+0x11  (jni.cpp:3746)
C  [jli.dll+0x528f]  JavaMain+0x113  (java.c:413)
C  [ucrtbase.dll+0x21bb2]
C  [KERNEL32.DLL+0x17374]
C  [ntdll.dll+0x4cc91]


---------------  P R O C E S S  ---------------

Threads class SMR info:
_java_thread_list=0x00007ff99008efd8, length=0, elements={
}

Java Threads: ( => current thread )

Other Threads:
  0x0000016fdca29970 GCTaskThread "GC Thread#0" [stack: 0x0000000432600000,0x0000000432700000] [id=3288]
  0x0000016fdca3b510 ConcurrentGCThread "G1 Main Marker" [stack: 0x0000000432700000,0x0000000432800000] [id=3112]
  0x0000016fdca3bf30 ConcurrentGCThread "G1 Conc#0" [stack: 0x0000000432800000,0x0000000432900000] [id=12096]

[error occurred during error reporting (printing all threads), id 0xc0000005, EXCEPTION_ACCESS_VIOLATION (0xc0000005) at pc=0x00007ff98f841517]

VM state: not at safepoint (not fully initialized)

VM Mutex/Monitor currently owned by a thread:  ([mutex/lock_event])
[0x0000016fdc9cbcb0] Heap_lock - owner thread: 0x0000016fdc9d0790

Heap address: 0x0000000081e00000, size: 2018 MB, Compressed Oops mode: 32-bit

CDS archive(s) mapped at: [0x0000000000000000-0x0000000000000000-0x0000000000000000), size 0, SharedBaseAddress: 0x0000000800000000, ArchiveRelocationMode: 1.
Narrow klass base: 0x0000000000000000, Narrow klass shift: 0, Narrow klass range: 0x0

GC Precious Log:
<Empty>

Heap:
 garbage-first heap   total 0K, used 0K [0x0000000081e00000, 0x0000000100000000)
  region size 1024K, 0 young (0K), 0 survivors (0K)
 Metaspace       used 0K, committed 0K, reserved 0K
  class space    used 0K, committed 0K, reserved 0K

Heap Regions: E=young(eden), S=young(survivor), O=old, HS=humongous(starts), HC=humongous(continues), CS=collection set, F=free, OA=open archive, CA=closed archive, TAMS=top-at-mark-start (previous, next)

Card table byte_map: [0x0000016fef5b0000,0x0000016fef9b0000] _byte_map_base: 0x0000016fef1a1000

Marking Bits (Prev, Next): (CMBitMap*) 0x0000016fdca2afa0, (CMBitMap*) 0x0000016fdca2afe0
 Prev Bits: [0x0000016fefdb0000, 0x0000016ff1d38000)
 Next Bits: [0x0000016ff1d40000, 0x0000016ff3cc8000)

GC Heap History (0 events):
No events

Dll operation events (1 events):
Event: 0.020 Loaded shared library C:\Users\Vinicius\.jdks\jbr-17.0.11\bin\java.dll

Deoptimization events (0 events):
No events

Classes unloaded (0 events):
No events

Classes redefined (0 events):
No events

Internal exceptions (0 events):
No events

VM Operations (0 events):
No events

Events (0 events):
No events


Dynamic libraries:
0x00007ff631b60000 - 0x00007ff631b6a000 	C:\Users\Vinicius\.jdks\jbr-17.0.11\bin\java.exe
0x00007ff9d9930000 - 0x00007ff9d9b28000 	C:\Windows\SYSTEM32\ntdll.dll
0x00007ff9d93f0000 - 0x00007ff9d94b1000 	C:\Windows\System32\KERNEL32.DLL
0x00007ff9d7240000 - 0x00007ff9d7536000 	C:\Windows\System32\KERNELBASE.dll
0x00007ff9d76a0000 - 0x00007ff9d77a0000 	C:\Windows\System32\ucrtbase.dll
0x00007ff9cf050000 - 0x00007ff9cf067000 	C:\Users\Vinicius\.jdks\jbr-17.0.11\bin\jli.dll
0x00007ff9cf020000 - 0x00007ff9cf03b000 	C:\Users\Vinicius\.jdks\jbr-17.0.11\bin\VCRUNTIME140.dll
0x00007ff9d9720000 - 0x00007ff9d98bf000 	C:\Windows\System32\USER32.dll
0x00007ff9d7210000 - 0x00007ff9d7232000 	C:\Windows\System32\win32u.dll
0x00007ff9bf3c0000 - 0x00007ff9bf65a000 	C:\Windows\WinSxS\amd64_microsoft.windows.common-controls_6595b64144ccf1df_6.0.19041.4355_none_60b8b9eb71f62e16\COMCTL32.dll
0x00007ff9d98c0000 - 0x00007ff9d98eb000 	C:\Windows\System32\GDI32.dll
0x00007ff9d9600000 - 0x00007ff9d969e000 	C:\Windows\System32\msvcrt.dll
0x00007ff9d77a0000 - 0x00007ff9d78b7000 	C:\Windows\System32\gdi32full.dll
0x00007ff9d78c0000 - 0x00007ff9d795d000 	C:\Windows\System32\msvcp_win.dll
0x00007ff9d7af0000 - 0x00007ff9d7b1f000 	C:\Windows\System32\IMM32.DLL
0x00007ff9d1010000 - 0x00007ff9d101c000 	C:\Users\Vinicius\.jdks\jbr-17.0.11\bin\vcruntime140_1.dll
0x00007ff9c64c0000 - 0x00007ff9c654d000 	C:\Users\Vinicius\.jdks\jbr-17.0.11\bin\msvcp140.dll
0x00007ff98f550000 - 0x00007ff9901d3000 	C:\Users\Vinicius\.jdks\jbr-17.0.11\bin\server\jvm.dll
0x00007ff9d9010000 - 0x00007ff9d90c0000 	C:\Windows\System32\ADVAPI32.dll
0x00007ff9d7d90000 - 0x00007ff9d7e30000 	C:\Windows\System32\sechost.dll
0x00007ff9d91e0000 - 0x00007ff9d9303000 	C:\Windows\System32\RPCRT4.dll
0x00007ff9d7050000 - 0x00007ff9d7077000 	C:\Windows\System32\bcrypt.dll
0x00007ff9d6560000 - 0x00007ff9d65ab000 	C:\Windows\SYSTEM32\POWRPROF.dll
0x00007ff9ca570000 - 0x00007ff9ca579000 	C:\Windows\SYSTEM32\WSOCK32.dll
0x00007ff9c11c0000 - 0x00007ff9c11e7000 	C:\Windows\SYSTEM32\WINMM.dll
0x00007ff9d7d20000 - 0x00007ff9d7d8b000 	C:\Windows\System32\WS2_32.dll
0x00007ff9c6250000 - 0x00007ff9c625a000 	C:\Windows\SYSTEM32\VERSION.dll
0x00007ff9d63d0000 - 0x00007ff9d63e2000 	C:\Windows\SYSTEM32\UMPDC.dll
0x00007ff9d57f0000 - 0x00007ff9d5802000 	C:\Windows\SYSTEM32\kernel.appcore.dll
0x00007ff9ce040000 - 0x00007ff9ce04a000 	C:\Users\Vinicius\.jdks\jbr-17.0.11\bin\jimage.dll
0x00007ff9d1c70000 - 0x00007ff9d1e54000 	C:\Windows\SYSTEM32\DBGHELP.DLL
0x00007ff9d0fa0000 - 0x00007ff9d0fd4000 	C:\Windows\SYSTEM32\dbgcore.DLL
0x00007ff9d7180000 - 0x00007ff9d7202000 	C:\Windows\System32\bcryptPrimitives.dll
0x00007ff9ccbf0000 - 0x00007ff9ccc15000 	C:\Users\Vinicius\.jdks\jbr-17.0.11\bin\java.dll

dbghelp: loaded successfully - version: 4.0.5 - missing functions: none
symbol engine: initialized successfully - sym options: 0x614 - pdb path: .;C:\Users\Vinicius\.jdks\jbr-17.0.11\bin;C:\Windows\SYSTEM32;C:\Windows\WinSxS\amd64_microsoft.windows.common-controls_6595b64144ccf1df_6.0.19041.4355_none_60b8b9eb71f62e16;C:\Users\Vinicius\.jdks\jbr-17.0.11\bin\server

VM Arguments:
java_command: org.jetbrains.kotlin.cli.jvm.K2JVMCompiler @C:\Users\Vinicius\IntelliJIDEAProjects\Github\MyApplication\app\build\20240726_13806164026886537515.compiler.options
java_class_path (initial): C:\Users\Vinicius\.gradle\caches\modules-2\files-2.1\org.jetbrains.kotlin\kotlin-compiler-embeddable\1.9.0\2c8c3a7402becca891f12739b3e9fd2dc2adbd7a\kotlin-compiler-embeddable-1.9.0.jar;C:\Users\Vinicius\.gradle\caches\modules-2\files-2.1\org.jetbrains.kotlin\kotlin-stdlib\1.9.0\8ee15ef0c67dc83d874f412d84378d7f0eb50b63\kotlin-stdlib-1.9.0.jar;C:\Users\Vinicius\.gradle\caches\modules-2\files-2.1\org.jetbrains.kotlin\kotlin-script-runtime\1.9.0\4b3102cbbb7e1b58d9d1adf89563f00069ffa7d1\kotlin-script-runtime-1.9.0.jar;C:\Users\Vinicius\.gradle\caches\modules-2\files-2.1\org.jetbrains.kotlin\kotlin-reflect\1.6.10\1cbe9c92c12a94eea200d23c2bbaedaf3daf5132\kotlin-reflect-1.6.10.jar;C:\Users\Vinicius\.gradle\caches\modules-2\files-2.1\org.jetbrains.kotlin\kotlin-daemon-embeddable\1.9.0\186543f5e28cf8d9a0290fecc2cf34301c40a65c\kotlin-daemon-embeddable-1.9.0.jar;C:\Users\Vinicius\.gradle\caches\modules-2\files-2.1\org.jetbrains.intellij.deps\trove4j\1.0.20200330\3afb14d5f9ceb459d724e907a21145e8ff394f02\trove4j-1.0.20200330.jar;C:\Users\Vinicius\.gradle\caches\modules-2\files-2.1\org.jetbrains.kotlin\kotlin-stdlib-common\1.9.0\cd65c21cfd1eec4d44ef09f9f52b6d9f8a720636\kotlin-stdlib-common-1.9.0.jar;C:\Users\Vinicius\.gradle\caches\modules-2\files-2.1\org.jetbrains\annotations\13.0\919f0dfe192fb4e063e7dacadee7f8bb9a2672a9\annotations-13.0.jar
Launcher Type: SUN_STANDARD

[Global flags]
     intx CICompilerCount                          = 3                                         {product} {ergonomic}
     uint ConcGCThreads                            = 1                                         {product} {ergonomic}
     uint G1ConcRefinementThreads                  = 4                                         {product} {ergonomic}
   size_t G1HeapRegionSize                         = 1048576                                   {product} {ergonomic}
    uintx GCDrainStackTargetSize                   = 64                                        {product} {ergonomic}
   size_t InitialHeapSize                          = 134217728                                 {product} {ergonomic}
   size_t MarkStackSize                            = 4194304                                   {product} {ergonomic}
   size_t MaxHeapSize                              = 2116026368                                {product} {ergonomic}
   size_t MinHeapDeltaBytes                        = 1048576                                   {product} {ergonomic}
   size_t MinHeapSize                              = 8388608                                   {product} {ergonomic}
    uintx NonNMethodCodeHeapSize                   = 5832780                                {pd product} {ergonomic}
    uintx NonProfiledCodeHeapSize                  = 122912730                              {pd product} {ergonomic}
    uintx ProfiledCodeHeapSize                     = 122912730                              {pd product} {ergonomic}
    uintx ReservedCodeCacheSize                    = 251658240                              {pd product} {ergonomic}
     bool SegmentedCodeCache                       = true                                      {product} {ergonomic}
   size_t SoftMaxHeapSize                          = 2116026368                             {manageable} {ergonomic}
     bool UseCompressedClassPointers               = true                           {product lp64_product} {ergonomic}
     bool UseCompressedOops                        = true                           {product lp64_product} {ergonomic}
     bool UseG1GC                                  = true                                      {product} {ergonomic}
     bool UseLargePagesIndividualAllocation        = false                                  {pd product} {ergonomic}

Logging:
Log output configuration:
 #0: stdout all=warning uptime,level,tags
 #1: stderr all=off uptime,level,tags

Environment Variables:
PATH=C:\Program Files\Microsoft\jdk-11.0.16.101-hotspot\bin;C:\Program Files (x86)\Intel\iCLS Client\;C:\Program Files\Intel\iCLS Client\;C:\Program Files (x86)\Common Files\Oracle\Java\javapath;C:\Windows\system32;C:\Windows;C:\Windows\System32\Wbem;C:\Windows\System32\WindowsPowerShell\v1.0\;C:\Windows\System32\OpenSSH\;C:\Program Files (x86)\Intel\Intel(R) Management Engine Components\DAL;C:\Program Files\Intel\Intel(R) Management Engine Components\DAL;C:\Program Files (x86)\Intel\Intel(R) Management Engine Components\IPT;C:\Program Files\Intel\Intel(R) Management Engine Components\IPT;C:\Program Files\NVIDIA Corporation\NVIDIA NvDLISR;C:\Program Files (x86)\NVIDIA Corporation\PhysX\Common;C:\sqlite;C:\Program Files\Git\cmd;C:\Users\Vinicius\AppData\Local\Programs\Python\Python312\Scripts\;C:\Users\Vinicius\AppData\Local\Programs\Python\Python312\;C:\Users\Vinicius\AppData\Local\Programs\Python\Launcher\;C:\Users\Vinicius\AppData\Local\Microsoft\WindowsApps;C:\Users\Vinicius\AppData\Local\Programs\Microsoft VS Code\bin
USERNAME=Vinicius
OS=Windows_NT
PROCESSOR_IDENTIFIER=Intel64 Family 6 Model 142 Stepping 9, GenuineIntel
TMP=C:\Users\Vinicius\AppData\Local\Temp
TEMP=C:\Users\Vinicius\AppData\Local\Temp



Periodic native trim disabled

JNI global refs:
JNI global refs: 0, weak refs: 0

JNI global refs memory usage: 0, weak refs: 0

Process memory usage:
Resident Set Size: 37796K (0% of 8261220K total physical memory with 469112K free physical memory)

OOME stack traces (most recent first):
Classloader memory used:


---------------  S Y S T E M  ---------------

OS:
 Windows 10 , 64 bit Build 19041 (10.0.19041.4597)
OS uptime: 0 days 0:49 hours

CPU: total 4 (initial active 4) (2 cores per cpu, 2 threads per core) family 6 model 142 stepping 9 microcode 0xb4, cx8, cmov, fxsr, ht, mmx, 3dnowpref, sse, sse2, sse3, ssse3, sse4.1, sse4.2, popcnt, lzcnt, tsc, tscinvbit, avx, avx2, aes, erms, clmul, bmi1, bmi2, adx, fma, vzeroupper, clflush, clflushopt
Processor Information for all 4 processors :
  Max Mhz: 2712, Current Mhz: 2511, Mhz Limit: 2495

Memory: 4k page, system-wide physical 8067M (458M free)
TotalPageFile size 10115M (AvailPageFile size 79M)
current process WorkingSet (physical memory assigned to process): 36M, peak: 36M
current process commit charge ("private bytes"): 78M, peak: 179M

vm_info: OpenJDK 64-Bit Server VM (17.0.11+1-b1312.2) for windows-amd64 JRE (17.0.11+1-b1312.2), built on 2024-06-08 by "builduser" with MS VC++ 16.10 / 16.11 (VS2019)

END.
