#
# There is insufficient memory for the Java Runtime Environment to continue.
# Native memory allocation (malloc) failed to allocate 142816 bytes. Error detail: Chunk::new
# Possible reasons:
#   The system is out of physical RAM or swap space
#   This process is running with CompressedOops enabled, and the Java Heap may be blocking the growth of the native heap
# Possible solutions:
#   Reduce memory load on the system
#   Increase physical memory or swap space
#   Check if swap backing store is full
#   Decrease Java heap size (-Xmx/-Xms)
#   Decrease number of Java threads
#   Decrease Java thread stack sizes (-Xss)
#   Set larger code cache with -XX:ReservedCodeCacheSize=
#   JVM is running with Unscaled Compressed Oops mode in which the Java heap is
#     placed in the first 4GB address space. The Java Heap base address is the
#     maximum limit for the native heap growth. Please use -XX:HeapBaseMinAddress
#     to set the Java Heap base and to place the Java Heap above 4GB virtual address.
# This output file may be truncated or incomplete.
#
#  Out of Memory Error (arena.cpp:191), pid=9188, tid=6112
#
# JRE version: OpenJDK Runtime Environment JBR-17.0.11+1-1312.2-nomod (17.0.11+1) (build 17.0.11+1-b1312.2)
# Java VM: OpenJDK 64-Bit Server VM JBR-17.0.11+1-1312.2-nomod (17.0.11+1-b1312.2, mixed mode, sharing, tiered, compressed oops, compressed class ptrs, g1 gc, windows-amd64)
# No core dump will be written. Minidumps are not enabled by default on client versions of Windows
#

---------------  S U M M A R Y ------------

Command Line: org.jetbrains.kotlin.cli.jvm.K2JVMCompiler @C:\Users\Vinicius\IntelliJIDEAProjects\Github\MyApplication\app\build\20240728_15442268294073121922.compiler.options

Host: Intel(R) Core(TM) i5-7200U CPU @ 2.50GHz, 4 cores, 7G,  Windows 10 , 64 bit Build 19041 (10.0.19041.4717)
Time: Sun Jul 28 18:45:15 2024 Hora oficial do Brasil elapsed time: 1.153286 seconds (0d 0h 0m 1s)

---------------  T H R E A D  ---------------

Current thread (0x0000023afc6774b0):  JavaThread "C2 CompilerThread1" daemon [_thread_in_native, id=6112, stack(0x000000b340e00000,0x000000b340f00000)]


Current CompileTask:
C2:   1153 1539       4       java.util.jar.JarFile::getEntry (35 bytes)

Stack: [0x000000b340e00000,0x000000b340f00000]
Native frames: (J=compiled Java code, j=interpreted, Vv=VM code, C=native code)
V  [jvm.dll+0x687839]


---------------  P R O C E S S  ---------------

Threads class SMR info:
_java_thread_list=0x0000023afc5f9e60, length=13, elements={
0x0000023af1a92690, 0x0000023afc22f4d0, 0x0000023afc230af0, 0x0000023afc2480d0,
0x0000023afc26abb0, 0x0000023afc26bd10, 0x0000023afc26c6d0, 0x0000023afc26eb70,
0x0000023afc2756d0, 0x0000023afc277010, 0x0000023afc5ef620, 0x0000023afc5f6790,
0x0000023afc6774b0
}

Java Threads: ( => current thread )
  0x0000023af1a92690 JavaThread "main" [_thread_in_native, id=9212, stack(0x000000b33fb00000,0x000000b33fc00000)]
  0x0000023afc22f4d0 JavaThread "Reference Handler" daemon [_thread_blocked, id=8456, stack(0x000000b340200000,0x000000b340300000)]
  0x0000023afc230af0 JavaThread "Finalizer" daemon [_thread_blocked, id=5348, stack(0x000000b340300000,0x000000b340400000)]
  0x0000023afc2480d0 JavaThread "Signal Dispatcher" daemon [_thread_blocked, id=11260, stack(0x000000b340400000,0x000000b340500000)]
  0x0000023afc26abb0 JavaThread "Attach Listener" daemon [_thread_blocked, id=4264, stack(0x000000b340500000,0x000000b340600000)]
  0x0000023afc26bd10 JavaThread "Service Thread" daemon [_thread_blocked, id=1812, stack(0x000000b340600000,0x000000b340700000)]
  0x0000023afc26c6d0 JavaThread "Monitor Deflation Thread" daemon [_thread_blocked, id=1000, stack(0x000000b340700000,0x000000b340800000)]
  0x0000023afc26eb70 JavaThread "C2 CompilerThread0" daemon [_thread_in_native, id=4000, stack(0x000000b340800000,0x000000b340900000)]
  0x0000023afc2756d0 JavaThread "C1 CompilerThread0" daemon [_thread_blocked, id=8176, stack(0x000000b340900000,0x000000b340a00000)]
  0x0000023afc277010 JavaThread "Sweeper thread" daemon [_thread_blocked, id=2896, stack(0x000000b340a00000,0x000000b340b00000)]
  0x0000023afc5ef620 JavaThread "Notification Thread" daemon [_thread_blocked, id=3716, stack(0x000000b340b00000,0x000000b340c00000)]
  0x0000023afc5f6790 JavaThread "Common-Cleaner" daemon [_thread_blocked, id=2952, stack(0x000000b340d00000,0x000000b340e00000)]
=>0x0000023afc6774b0 JavaThread "C2 CompilerThread1" daemon [_thread_in_native, id=6112, stack(0x000000b340e00000,0x000000b340f00000)]

Other Threads:
  0x0000023afc229460 VMThread "VM Thread" [stack: 0x000000b340100000,0x000000b340200000] [id=11200]
  0x0000023afc5eff10 WatcherThread [stack: 0x000000b340c00000,0x000000b340d00000] [id=4312]
  0x0000023af1ae6d50 GCTaskThread "GC Thread#0" [stack: 0x000000b33fc00000,0x000000b33fd00000] [id=9856]
  0x0000023afc9b1030 GCTaskThread "GC Thread#1" [stack: 0x000000b340f00000,0x000000b341000000] [id=5512]
  0x0000023afc9baeb0 GCTaskThread "GC Thread#2" [stack: 0x000000b341000000,0x000000b341100000] [id=8888]
  0x0000023afc9ddf60 GCTaskThread "GC Thread#3" [stack: 0x000000b341100000,0x000000b341200000] [id=4608]
  0x0000023af1af88f0 ConcurrentGCThread "G1 Main Marker" [stack: 0x000000b33fd00000,0x000000b33fe00000] [id=1984]
  0x0000023af1af9310 ConcurrentGCThread "G1 Conc#0" [stack: 0x000000b33fe00000,0x000000b33ff00000] [id=8624]
  0x0000023af1b4d290 ConcurrentGCThread "G1 Refine#0" [stack: 0x000000b33ff00000,0x000000b340000000] [id=5480]
  0x0000023af1b4dcc0 ConcurrentGCThread "G1 Service" [stack: 0x000000b340000000,0x000000b340100000] [id=5208]

Threads with active compile tasks:
C2 CompilerThread0     1162 1540   !   4       jdk.internal.loader.URLClassPath$JarLoader::getResource (65 bytes)
C2 CompilerThread1     1162 1539       4       java.util.jar.JarFile::getEntry (35 bytes)

VM state: not at safepoint (normal execution)

VM Mutex/Monitor currently owned by a thread: None

Heap address: 0x0000000081e00000, size: 2018 MB, Compressed Oops mode: 32-bit

CDS archive(s) mapped at: [0x0000023a8f000000-0x0000023a8fc00000-0x0000023a8fc00000), size 12582912, SharedBaseAddress: 0x0000023a8f000000, ArchiveRelocationMode: 1.
Compressed class space mapped at: 0x0000023a90000000-0x0000023ad0000000, reserved size: 1073741824
Narrow klass base: 0x0000023a8f000000, Narrow klass shift: 0, Narrow klass range: 0x100000000

GC Precious Log:
 CPUs: 4 total, 4 available
 Memory: 8067M
 Large Page Support: Disabled
 NUMA Support: Disabled
 Compressed Oops: Enabled (32-bit)
 Heap Region Size: 1M
 Heap Min Capacity: 8M
 Heap Initial Capacity: 128M
 Heap Max Capacity: 2018M
 Pre-touch: Disabled
 Parallel Workers: 4
 Concurrent Workers: 1
 Concurrent Refinement Workers: 4
 Periodic GC: Disabled

Heap:
 garbage-first heap   total 131072K, used 26331K [0x0000000081e00000, 0x0000000100000000)
  region size 1024K, 21 young (21504K), 2 survivors (2048K)
 Metaspace       used 11819K, committed 11968K, reserved 1114112K
  class space    used 1393K, committed 1472K, reserved 1048576K

Heap Regions: E=young(eden), S=young(survivor), O=old, HS=humongous(starts), HC=humongous(continues), CS=collection set, F=free, OA=open archive, CA=closed archive, TAMS=top-at-mark-start (previous, next)
|   0|0x0000000081e00000, 0x0000000081f00000, 0x0000000081f00000|100%|HS|  |TAMS 0x0000000081e00000, 0x0000000081e00000| Complete 
|   1|0x0000000081f00000, 0x0000000082000000, 0x0000000082000000|100%|HC|  |TAMS 0x0000000081f00000, 0x0000000081f00000| Complete 
|   2|0x0000000082000000, 0x0000000082100000, 0x0000000082100000|100%|HC|  |TAMS 0x0000000082000000, 0x0000000082000000| Complete 
|   3|0x0000000082100000, 0x0000000082200000, 0x0000000082200000|100%|HC|  |TAMS 0x0000000082100000, 0x0000000082100000| Complete 
|   4|0x0000000082200000, 0x00000000822f9400, 0x0000000082300000| 97%| O|  |TAMS 0x0000000082200000, 0x0000000082200000| Untracked 
|   5|0x0000000082300000, 0x0000000082400000, 0x0000000082400000|100%| O|  |TAMS 0x0000000082300000, 0x0000000082300000| Untracked 
|   6|0x0000000082400000, 0x0000000082400000, 0x0000000082500000|  0%| F|  |TAMS 0x0000000082400000, 0x0000000082400000| Untracked 
|   7|0x0000000082500000, 0x0000000082500000, 0x0000000082600000|  0%| F|  |TAMS 0x0000000082500000, 0x0000000082500000| Untracked 
|   8|0x0000000082600000, 0x0000000082600000, 0x0000000082700000|  0%| F|  |TAMS 0x0000000082600000, 0x0000000082600000| Untracked 
|   9|0x0000000082700000, 0x0000000082700000, 0x0000000082800000|  0%| F|  |TAMS 0x0000000082700000, 0x0000000082700000| Untracked 
|  10|0x0000000082800000, 0x0000000082800000, 0x0000000082900000|  0%| F|  |TAMS 0x0000000082800000, 0x0000000082800000| Untracked 
|  11|0x0000000082900000, 0x0000000082900000, 0x0000000082a00000|  0%| F|  |TAMS 0x0000000082900000, 0x0000000082900000| Untracked 
|  12|0x0000000082a00000, 0x0000000082a00000, 0x0000000082b00000|  0%| F|  |TAMS 0x0000000082a00000, 0x0000000082a00000| Untracked 
|  13|0x0000000082b00000, 0x0000000082b00000, 0x0000000082c00000|  0%| F|  |TAMS 0x0000000082b00000, 0x0000000082b00000| Untracked 
|  14|0x0000000082c00000, 0x0000000082c00000, 0x0000000082d00000|  0%| F|  |TAMS 0x0000000082c00000, 0x0000000082c00000| Untracked 
|  15|0x0000000082d00000, 0x0000000082d00000, 0x0000000082e00000|  0%| F|  |TAMS 0x0000000082d00000, 0x0000000082d00000| Untracked 
|  16|0x0000000082e00000, 0x0000000082e00000, 0x0000000082f00000|  0%| F|  |TAMS 0x0000000082e00000, 0x0000000082e00000| Untracked 
|  17|0x0000000082f00000, 0x0000000082f00000, 0x0000000083000000|  0%| F|  |TAMS 0x0000000082f00000, 0x0000000082f00000| Untracked 
|  18|0x0000000083000000, 0x0000000083000000, 0x0000000083100000|  0%| F|  |TAMS 0x0000000083000000, 0x0000000083000000| Untracked 
|  19|0x0000000083100000, 0x0000000083100000, 0x0000000083200000|  0%| F|  |TAMS 0x0000000083100000, 0x0000000083100000| Untracked 
|  20|0x0000000083200000, 0x0000000083200000, 0x0000000083300000|  0%| F|  |TAMS 0x0000000083200000, 0x0000000083200000| Untracked 
|  21|0x0000000083300000, 0x0000000083300000, 0x0000000083400000|  0%| F|  |TAMS 0x0000000083300000, 0x0000000083300000| Untracked 
|  22|0x0000000083400000, 0x0000000083400000, 0x0000000083500000|  0%| F|  |TAMS 0x0000000083400000, 0x0000000083400000| Untracked 
|  23|0x0000000083500000, 0x0000000083500000, 0x0000000083600000|  0%| F|  |TAMS 0x0000000083500000, 0x0000000083500000| Untracked 
|  24|0x0000000083600000, 0x0000000083600000, 0x0000000083700000|  0%| F|  |TAMS 0x0000000083600000, 0x0000000083600000| Untracked 
|  25|0x0000000083700000, 0x0000000083700000, 0x0000000083800000|  0%| F|  |TAMS 0x0000000083700000, 0x0000000083700000| Untracked 
|  26|0x0000000083800000, 0x0000000083800000, 0x0000000083900000|  0%| F|  |TAMS 0x0000000083800000, 0x0000000083800000| Untracked 
|  27|0x0000000083900000, 0x0000000083900000, 0x0000000083a00000|  0%| F|  |TAMS 0x0000000083900000, 0x0000000083900000| Untracked 
|  28|0x0000000083a00000, 0x0000000083a00000, 0x0000000083b00000|  0%| F|  |TAMS 0x0000000083a00000, 0x0000000083a00000| Untracked 
|  29|0x0000000083b00000, 0x0000000083b00000, 0x0000000083c00000|  0%| F|  |TAMS 0x0000000083b00000, 0x0000000083b00000| Untracked 
|  30|0x0000000083c00000, 0x0000000083c00000, 0x0000000083d00000|  0%| F|  |TAMS 0x0000000083c00000, 0x0000000083c00000| Untracked 
|  31|0x0000000083d00000, 0x0000000083d00000, 0x0000000083e00000|  0%| F|  |TAMS 0x0000000083d00000, 0x0000000083d00000| Untracked 
|  32|0x0000000083e00000, 0x0000000083e00000, 0x0000000083f00000|  0%| F|  |TAMS 0x0000000083e00000, 0x0000000083e00000| Untracked 
|  33|0x0000000083f00000, 0x0000000083f00000, 0x0000000084000000|  0%| F|  |TAMS 0x0000000083f00000, 0x0000000083f00000| Untracked 
|  34|0x0000000084000000, 0x0000000084000000, 0x0000000084100000|  0%| F|  |TAMS 0x0000000084000000, 0x0000000084000000| Untracked 
|  35|0x0000000084100000, 0x0000000084100000, 0x0000000084200000|  0%| F|  |TAMS 0x0000000084100000, 0x0000000084100000| Untracked 
|  36|0x0000000084200000, 0x0000000084200000, 0x0000000084300000|  0%| F|  |TAMS 0x0000000084200000, 0x0000000084200000| Untracked 
|  37|0x0000000084300000, 0x0000000084300000, 0x0000000084400000|  0%| F|  |TAMS 0x0000000084300000, 0x0000000084300000| Untracked 
|  38|0x0000000084400000, 0x0000000084400000, 0x0000000084500000|  0%| F|  |TAMS 0x0000000084400000, 0x0000000084400000| Untracked 
|  39|0x0000000084500000, 0x0000000084500000, 0x0000000084600000|  0%| F|  |TAMS 0x0000000084500000, 0x0000000084500000| Untracked 
|  40|0x0000000084600000, 0x0000000084600000, 0x0000000084700000|  0%| F|  |TAMS 0x0000000084600000, 0x0000000084600000| Untracked 
|  41|0x0000000084700000, 0x0000000084700000, 0x0000000084800000|  0%| F|  |TAMS 0x0000000084700000, 0x0000000084700000| Untracked 
|  42|0x0000000084800000, 0x0000000084800000, 0x0000000084900000|  0%| F|  |TAMS 0x0000000084800000, 0x0000000084800000| Untracked 
|  43|0x0000000084900000, 0x0000000084900000, 0x0000000084a00000|  0%| F|  |TAMS 0x0000000084900000, 0x0000000084900000| Untracked 
|  44|0x0000000084a00000, 0x0000000084a00000, 0x0000000084b00000|  0%| F|  |TAMS 0x0000000084a00000, 0x0000000084a00000| Untracked 
|  45|0x0000000084b00000, 0x0000000084b00000, 0x0000000084c00000|  0%| F|  |TAMS 0x0000000084b00000, 0x0000000084b00000| Untracked 
|  46|0x0000000084c00000, 0x0000000084c00000, 0x0000000084d00000|  0%| F|  |TAMS 0x0000000084c00000, 0x0000000084c00000| Untracked 
|  47|0x0000000084d00000, 0x0000000084d00000, 0x0000000084e00000|  0%| F|  |TAMS 0x0000000084d00000, 0x0000000084d00000| Untracked 
|  48|0x0000000084e00000, 0x0000000084e00000, 0x0000000084f00000|  0%| F|  |TAMS 0x0000000084e00000, 0x0000000084e00000| Untracked 
|  49|0x0000000084f00000, 0x0000000084f00000, 0x0000000085000000|  0%| F|  |TAMS 0x0000000084f00000, 0x0000000084f00000| Untracked 
|  50|0x0000000085000000, 0x0000000085000000, 0x0000000085100000|  0%| F|  |TAMS 0x0000000085000000, 0x0000000085000000| Untracked 
|  51|0x0000000085100000, 0x0000000085100000, 0x0000000085200000|  0%| F|  |TAMS 0x0000000085100000, 0x0000000085100000| Untracked 
|  52|0x0000000085200000, 0x0000000085200000, 0x0000000085300000|  0%| F|  |TAMS 0x0000000085200000, 0x0000000085200000| Untracked 
|  53|0x0000000085300000, 0x0000000085300000, 0x0000000085400000|  0%| F|  |TAMS 0x0000000085300000, 0x0000000085300000| Untracked 
|  54|0x0000000085400000, 0x0000000085400000, 0x0000000085500000|  0%| F|  |TAMS 0x0000000085400000, 0x0000000085400000| Untracked 
|  55|0x0000000085500000, 0x0000000085500000, 0x0000000085600000|  0%| F|  |TAMS 0x0000000085500000, 0x0000000085500000| Untracked 
|  56|0x0000000085600000, 0x0000000085600000, 0x0000000085700000|  0%| F|  |TAMS 0x0000000085600000, 0x0000000085600000| Untracked 
|  57|0x0000000085700000, 0x0000000085700000, 0x0000000085800000|  0%| F|  |TAMS 0x0000000085700000, 0x0000000085700000| Untracked 
|  58|0x0000000085800000, 0x0000000085800000, 0x0000000085900000|  0%| F|  |TAMS 0x0000000085800000, 0x0000000085800000| Untracked 
|  59|0x0000000085900000, 0x0000000085900000, 0x0000000085a00000|  0%| F|  |TAMS 0x0000000085900000, 0x0000000085900000| Untracked 
|  60|0x0000000085a00000, 0x0000000085a00000, 0x0000000085b00000|  0%| F|  |TAMS 0x0000000085a00000, 0x0000000085a00000| Untracked 
|  61|0x0000000085b00000, 0x0000000085b00000, 0x0000000085c00000|  0%| F|  |TAMS 0x0000000085b00000, 0x0000000085b00000| Untracked 
|  62|0x0000000085c00000, 0x0000000085c00000, 0x0000000085d00000|  0%| F|  |TAMS 0x0000000085c00000, 0x0000000085c00000| Untracked 
|  63|0x0000000085d00000, 0x0000000085d00000, 0x0000000085e00000|  0%| F|  |TAMS 0x0000000085d00000, 0x0000000085d00000| Untracked 
|  64|0x0000000085e00000, 0x0000000085e00000, 0x0000000085f00000|  0%| F|  |TAMS 0x0000000085e00000, 0x0000000085e00000| Untracked 
|  65|0x0000000085f00000, 0x0000000085f00000, 0x0000000086000000|  0%| F|  |TAMS 0x0000000085f00000, 0x0000000085f00000| Untracked 
|  66|0x0000000086000000, 0x0000000086000000, 0x0000000086100000|  0%| F|  |TAMS 0x0000000086000000, 0x0000000086000000| Untracked 
|  67|0x0000000086100000, 0x0000000086100000, 0x0000000086200000|  0%| F|  |TAMS 0x0000000086100000, 0x0000000086100000| Untracked 
|  68|0x0000000086200000, 0x0000000086200000, 0x0000000086300000|  0%| F|  |TAMS 0x0000000086200000, 0x0000000086200000| Untracked 
|  69|0x0000000086300000, 0x0000000086300000, 0x0000000086400000|  0%| F|  |TAMS 0x0000000086300000, 0x0000000086300000| Untracked 
|  70|0x0000000086400000, 0x0000000086400000, 0x0000000086500000|  0%| F|  |TAMS 0x0000000086400000, 0x0000000086400000| Untracked 
|  71|0x0000000086500000, 0x0000000086500000, 0x0000000086600000|  0%| F|  |TAMS 0x0000000086500000, 0x0000000086500000| Untracked 
|  72|0x0000000086600000, 0x0000000086600000, 0x0000000086700000|  0%| F|  |TAMS 0x0000000086600000, 0x0000000086600000| Untracked 
|  73|0x0000000086700000, 0x0000000086700000, 0x0000000086800000|  0%| F|  |TAMS 0x0000000086700000, 0x0000000086700000| Untracked 
|  74|0x0000000086800000, 0x0000000086800000, 0x0000000086900000|  0%| F|  |TAMS 0x0000000086800000, 0x0000000086800000| Untracked 
|  75|0x0000000086900000, 0x0000000086900000, 0x0000000086a00000|  0%| F|  |TAMS 0x0000000086900000, 0x0000000086900000| Untracked 
|  76|0x0000000086a00000, 0x0000000086a00000, 0x0000000086b00000|  0%| F|  |TAMS 0x0000000086a00000, 0x0000000086a00000| Untracked 
|  77|0x0000000086b00000, 0x0000000086b00000, 0x0000000086c00000|  0%| F|  |TAMS 0x0000000086b00000, 0x0000000086b00000| Untracked 
|  78|0x0000000086c00000, 0x0000000086c00000, 0x0000000086d00000|  0%| F|  |TAMS 0x0000000086c00000, 0x0000000086c00000| Untracked 
|  79|0x0000000086d00000, 0x0000000086d00000, 0x0000000086e00000|  0%| F|  |TAMS 0x0000000086d00000, 0x0000000086d00000| Untracked 
|  80|0x0000000086e00000, 0x0000000086e00000, 0x0000000086f00000|  0%| F|  |TAMS 0x0000000086e00000, 0x0000000086e00000| Untracked 
|  81|0x0000000086f00000, 0x0000000086f00000, 0x0000000087000000|  0%| F|  |TAMS 0x0000000086f00000, 0x0000000086f00000| Untracked 
|  82|0x0000000087000000, 0x0000000087000000, 0x0000000087100000|  0%| F|  |TAMS 0x0000000087000000, 0x0000000087000000| Untracked 
|  83|0x0000000087100000, 0x0000000087100000, 0x0000000087200000|  0%| F|  |TAMS 0x0000000087100000, 0x0000000087100000| Untracked 
|  84|0x0000000087200000, 0x0000000087200000, 0x0000000087300000|  0%| F|  |TAMS 0x0000000087200000, 0x0000000087200000| Untracked 
|  85|0x0000000087300000, 0x0000000087300000, 0x0000000087400000|  0%| F|  |TAMS 0x0000000087300000, 0x0000000087300000| Untracked 
|  86|0x0000000087400000, 0x0000000087400000, 0x0000000087500000|  0%| F|  |TAMS 0x0000000087400000, 0x0000000087400000| Untracked 
|  87|0x0000000087500000, 0x0000000087500000, 0x0000000087600000|  0%| F|  |TAMS 0x0000000087500000, 0x0000000087500000| Untracked 
|  88|0x0000000087600000, 0x0000000087600000, 0x0000000087700000|  0%| F|  |TAMS 0x0000000087600000, 0x0000000087600000| Untracked 
|  89|0x0000000087700000, 0x0000000087700000, 0x0000000087800000|  0%| F|  |TAMS 0x0000000087700000, 0x0000000087700000| Untracked 
|  90|0x0000000087800000, 0x0000000087800000, 0x0000000087900000|  0%| F|  |TAMS 0x0000000087800000, 0x0000000087800000| Untracked 
|  91|0x0000000087900000, 0x0000000087900000, 0x0000000087a00000|  0%| F|  |TAMS 0x0000000087900000, 0x0000000087900000| Untracked 
|  92|0x0000000087a00000, 0x0000000087a00000, 0x0000000087b00000|  0%| F|  |TAMS 0x0000000087a00000, 0x0000000087a00000| Untracked 
|  93|0x0000000087b00000, 0x0000000087b00000, 0x0000000087c00000|  0%| F|  |TAMS 0x0000000087b00000, 0x0000000087b00000| Untracked 
|  94|0x0000000087c00000, 0x0000000087c00000, 0x0000000087d00000|  0%| F|  |TAMS 0x0000000087c00000, 0x0000000087c00000| Untracked 
|  95|0x0000000087d00000, 0x0000000087d00000, 0x0000000087e00000|  0%| F|  |TAMS 0x0000000087d00000, 0x0000000087d00000| Untracked 
|  96|0x0000000087e00000, 0x0000000087e00000, 0x0000000087f00000|  0%| F|  |TAMS 0x0000000087e00000, 0x0000000087e00000| Untracked 
|  97|0x0000000087f00000, 0x0000000087f00000, 0x0000000088000000|  0%| F|  |TAMS 0x0000000087f00000, 0x0000000087f00000| Untracked 
|  98|0x0000000088000000, 0x0000000088000000, 0x0000000088100000|  0%| F|  |TAMS 0x0000000088000000, 0x0000000088000000| Untracked 
|  99|0x0000000088100000, 0x0000000088100000, 0x0000000088200000|  0%| F|  |TAMS 0x0000000088100000, 0x0000000088100000| Untracked 
| 100|0x0000000088200000, 0x0000000088200000, 0x0000000088300000|  0%| F|  |TAMS 0x0000000088200000, 0x0000000088200000| Untracked 
| 101|0x0000000088300000, 0x0000000088300000, 0x0000000088400000|  0%| F|  |TAMS 0x0000000088300000, 0x0000000088300000| Untracked 
| 102|0x0000000088400000, 0x0000000088400000, 0x0000000088500000|  0%| F|  |TAMS 0x0000000088400000, 0x0000000088400000| Untracked 
| 103|0x0000000088500000, 0x0000000088500000, 0x0000000088600000|  0%| F|  |TAMS 0x0000000088500000, 0x0000000088500000| Untracked 
| 104|0x0000000088600000, 0x0000000088600000, 0x0000000088700000|  0%| F|  |TAMS 0x0000000088600000, 0x0000000088600000| Untracked 
| 105|0x0000000088700000, 0x0000000088700000, 0x0000000088800000|  0%| F|  |TAMS 0x0000000088700000, 0x0000000088700000| Untracked 
| 106|0x0000000088800000, 0x0000000088800000, 0x0000000088900000|  0%| F|  |TAMS 0x0000000088800000, 0x0000000088800000| Untracked 
| 107|0x0000000088900000, 0x00000000889bdbf0, 0x0000000088a00000| 74%| S|CS|TAMS 0x0000000088900000, 0x0000000088900000| Complete 
| 108|0x0000000088a00000, 0x0000000088b00000, 0x0000000088b00000|100%| S|CS|TAMS 0x0000000088a00000, 0x0000000088a00000| Complete 
| 109|0x0000000088b00000, 0x0000000088c00000, 0x0000000088c00000|100%| E|  |TAMS 0x0000000088b00000, 0x0000000088b00000| Complete 
| 110|0x0000000088c00000, 0x0000000088d00000, 0x0000000088d00000|100%| E|CS|TAMS 0x0000000088c00000, 0x0000000088c00000| Complete 
| 111|0x0000000088d00000, 0x0000000088e00000, 0x0000000088e00000|100%| E|CS|TAMS 0x0000000088d00000, 0x0000000088d00000| Complete 
| 112|0x0000000088e00000, 0x0000000088f00000, 0x0000000088f00000|100%| E|CS|TAMS 0x0000000088e00000, 0x0000000088e00000| Complete 
| 113|0x0000000088f00000, 0x0000000089000000, 0x0000000089000000|100%| E|CS|TAMS 0x0000000088f00000, 0x0000000088f00000| Complete 
| 114|0x0000000089000000, 0x0000000089100000, 0x0000000089100000|100%| E|CS|TAMS 0x0000000089000000, 0x0000000089000000| Complete 
| 115|0x0000000089100000, 0x0000000089200000, 0x0000000089200000|100%| E|CS|TAMS 0x0000000089100000, 0x0000000089100000| Complete 
| 116|0x0000000089200000, 0x0000000089300000, 0x0000000089300000|100%| E|CS|TAMS 0x0000000089200000, 0x0000000089200000| Complete 
| 117|0x0000000089300000, 0x0000000089400000, 0x0000000089400000|100%| E|CS|TAMS 0x0000000089300000, 0x0000000089300000| Complete 
| 118|0x0000000089400000, 0x0000000089500000, 0x0000000089500000|100%| E|CS|TAMS 0x0000000089400000, 0x0000000089400000| Complete 
| 119|0x0000000089500000, 0x0000000089600000, 0x0000000089600000|100%| E|CS|TAMS 0x0000000089500000, 0x0000000089500000| Complete 
| 120|0x0000000089600000, 0x0000000089700000, 0x0000000089700000|100%| E|CS|TAMS 0x0000000089600000, 0x0000000089600000| Complete 
| 121|0x0000000089700000, 0x0000000089800000, 0x0000000089800000|100%| E|CS|TAMS 0x0000000089700000, 0x0000000089700000| Complete 
| 122|0x0000000089800000, 0x0000000089900000, 0x0000000089900000|100%| E|CS|TAMS 0x0000000089800000, 0x0000000089800000| Complete 
| 123|0x0000000089900000, 0x0000000089a00000, 0x0000000089a00000|100%| E|CS|TAMS 0x0000000089900000, 0x0000000089900000| Complete 
| 124|0x0000000089a00000, 0x0000000089b00000, 0x0000000089b00000|100%| E|CS|TAMS 0x0000000089a00000, 0x0000000089a00000| Complete 
| 125|0x0000000089b00000, 0x0000000089c00000, 0x0000000089c00000|100%| E|CS|TAMS 0x0000000089b00000, 0x0000000089b00000| Complete 
| 126|0x0000000089c00000, 0x0000000089d00000, 0x0000000089d00000|100%| E|CS|TAMS 0x0000000089c00000, 0x0000000089c00000| Complete 
| 127|0x0000000089d00000, 0x0000000089e00000, 0x0000000089e00000|100%| E|CS|TAMS 0x0000000089d00000, 0x0000000089d00000| Complete 

Card table byte_map: [0x0000023af5670000,0x0000023af5a70000] _byte_map_base: 0x0000023af5261000

Marking Bits (Prev, Next): (CMBitMap*) 0x0000023af1ae8380, (CMBitMap*) 0x0000023af1ae83c0
 Prev Bits: [0x0000023af5e70000, 0x0000023af7df8000)
 Next Bits: [0x0000023af7e00000, 0x0000023af9d88000)

Polling page: 0x0000023aef920000

Metaspace:

Usage:
  Non-class:     10.25 MB used.
      Class:      1.37 MB used.
       Both:     11.62 MB used.

Virtual space:
  Non-class space:       64.00 MB reserved,      10.31 MB ( 16%) committed,  1 nodes.
      Class space:        1.00 GB reserved,       1.50 MB ( <1%) committed,  1 nodes.
             Both:        1.06 GB reserved,      11.81 MB (  1%) committed. 

Chunk freelists:
   Non-Class:  3.19 MB
       Class:  14.48 MB
        Both:  17.67 MB

MaxMetaspaceSize: unlimited
CompressedClassSpaceSize: 1.00 GB
Initial GC threshold: 21.00 MB
Current GC threshold: 21.00 MB
CDS: on
MetaspaceReclaimPolicy: balanced
 - commit_granule_bytes: 65536.
 - commit_granule_words: 8192.
 - virtual_space_node_default_size: 8388608.
 - enlarge_chunks_in_place: 1.
 - new_chunks_are_fully_committed: 0.
 - uncommit_free_chunks: 1.
 - use_allocation_guard: 0.
 - handle_deallocations: 1.


Internal statistics:

num_allocs_failed_limit: 0.
num_arena_births: 46.
num_arena_deaths: 0.
num_vsnodes_births: 2.
num_vsnodes_deaths: 0.
num_space_committed: 190.
num_space_uncommitted: 0.
num_chunks_returned_to_freelist: 0.
num_chunks_taken_from_freelist: 418.
num_chunk_merges: 0.
num_chunk_splits: 347.
num_chunks_enlarged: 312.
num_inconsistent_stats: 0.

CodeHeap 'non-profiled nmethods': size=120000Kb used=492Kb max_used=492Kb free=119507Kb
 bounds [0x0000023a87ad0000, 0x0000023a87d40000, 0x0000023a8f000000]
CodeHeap 'profiled nmethods': size=120000Kb used=2877Kb max_used=2877Kb free=117122Kb
 bounds [0x0000023a80000000, 0x0000023a802d0000, 0x0000023a87530000]
CodeHeap 'non-nmethods': size=5760Kb used=1183Kb max_used=1200Kb free=4576Kb
 bounds [0x0000023a87530000, 0x0000023a877a0000, 0x0000023a87ad0000]
 total_blobs=2017 nmethods=1540 adapters=389
 compilation: enabled
              stopped_count=0, restarted_count=0
 full_count=0

Compilation events (20 events):
Event: 1.106 Thread 0x0000023afc2756d0 nmethod 1530 0x0000023a802ccc10 code [0x0000023a802ccda0, 0x0000023a802cceb8]
Event: 1.106 Thread 0x0000023afc2756d0 1531       3       jdk.internal.org.objectweb.asm.ClassReader::readUnsignedShort (26 bytes)
Event: 1.106 Thread 0x0000023afc2756d0 nmethod 1531 0x0000023a802ccf90 code [0x0000023a802cd120, 0x0000023a802cd298]
Event: 1.106 Thread 0x0000023afc2756d0 1532       3       java.lang.reflect.Constructor::newInstanceWithCaller (75 bytes)
Event: 1.106 Thread 0x0000023afc26eb70 nmethod 1502% 0x0000023a87b47f10 code [0x0000023a87b480e0, 0x0000023a87b495c8]
Event: 1.106 Thread 0x0000023afc2756d0 nmethod 1532 0x0000023a802cd390 code [0x0000023a802cd580, 0x0000023a802cd998]
Event: 1.113 Thread 0x0000023afc2756d0 1534       3       java.lang.invoke.LambdaForm$BasicType::basicType (19 bytes)
Event: 1.113 Thread 0x0000023afc2756d0 nmethod 1534 0x0000023a802cdb10 code [0x0000023a802cdce0, 0x0000023a802cdf38]
Event: 1.113 Thread 0x0000023afc2756d0 1535       3       jdk.internal.org.objectweb.asm.AnnotationWriter::putAnnotations (67 bytes)
Event: 1.113 Thread 0x0000023afc2756d0 nmethod 1535 0x0000023a802ce090 code [0x0000023a802ce2a0, 0x0000023a802ce6d8]
Event: 1.113 Thread 0x0000023afc2756d0 1536       3       jdk.internal.reflect.DelegatingConstructorAccessorImpl::newInstance (9 bytes)
Event: 1.114 Thread 0x0000023afc2756d0 nmethod 1536 0x0000023a802ce990 code [0x0000023a802ceb40, 0x0000023a802ced08]
Event: 1.124 Thread 0x0000023afc6774b0 1537  s!   4       jdk.internal.loader.URLClassPath::getLoader (194 bytes)
Event: 1.126 Thread 0x0000023afc26eb70 1538   !   4       jdk.internal.loader.URLClassPath$JarLoader::ensureOpen (36 bytes)
Event: 1.126 Thread 0x0000023afc26eb70 nmethod 1538 0x0000023a87b4a110 code [0x0000023a87b4a280, 0x0000023a87b4a318]
Event: 1.129 Thread 0x0000023afc6774b0 nmethod 1537 0x0000023a87b4a410 code [0x0000023a87b4a5c0, 0x0000023a87b4ad08]
Event: 1.132 Thread 0x0000023afc6774b0 1539       4       java.util.jar.JarFile::getEntry (35 bytes)
Event: 1.133 Thread 0x0000023afc26eb70 1540   !   4       jdk.internal.loader.URLClassPath$JarLoader::getResource (65 bytes)
Event: 1.140 Thread 0x0000023afc2756d0 1542       3       kotlin.collections.SetsKt__SetsKt::emptySet (7 bytes)
Event: 1.140 Thread 0x0000023afc2756d0 nmethod 1542 0x0000023a802cee10 code [0x0000023a802cefa0, 0x0000023a802cf098]

GC Heap History (4 events):
Event: 0.441 GC heap before
{Heap before GC invocations=0 (full 0):
 garbage-first heap   total 131072K, used 17408K [0x0000000081e00000, 0x0000000100000000)
  region size 1024K, 13 young (13312K), 0 survivors (0K)
 Metaspace       used 4044K, committed 4096K, reserved 1114112K
  class space    used 347K, committed 384K, reserved 1048576K
}
Event: 0.444 GC heap after
{Heap after GC invocations=1 (full 0):
 garbage-first heap   total 131072K, used 6155K [0x0000000081e00000, 0x0000000100000000)
  region size 1024K, 2 young (2048K), 2 survivors (2048K)
 Metaspace       used 4044K, committed 4096K, reserved 1114112K
  class space    used 347K, committed 384K, reserved 1048576K
}
Event: 0.794 GC heap before
{Heap before GC invocations=1 (full 0):
 garbage-first heap   total 131072K, used 23563K [0x0000000081e00000, 0x0000000100000000)
  region size 1024K, 19 young (19456K), 2 survivors (2048K)
 Metaspace       used 8068K, committed 8256K, reserved 1114112K
  class space    used 881K, committed 960K, reserved 1048576K
}
Event: 0.799 GC heap after
{Heap after GC invocations=2 (full 0):
 garbage-first heap   total 131072K, used 7899K [0x0000000081e00000, 0x0000000100000000)
  region size 1024K, 2 young (2048K), 2 survivors (2048K)
 Metaspace       used 8068K, committed 8256K, reserved 1114112K
  class space    used 881K, committed 960K, reserved 1048576K
}

Dll operation events (2 events):
Event: 0.012 Loaded shared library C:\Users\Vinicius\.jdks\jbr-17.0.11\bin\java.dll
Event: 0.035 Loaded shared library C:\Users\Vinicius\.jdks\jbr-17.0.11\bin\jsvml.dll

Deoptimization events (20 events):
Event: 0.707 Thread 0x0000023af1a92690 DEOPT PACKING pc=0x0000023a87b014f8 sp=0x000000b33fbfb4d0
Event: 0.707 Thread 0x0000023af1a92690 DEOPT UNPACKING pc=0x0000023a875869a3 sp=0x000000b33fbfb3b8 mode 2
Event: 0.710 Thread 0x0000023af1a92690 Uncommon trap: trap_request=0xffffffc6 fr.pc=0x0000023a87b014f8 relative=0x00000000000004f8
Event: 0.710 Thread 0x0000023af1a92690 Uncommon trap: reason=bimorphic_or_optimized_type_check action=maybe_recompile pc=0x0000023a87b014f8 method=kotlin.reflect.jvm.internal.impl.protobuf.CodedInputStream.tryRefillBuffer(I)Z @ 175 c2
Event: 0.710 Thread 0x0000023af1a92690 DEOPT PACKING pc=0x0000023a87b014f8 sp=0x000000b33fbfba70
Event: 0.710 Thread 0x0000023af1a92690 DEOPT UNPACKING pc=0x0000023a875869a3 sp=0x000000b33fbfb958 mode 2
Event: 0.724 Thread 0x0000023af1a92690 Uncommon trap: trap_request=0xffffff45 fr.pc=0x0000023a87af8aa4 relative=0x00000000000003e4
Event: 0.724 Thread 0x0000023af1a92690 Uncommon trap: reason=unstable_if action=reinterpret pc=0x0000023a87af8aa4 method=java.util.concurrent.ConcurrentHashMap.get(Ljava/lang/Object;)Ljava/lang/Object; @ 76 c2
Event: 0.724 Thread 0x0000023af1a92690 DEOPT PACKING pc=0x0000023a87af8aa4 sp=0x000000b33fbfbf40
Event: 0.725 Thread 0x0000023af1a92690 DEOPT UNPACKING pc=0x0000023a875869a3 sp=0x000000b33fbfbec8 mode 2
Event: 0.999 Thread 0x0000023af1a92690 DEOPT PACKING pc=0x0000023a8025a91c sp=0x000000b33fbfdad0
Event: 0.999 Thread 0x0000023af1a92690 DEOPT UNPACKING pc=0x0000023a87587143 sp=0x000000b33fbfd0a0 mode 0
Event: 1.047 Thread 0x0000023af1a92690 Uncommon trap: trap_request=0xffffff45 fr.pc=0x0000023a87afa054 relative=0x00000000000000b4
Event: 1.047 Thread 0x0000023af1a92690 Uncommon trap: reason=unstable_if action=reinterpret pc=0x0000023a87afa054 method=java.lang.Integer.valueOf(I)Ljava/lang/Integer; @ 3 c2
Event: 1.047 Thread 0x0000023af1a92690 DEOPT PACKING pc=0x0000023a87afa054 sp=0x000000b33fbfc620
Event: 1.047 Thread 0x0000023af1a92690 DEOPT UNPACKING pc=0x0000023a875869a3 sp=0x000000b33fbfc5b8 mode 2
Event: 1.068 Thread 0x0000023af1a92690 Uncommon trap: trap_request=0xffffff6e fr.pc=0x0000023a87ade4f4 relative=0x0000000000000174
Event: 1.068 Thread 0x0000023af1a92690 Uncommon trap: reason=loop_limit_check action=maybe_recompile pc=0x0000023a87ade4f4 method=java.lang.StringLatin1.lastIndexOf([BII)I @ 19 c2
Event: 1.068 Thread 0x0000023af1a92690 DEOPT PACKING pc=0x0000023a87ade4f4 sp=0x000000b33fbfd180
Event: 1.068 Thread 0x0000023af1a92690 DEOPT UNPACKING pc=0x0000023a875869a3 sp=0x000000b33fbfd100 mode 2

Classes unloaded (0 events):
No events

Classes redefined (0 events):
No events

Internal exceptions (3 events):
Event: 0.941 Thread 0x0000023af1a92690 Exception <a 'java/lang/NoSuchMethodError'{0x00000000896f3730}: 'java.lang.Object java.lang.invoke.DirectMethodHandle$Holder.newInvokeSpecial(java.lang.Object, java.lang.Object, java.lang.Object, java.lang.Object, java.lang.Object)'> (0x00000000896f3730) 
thrown [s\src\hotspot\share\interpreter\linkResolver.cpp, line 771]
Event: 1.105 Thread 0x0000023af1a92690 Exception <a 'java/lang/NoSuchMethodError'{0x0000000088feaff0}: 'int java.lang.invoke.DirectMethodHandle$Holder.invokeVirtual(java.lang.Object, java.lang.Object, java.lang.Object)'> (0x0000000088feaff0) 
thrown [s\src\hotspot\share\interpreter\linkResolver.cpp, line 771]
Event: 1.113 Thread 0x0000023af1a92690 Exception <a 'java/lang/NoSuchMethodError'{0x0000000088e69f88}: 'java.lang.Object java.lang.invoke.DirectMethodHandle$Holder.invokeStaticInit(java.lang.Object)'> (0x0000000088e69f88) 
thrown [s\src\hotspot\share\interpreter\linkResolver.cpp, line 771]

VM Operations (18 events):
Event: 0.123 Executing VM operation: HandshakeAllThreads
Event: 0.123 Executing VM operation: HandshakeAllThreads done
Event: 0.428 Executing VM operation: HandshakeAllThreads
Event: 0.428 Executing VM operation: HandshakeAllThreads done
Event: 0.441 Executing VM operation: G1CollectForAllocation
Event: 0.444 Executing VM operation: G1CollectForAllocation done
Event: 0.713 Executing VM operation: HandshakeAllThreads
Event: 0.713 Executing VM operation: HandshakeAllThreads done
Event: 0.794 Executing VM operation: G1CollectForAllocation
Event: 0.799 Executing VM operation: G1CollectForAllocation done
Event: 0.998 Executing VM operation: ICBufferFull
Event: 0.998 Executing VM operation: ICBufferFull done
Event: 0.999 Executing VM operation: HandshakeAllThreads
Event: 0.999 Executing VM operation: HandshakeAllThreads done
Event: 1.066 Executing VM operation: HandshakeAllThreads
Event: 1.066 Executing VM operation: HandshakeAllThreads done
Event: 1.112 Executing VM operation: HandshakeAllThreads
Event: 1.112 Executing VM operation: HandshakeAllThreads done

Events (20 events):
Event: 1.068 loading class java/math/MutableBigInteger
Event: 1.069 loading class java/math/MutableBigInteger done
Event: 1.092 loading class java/util/regex/Pattern$SliceS
Event: 1.092 loading class java/util/regex/Pattern$SliceS done
Event: 1.094 loading class java/net/URISyntaxException
Event: 1.094 loading class java/net/URISyntaxException done
Event: 1.099 loading class java/util/stream/MatchOps$MatchKind
Event: 1.099 loading class java/util/stream/MatchOps$MatchKind done
Event: 1.099 loading class java/util/stream/MatchOps
Event: 1.099 loading class java/util/stream/MatchOps done
Event: 1.100 loading class java/util/stream/MatchOps$MatchOp
Event: 1.100 loading class java/util/stream/MatchOps$MatchOp done
Event: 1.100 loading class java/util/stream/MatchOps$BooleanTerminalSink
Event: 1.100 loading class java/util/stream/MatchOps$BooleanTerminalSink done
Event: 1.100 loading class java/util/stream/MatchOps$1MatchSink
Event: 1.100 loading class java/util/stream/MatchOps$1MatchSink done
Event: 1.105 loading class java/lang/invoke/DirectMethodHandle$Special
Event: 1.105 loading class java/lang/invoke/DirectMethodHandle$Special done
Event: 1.114 loading class java/lang/ThreadLocal$SuppliedThreadLocal
Event: 1.114 loading class java/lang/ThreadLocal$SuppliedThreadLocal done


Dynamic libraries:
0x00007ff623c50000 - 0x00007ff623c5a000 	C:\Users\Vinicius\.jdks\jbr-17.0.11\bin\java.exe
0x00007ffa4c350000 - 0x00007ffa4c548000 	C:\Windows\SYSTEM32\ntdll.dll
0x00007ffa4b690000 - 0x00007ffa4b751000 	C:\Windows\System32\KERNEL32.DLL
0x00007ffa49b90000 - 0x00007ffa49e8d000 	C:\Windows\System32\KERNELBASE.dll
0x00007ffa4a160000 - 0x00007ffa4a260000 	C:\Windows\System32\ucrtbase.dll
0x00007ffa43d40000 - 0x00007ffa43d5b000 	C:\Users\Vinicius\.jdks\jbr-17.0.11\bin\VCRUNTIME140.dll
0x00007ffa43d60000 - 0x00007ffa43d77000 	C:\Users\Vinicius\.jdks\jbr-17.0.11\bin\jli.dll
0x00007ffa4b320000 - 0x00007ffa4b4bd000 	C:\Windows\System32\USER32.dll
0x00007ffa49b30000 - 0x00007ffa49b52000 	C:\Windows\System32\win32u.dll
0x00007ffa343d0000 - 0x00007ffa3466a000 	C:\Windows\WinSxS\amd64_microsoft.windows.common-controls_6595b64144ccf1df_6.0.19041.4355_none_60b8b9eb71f62e16\COMCTL32.dll
0x00007ffa4a530000 - 0x00007ffa4a55b000 	C:\Windows\System32\GDI32.dll
0x00007ffa4a560000 - 0x00007ffa4a5fe000 	C:\Windows\System32\msvcrt.dll
0x00007ffa4a260000 - 0x00007ffa4a377000 	C:\Windows\System32\gdi32full.dll
0x00007ffa49a90000 - 0x00007ffa49b2d000 	C:\Windows\System32\msvcp_win.dll
0x00007ffa4a430000 - 0x00007ffa4a45f000 	C:\Windows\System32\IMM32.DLL
0x00007ffa3f170000 - 0x00007ffa3f17c000 	C:\Users\Vinicius\.jdks\jbr-17.0.11\bin\vcruntime140_1.dll
0x00007ffa07670000 - 0x00007ffa076fd000 	C:\Users\Vinicius\.jdks\jbr-17.0.11\bin\msvcp140.dll
0x00007ffa03c60000 - 0x00007ffa048e3000 	C:\Users\Vinicius\.jdks\jbr-17.0.11\bin\server\jvm.dll
0x00007ffa4a380000 - 0x00007ffa4a430000 	C:\Windows\System32\ADVAPI32.dll
0x00007ffa4bd00000 - 0x00007ffa4bda0000 	C:\Windows\System32\sechost.dll
0x00007ffa4bbd0000 - 0x00007ffa4bcf3000 	C:\Windows\System32\RPCRT4.dll
0x00007ffa49b60000 - 0x00007ffa49b87000 	C:\Windows\System32\bcrypt.dll
0x00007ffa48f80000 - 0x00007ffa48fcb000 	C:\Windows\SYSTEM32\POWRPROF.dll
0x00007ffa40310000 - 0x00007ffa40319000 	C:\Windows\SYSTEM32\WSOCK32.dll
0x00007ffa4b010000 - 0x00007ffa4b07b000 	C:\Windows\System32\WS2_32.dll
0x00007ffa33870000 - 0x00007ffa33897000 	C:\Windows\SYSTEM32\WINMM.dll
0x00007ffa3e570000 - 0x00007ffa3e57a000 	C:\Windows\SYSTEM32\VERSION.dll
0x00007ffa48df0000 - 0x00007ffa48e02000 	C:\Windows\SYSTEM32\UMPDC.dll
0x00007ffa48210000 - 0x00007ffa48222000 	C:\Windows\SYSTEM32\kernel.appcore.dll
0x00007ffa3f160000 - 0x00007ffa3f16a000 	C:\Users\Vinicius\.jdks\jbr-17.0.11\bin\jimage.dll
0x00007ffa44800000 - 0x00007ffa449e4000 	C:\Windows\SYSTEM32\DBGHELP.DLL
0x00007ffa1be20000 - 0x00007ffa1be54000 	C:\Windows\SYSTEM32\dbgcore.DLL
0x00007ffa49a00000 - 0x00007ffa49a82000 	C:\Windows\System32\bcryptPrimitives.dll
0x00007ffa330e0000 - 0x00007ffa33105000 	C:\Users\Vinicius\.jdks\jbr-17.0.11\bin\java.dll
0x00007ffa03b80000 - 0x00007ffa03c57000 	C:\Users\Vinicius\.jdks\jbr-17.0.11\bin\jsvml.dll
0x00007ffa4a710000 - 0x00007ffa4ae7f000 	C:\Windows\System32\SHELL32.dll
0x00007ffa47a60000 - 0x00007ffa481ff000 	C:\Windows\SYSTEM32\windows.storage.dll
0x00007ffa4bda0000 - 0x00007ffa4c0f3000 	C:\Windows\System32\combase.dll
0x00007ffa49420000 - 0x00007ffa4944e000 	C:\Windows\SYSTEM32\Wldp.dll
0x00007ffa4c100000 - 0x00007ffa4c1cd000 	C:\Windows\System32\OLEAUT32.dll
0x00007ffa4ae80000 - 0x00007ffa4af2d000 	C:\Windows\System32\SHCORE.dll
0x00007ffa4a460000 - 0x00007ffa4a4b5000 	C:\Windows\System32\shlwapi.dll
0x00007ffa49930000 - 0x00007ffa49954000 	C:\Windows\SYSTEM32\profapi.dll
0x00007ffa327d0000 - 0x00007ffa327e9000 	C:\Users\Vinicius\.jdks\jbr-17.0.11\bin\net.dll
0x00007ffa37700000 - 0x00007ffa3780d000 	C:\Windows\SYSTEM32\WINHTTP.dll
0x00007ffa49180000 - 0x00007ffa491ea000 	C:\Windows\system32\mswsock.dll
0x00007ffa327b0000 - 0x00007ffa327c6000 	C:\Users\Vinicius\.jdks\jbr-17.0.11\bin\nio.dll
0x00007ffa327f0000 - 0x00007ffa32808000 	C:\Users\Vinicius\.jdks\jbr-17.0.11\bin\zip.dll

dbghelp: loaded successfully - version: 4.0.5 - missing functions: none
symbol engine: initialized successfully - sym options: 0x614 - pdb path: .;C:\Users\Vinicius\.jdks\jbr-17.0.11\bin;C:\Windows\SYSTEM32;C:\Windows\WinSxS\amd64_microsoft.windows.common-controls_6595b64144ccf1df_6.0.19041.4355_none_60b8b9eb71f62e16;C:\Users\Vinicius\.jdks\jbr-17.0.11\bin\server

VM Arguments:
java_command: org.jetbrains.kotlin.cli.jvm.K2JVMCompiler @C:\Users\Vinicius\IntelliJIDEAProjects\Github\MyApplication\app\build\20240728_15442268294073121922.compiler.options
java_class_path (initial): C:\Users\Vinicius\.gradle\caches\modules-2\files-2.1\org.jetbrains.kotlin\kotlin-compiler-embeddable\1.9.0\2c8c3a7402becca891f12739b3e9fd2dc2adbd7a\kotlin-compiler-embeddable-1.9.0.jar;C:\Users\Vinicius\.gradle\caches\modules-2\files-2.1\org.jetbrains.kotlin\kotlin-stdlib\1.9.0\8ee15ef0c67dc83d874f412d84378d7f0eb50b63\kotlin-stdlib-1.9.0.jar;C:\Users\Vinicius\.gradle\caches\modules-2\files-2.1\org.jetbrains.kotlin\kotlin-script-runtime\1.9.0\4b3102cbbb7e1b58d9d1adf89563f00069ffa7d1\kotlin-script-runtime-1.9.0.jar;C:\Users\Vinicius\.gradle\caches\modules-2\files-2.1\org.jetbrains.kotlin\kotlin-reflect\1.6.10\1cbe9c92c12a94eea200d23c2bbaedaf3daf5132\kotlin-reflect-1.6.10.jar;C:\Users\Vinicius\.gradle\caches\modules-2\files-2.1\org.jetbrains.kotlin\kotlin-daemon-embeddable\1.9.0\186543f5e28cf8d9a0290fecc2cf34301c40a65c\kotlin-daemon-embeddable-1.9.0.jar;C:\Users\Vinicius\.gradle\caches\modules-2\files-2.1\org.jetbrains.intellij.deps\trove4j\1.0.20200330\3afb14d5f9ceb459d724e907a21145e8ff394f02\trove4j-1.0.20200330.jar;C:\Users\Vinicius\.gradle\caches\modules-2\files-2.1\org.jetbrains.kotlin\kotlin-stdlib-common\1.9.0\cd65c21cfd1eec4d44ef09f9f52b6d9f8a720636\kotlin-stdlib-common-1.9.0.jar;C:\Users\Vinicius\.gradle\caches\modules-2\files-2.1\org.jetbrains\annotations\13.0\919f0dfe192fb4e063e7dacadee7f8bb9a2672a9\annotations-13.0.jar
Launcher Type: SUN_STANDARD

[Global flags]
     intx CICompilerCount                          = 3                                         {product} {ergonomic}
     uint ConcGCThreads                            = 1                                         {product} {ergonomic}
     uint G1ConcRefinementThreads                  = 4                                         {product} {ergonomic}
   size_t G1HeapRegionSize                         = 1048576                                   {product} {ergonomic}
    uintx GCDrainStackTargetSize                   = 64                                        {product} {ergonomic}
   size_t InitialHeapSize                          = 134217728                                 {product} {ergonomic}
   size_t MarkStackSize                            = 4194304                                   {product} {ergonomic}
   size_t MaxHeapSize                              = 2116026368                                {product} {ergonomic}
   size_t MaxNewSize                               = 1268776960                                {product} {ergonomic}
   size_t MinHeapDeltaBytes                        = 1048576                                   {product} {ergonomic}
   size_t MinHeapSize                              = 8388608                                   {product} {ergonomic}
    uintx NonNMethodCodeHeapSize                   = 5832780                                {pd product} {ergonomic}
    uintx NonProfiledCodeHeapSize                  = 122912730                              {pd product} {ergonomic}
    uintx ProfiledCodeHeapSize                     = 122912730                              {pd product} {ergonomic}
    uintx ReservedCodeCacheSize                    = 251658240                              {pd product} {ergonomic}
     bool SegmentedCodeCache                       = true                                      {product} {ergonomic}
   size_t SoftMaxHeapSize                          = 2116026368                             {manageable} {ergonomic}
     bool UseCompressedClassPointers               = true                           {product lp64_product} {ergonomic}
     bool UseCompressedOops                        = true                           {product lp64_product} {ergonomic}
     bool UseG1GC                                  = true                                      {product} {ergonomic}
     bool UseLargePagesIndividualAllocation        = false                                  {pd product} {ergonomic}

Logging:
Log output configuration:
 #0: stdout all=warning uptime,level,tags
 #1: stderr all=off uptime,level,tags

Environment Variables:
PATH=C:\Program Files\Microsoft\jdk-11.0.16.101-hotspot\bin;C:\Program Files (x86)\Intel\iCLS Client\;C:\Program Files\Intel\iCLS Client\;C:\Program Files (x86)\Common Files\Oracle\Java\javapath;C:\Windows\system32;C:\Windows;C:\Windows\System32\Wbem;C:\Windows\System32\WindowsPowerShell\v1.0\;C:\Windows\System32\OpenSSH\;C:\Program Files (x86)\Intel\Intel(R) Management Engine Components\DAL;C:\Program Files\Intel\Intel(R) Management Engine Components\DAL;C:\Program Files (x86)\Intel\Intel(R) Management Engine Components\IPT;C:\Program Files\Intel\Intel(R) Management Engine Components\IPT;C:\Program Files\NVIDIA Corporation\NVIDIA NvDLISR;C:\Program Files (x86)\NVIDIA Corporation\PhysX\Common;C:\sqlite;C:\Program Files\Git\cmd;C:\Users\Vinicius\AppData\Local\Programs\Python\Python312\Scripts\;C:\Users\Vinicius\AppData\Local\Programs\Python\Python312\;C:\Users\Vinicius\AppData\Local\Programs\Python\Launcher\;C:\Users\Vinicius\AppData\Local\Microsoft\WindowsApps;C:\Users\Vinicius\AppData\Local\Programs\Microsoft VS Code\bin
USERNAME=Vinicius
OS=Windows_NT
PROCESSOR_IDENTIFIER=Intel64 Family 6 Model 142 Stepping 9, GenuineIntel
TMP=C:\Users\Vinicius\AppData\Local\Temp
TEMP=C:\Users\Vinicius\AppData\Local\Temp



Periodic native trim disabled

JNI global refs:
JNI global refs: 7, weak refs: 0

JNI global refs memory usage: 843, weak refs: 841

Process memory usage:
Resident Set Size: 90472K (1% of 8261220K total physical memory with 481920K free physical memory)

OOME stack traces (most recent first):
Classloader memory used:
